2025-05-10 19:56:46,891 - INFO - Загружено 1087 записей из scrapers/merged_rent_data.csv
2025-05-10 19:56:46,891 - INFO - Начало очистки данных...
2025-05-10 19:56:46,891 - INFO - Очистка адресов...
2025-05-10 19:56:46,907 - INFO - Очистка площадей...
2025-05-10 19:56:46,924 - INFO - Очистка цен...
2025-05-10 19:56:46,988 - INFO - 
Найдены записи с подозрительно низкими общими ценами (< 1000 руб.):
2025-05-10 19:56:46,988 - INFO - 
Подозрительно низкая цена:
2025-05-10 19:56:46,990 - INFO - URL: https://www.avito.ru/almetevsk/kommercheskaya_nedvizhimost/torgovaya_ploschad_14_m_v_gipere_magnit_shevchenko_4_7306204136?context=H4sIAAAAAAAA_wE_AMD_YToyOntzOjEzOiJsb2NhbFByaW9yaXR5IjtiOjA7czoxOiJ4IjtzOjE2OiJIMFFZZ05vNXk2blJCdGc4Ijt9P_qucj8AAAA
2025-05-10 19:56:46,992 - INFO - Адрес: ул. Шевченко, 47Альметьевск
2025-05-10 19:56:46,996 - INFO - Исходная цена: 1
2025-05-10 19:56:46,996 - INFO - Общая цена: 14.0
2025-05-10 19:56:46,998 - INFO - Площадь: 14.0
2025-05-10 19:56:46,998 - INFO - Город: Альметьевск
2025-05-10 19:56:46,998 - INFO - --------------------------------------------------------------------------------
2025-05-10 19:56:46,998 - INFO - 
Подозрительно низкая цена:
2025-05-10 19:56:46,998 - INFO - URL: https://www.avito.ru/naberezhnye_chelny/kommercheskaya_nedvizhimost/ofis_ot_50_do_400_m_4600066061?context=H4sIAAAAAAAA_wE_AMD_YToyOntzOjEzOiJsb2NhbFByaW9yaXR5IjtiOjA7czoxOiJ4IjtzOjE2OiJ4eGZWZmdvWUJvUFdCTW1sIjt9jQZcRz8AAAA
2025-05-10 19:56:46,998 - INFO - Адрес: пр-т Вахитова, 1АНабережные Челны
2025-05-10 19:56:46,998 - INFO - Исходная цена: 750
2025-05-10 19:56:47,005 - INFO - Общая цена: 750.0
2025-05-10 19:56:47,007 - INFO - Площадь: 1.0
2025-05-10 19:56:47,007 - INFO - Город: Набережные Челны
2025-05-10 19:56:47,007 - INFO - --------------------------------------------------------------------------------
2025-05-10 19:56:47,007 - INFO - 
Подозрительно низкая цена:
2025-05-10 19:56:47,007 - INFO - URL: https://www.avito.ru/naberezhnye_chelny/kommercheskaya_nedvizhimost/ofis_44_m_3838788494?context=H4sIAAAAAAAA_wE_AMD_YToyOntzOjEzOiJsb2NhbFByaW9yaXR5IjtiOjA7czoxOiJ4IjtzOjE2OiJTQzRqR2M1R1d5Rll6amd3Ijt9JSWuAD8AAAA
2025-05-10 19:56:47,007 - INFO - Адрес: Металлургическая ул., 85Набережные Челны
2025-05-10 19:56:47,015 - INFO - Исходная цена: 1
2025-05-10 19:56:47,015 - INFO - Общая цена: 44.0
2025-05-10 19:56:47,016 - INFO - Площадь: 44.0
2025-05-10 19:56:47,017 - INFO - Город: Набережные Челны
2025-05-10 19:56:47,017 - INFO - --------------------------------------------------------------------------------
2025-05-10 19:56:47,017 - INFO - 
Подозрительно низкая цена:
2025-05-10 19:56:47,017 - INFO - URL: https://www.avito.ru/kazan/kommercheskaya_nedvizhimost/sezonnoe_hranenie_shin_shinnyy_otel_3743398084?context=H4sIAAAAAAAA_wE_AMD_YToyOntzOjEzOiJsb2NhbFByaW9yaXR5IjtiOjA7czoxOiJ4IjtzOjE2OiJTQzRqR2M1R1d5Rll6amd3Ijt9JSWuAD8AAAA
2025-05-10 19:56:47,017 - INFO - Заголовок: Сезонное хранение шин, шинный отель
2025-05-10 19:56:47,017 - INFO - Адрес: ул. Халитова, 8Казань
2025-05-10 19:56:47,017 - INFO - Исходная цена: 300
2025-05-10 19:56:47,017 - INFO - Общая цена: 300.0
2025-05-10 19:56:47,023 - INFO - Площадь: 1.0
2025-05-10 19:56:47,024 - INFO - Город: Казань
2025-05-10 19:56:47,028 - INFO - --------------------------------------------------------------------------------
2025-05-10 19:56:47,028 - INFO - 
Подозрительно низкая цена:
2025-05-10 19:56:47,028 - INFO - URL: https://www.avito.ru/buinsk/kommercheskaya_nedvizhimost/ofis_30_m_2358000885?context=H4sIAAAAAAAA_wE_AMD_YToyOntzOjEzOiJsb2NhbFByaW9yaXR5IjtiOjA7czoxOiJ4IjtzOjE2OiJlampMRXZYUWlXQkp4UW5JIjt9xvuXwj8AAAA
2025-05-10 19:56:47,032 - INFO - Адрес: ул. Розы Люксембург, 126Буинск
2025-05-10 19:56:47,032 - INFO - Исходная цена: 1
2025-05-10 19:56:47,032 - INFO - Общая цена: 30.0
2025-05-10 19:56:47,036 - INFO - Площадь: 30.0
2025-05-10 19:56:47,036 - INFO - Город: Буинск
2025-05-10 19:56:47,038 - INFO - --------------------------------------------------------------------------------
2025-05-10 19:56:47,039 - INFO - 
Удаление выбросов в ценах...
2025-05-10 19:56:47,039 - INFO - 
Границы цен:
2025-05-10 19:56:47,039 - INFO - Общая цена: -87,500.00 - 244,500.00 руб.
2025-05-10 19:56:47,039 - INFO - Удалено 100 записей с выбросами в ценах
2025-05-10 19:56:47,039 - INFO - Поиск дубликатов...
2025-05-10 19:56:47,260 - INFO - Найдено 18 пар дубликатов
2025-05-10 19:56:47,260 - INFO - Удаление дубликатов...
2025-05-10 19:56:47,260 - INFO - Очистка завершена. Осталось 969 записей
2025-05-10 19:56:47,282 - INFO - Результаты сохранены в scrapers/cleaned_rent_data.csv
2025-05-10 19:56:47,284 - INFO - 
Отчет по очистке данных:
2025-05-10 19:56:47,285 - INFO - Всего записей: 969
2025-05-10 19:56:47,285 - INFO - 
Распределение по городам:
2025-05-10 19:56:47,285 - INFO - Казань: 561
2025-05-10 19:56:47,285 - INFO - Набережные Челны: 130
2025-05-10 19:56:47,286 - INFO - Нижнекамск: 41
2025-05-10 19:56:47,286 - INFO - Альметьевск: 30
2025-05-10 19:56:47,286 - INFO - Зеленодольск: 23
2025-05-10 19:56:47,286 - INFO - Бугульма: 22
2025-05-10 19:56:47,287 - INFO - Осиново: 16
2025-05-10 19:56:47,287 - INFO - Елабуга: 15
2025-05-10 19:56:47,287 - INFO - Азнакаево: 9
2025-05-10 19:56:47,287 - INFO - Лениногорск: 9
2025-05-10 19:56:47,287 - INFO - Чистополь: 9
2025-05-10 19:56:47,287 - INFO - Высокая Гора: 8
2025-05-10 19:56:47,287 - INFO - Арск: 7
2025-05-10 19:56:47,288 - INFO - Васильево: 6
2025-05-10 19:56:47,288 - INFO - Куюки: 6
2025-05-10 19:56:47,288 - INFO - Сокуры: 5
2025-05-10 19:56:47,288 - INFO - Нурлат: 5
2025-05-10 19:56:47,288 - INFO - Усады: 4
2025-05-10 19:56:47,288 - INFO - Заинск: 4
2025-05-10 19:56:47,288 - INFO - Иннополис: 3
2025-05-10 19:56:47,290 - INFO - Большая Атня: 3
2025-05-10 19:56:47,290 - INFO - : 3
2025-05-10 19:56:47,290 - INFO - Азьмушкино: 2
2025-05-10 19:56:47,290 - INFO - Песчаные Ковали: 2
2025-05-10 19:56:47,291 - INFO - Джалиль: 2
2025-05-10 19:56:47,291 - INFO - Столбище: 2
2025-05-10 19:56:47,292 - INFO - Менделеевск: 2
2025-05-10 19:56:47,292 - INFO - Новое Шигалеево: 2
2025-05-10 19:56:47,292 - INFO - Лаишево: 2
2025-05-10 19:56:47,292 - INFO - Каймары: 2
2025-05-10 19:56:47,292 - INFO - Бавлы: 2
2025-05-10 19:56:47,292 - INFO - Муслюмово: 2
2025-05-10 19:56:47,292 - INFO - Базарные Матаки: 2
2025-05-10 19:56:47,293 - INFO - Кощаково: 1
2025-05-10 19:56:47,293 - INFO - Новониколаевский: 1
2025-05-10 19:56:47,293 - INFO - Большие Бутырки: 1
2025-05-10 19:56:47,293 - INFO - Травкино: 1
2025-05-10 19:56:47,293 - INFO - Малый Бакрче: 1
2025-05-10 19:56:47,293 - INFO - Садовый: 1
2025-05-10 19:56:47,293 - INFO - Коноваловка: 1
2025-05-10 19:56:47,294 - INFO - Малая Шильна: 1
2025-05-10 19:56:47,294 - INFO - Гидромеханизатор: 1
2025-05-10 19:56:47,294 - INFO - Царёво: 1
2025-05-10 19:56:47,294 - INFO - Тюлячи: 1
2025-05-10 19:56:47,295 - INFO - Богородское: 1
2025-05-10 19:56:47,295 - INFO - Среднее Девятово: 1
2025-05-10 19:56:47,295 - INFO - Пестрецы: 1
2025-05-10 19:56:47,295 - INFO - Актюбинский: 1
2025-05-10 19:56:47,295 - INFO - Старое Шигалеево: 1
2025-05-10 19:56:47,295 - INFO - Буинск: 1
2025-05-10 19:56:47,296 - INFO - Сетяково: 1
2025-05-10 19:56:47,296 - INFO - Новошешминск: 1
2025-05-10 19:56:47,296 - INFO - Агрыз: 1
2025-05-10 19:56:47,296 - INFO - Сарманово: 1
2025-05-10 19:56:47,296 - INFO - Галактионово: 1
2025-05-10 19:56:47,296 - INFO - Мензелинск: 1
2025-05-10 19:56:47,296 - INFO - Яльчики: 1
2025-05-10 19:56:47,297 - INFO - Мамадыш: 1
2025-05-10 19:56:47,297 - INFO - Старое Дрожжаное: 1
2025-05-10 19:56:47,297 - INFO - Алексеевское: 1
2025-05-10 19:56:47,297 - INFO - Красный Ключ: 1
2025-05-10 19:56:47,297 - INFO - 
Статистика по ценам:
2025-05-10 19:56:47,297 - INFO - mean: 79,338.89
2025-05-10 19:56:47,297 - INFO - median: 65,000.00
2025-05-10 19:56:47,298 - INFO - min: 1,000.00
2025-05-10 19:56:47,298 - INFO - max: 243,360.00
2025-05-10 19:56:47,299 - INFO - mean: 1345.00
2025-05-10 19:56:47,299 - INFO - median: 1250.00
2025-05-10 19:56:47,299 - INFO - min: 100.00
2025-05-10 19:56:47,299 - INFO - max: 3570.00
2025-05-10 19:56:47,299 - INFO - 
Статистика по площадям:
2025-05-10 19:56:47,299 - INFO - mean: 64.37
2025-05-10 19:56:47,299 - INFO - median: 60.00
2025-05-10 19:56:47,299 - INFO - min: 1.00
2025-05-10 19:56:47,299 - INFO - max: 150.00
