2025-05-10 19:55:58,744 - INFO - Загружено 1087 записей из scrapers/merged_rent_data.csv
2025-05-10 19:55:58,744 - INFO - Начало очистки данных...
2025-05-10 19:55:58,744 - INFO - Очистка адресов...
2025-05-10 19:55:58,759 - INFO - Очистка площадей...
2025-05-10 19:55:58,776 - INFO - Очистка цен...
2025-05-10 19:55:58,841 - INFO - 
Найдены записи с подозрительно низкими общими ценами (< 1000 руб.):
2025-05-10 19:55:58,842 - INFO - 
Подозрительно низкая цена:
2025-05-10 19:55:58,843 - INFO - URL: https://www.avito.ru/almetevsk/kommercheskaya_nedvizhimost/torgovaya_ploschad_14_m_v_gipere_magnit_shevchenko_4_7306204136?context=H4sIAAAAAAAA_wE_AMD_YToyOntzOjEzOiJsb2NhbFByaW9yaXR5IjtiOjA7czoxOiJ4IjtzOjE2OiJIMFFZZ05vNXk2blJCdGc4Ijt9P_qucj8AAAA
2025-05-10 19:55:58,855 - INFO - Адрес: ул. Шевченко, 47Альметьевск
2025-05-10 19:55:58,855 - INFO - Исходная цена: 1
2025-05-10 19:55:58,855 - INFO - Общая цена: 14.0
2025-05-10 19:55:58,855 - INFO - Площадь: 14.0
2025-05-10 19:55:58,855 - INFO - Город: Альметьевск
2025-05-10 19:55:58,855 - INFO - --------------------------------------------------------------------------------
2025-05-10 19:55:58,855 - INFO - 
Подозрительно низкая цена:
2025-05-10 19:55:58,855 - INFO - URL: https://www.avito.ru/naberezhnye_chelny/kommercheskaya_nedvizhimost/ofis_ot_50_do_400_m_4600066061?context=H4sIAAAAAAAA_wE_AMD_YToyOntzOjEzOiJsb2NhbFByaW9yaXR5IjtiOjA7czoxOiJ4IjtzOjE2OiJ4eGZWZmdvWUJvUFdCTW1sIjt9jQZcRz8AAAA
2025-05-10 19:55:58,863 - INFO - Адрес: пр-т Вахитова, 1АНабережные Челны
2025-05-10 19:55:58,863 - INFO - Исходная цена: 750
2025-05-10 19:55:58,863 - INFO - Общая цена: 750.0
2025-05-10 19:55:58,865 - INFO - Площадь: 1.0
2025-05-10 19:55:58,866 - INFO - Город: Набережные Челны
2025-05-10 19:55:58,867 - INFO - --------------------------------------------------------------------------------
2025-05-10 19:55:58,868 - INFO - 
Подозрительно низкая цена:
2025-05-10 19:55:58,868 - INFO - URL: https://www.avito.ru/naberezhnye_chelny/kommercheskaya_nedvizhimost/ofis_44_m_3838788494?context=H4sIAAAAAAAA_wE_AMD_YToyOntzOjEzOiJsb2NhbFByaW9yaXR5IjtiOjA7czoxOiJ4IjtzOjE2OiJTQzRqR2M1R1d5Rll6amd3Ijt9JSWuAD8AAAA
2025-05-10 19:55:58,870 - INFO - Адрес: Металлургическая ул., 85Набережные Челны
2025-05-10 19:55:58,870 - INFO - Исходная цена: 1
2025-05-10 19:55:58,870 - INFO - Общая цена: 44.0
2025-05-10 19:55:58,872 - INFO - Площадь: 44.0
2025-05-10 19:55:58,872 - INFO - Город: Набережные Челны
2025-05-10 19:55:58,872 - INFO - --------------------------------------------------------------------------------
2025-05-10 19:55:58,872 - INFO - 
Подозрительно низкая цена:
2025-05-10 19:55:58,872 - INFO - URL: https://www.avito.ru/kazan/kommercheskaya_nedvizhimost/sezonnoe_hranenie_shin_shinnyy_otel_3743398084?context=H4sIAAAAAAAA_wE_AMD_YToyOntzOjEzOiJsb2NhbFByaW9yaXR5IjtiOjA7czoxOiJ4IjtzOjE2OiJTQzRqR2M1R1d5Rll6amd3Ijt9JSWuAD8AAAA
2025-05-10 19:55:58,877 - INFO - Заголовок: Сезонное хранение шин, шинный отель
2025-05-10 19:55:58,877 - INFO - Адрес: ул. Халитова, 8Казань
2025-05-10 19:55:58,877 - INFO - Исходная цена: 300
2025-05-10 19:55:58,877 - INFO - Общая цена: 300.0
2025-05-10 19:55:58,879 - INFO - Площадь: 1.0
2025-05-10 19:55:58,879 - INFO - Город: Казань
2025-05-10 19:55:58,881 - INFO - --------------------------------------------------------------------------------
2025-05-10 19:55:58,882 - INFO - 
Подозрительно низкая цена:
2025-05-10 19:55:58,882 - INFO - URL: https://www.avito.ru/buinsk/kommercheskaya_nedvizhimost/ofis_30_m_2358000885?context=H4sIAAAAAAAA_wE_AMD_YToyOntzOjEzOiJsb2NhbFByaW9yaXR5IjtiOjA7czoxOiJ4IjtzOjE2OiJlampMRXZYUWlXQkp4UW5JIjt9xvuXwj8AAAA
2025-05-10 19:55:58,884 - INFO - Адрес: ул. Розы Люксембург, 126Буинск
2025-05-10 19:55:58,885 - INFO - Исходная цена: 1
2025-05-10 19:55:58,885 - INFO - Общая цена: 30.0
2025-05-10 19:55:58,887 - INFO - Площадь: 30.0
2025-05-10 19:55:58,887 - INFO - Город: Буинск
2025-05-10 19:55:58,889 - INFO - --------------------------------------------------------------------------------
2025-05-10 19:55:58,889 - INFO - 
Удаление выбросов в ценах...
2025-05-10 19:55:58,893 - INFO - Удалено 21 записей с выбросами в ценах
2025-05-10 19:55:58,894 - INFO - Поиск дубликатов...
2025-05-10 19:55:59,155 - INFO - Найдено 18 пар дубликатов
2025-05-10 19:55:59,155 - INFO - Удаление дубликатов...
2025-05-10 19:55:59,155 - INFO - Очистка завершена. Осталось 1048 записей
2025-05-10 19:55:59,183 - INFO - Результаты сохранены в scrapers/cleaned_rent_data.csv
2025-05-10 19:55:59,186 - INFO - 
Отчет по очистке данных:
2025-05-10 19:55:59,186 - INFO - Всего записей: 1048
2025-05-10 19:55:59,186 - INFO - 
Распределение по городам:
2025-05-10 19:55:59,187 - INFO - Казань: 627
2025-05-10 19:55:59,187 - INFO - Набережные Челны: 137
2025-05-10 19:55:59,188 - INFO - Нижнекамск: 41
2025-05-10 19:55:59,188 - INFO - Альметьевск: 33
2025-05-10 19:55:59,188 - INFO - Зеленодольск: 24
2025-05-10 19:55:59,189 - INFO - Бугульма: 23
2025-05-10 19:55:59,189 - INFO - Елабуга: 14
2025-05-10 19:55:59,189 - INFO - Осиново: 14
2025-05-10 19:55:59,189 - INFO - Лениногорск: 10
2025-05-10 19:55:59,190 - INFO - Чистополь: 10
2025-05-10 19:55:59,190 - INFO - Азнакаево: 9
2025-05-10 19:55:59,190 - INFO - Высокая Гора: 8
2025-05-10 19:55:59,190 - INFO - Арск: 7
2025-05-10 19:55:59,191 - INFO - Куюки: 6
2025-05-10 19:55:59,191 - INFO - Васильево: 6
2025-05-10 19:55:59,191 - INFO - Нурлат: 5
2025-05-10 19:55:59,191 - INFO - Сокуры: 4
2025-05-10 19:55:59,191 - INFO - Заинск: 4
2025-05-10 19:55:59,191 - INFO - Усады: 4
2025-05-10 19:55:59,192 - INFO - Иннополис: 3
2025-05-10 19:55:59,192 - INFO - Менделеевск: 3
2025-05-10 19:55:59,192 - INFO - : 3
2025-05-10 19:55:59,192 - INFO - Азьмушкино: 2
2025-05-10 19:55:59,192 - INFO - Джалиль: 2
2025-05-10 19:55:59,193 - INFO - Песчаные Ковали: 2
2025-05-10 19:55:59,193 - INFO - Новое Шигалеево: 2
2025-05-10 19:55:59,193 - INFO - Столбище: 2
2025-05-10 19:55:59,193 - INFO - Старое Шигалеево: 2
2025-05-10 19:55:59,193 - INFO - Лаишево: 2
2025-05-10 19:55:59,193 - INFO - Большая Атня: 2
2025-05-10 19:55:59,194 - INFO - Каймары: 2
2025-05-10 19:55:59,194 - INFO - Бавлы: 2
2025-05-10 19:55:59,194 - INFO - Буинск: 2
2025-05-10 19:55:59,194 - INFO - Муслюмово: 2
2025-05-10 19:55:59,195 - INFO - Базарные Матаки: 2
2025-05-10 19:55:59,195 - INFO - Кощаково: 1
2025-05-10 19:55:59,195 - INFO - Большие Бутырки: 1
2025-05-10 19:55:59,195 - INFO - Новониколаевский: 1
2025-05-10 19:55:59,195 - INFO - Малый Бакрче: 1
2025-05-10 19:55:59,196 - INFO - Садовый: 1
2025-05-10 19:55:59,196 - INFO - Коноваловка: 1
2025-05-10 19:55:59,196 - INFO - Травкино: 1
2025-05-10 19:55:59,196 - INFO - Гидромеханизатор: 1
2025-05-10 19:55:59,196 - INFO - Царёво: 1
2025-05-10 19:55:59,196 - INFO - Малая Шильна: 1
2025-05-10 19:55:59,197 - INFO - Богородское: 1
2025-05-10 19:55:59,197 - INFO - Среднее Девятово: 1
2025-05-10 19:55:59,197 - INFO - Тюлячи: 1
2025-05-10 19:55:59,197 - INFO - Актюбинский: 1
2025-05-10 19:55:59,197 - INFO - Пестрецы: 1
2025-05-10 19:55:59,198 - INFO - Кукмор: 1
2025-05-10 19:55:59,198 - INFO - Сетяково: 1
2025-05-10 19:55:59,198 - INFO - Новошешминск: 1
2025-05-10 19:55:59,198 - INFO - Агрыз: 1
2025-05-10 19:55:59,198 - INFO - Сарманово: 1
2025-05-10 19:55:59,199 - INFO - Галактионово: 1
2025-05-10 19:55:59,199 - INFO - Мензелинск: 1
2025-05-10 19:55:59,199 - INFO - Яльчики: 1
2025-05-10 19:55:59,199 - INFO - Мамадыш: 1
2025-05-10 19:55:59,199 - INFO - Старое Дрожжаное: 1
2025-05-10 19:55:59,199 - INFO - Алексеевское: 1
2025-05-10 19:55:59,199 - INFO - Красный Ключ: 1
2025-05-10 19:55:59,200 - INFO - 
Статистика по ценам:
2025-05-10 19:55:59,200 - INFO - mean: 142,562.87
2025-05-10 19:55:59,200 - INFO - median: 70,000.00
2025-05-10 19:55:59,200 - INFO - min: 14.00
2025-05-10 19:55:59,201 - INFO - max: 17,265,960.00
2025-05-10 19:55:59,202 - INFO - mean: 2319.95
2025-05-10 19:55:59,203 - INFO - median: 1304.50
2025-05-10 19:55:59,203 - INFO - min: 1.00
2025-05-10 19:55:59,203 - INFO - max: 197100.00
2025-05-10 19:55:59,204 - INFO - 
Статистика по площадям:
2025-05-10 19:55:59,204 - INFO - mean: 64.32
2025-05-10 19:55:59,204 - INFO - median: 60.00
2025-05-10 19:55:59,204 - INFO - min: 1.00
2025-05-10 19:55:59,204 - INFO - max: 150.00
