2025-05-10 19:55:00,459 - INFO - Загружено 1087 записей из scrapers/merged_rent_data.csv
2025-05-10 19:55:00,459 - INFO - Начало очистки данных...
2025-05-10 19:55:00,459 - INFO - Очистка адресов...
2025-05-10 19:55:00,478 - INFO - Очистка площадей...
2025-05-10 19:55:00,484 - INFO - Очистка цен...
2025-05-10 19:55:00,500 - INFO - 
Найдены записи с подозрительно низкими ценами (< 1000 руб.):
2025-05-10 19:55:00,500 - INFO - 
Подозрительно низкая цена:
2025-05-10 19:55:00,500 - INFO - URL: https://www.avito.ru/almetevsk/kommercheskaya_nedvizhimost/torgovaya_ploschad_14_m_v_gipere_magnit_shevchenko_4_7306204136?context=H4sIAAAAAAAA_wE_AMD_YToyOntzOjEzOiJsb2NhbFByaW9yaXR5IjtiOjA7czoxOiJ4IjtzOjE2OiJIMFFZZ05vNXk2blJCdGc4Ijt9P_qucj8AAAA
2025-05-10 19:55:00,507 - INFO - Адрес: ул. Шевченко, 47Альметьевск
2025-05-10 19:55:00,507 - INFO - Цена: 14.0
2025-05-10 19:55:00,507 - INFO - Площадь: 14.0
2025-05-10 19:55:00,507 - INFO - Город: Альметьевск
2025-05-10 19:55:00,507 - INFO - --------------------------------------------------------------------------------
2025-05-10 19:55:00,508 - INFO - 
Подозрительно низкая цена:
2025-05-10 19:55:00,508 - INFO - URL: https://www.avito.ru/naberezhnye_chelny/kommercheskaya_nedvizhimost/ofis_ot_50_do_400_m_4600066061?context=H4sIAAAAAAAA_wE_AMD_YToyOntzOjEzOiJsb2NhbFByaW9yaXR5IjtiOjA7czoxOiJ4IjtzOjE2OiJ4eGZWZmdvWUJvUFdCTW1sIjt9jQZcRz8AAAA
2025-05-10 19:55:00,508 - INFO - Адрес: пр-т Вахитова, 1АНабережные Челны
2025-05-10 19:55:00,508 - INFO - Цена: 750.0
2025-05-10 19:55:00,508 - INFO - Площадь: 1.0
2025-05-10 19:55:00,508 - INFO - Город: Набережные Челны
2025-05-10 19:55:00,508 - INFO - --------------------------------------------------------------------------------
2025-05-10 19:55:00,508 - INFO - 
Подозрительно низкая цена:
2025-05-10 19:55:00,508 - INFO - URL: https://www.avito.ru/naberezhnye_chelny/kommercheskaya_nedvizhimost/ofis_44_m_3838788494?context=H4sIAAAAAAAA_wE_AMD_YToyOntzOjEzOiJsb2NhbFByaW9yaXR5IjtiOjA7czoxOiJ4IjtzOjE2OiJTQzRqR2M1R1d5Rll6amd3Ijt9JSWuAD8AAAA
2025-05-10 19:55:00,508 - INFO - Адрес: Металлургическая ул., 85Набережные Челны
2025-05-10 19:55:00,508 - INFO - Цена: 44.0
2025-05-10 19:55:00,508 - INFO - Площадь: 44.0
2025-05-10 19:55:00,508 - INFO - Город: Набережные Челны
2025-05-10 19:55:00,508 - INFO - --------------------------------------------------------------------------------
2025-05-10 19:55:00,508 - INFO - 
Подозрительно низкая цена:
2025-05-10 19:55:00,508 - INFO - URL: https://www.avito.ru/kazan/kommercheskaya_nedvizhimost/sezonnoe_hranenie_shin_shinnyy_otel_3743398084?context=H4sIAAAAAAAA_wE_AMD_YToyOntzOjEzOiJsb2NhbFByaW9yaXR5IjtiOjA7czoxOiJ4IjtzOjE2OiJTQzRqR2M1R1d5Rll6amd3Ijt9JSWuAD8AAAA
2025-05-10 19:55:00,508 - INFO - Заголовок: Сезонное хранение шин, шинный отель
2025-05-10 19:55:00,508 - INFO - Адрес: ул. Халитова, 8Казань
2025-05-10 19:55:00,508 - INFO - Цена: 300.0
2025-05-10 19:55:00,508 - INFO - Площадь: 1.0
2025-05-10 19:55:00,508 - INFO - Город: Казань
2025-05-10 19:55:00,508 - INFO - --------------------------------------------------------------------------------
2025-05-10 19:55:00,508 - INFO - 
Подозрительно низкая цена:
2025-05-10 19:55:00,508 - INFO - URL: https://www.avito.ru/buinsk/kommercheskaya_nedvizhimost/ofis_30_m_2358000885?context=H4sIAAAAAAAA_wE_AMD_YToyOntzOjEzOiJsb2NhbFByaW9yaXR5IjtiOjA7czoxOiJ4IjtzOjE2OiJlampMRXZYUWlXQkp4UW5JIjt9xvuXwj8AAAA
2025-05-10 19:55:00,524 - INFO - Адрес: ул. Розы Люксембург, 126Буинск
2025-05-10 19:55:00,524 - INFO - Цена: 30.0
2025-05-10 19:55:00,524 - INFO - Площадь: 30.0
2025-05-10 19:55:00,526 - INFO - Город: Буинск
2025-05-10 19:55:00,526 - INFO - --------------------------------------------------------------------------------
2025-05-10 19:55:00,526 - INFO - 
Удаление выбросов в ценах...
2025-05-10 19:55:00,527 - INFO - Удалено 64 записей с выбросами в ценах
2025-05-10 19:55:00,527 - INFO - Поиск дубликатов...
2025-05-10 19:55:00,783 - INFO - Найдено 19 пар дубликатов
2025-05-10 19:55:00,783 - INFO - Удаление дубликатов...
2025-05-10 19:55:00,783 - INFO - Очистка завершена. Осталось 1004 записей
2025-05-10 19:55:00,799 - INFO - Результаты сохранены в scrapers/cleaned_rent_data.csv
2025-05-10 19:55:00,799 - INFO - 
Отчет по очистке данных:
2025-05-10 19:55:00,799 - INFO - Всего записей: 1004
2025-05-10 19:55:00,799 - INFO - 
Распределение по городам:
2025-05-10 19:55:00,799 - INFO - Казань: 590
2025-05-10 19:55:00,799 - INFO - Набережные Челны: 134
2025-05-10 19:55:00,799 - INFO - Нижнекамск: 41
2025-05-10 19:55:00,799 - INFO - Альметьевск: 29
2025-05-10 19:55:00,799 - INFO - Зеленодольск: 25
2025-05-10 19:55:00,808 - INFO - Бугульма: 23
2025-05-10 19:55:00,809 - INFO - Осиново: 16
2025-05-10 19:55:00,809 - INFO - Елабуга: 15
2025-05-10 19:55:00,809 - INFO - Чистополь: 10
2025-05-10 19:55:00,809 - INFO - Азнакаево: 9
2025-05-10 19:55:00,809 - INFO - Лениногорск: 9
2025-05-10 19:55:00,809 - INFO - Высокая Гора: 8
2025-05-10 19:55:00,810 - INFO - Арск: 7
2025-05-10 19:55:00,810 - INFO - Васильево: 6
2025-05-10 19:55:00,810 - INFO - Куюки: 6
2025-05-10 19:55:00,810 - INFO - Сокуры: 5
2025-05-10 19:55:00,810 - INFO - Нурлат: 5
2025-05-10 19:55:00,811 - INFO - Усады: 4
2025-05-10 19:55:00,811 - INFO - Менделеевск: 3
2025-05-10 19:55:00,811 - INFO - Иннополис: 3
2025-05-10 19:55:00,811 - INFO - Большая Атня: 3
2025-05-10 19:55:00,811 - INFO - Заинск: 3
2025-05-10 19:55:00,811 - INFO - : 3
2025-05-10 19:55:00,811 - INFO - Базарные Матаки: 2
2025-05-10 19:55:00,811 - INFO - Песчаные Ковали: 2
2025-05-10 19:55:00,812 - INFO - Новое Шигалеево: 2
2025-05-10 19:55:00,812 - INFO - Азьмушкино: 2
2025-05-10 19:55:00,812 - INFO - Столбище: 2
2025-05-10 19:55:00,812 - INFO - Каймары: 2
2025-05-10 19:55:00,812 - INFO - Бавлы: 2
2025-05-10 19:55:00,812 - INFO - Муслюмово: 2
2025-05-10 19:55:00,813 - INFO - Джалиль: 2
2025-05-10 19:55:00,813 - INFO - Буинск: 2
2025-05-10 19:55:00,813 - INFO - Новониколаевский: 1
2025-05-10 19:55:00,813 - INFO - Коноваловка: 1
2025-05-10 19:55:00,813 - INFO - Большие Бутырки: 1
2025-05-10 19:55:00,813 - INFO - Малый Бакрче: 1
2025-05-10 19:55:00,813 - INFO - Травкино: 1
2025-05-10 19:55:00,813 - INFO - Садовый: 1
2025-05-10 19:55:00,813 - INFO - Лаишево: 1
2025-05-10 19:55:00,813 - INFO - Кощаково: 1
2025-05-10 19:55:00,813 - INFO - Царёво: 1
2025-05-10 19:55:00,813 - INFO - Малая Шильна: 1
2025-05-10 19:55:00,813 - INFO - Богородское: 1
2025-05-10 19:55:00,813 - INFO - Среднее Девятово: 1
2025-05-10 19:55:00,813 - INFO - Гидромеханизатор: 1
2025-05-10 19:55:00,813 - INFO - Тюлячи: 1
2025-05-10 19:55:00,813 - INFO - Пестрецы: 1
2025-05-10 19:55:00,813 - INFO - Актюбинский: 1
2025-05-10 19:55:00,813 - INFO - Старое Шигалеево: 1
2025-05-10 19:55:00,813 - INFO - Новошешминск: 1
2025-05-10 19:55:00,813 - INFO - Агрыз: 1
2025-05-10 19:55:00,813 - INFO - Сарманово: 1
2025-05-10 19:55:00,813 - INFO - Галактионово: 1
2025-05-10 19:55:00,813 - INFO - Мензелинск: 1
2025-05-10 19:55:00,813 - INFO - Яльчики: 1
2025-05-10 19:55:00,813 - INFO - Мамадыш: 1
2025-05-10 19:55:00,813 - INFO - Старое Дрожжаное: 1
2025-05-10 19:55:00,817 - INFO - Алексеевское: 1
2025-05-10 19:55:00,817 - INFO - Красный Ключ: 1
2025-05-10 19:55:00,817 - INFO - 
Статистика по ценам:
2025-05-10 19:55:00,818 - INFO - mean: 86,391.10
2025-05-10 19:55:00,818 - INFO - median: 68,793.00
2025-05-10 19:55:00,818 - INFO - min: 14.00
2025-05-10 19:55:00,818 - INFO - max: 500,400.00
2025-05-10 19:55:00,819 - INFO - 
Статистика по площадям:
2025-05-10 19:55:00,819 - INFO - mean: 65.88
2025-05-10 19:55:00,819 - INFO - median: 60.00
2025-05-10 19:55:00,820 - INFO - min: 1.00
2025-05-10 19:55:00,820 - INFO - max: 150.00
