2025-05-10 19:52:48,982 - INFO - Загружено 1087 записей из scrapers/merged_rent_data.csv
2025-05-10 19:52:48,982 - INFO - Начало очистки данных...
2025-05-10 19:52:48,982 - INFO - Очистка адресов...
2025-05-10 19:52:49,010 - INFO - Очистка площадей...
2025-05-10 19:52:49,013 - INFO - Очистка цен...
2025-05-10 19:52:49,030 - INFO - Удаление выбросов в ценах...
2025-05-10 19:52:49,034 - INFO - Удалено 64 записей с выбросами в ценах
2025-05-10 19:52:49,034 - INFO - Поиск дубликатов...
2025-05-10 19:52:49,300 - INFO - Найдено 19 пар дубликатов
2025-05-10 19:52:49,300 - INFO - Удаление дубликатов...
2025-05-10 19:52:49,321 - INFO - Очистка завершена. Осталось 1004 записей
2025-05-10 19:52:49,332 - INFO - Результаты сохранены в scrapers/cleaned_rent_data.csv
2025-05-10 19:52:49,345 - INFO - 
Отчет по очистке данных:
2025-05-10 19:52:49,345 - INFO - Всего записей: 1004
2025-05-10 19:52:49,346 - INFO - 
Распределение по городам:
2025-05-10 19:52:49,346 - INFO - Казань: 590
2025-05-10 19:52:49,346 - INFO - Набережные Челны: 134
2025-05-10 19:52:49,347 - INFO - Нижнекамск: 41
2025-05-10 19:52:49,347 - INFO - Альметьевск: 29
2025-05-10 19:52:49,348 - INFO - Зеленодольск: 25
2025-05-10 19:52:49,348 - INFO - Бугульма: 23
2025-05-10 19:52:49,349 - INFO - Осиново: 16
2025-05-10 19:52:49,349 - INFO - Елабуга: 15
2025-05-10 19:52:49,349 - INFO - Чистополь: 10
2025-05-10 19:52:49,350 - INFO - Азнакаево: 9
2025-05-10 19:52:49,350 - INFO - Лениногорск: 9
2025-05-10 19:52:49,350 - INFO - Высокая Гора: 8
2025-05-10 19:52:49,350 - INFO - Арск: 7
2025-05-10 19:52:49,350 - INFO - Васильево: 6
2025-05-10 19:52:49,351 - INFO - Куюки: 6
2025-05-10 19:52:49,351 - INFO - Сокуры: 5
2025-05-10 19:52:49,351 - INFO - Нурлат: 5
2025-05-10 19:52:49,351 - INFO - Усады: 4
2025-05-10 19:52:49,352 - INFO - Менделеевск: 3
2025-05-10 19:52:49,352 - INFO - Иннополис: 3
2025-05-10 19:52:49,352 - INFO - Большая Атня: 3
2025-05-10 19:52:49,353 - INFO - Заинск: 3
2025-05-10 19:52:49,353 - INFO - : 3
2025-05-10 19:52:49,353 - INFO - Базарные Матаки: 2
2025-05-10 19:52:49,353 - INFO - Песчаные Ковали: 2
2025-05-10 19:52:49,353 - INFO - Новое Шигалеево: 2
2025-05-10 19:52:49,354 - INFO - Азьмушкино: 2
2025-05-10 19:52:49,354 - INFO - Столбище: 2
2025-05-10 19:52:49,354 - INFO - Каймары: 2
2025-05-10 19:52:49,354 - INFO - Бавлы: 2
2025-05-10 19:52:49,354 - INFO - Муслюмово: 2
2025-05-10 19:52:49,354 - INFO - Джалиль: 2
2025-05-10 19:52:49,355 - INFO - Буинск: 2
2025-05-10 19:52:49,355 - INFO - Новониколаевский: 1
2025-05-10 19:52:49,355 - INFO - Коноваловка: 1
2025-05-10 19:52:49,355 - INFO - Большие Бутырки: 1
2025-05-10 19:52:49,355 - INFO - Малый Бакрче: 1
2025-05-10 19:52:49,356 - INFO - Травкино: 1
2025-05-10 19:52:49,356 - INFO - Садовый: 1
2025-05-10 19:52:49,356 - INFO - Лаишево: 1
2025-05-10 19:52:49,356 - INFO - Кощаково: 1
2025-05-10 19:52:49,356 - INFO - Царёво: 1
2025-05-10 19:52:49,356 - INFO - Малая Шильна: 1
2025-05-10 19:52:49,357 - INFO - Богородское: 1
2025-05-10 19:52:49,357 - INFO - Среднее Девятово: 1
2025-05-10 19:52:49,357 - INFO - Гидромеханизатор: 1
2025-05-10 19:52:49,357 - INFO - Тюлячи: 1
2025-05-10 19:52:49,357 - INFO - Пестрецы: 1
2025-05-10 19:52:49,358 - INFO - Актюбинский: 1
2025-05-10 19:52:49,358 - INFO - Старое Шигалеево: 1
2025-05-10 19:52:49,358 - INFO - Новошешминск: 1
2025-05-10 19:52:49,359 - INFO - Агрыз: 1
2025-05-10 19:52:49,359 - INFO - Сарманово: 1
2025-05-10 19:52:49,359 - INFO - Галактионово: 1
2025-05-10 19:52:49,359 - INFO - Мензелинск: 1
2025-05-10 19:52:49,359 - INFO - Яльчики: 1
2025-05-10 19:52:49,359 - INFO - Мамадыш: 1
2025-05-10 19:52:49,360 - INFO - Старое Дрожжаное: 1
2025-05-10 19:52:49,360 - INFO - Алексеевское: 1
2025-05-10 19:52:49,360 - INFO - Красный Ключ: 1
2025-05-10 19:52:49,360 - INFO - 
Статистика по ценам:
2025-05-10 19:52:49,361 - INFO - mean: 86,391.10
2025-05-10 19:52:49,361 - INFO - median: 68,793.00
2025-05-10 19:52:49,361 - INFO - min: 14.00
2025-05-10 19:52:49,361 - INFO - max: 500,400.00
2025-05-10 19:52:49,361 - INFO - 
Статистика по площадям:
2025-05-10 19:52:49,361 - INFO - mean: 65.88
2025-05-10 19:52:49,361 - INFO - median: 60.00
2025-05-10 19:52:49,361 - INFO - min: 1.00
2025-05-10 19:52:49,361 - INFO - max: 150.00
