2025-05-10 20:21:03,682 - INFO - Загружено 1087 записей из scrapers/merged_rent_data.csv
2025-05-10 20:21:03,682 - INFO - Начало очистки данных...
2025-05-10 20:21:03,682 - INFO - Очистка адресов...
2025-05-10 20:21:03,697 - INFO - Очистка площадей...
2025-05-10 20:21:03,704 - INFO - Очистка цен...
2025-05-10 20:21:03,778 - INFO - Удалено 44 записей с некорректными ценами:
2025-05-10 20:21:03,779 - INFO - Причины удаления:
2025-05-10 20:21:03,779 - INFO - - Placeholder цены (1 рубль): 3
2025-05-10 20:21:03,780 - INFO - - Слишком низкие общие цены (< 1,000 руб): 126
2025-05-10 20:21:03,780 - INFO - - Слишком высокие общие цены (> 500,000 руб): 0
2025-05-10 20:21:03,781 - INFO - - Слишком низкие цены за м² (< 100 руб/м²): 0
2025-05-10 20:21:03,781 - INFO - - Слишком высокие цены за м² (> 5,000 руб/м²): 0
2025-05-10 20:21:03,781 - INFO - Удаление выбросов в ценах...
2025-05-10 20:21:03,781 - INFO - Удалено 64 записей с выбросами в ценах
2025-05-10 20:21:03,781 - INFO - Поиск дубликатов...
2025-05-10 20:21:03,997 - INFO - Найдено 18 пар дубликатов
2025-05-10 20:21:03,997 - INFO - Удаление дубликатов...
2025-05-10 20:21:03,998 - INFO - Очистка завершена. Осталось 961 записей
2025-05-10 20:21:04,018 - INFO - Результаты сохранены в scrapers/cleaned_rent_data.csv
2025-05-10 20:21:04,020 - INFO - 
=== Отчет по очистке данных аренды ===
2025-05-10 20:21:04,020 - INFO - Всего записей: 961
2025-05-10 20:21:04,020 - INFO - 
Распределение по городам:
2025-05-10 20:21:04,020 - INFO - Казань: 554
2025-05-10 20:21:04,020 - INFO - Набережные Челны: 131
2025-05-10 20:21:04,020 - INFO - Нижнекамск: 41
2025-05-10 20:21:04,021 - INFO - Альметьевск: 30
2025-05-10 20:21:04,021 - INFO - Зеленодольск: 23
2025-05-10 20:21:04,021 - INFO - Бугульма: 22
2025-05-10 20:21:04,021 - INFO - Осиново: 16
2025-05-10 20:21:04,022 - INFO - Елабуга: 15
2025-05-10 20:21:04,022 - INFO - Лениногорск: 9
2025-05-10 20:21:04,022 - INFO - Азнакаево: 9
2025-05-10 20:21:04,022 - INFO - Чистополь: 9
2025-05-10 20:21:04,023 - INFO - Высокая Гора: 8
2025-05-10 20:21:04,023 - INFO - Арск: 7
2025-05-10 20:21:04,023 - INFO - Васильево: 6
2025-05-10 20:21:04,023 - INFO - Куюки: 6
2025-05-10 20:21:04,024 - INFO - Сокуры: 5
2025-05-10 20:21:04,024 - INFO - Усады: 4
2025-05-10 20:21:04,025 - INFO - Заинск: 4
2025-05-10 20:21:04,025 - INFO - Нурлат: 4
2025-05-10 20:21:04,025 - INFO - Большая Атня: 3
2025-05-10 20:21:04,025 - INFO - : 3
2025-05-10 20:21:04,025 - INFO - Иннополис: 3
2025-05-10 20:21:04,025 - INFO - Лаишево: 2
2025-05-10 20:21:04,025 - INFO - Базарные Матаки: 2
2025-05-10 20:21:04,026 - INFO - Азьмушкино: 2
2025-05-10 20:21:04,026 - INFO - Новое Шигалеево: 2
2025-05-10 20:21:04,026 - INFO - Менделеевск: 2
2025-05-10 20:21:04,026 - INFO - Столбище: 2
2025-05-10 20:21:04,026 - INFO - Каймары: 2
2025-05-10 20:21:04,026 - INFO - Бавлы: 2
2025-05-10 20:21:04,027 - INFO - Муслюмово: 2
2025-05-10 20:21:04,027 - INFO - Джалиль: 2
2025-05-10 20:21:04,027 - INFO - Песчаные Ковали: 2
2025-05-10 20:21:04,027 - INFO - Кощаково: 1
2025-05-10 20:21:04,027 - INFO - Большие Бутырки: 1
2025-05-10 20:21:04,027 - INFO - Новониколаевский: 1
2025-05-10 20:21:04,028 - INFO - Малый Бакрче: 1
2025-05-10 20:21:04,028 - INFO - Травкино: 1
2025-05-10 20:21:04,028 - INFO - Садовый: 1
2025-05-10 20:21:04,028 - INFO - Коноваловка: 1
2025-05-10 20:21:04,028 - INFO - Царёво: 1
2025-05-10 20:21:04,028 - INFO - Тюлячи: 1
2025-05-10 20:21:04,029 - INFO - Малая Шильна: 1
2025-05-10 20:21:04,029 - INFO - Богородское: 1
2025-05-10 20:21:04,029 - INFO - Среднее Девятово: 1
2025-05-10 20:21:04,029 - INFO - Гидромеханизатор: 1
2025-05-10 20:21:04,029 - INFO - Пестрецы: 1
2025-05-10 20:21:04,029 - INFO - Актюбинский: 1
2025-05-10 20:21:04,030 - INFO - Буинск: 1
2025-05-10 20:21:04,030 - INFO - Сетяково: 1
2025-05-10 20:21:04,030 - INFO - Новошешминск: 1
2025-05-10 20:21:04,030 - INFO - Агрыз: 1
2025-05-10 20:21:04,031 - INFO - Сарманово: 1
2025-05-10 20:21:04,031 - INFO - Галактионово: 1
2025-05-10 20:21:04,031 - INFO - Мензелинск: 1
2025-05-10 20:21:04,031 - INFO - Яльчики: 1
2025-05-10 20:21:04,031 - INFO - Мамадыш: 1
2025-05-10 20:21:04,031 - INFO - Старое Дрожжаное: 1
2025-05-10 20:21:04,032 - INFO - Алексеевское: 1
2025-05-10 20:21:04,032 - INFO - Красный Ключ: 1
2025-05-10 20:21:04,032 - INFO - 
Статистика по ценам аренды:
2025-05-10 20:21:04,032 - INFO - mean: 79,490.68
2025-05-10 20:21:04,032 - INFO - median: 65,000.00
2025-05-10 20:21:04,033 - INFO - min: 1,000.00
2025-05-10 20:21:04,033 - INFO - max: 243,360.00
2025-05-10 20:21:04,033 - INFO - 
Статистика по ценам аренды за м²:
2025-05-10 20:21:04,034 - INFO - mean: 1329.62
2025-05-10 20:21:04,034 - INFO - median: 1250.00
2025-05-10 20:21:04,034 - INFO - min: 100.00
2025-05-10 20:21:04,034 - INFO - max: 3352.94
2025-05-10 20:21:04,034 - INFO - 
Статистика по площадям:
2025-05-10 20:21:04,035 - INFO - mean: 64.69
2025-05-10 20:21:04,035 - INFO - median: 60.00
2025-05-10 20:21:04,035 - INFO - min: 1.00
2025-05-10 20:21:04,035 - INFO - max: 150.00
2025-05-10 20:21:04,036 - INFO - 
Объявления с экстремальными ценами:
2025-05-10 20:21:04,036 - INFO - 
Минимальная общая цена:
2025-05-10 20:21:04,037 - INFO - Цена: 1,000.00 руб
2025-05-10 20:21:04,038 - INFO - Цена за м²: 1,000.00 руб/м²
2025-05-10 20:21:04,038 - INFO - Площадь: 1.0 м²
2025-05-10 20:21:04,038 - INFO - Город: Набережные Челны
2025-05-10 20:21:04,039 - INFO - Адрес: Набережночелнинский пр-т, 70/56Набережные Челны
2025-05-10 20:21:04,039 - INFO - Заголовок: Торговая, от 60 до 127 м²
2025-05-10 20:21:04,039 - INFO - URL: https://www.avito.ru/naberezhnye_chelny/kommercheskaya_nedvizhimost/torgovaya_ot_60_do_127_m_4664203293?context=H4sIAAAAAAAA_wE_AMD_YToyOntzOjEzOiJsb2NhbFByaW9yaXR5IjtiOjA7czoxOiJ4IjtzOjE2OiJ4eGZWZmdvWUJvUFdCTW1sIjt9jQZcRz8AAAA
2025-05-10 20:21:04,040 - INFO - Цена: 1,000.00 руб
2025-05-10 20:21:04,040 - INFO - Цена за м²: 1,000.00 руб/м²
2025-05-10 20:21:04,040 - INFO - Площадь: 1.0 м²
2025-05-10 20:21:04,041 - INFO - Город: Набережные Челны
2025-05-10 20:21:04,041 - INFO - Адрес: пр-т Абдурахмана Абсалямова, 14Набережные Челны
2025-05-10 20:21:04,041 - INFO - Заголовок: Торговая, от 70 до 1000 м²
2025-05-10 20:21:04,041 - INFO - URL: https://www.avito.ru/naberezhnye_chelny/kommercheskaya_nedvizhimost/torgovaya_ot_70_do_1000_m_4663902651?context=H4sIAAAAAAAA_wE_AMD_YToyOntzOjEzOiJsb2NhbFByaW9yaXR5IjtiOjA7czoxOiJ4IjtzOjE2OiJ4eGZWZmdvWUJvUFdCTW1sIjt9jQZcRz8AAAA
2025-05-10 20:21:04,042 - INFO - Цена: 1,000.00 руб
2025-05-10 20:21:04,042 - INFO - Цена за м²: 1,000.00 руб/м²
2025-05-10 20:21:04,042 - INFO - Площадь: 1.0 м²
2025-05-10 20:21:04,042 - INFO - Город: Сокуры
2025-05-10 20:21:04,042 - INFO - Адрес: Советская ул., 10с. Сокуры
2025-05-10 20:21:04,043 - INFO - Заголовок: Свободного назначения, 1 м²
2025-05-10 20:21:04,043 - INFO - URL: https://www.avito.ru/kazan/kommercheskaya_nedvizhimost/svobodnogo_naznacheniya_1_m_3938727274?context=H4sIAAAAAAAA_wE_AMD_YToyOntzOjEzOiJsb2NhbFByaW9yaXR5IjtiOjA7czoxOiJ4IjtzOjE2OiJTQzRqR2M1R1d5Rll6amd3Ijt9JSWuAD8AAAA
2025-05-10 20:21:04,044 - INFO - 
Максимальная общая цена:
2025-05-10 20:21:04,044 - INFO - Цена: 243,360.00 руб
2025-05-10 20:21:04,045 - INFO - Цена за м²: 1,802.67 руб/м²
2025-05-10 20:21:04,045 - INFO - Площадь: 135.0 м²
2025-05-10 20:21:04,045 - INFO - Город: Казань
2025-05-10 20:21:04,045 - INFO - Адрес: Чистопольская ул., 19АКазань
2025-05-10 20:21:04,045 - INFO - Заголовок: Первая линия 135.2 м²
2025-05-10 20:21:04,046 - INFO - URL: https://www.avito.ru/kazan/kommercheskaya_nedvizhimost/pervaya_liniya_135.2_m_7300009318?context=H4sIAAAAAAAA_wE_AMD_YToyOntzOjEzOiJsb2NhbFByaW9yaXR5IjtiOjA7czoxOiJ4IjtzOjE2OiI3RVZVb1ZGaVE2WVZYT2tMIjt98QzeCj8AAAA
2025-05-10 20:21:04,046 - INFO - Цена: 243,360.00 руб
2025-05-10 20:21:04,047 - INFO - Цена за м²: 1,802.67 руб/м²
2025-05-10 20:21:04,047 - INFO - Площадь: 135.0 м²
2025-05-10 20:21:04,047 - INFO - Город: Казань
2025-05-10 20:21:04,048 - INFO - Адрес: Чистопольская ул., 19АКазань
2025-05-10 20:21:04,048 - INFO - Заголовок: Первая линия 135.2 м²
2025-05-10 20:21:04,048 - INFO - URL: https://www.avito.ru/kazan/kommercheskaya_nedvizhimost/pervaya_liniya_135.2_m_7300009318?context=H4sIAAAAAAAA_wE_AMD_YToyOntzOjEzOiJsb2NhbFByaW9yaXR5IjtiOjA7czoxOiJ4IjtzOjE2OiJIMFFZZ05vNXk2blJCdGc4Ijt9P_qucj8AAAA
2025-05-10 20:21:04,049 - INFO - 
Минимальная цена за м²:
2025-05-10 20:21:04,050 - INFO - Цена за м²: 100.00 руб/м²
2025-05-10 20:21:04,050 - INFO - Общая цена: 2,500.00 руб
2025-05-10 20:21:04,050 - INFO - Площадь: 25.0 м²
2025-05-10 20:21:04,051 - INFO - Город: Набережные Челны
2025-05-10 20:21:04,051 - INFO - Адрес: ул. Раскольникова, 29АНабережные Челны
2025-05-10 20:21:04,051 - INFO - Заголовок: Сдам в аренду 25 м2
2025-05-10 20:21:04,052 - INFO - URL: https://www.avito.ru/naberezhnye_chelny/kommercheskaya_nedvizhimost/sdam_v_arendu_25_m2_7303016556?context=H4sIAAAAAAAA_wE_AMD_YToyOntzOjEzOiJsb2NhbFByaW9yaXR5IjtiOjA7czoxOiJ4IjtzOjE2OiJIMFFZZ05vNXk2blJCdGc4Ijt9P_qucj8AAAA
2025-05-10 20:21:04,052 - INFO - Цена за м²: 100.00 руб/м²
2025-05-10 20:21:04,052 - INFO - Общая цена: 5,400.00 руб
2025-05-10 20:21:04,053 - INFO - Площадь: 54.0 м²
2025-05-10 20:21:04,053 - INFO - Город: Чистополь
2025-05-10 20:21:04,053 - INFO - Адрес: ул. Ленина, 59Чистополь
2025-05-10 20:21:04,053 - INFO - Заголовок: Сдам в аренду
2025-05-10 20:21:04,053 - INFO - URL: https://www.avito.ru/chistopol/kommercheskaya_nedvizhimost/sdam_v_arendu_4167505459?context=H4sIAAAAAAAA_wE_AMD_YToyOntzOjEzOiJsb2NhbFByaW9yaXR5IjtiOjA7czoxOiJ4IjtzOjE2OiJjNnlWbmlBSG1jczZTbVoxIjt9QrWrEj8AAAA
2025-05-10 20:21:04,054 - INFO - Цена за м²: 100.00 руб/м²
2025-05-10 20:21:04,054 - INFO - Общая цена: 8,000.00 руб
2025-05-10 20:21:04,054 - INFO - Площадь: 80.0 м²
2025-05-10 20:21:04,054 - INFO - Город: Новошешминск
2025-05-10 20:21:04,055 - INFO - Адрес: ул. Ленина, 37с. Новошешминск
2025-05-10 20:21:04,055 - INFO - Заголовок: Торговая площадь, 80 м²
2025-05-10 20:21:04,055 - INFO - URL: https://www.avito.ru/novosheshminsk/kommercheskaya_nedvizhimost/torgovaya_ploschad_80_m_3450078026?context=H4sIAAAAAAAA_wE_AMD_YToyOntzOjEzOiJsb2NhbFByaW9yaXR5IjtiOjA7czoxOiJ4IjtzOjE2OiIxNWNpbzZkSjZ0a3FTZkxGIjt9XP5w2z8AAAA
2025-05-10 20:21:04,055 - INFO - Цена за м²: 100.00 руб/м²
2025-05-10 20:21:04,056 - INFO - Общая цена: 2,500.00 руб
2025-05-10 20:21:04,056 - INFO - Площадь: 25.0 м²
2025-05-10 20:21:04,056 - INFO - Город: Джалиль
2025-05-10 20:21:04,056 - INFO - Адрес: ул. Ахмадиева, 6пгт. Джалиль
2025-05-10 20:21:04,056 - INFO - Заголовок: Свободного назначения, 25 м²
2025-05-10 20:21:04,056 - INFO - URL: https://www.avito.ru/dzhalil/kommercheskaya_nedvizhimost/svobodnogo_naznacheniya_25_m_1593264135?context=H4sIAAAAAAAA_wE_AMD_YToyOntzOjEzOiJsb2NhbFByaW9yaXR5IjtiOjA7czoxOiJ4IjtzOjE2OiI3cThlWE11NWdSNmNqT0JCIjt9hlJyCT8AAAA
2025-05-10 20:21:04,058 - INFO - 
Максимальная цена за м²:
2025-05-10 20:21:04,058 - INFO - Цена за м²: 3,352.94 руб/м²
2025-05-10 20:21:04,058 - INFO - Общая цена: 57,000.00 руб
2025-05-10 20:21:04,059 - INFO - Площадь: 17.0 м²
2025-05-10 20:21:04,059 - INFO - Город: Казань
2025-05-10 20:21:04,059 - INFO - Адрес: ул. Мусина, 29/2Казань
2025-05-10 20:21:04,059 - INFO - Заголовок: Торговая площадь
2025-05-10 20:21:04,060 - INFO - URL: https://www.avito.ru/kazan/kommercheskaya_nedvizhimost/torgovaya_ploschad_4810039789?context=H4sIAAAAAAAA_wE_AMD_YToyOntzOjEzOiJsb2NhbFByaW9yaXR5IjtiOjA7czoxOiJ4IjtzOjE2OiJVaVR0VHRFSUQwOERPRVZHIjt9Lub7iD8AAAA
