2025-05-10 20:01:40,679 - INFO - Загружено 1087 записей из scrapers/merged_rent_data.csv
2025-05-10 20:01:40,679 - INFO - Начало очистки данных...
2025-05-10 20:01:40,679 - INFO - Очистка адресов...
2025-05-10 20:01:40,701 - INFO - Очистка площадей...
2025-05-10 20:01:40,701 - INFO - Очистка цен...
2025-05-10 20:01:40,734 - INFO - 
Найдена placeholder цена (1 рубль):
2025-05-10 20:01:40,735 - INFO - URL: https://www.avito.ru/almetevsk/kommercheskaya_nedvizhimost/torgovaya_ploschad_14_m_v_gipere_magnit_shevchenko_4_7306204136?context=H4sIAAAAAAAA_wE_AMD_YToyOntzOjEzOiJsb2NhbFByaW9yaXR5IjtiOjA7czoxOiJ4IjtzOjE2OiJIMFFZZ05vNXk2blJCdGc4Ijt9P_qucj8AAAA
2025-05-10 20:01:40,740 - INFO - Заголовок: Торговая площадь, 14 м² в гипере Магнит Шевченко 4
2025-05-10 20:01:40,740 - INFO - Адрес: ул. Шевченко, 47Альметьевск
2025-05-10 20:01:40,758 - INFO - 
Подозрительно низкая цена:
2025-05-10 20:01:40,759 - INFO - URL: https://www.avito.ru/mendeleevsk/kommercheskaya_nedvizhimost/torgovaya_ploschad_127.5_m_4491106617?context=H4sIAAAAAAAA_wE_AMD_YToyOntzOjEzOiJsb2NhbFByaW9yaXR5IjtiOjA7czoxOiJ4IjtzOjE2OiJwUzlzbExPVk90M3pTTzI3Ijt98EhPEj8AAAA
2025-05-10 20:01:40,760 - INFO - Заголовок: Торговая площадь, 127.5 м²
2025-05-10 20:01:40,761 - INFO - Адрес: Октябрьская ул., 5Менделеевск
2025-05-10 20:01:40,761 - INFO - Исходная цена: 15
2025-05-10 20:01:40,761 - INFO - Общая цена: 1912.5
2025-05-10 20:01:40,762 - INFO - Цена за м²: 15
2025-05-10 20:01:40,762 - INFO - Площадь: 127.5
2025-05-10 20:01:40,762 - INFO - Тип цены: За м²
2025-05-10 20:01:40,767 - INFO - 
Подозрительно низкая цена:
2025-05-10 20:01:40,768 - INFO - URL: https://www.avito.ru/naberezhnye_chelny/kommercheskaya_nedvizhimost/ofis_ot_50_do_400_m_4600066061?context=H4sIAAAAAAAA_wE_AMD_YToyOntzOjEzOiJsb2NhbFByaW9yaXR5IjtiOjA7czoxOiJ4IjtzOjE2OiJ4eGZWZmdvWUJvUFdCTW1sIjt9jQZcRz8AAAA
2025-05-10 20:01:40,769 - INFO - Заголовок: Офис, от 50 до 400 м²
2025-05-10 20:01:40,769 - INFO - Адрес: пр-т Вахитова, 1АНабережные Челны
2025-05-10 20:01:40,770 - INFO - Исходная цена: 750
2025-05-10 20:01:40,770 - INFO - Общая цена: 750.0
2025-05-10 20:01:40,770 - INFO - Цена за м²: 750
2025-05-10 20:01:40,770 - INFO - Площадь: 1.0
2025-05-10 20:01:40,771 - INFO - Тип цены: За м²
2025-05-10 20:01:40,780 - INFO - 
Найдена placeholder цена (1 рубль):
2025-05-10 20:01:40,781 - INFO - URL: https://www.avito.ru/naberezhnye_chelny/kommercheskaya_nedvizhimost/ofis_44_m_3838788494?context=H4sIAAAAAAAA_wE_AMD_YToyOntzOjEzOiJsb2NhbFByaW9yaXR5IjtiOjA7czoxOiJ4IjtzOjE2OiJTQzRqR2M1R1d5Rll6amd3Ijt9JSWuAD8AAAA
2025-05-10 20:01:40,781 - INFO - Заголовок: Офис, 44 м²
2025-05-10 20:01:40,782 - INFO - Адрес: Металлургическая ул., 85Набережные Челны
2025-05-10 20:01:40,783 - INFO - 
Подозрительно низкая цена:
2025-05-10 20:01:40,783 - INFO - URL: https://www.avito.ru/kazan/kommercheskaya_nedvizhimost/sezonnoe_hranenie_shin_shinnyy_otel_3743398084?context=H4sIAAAAAAAA_wE_AMD_YToyOntzOjEzOiJsb2NhbFByaW9yaXR5IjtiOjA7czoxOiJ4IjtzOjE2OiJTQzRqR2M1R1d5Rll6amd3Ijt9JSWuAD8AAAA
2025-05-10 20:01:40,784 - INFO - Заголовок: Сезонное хранение шин, шинный отель
2025-05-10 20:01:40,784 - INFO - Адрес: ул. Халитова, 8Казань
2025-05-10 20:01:40,784 - INFO - Исходная цена: 300
2025-05-10 20:01:40,784 - INFO - Общая цена: 300.0
2025-05-10 20:01:40,785 - INFO - Цена за м²: 300
2025-05-10 20:01:40,785 - INFO - Площадь: 1.0
2025-05-10 20:01:40,786 - INFO - Тип цены: За м²
2025-05-10 20:01:40,786 - INFO - 
Найдена placeholder цена (1 рубль):
2025-05-10 20:01:40,786 - INFO - URL: https://www.avito.ru/buinsk/kommercheskaya_nedvizhimost/ofis_30_m_2358000885?context=H4sIAAAAAAAA_wE_AMD_YToyOntzOjEzOiJsb2NhbFByaW9yaXR5IjtiOjA7czoxOiJ4IjtzOjE2OiJlampMRXZYUWlXQkp4UW5JIjt9xvuXwj8AAAA
2025-05-10 20:01:40,786 - INFO - Заголовок: Офис, 30 м²
2025-05-10 20:01:40,794 - INFO - Адрес: ул. Розы Люксембург, 126Буинск
2025-05-10 20:01:40,800 - INFO - 
Удалено 6 записей с некорректными ценами
2025-05-10 20:01:40,800 - INFO - 
Удаление выбросов в ценах...
2025-05-10 20:01:40,805 - INFO - 
Границы цен:
2025-05-10 20:01:40,806 - INFO - Общая цена: -87,500.00 - 244,500.00 руб.
2025-05-10 20:01:40,806 - INFO - Цена за м²: -750.00 - 3,650.00 руб.
2025-05-10 20:01:40,808 - INFO - Удалено 94 записей с выбросами в ценах
2025-05-10 20:01:40,808 - INFO - Поиск дубликатов...
2025-05-10 20:01:41,025 - INFO - Найдено 18 пар дубликатов
2025-05-10 20:01:41,026 - INFO - Удаление дубликатов...
2025-05-10 20:01:41,028 - INFO - Очистка завершена. Осталось 969 записей
2025-05-10 20:01:41,048 - INFO - Результаты сохранены в scrapers/cleaned_rent_data.csv
2025-05-10 20:01:41,050 - INFO - 
Отчет по очистке данных:
2025-05-10 20:01:41,050 - INFO - Всего записей: 969
2025-05-10 20:01:41,051 - INFO - 
Распределение по городам:
2025-05-10 20:01:41,051 - INFO - Казань: 561
2025-05-10 20:01:41,051 - INFO - Набережные Челны: 130
2025-05-10 20:01:41,052 - INFO - Нижнекамск: 41
2025-05-10 20:01:41,052 - INFO - Альметьевск: 30
2025-05-10 20:01:41,052 - INFO - Зеленодольск: 23
2025-05-10 20:01:41,052 - INFO - Бугульма: 22
2025-05-10 20:01:41,053 - INFO - Осиново: 16
2025-05-10 20:01:41,053 - INFO - Елабуга: 15
2025-05-10 20:01:41,053 - INFO - Азнакаево: 9
2025-05-10 20:01:41,053 - INFO - Лениногорск: 9
2025-05-10 20:01:41,054 - INFO - Чистополь: 9
2025-05-10 20:01:41,054 - INFO - Высокая Гора: 8
2025-05-10 20:01:41,054 - INFO - Арск: 7
2025-05-10 20:01:41,055 - INFO - Васильево: 6
2025-05-10 20:01:41,055 - INFO - Куюки: 6
2025-05-10 20:01:41,055 - INFO - Сокуры: 5
2025-05-10 20:01:41,055 - INFO - Нурлат: 5
2025-05-10 20:01:41,055 - INFO - Усады: 4
2025-05-10 20:01:41,055 - INFO - Заинск: 4
2025-05-10 20:01:41,056 - INFO - Иннополис: 3
2025-05-10 20:01:41,056 - INFO - Большая Атня: 3
2025-05-10 20:01:41,056 - INFO - : 3
2025-05-10 20:01:41,056 - INFO - Азьмушкино: 2
2025-05-10 20:01:41,057 - INFO - Песчаные Ковали: 2
2025-05-10 20:01:41,057 - INFO - Джалиль: 2
2025-05-10 20:01:41,057 - INFO - Столбище: 2
2025-05-10 20:01:41,057 - INFO - Менделеевск: 2
2025-05-10 20:01:41,057 - INFO - Новое Шигалеево: 2
2025-05-10 20:01:41,057 - INFO - Лаишево: 2
2025-05-10 20:01:41,057 - INFO - Каймары: 2
2025-05-10 20:01:41,058 - INFO - Бавлы: 2
2025-05-10 20:01:41,058 - INFO - Муслюмово: 2
2025-05-10 20:01:41,058 - INFO - Базарные Матаки: 2
2025-05-10 20:01:41,058 - INFO - Кощаково: 1
2025-05-10 20:01:41,058 - INFO - Новониколаевский: 1
2025-05-10 20:01:41,058 - INFO - Большие Бутырки: 1
2025-05-10 20:01:41,058 - INFO - Травкино: 1
2025-05-10 20:01:41,058 - INFO - Малый Бакрче: 1
2025-05-10 20:01:41,058 - INFO - Садовый: 1
2025-05-10 20:01:41,059 - INFO - Коноваловка: 1
2025-05-10 20:01:41,059 - INFO - Малая Шильна: 1
2025-05-10 20:01:41,059 - INFO - Гидромеханизатор: 1
2025-05-10 20:01:41,059 - INFO - Царёво: 1
2025-05-10 20:01:41,059 - INFO - Тюлячи: 1
2025-05-10 20:01:41,059 - INFO - Богородское: 1
2025-05-10 20:01:41,059 - INFO - Среднее Девятово: 1
2025-05-10 20:01:41,059 - INFO - Пестрецы: 1
2025-05-10 20:01:41,059 - INFO - Актюбинский: 1
2025-05-10 20:01:41,059 - INFO - Старое Шигалеево: 1
2025-05-10 20:01:41,061 - INFO - Буинск: 1
2025-05-10 20:01:41,061 - INFO - Сетяково: 1
2025-05-10 20:01:41,061 - INFO - Новошешминск: 1
2025-05-10 20:01:41,061 - INFO - Агрыз: 1
2025-05-10 20:01:41,061 - INFO - Сарманово: 1
2025-05-10 20:01:41,062 - INFO - Галактионово: 1
2025-05-10 20:01:41,062 - INFO - Мензелинск: 1
2025-05-10 20:01:41,062 - INFO - Яльчики: 1
2025-05-10 20:01:41,062 - INFO - Мамадыш: 1
2025-05-10 20:01:41,062 - INFO - Старое Дрожжаное: 1
2025-05-10 20:01:41,062 - INFO - Алексеевское: 1
2025-05-10 20:01:41,063 - INFO - Красный Ключ: 1
2025-05-10 20:01:41,063 - INFO - 
Статистика по ценам:
2025-05-10 20:01:41,063 - INFO - mean: 79,338.89
2025-05-10 20:01:41,063 - INFO - median: 65,000.00
2025-05-10 20:01:41,063 - INFO - min: 1,000.00
2025-05-10 20:01:41,064 - INFO - max: 243,360.00
2025-05-10 20:01:41,064 - INFO - 
Статистика по ценам за м²:
2025-05-10 20:01:41,064 - INFO - mean: 1345.00
2025-05-10 20:01:41,065 - INFO - median: 1250.00
2025-05-10 20:01:41,065 - INFO - min: 100.00
2025-05-10 20:01:41,066 - INFO - max: 3570.00
2025-05-10 20:01:41,066 - INFO - 
Статистика по площадям:
2025-05-10 20:01:41,066 - INFO - mean: 64.37
2025-05-10 20:01:41,066 - INFO - median: 60.00
2025-05-10 20:01:41,066 - INFO - min: 1.00
2025-05-10 20:01:41,067 - INFO - max: 150.00
