2025-05-10 20:48:28,218 - INFO - Загружено 783 записей из scrapers/merged_sale_data.csv
2025-05-10 20:48:28,219 - INFO - Начало очистки данных...
2025-05-10 20:48:28,219 - INFO - Очистка адресов...
2025-05-10 20:48:28,235 - INFO - Очистка площадей...
2025-05-10 20:48:28,243 - INFO - Очистка цен...
2025-05-10 20:48:28,243 - INFO - 
Слишком высокая цена за м² (392,500.00 > 300,000.00):
2025-05-10 20:48:28,243 - INFO - Заголовок: Готовый арендный бизнес 40м², Минимальные риски
2025-05-10 20:48:28,256 - INFO - Адрес: ул. Декабристов, 158АКазань
2025-05-10 20:48:28,256 - INFO - Площадь: 40.0 м²
2025-05-10 20:48:28,256 - INFO - Исходная цена: 15,700,000.00
2025-05-10 20:48:28,256 - INFO - Определено как: Общая цена
2025-05-10 20:48:28,256 - INFO - 
Слишком низкая цена за м² (3,877.79 < 10,000.00):
2025-05-10 20:48:28,256 - INFO - Заголовок: Торговое помещение с арендатором, 85.1 м²
2025-05-10 20:48:28,259 - INFO - Адрес: пр-т Ямашева, 54к3Казань
2025-05-10 20:48:28,259 - INFO - Площадь: 85.1 м²
2025-05-10 20:48:28,259 - INFO - Исходная цена: 330,000.00
2025-05-10 20:48:28,259 - INFO - Определено как: Общая цена
2025-05-10 20:48:28,259 - INFO - 
Слишком низкая цена за м² (956.48 < 10,000.00):
2025-05-10 20:48:28,259 - INFO - Заголовок: Габ, продажа помещения с арендаторами, Исаева,18
2025-05-10 20:48:28,259 - INFO - Адрес: Московский район, ул. Исаева, 18Казань
2025-05-10 20:48:28,267 - INFO - Площадь: 209.1 м²
2025-05-10 20:48:28,267 - INFO - Исходная цена: 200,000.00
2025-05-10 20:48:28,267 - INFO - Определено как: Общая цена
2025-05-10 20:48:28,267 - INFO - 
Слишком низкая цена за м² (6,500.00 < 10,000.00):
2025-05-10 20:48:28,267 - INFO - Заголовок: Продается готовый арендный бизнес - производственная база с земельным участком
2025-05-10 20:48:28,267 - INFO - Адрес: Казанский пр-т, 248Набережные Челны
2025-05-10 20:48:28,267 - INFO - Площадь: 10000.0 м²
2025-05-10 20:48:28,267 - INFO - Исходная цена: 65,000,000.00
2025-05-10 20:48:28,267 - INFO - Определено как: Общая цена
2025-05-10 20:48:28,267 - INFO - 
Слишком низкая цена за м² (56.48 < 10,000.00):
2025-05-10 20:48:28,267 - INFO - Заголовок: Продается готовый арендный бизнес 1 328 м²
2025-05-10 20:48:28,267 - INFO - Адрес: ул. Шамиля Усманова, 122Набережные Челны
2025-05-10 20:48:28,267 - INFO - Площадь: 1328.0 м²
2025-05-10 20:48:28,267 - INFO - Исходная цена: 75,000.00
2025-05-10 20:48:28,267 - INFO - Определено как: Общая цена
2025-05-10 20:48:28,275 - INFO - 
Слишком низкая цена за м² (5,235.04 < 10,000.00):
2025-05-10 20:48:28,275 - INFO - Заголовок: Под разбор под застройку продажа здании металлокон
2025-05-10 20:48:28,275 - INFO - Адрес: ул. Бахетле, 1с. Сухарево
2025-05-10 20:48:28,275 - INFO - Площадь: 468.0 м²
2025-05-10 20:48:28,275 - INFO - Исходная цена: 2,450,000.00
2025-05-10 20:48:28,275 - INFO - Определено как: Общая цена
2025-05-10 20:48:28,275 - INFO - 
Слишком низкая цена за м² (541.80 < 10,000.00):
2025-05-10 20:48:28,275 - INFO - Заголовок: Свободного назначения
2025-05-10 20:48:28,275 - INFO - Адрес: Кировский район, жилой комплекс Адмиралтейская Слобода, Большая ул., 62Казань
2025-05-10 20:48:28,275 - INFO - Площадь: 646.0 м²
2025-05-10 20:48:28,275 - INFO - Исходная цена: 350,000.00
2025-05-10 20:48:28,275 - INFO - Определено как: Общая цена
2025-05-10 20:48:28,275 - INFO - 
Слишком низкая цена за м² (3,307.69 < 10,000.00):
2025-05-10 20:48:28,283 - INFO - Заголовок: Свободного назначения
2025-05-10 20:48:28,283 - INFO - Адрес: Вторая Ударная ул., 4с. Высокая Гора
2025-05-10 20:48:28,283 - INFO - Площадь: 52.0 м²
2025-05-10 20:48:28,283 - INFO - Исходная цена: 172,000.00
2025-05-10 20:48:28,283 - INFO - Определено как: Общая цена
2025-05-10 20:48:28,291 - INFO - 
Слишком низкая цена за м² (8,016.88 < 10,000.00):
2025-05-10 20:48:28,291 - INFO - Заголовок: Свободного назначения, 474 м²
2025-05-10 20:48:28,291 - INFO - Адрес: ул. Вацлава Воровского, 63Бугульма
2025-05-10 20:48:28,291 - INFO - Площадь: 474.0 м²
2025-05-10 20:48:28,291 - INFO - Исходная цена: 3,800,000.00
2025-05-10 20:48:28,291 - INFO - Определено как: Общая цена
2025-05-10 20:48:28,291 - INFO - 
Слишком высокая цена за м² (350,000.00 > 300,000.00):
2025-05-10 20:48:28,291 - INFO - Заголовок: Торговая площадь на остановке
2025-05-10 20:48:28,291 - INFO - Адрес: ул. 1 Мая, 5Казань
2025-05-10 20:48:28,291 - INFO - Площадь: 10.0 м²
2025-05-10 20:48:28,291 - INFO - Исходная цена: 3,500,000.00
2025-05-10 20:48:28,291 - INFO - Определено как: Общая цена
2025-05-10 20:48:28,299 - INFO - 
Слишком низкая цена за м² (3,333.33 < 10,000.00):
2025-05-10 20:48:28,299 - INFO - Заголовок: Торговая площадь, 300 м²
2025-05-10 20:48:28,299 - INFO - Адрес: ул. Владимира Ленина, 17/9Бугульма
2025-05-10 20:48:28,299 - INFO - Площадь: 300.0 м²
2025-05-10 20:48:28,299 - INFO - Исходная цена: 1,000,000.00
2025-05-10 20:48:28,299 - INFO - Определено как: Общая цена
2025-05-10 20:48:28,299 - INFO - 
Слишком низкая цена за м² (4,237.29 < 10,000.00):
2025-05-10 20:48:28,299 - INFO - Заголовок: Продажа помещений свободного назначения, от 70.8 м
2025-05-10 20:48:28,308 - INFO - Адрес: ул. Баки Урманче, 4к4Казань
2025-05-10 20:48:28,308 - INFO - Площадь: 70.8 м²
2025-05-10 20:48:28,308 - INFO - Исходная цена: 300,000.00
2025-05-10 20:48:28,308 - INFO - Определено как: Общая цена
2025-05-10 20:48:28,308 - INFO - 
Слишком низкая цена за м² (2,064.41 < 10,000.00):
2025-05-10 20:48:28,308 - INFO - Заголовок: Торговая площадь 121.1
2025-05-10 20:48:28,308 - INFO - Адрес: ул. Карбышева, 12АКазань
2025-05-10 20:48:28,308 - INFO - Площадь: 121.1 м²
2025-05-10 20:48:28,308 - INFO - Исходная цена: 250,000.00
2025-05-10 20:48:28,308 - INFO - Определено как: Общая цена
2025-05-10 20:48:28,308 - INFO - 
Слишком низкая цена за м² (8,695.65 < 10,000.00):
2025-05-10 20:48:28,308 - INFO - Заголовок: Помещение свободного назначения
2025-05-10 20:48:28,308 - INFO - Адрес: Деповская ул., 1АБугульма
2025-05-10 20:48:28,308 - INFO - Площадь: 115.0 м²
2025-05-10 20:48:28,308 - INFO - Исходная цена: 1,000,000.00
2025-05-10 20:48:28,308 - INFO - Определено как: Общая цена
2025-05-10 20:48:28,316 - INFO - 
Слишком высокая цена за м² (355,013.19 > 300,000.00):
2025-05-10 20:48:28,316 - INFO - Заголовок: Торговое помещение на трафике
2025-05-10 20:48:28,316 - INFO - Адрес: пр-т Альберта Камалеева, 30Казань
2025-05-10 20:48:28,316 - INFO - Площадь: 113.7 м²
2025-05-10 20:48:28,316 - INFO - Исходная цена: 40,365,000.00
2025-05-10 20:48:28,316 - INFO - Определено как: Общая цена
2025-05-10 20:48:28,316 - INFO - 
Слишком низкая цена за м² (176.68 < 10,000.00):
2025-05-10 20:48:28,316 - INFO - Заголовок: Продам торговую площадь
2025-05-10 20:48:28,316 - INFO - Адрес: ул. Серова, 29Казань
2025-05-10 20:48:28,316 - INFO - Площадь: 1132.0 м²
2025-05-10 20:48:28,316 - INFO - Исходная цена: 200,000.00
2025-05-10 20:48:28,316 - INFO - Определено как: Общая цена
2025-05-10 20:48:28,324 - INFO - 
Слишком низкая цена за м² (3,202.24 < 10,000.00):
2025-05-10 20:48:28,324 - INFO - Заголовок: ЖК Южный Парк 99,93 м2 первая линия
2025-05-10 20:48:28,324 - INFO - Адрес: жилой комплекс Южный Парк, 4.3с. Усады
2025-05-10 20:48:28,324 - INFO - Площадь: 99.93 м²
2025-05-10 20:48:28,324 - INFO - Исходная цена: 320,000.00
2025-05-10 20:48:28,324 - INFO - Определено как: Общая цена
2025-05-10 20:48:28,324 - INFO - 
Слишком низкая цена за м² (3,341.46 < 10,000.00):
2025-05-10 20:48:28,324 - INFO - Заголовок: Склад, 14362 м²
2025-05-10 20:48:28,324 - INFO - Адрес: Вокзальная ул., 49Арск
2025-05-10 20:48:28,324 - INFO - Площадь: 14362.0 м²
2025-05-10 20:48:28,324 - INFO - Исходная цена: 47,990,000.00
2025-05-10 20:48:28,324 - INFO - Определено как: Общая цена
2025-05-10 20:48:28,332 - INFO - 
Слишком высокая цена за м² (355,000.00 > 300,000.00):
2025-05-10 20:48:28,332 - INFO - Заголовок: Торговое помещение в трц Республика
2025-05-10 20:48:28,332 - INFO - Адрес: Петербургская ул., 9Казань
2025-05-10 20:48:28,332 - INFO - Площадь: 20.0 м²
2025-05-10 20:48:28,332 - INFO - Исходная цена: 7,100,000.00
2025-05-10 20:48:28,332 - INFO - Определено как: Общая цена
2025-05-10 20:48:28,332 - INFO - 
Слишком низкая цена за м² (46.53 < 10,000.00):
2025-05-10 20:48:28,332 - INFO - Заголовок: Складское помещение, 1440 м²
2025-05-10 20:48:28,332 - INFO - Адрес: 10СДТ Гидромонтажник
2025-05-10 20:48:28,332 - INFO - Площадь: 1440.0 м²
2025-05-10 20:48:28,332 - INFO - Исходная цена: 67,000.00
2025-05-10 20:48:28,332 - INFO - Определено как: Общая цена
2025-05-10 20:48:28,332 - INFO - 
Слишком низкая цена за м² (9.03 < 10,000.00):
2025-05-10 20:48:28,332 - INFO - Заголовок: Здание, 9412.6 м²
2025-05-10 20:48:28,332 - INFO - Адрес: пр-т Вахитова, 16АНабережные Челны
2025-05-10 20:48:28,340 - INFO - Площадь: 9412.6 м²
2025-05-10 20:48:28,340 - INFO - Исходная цена: 85,000.00
2025-05-10 20:48:28,340 - INFO - Определено как: Общая цена
2025-05-10 20:48:28,340 - INFO - 
Слишком низкая цена за м² (1.64 < 10,000.00):
2025-05-10 20:48:28,340 - INFO - Заголовок: Здание, 58099.8 м²
2025-05-10 20:48:28,340 - INFO - Адрес: ул. Нариманова, 69Набережные Челны
2025-05-10 20:48:28,340 - INFO - Площадь: 58099.8 м²
2025-05-10 20:48:28,340 - INFO - Исходная цена: 95,000.00
2025-05-10 20:48:28,340 - INFO - Определено как: Общая цена
2025-05-10 20:48:28,340 - INFO - 
Слишком высокая цена за м² (414,579.44 > 300,000.00):
2025-05-10 20:48:28,340 - INFO - Заголовок: Свободного назначения, 107 м²
2025-05-10 20:48:28,340 - INFO - Адрес: ул. Шаляпина, 26Казань
2025-05-10 20:48:28,340 - INFO - Площадь: 107.0 м²
2025-05-10 20:48:28,340 - INFO - Исходная цена: 44,360,000.00
2025-05-10 20:48:28,340 - INFO - Определено как: Общая цена
2025-05-10 20:48:28,349 - INFO - 
Слишком высокая цена за м² (422,428.79 > 300,000.00):
2025-05-10 20:48:28,349 - INFO - Заголовок: Офис, 88.3 м²
2025-05-10 20:48:28,349 - INFO - Адрес: ул. Гаврилова, 5Казань
2025-05-10 20:48:28,349 - INFO - Площадь: 88.3 м²
2025-05-10 20:48:28,349 - INFO - Исходная цена: 37,300,462.00
2025-05-10 20:48:28,349 - INFO - Определено как: Общая цена
2025-05-10 20:48:28,349 - INFO - 
Слишком высокая цена за м² (505,060.92 > 300,000.00):
2025-05-10 20:48:28,349 - INFO - Заголовок: Свободного назначения, 48 м²
2025-05-10 20:48:28,349 - INFO - Адрес: ул. Гаврилова, 5Вк2Казань
2025-05-10 20:48:28,349 - INFO - Площадь: 48.0 м²
2025-05-10 20:48:28,349 - INFO - Исходная цена: 24,242,924.00
2025-05-10 20:48:28,349 - INFO - Определено как: Общая цена
2025-05-10 20:48:28,349 - INFO - 
Слишком высокая цена за м² (528,260.87 > 300,000.00):
2025-05-10 20:48:28,357 - INFO - Заголовок: Первая линия. Торговое, ПСН, офис 46 м² свой с/у
2025-05-10 20:48:28,357 - INFO - Адрес: пр-т Ибрагимова, 32АКазань
2025-05-10 20:48:28,357 - INFO - Площадь: 46.0 м²
2025-05-10 20:48:28,357 - INFO - Исходная цена: 24,300,000.00
2025-05-10 20:48:28,357 - INFO - Определено как: Общая цена
2025-05-10 20:48:28,357 - INFO - 
Слишком высокая цена за м² (527,777.78 > 300,000.00):
2025-05-10 20:48:28,357 - INFO - Заголовок: Первая линия, Торговое, Офис, ПСН 54 м² свой с/у
2025-05-10 20:48:28,357 - INFO - Адрес: пр-т Ибрагимова, 32АКазань
2025-05-10 20:48:28,357 - INFO - Площадь: 54.0 м²
2025-05-10 20:48:28,357 - INFO - Исходная цена: 28,500,000.00
2025-05-10 20:48:28,357 - INFO - Определено как: Общая цена
2025-05-10 20:48:28,357 - INFO - 
Слишком высокая цена за м² (348,993.29 > 300,000.00):
2025-05-10 20:48:28,357 - INFO - Заголовок: Торговая площадь
2025-05-10 20:48:28,357 - INFO - Адрес: ул. Натана Рахлина, 15к3Казань
2025-05-10 20:48:28,365 - INFO - Площадь: 149.0 м²
2025-05-10 20:48:28,365 - INFO - Исходная цена: 52,000,000.00
2025-05-10 20:48:28,365 - INFO - Определено как: Общая цена
2025-05-10 20:48:28,365 - INFO - 
Слишком низкая цена за м² (3,202.85 < 10,000.00):
2025-05-10 20:48:28,365 - INFO - Заголовок: Торговая площадь, новый ТЦ
2025-05-10 20:48:28,365 - INFO - Адрес: ул. Дементьева, 72БКазань
2025-05-10 20:48:28,365 - INFO - Площадь: 84.3 м²
2025-05-10 20:48:28,365 - INFO - Исходная цена: 270,000.00
2025-05-10 20:48:28,365 - INFO - Определено как: Общая цена
2025-05-10 20:48:28,365 - INFO - 
Слишком высокая цена за м² (304,117.65 > 300,000.00):
2025-05-10 20:48:28,365 - INFO - Заголовок: Свободного назначения
2025-05-10 20:48:28,373 - INFO - Адрес: ул. Соловецких Юнг, 1Казань
2025-05-10 20:48:28,373 - INFO - Площадь: 85.0 м²
2025-05-10 20:48:28,373 - INFO - Исходная цена: 25,850,000.00
2025-05-10 20:48:28,373 - INFO - Определено как: Общая цена
2025-05-10 20:48:28,373 - INFO - 
Слишком низкая цена за м² (307.69 < 10,000.00):
2025-05-10 20:48:28,373 - INFO - Заголовок: Свободного назначения
2025-05-10 20:48:28,373 - INFO - Адрес: ул. Тази Гиззата, 28Казань
2025-05-10 20:48:28,373 - INFO - Площадь: 455.0 м²
2025-05-10 20:48:28,373 - INFO - Исходная цена: 140,000.00
2025-05-10 20:48:28,373 - INFO - Определено как: Общая цена
2025-05-10 20:48:28,373 - INFO - 
Слишком высокая цена за м² (334,210.53 > 300,000.00):
2025-05-10 20:48:28,373 - INFO - Заголовок: Свободного назначения, 19 м²
2025-05-10 20:48:28,381 - INFO - Адрес: Чистопольская ул., 61ДКазань
2025-05-10 20:48:28,381 - INFO - Площадь: 19.0 м²
2025-05-10 20:48:28,381 - INFO - Исходная цена: 6,350,000.00
2025-05-10 20:48:28,381 - INFO - Определено как: Общая цена
2025-05-10 20:48:28,381 - INFO - 
Слишком низкая цена за м² (3,565.97 < 10,000.00):
2025-05-10 20:48:28,381 - INFO - Заголовок: ЖК станция спортивная коммерция 78,52кв.м
2025-05-10 20:48:28,381 - INFO - Адрес: Приволжский район, жилой комплекс Станция Спортивная, 2.2Казань
2025-05-10 20:48:28,381 - INFO - Площадь: 78.52 м²
2025-05-10 20:48:28,381 - INFO - Исходная цена: 280,000.00
2025-05-10 20:48:28,381 - INFO - Определено как: Общая цена
2025-05-10 20:48:28,381 - INFO - 
Слишком низкая цена за м² (1,878.64 < 10,000.00):
2025-05-10 20:48:28,381 - INFO - Заголовок: Помещение в новом ЖК
2025-05-10 20:48:28,381 - INFO - Адрес: ул. Родины, 20Казань
2025-05-10 20:48:28,381 - INFO - Площадь: 159.69 м²
2025-05-10 20:48:28,381 - INFO - Исходная цена: 300,000.00
2025-05-10 20:48:28,381 - INFO - Определено как: Общая цена
2025-05-10 20:48:28,389 - INFO - 
Слишком низкая цена за м² (6,637.17 < 10,000.00):
2025-05-10 20:48:28,389 - INFO - Заголовок: Торговая площадь, 67.8 м²
2025-05-10 20:48:28,389 - INFO - Адрес: ул. Фрунзе, 5Казань
2025-05-10 20:48:28,389 - INFO - Площадь: 67.8 м²
2025-05-10 20:48:28,389 - INFO - Исходная цена: 450,000.00
2025-05-10 20:48:28,389 - INFO - Определено как: Общая цена
2025-05-10 20:48:28,389 - INFO - 
Слишком низкая цена за м² (100.00 < 10,000.00):
2025-05-10 20:48:28,389 - INFO - Заголовок: Помещение магазин
2025-05-10 20:48:28,389 - INFO - Адрес: ул. Ленина, 6пгт. Джалиль
2025-05-10 20:48:28,389 - INFO - Площадь: 91.0 м²
2025-05-10 20:48:28,389 - INFO - Исходная цена: 100.00
2025-05-10 20:48:28,389 - INFO - Определено как: Цена за м²
2025-05-10 20:48:28,389 - INFO - 
Слишком низкая цена за м² (307.57 < 10,000.00):
2025-05-10 20:48:28,397 - INFO - Заголовок: Продам помещение свободного назначения, 510 м²
2025-05-10 20:48:28,397 - INFO - Адрес: Магистральная ул., 34с. Каймары
2025-05-10 20:48:28,397 - INFO - Площадь: 510.0 м²
2025-05-10 20:48:28,397 - INFO - Исходная цена: 156,862.00
2025-05-10 20:48:28,397 - INFO - Определено как: Общая цена
2025-05-10 20:48:28,397 - INFO - 
Слишком низкая цена за м² (3,341.46 < 10,000.00):
2025-05-10 20:48:28,397 - INFO - Заголовок: Продам складское помещение, 14362 м²
2025-05-10 20:48:28,397 - INFO - Адрес: с. Шемордан
2025-05-10 20:48:28,397 - INFO - Площадь: 14362.0 м²
2025-05-10 20:48:28,397 - INFO - Исходная цена: 47,990,000.00
2025-05-10 20:48:28,397 - INFO - Определено как: Общая цена
2025-05-10 20:48:28,397 - INFO - 
Слишком высокая цена за м² (81,000,000.00 > 300,000.00):
2025-05-10 20:48:28,406 - INFO - Заголовок: Склад, 1440.00 кв.м., д
2025-05-10 20:48:28,406 - INFO - Адрес: Советский районКазань
2025-05-10 20:48:28,406 - INFO - Площадь: 1440.0 м²
2025-05-10 20:48:28,406 - INFO - Исходная цена: 81,000,000.00
2025-05-10 20:48:28,406 - INFO - Определено как: Цена за м²
2025-05-10 20:48:28,406 - INFO - 
Слишком низкая цена за м² (2,822.02 < 10,000.00):
2025-05-10 20:48:28,406 - INFO - Заголовок: Торговая площадь, 100.46 м²
2025-05-10 20:48:28,406 - INFO - Адрес: ул. Баки Урманче, 4к4Казань
2025-05-10 20:48:28,406 - INFO - Площадь: 100.46 м²
2025-05-10 20:48:28,406 - INFO - Исходная цена: 283,500.00
2025-05-10 20:48:28,406 - INFO - Определено как: Общая цена
2025-05-10 20:48:28,406 - INFO - 
Слишком низкая цена за м² (1,535.09 < 10,000.00):
2025-05-10 20:48:28,406 - INFO - Заголовок: Продажа помещения с арендатором
2025-05-10 20:48:28,406 - INFO - Адрес: пр-т Хасана Туфана, 8Набережные Челны
2025-05-10 20:48:28,406 - INFO - Площадь: 114.0 м²
2025-05-10 20:48:28,406 - INFO - Исходная цена: 175,000.00
2025-05-10 20:48:28,414 - INFO - Определено как: Общая цена
2025-05-10 20:48:28,414 - INFO - 
Слишком низкая цена за м² (3,384.59 < 10,000.00):
2025-05-10 20:48:28,414 - INFO - Заголовок: Свободного назначения, 10341 м²
2025-05-10 20:48:28,414 - INFO - Адрес: 16К-1247Нижнекамск
2025-05-10 20:48:28,414 - INFO - Площадь: 10341.0 м²
2025-05-10 20:48:28,414 - INFO - Исходная цена: 35,000,000.00
2025-05-10 20:48:28,414 - INFO - Определено как: Общая цена
2025-05-10 20:48:28,414 - INFO - 
Слишком высокая цена за м² (348,837.21 > 300,000.00):
2025-05-10 20:48:28,414 - INFO - Заголовок: Торгово-офисное помещение 85.7 м² 1 этаж
2025-05-10 20:48:28,414 - INFO - Адрес: ул. Сибгата Хакима, 52Казань
2025-05-10 20:48:28,414 - INFO - Площадь: 86.0 м²
2025-05-10 20:48:28,414 - INFO - Исходная цена: 30,000,000.00
2025-05-10 20:48:28,414 - INFO - Определено как: Общая цена
2025-05-10 20:48:28,422 - INFO - 
Слишком высокая цена за м² (303,049.56 > 300,000.00):
2025-05-10 20:48:28,422 - INFO - Заголовок: Свободного назначения, 787 м²
2025-05-10 20:48:28,422 - INFO - Адрес: ул. Алексея Козина, 8Казань
2025-05-10 20:48:28,422 - INFO - Площадь: 787.0 м²
2025-05-10 20:48:28,422 - INFO - Исходная цена: 238,500,000.00
2025-05-10 20:48:28,422 - INFO - Определено как: Общая цена
2025-05-10 20:48:28,422 - INFO - 
Слишком высокая цена за м² (406,250.00 > 300,000.00):
2025-05-10 20:48:28,422 - INFO - Заголовок: Торговая площадь
2025-05-10 20:48:28,422 - INFO - Адрес: пр-т Ямашева, 50ГКазань
2025-05-10 20:48:28,422 - INFO - Площадь: 160.0 м²
2025-05-10 20:48:28,422 - INFO - Исходная цена: 65,000,000.00
2025-05-10 20:48:28,422 - INFO - Определено как: Общая цена
2025-05-10 20:48:28,422 - INFO - 
Слишком высокая цена за м² (77,000,000.00 > 300,000.00):
2025-05-10 20:48:28,430 - INFO - Заголовок: Под автосервис, склад, производство 1080 кв.м. Продажа
2025-05-10 20:48:28,430 - INFO - Адрес: с. Кощаково
2025-05-10 20:48:28,430 - INFO - Площадь: 1080.0 м²
2025-05-10 20:48:28,430 - INFO - Исходная цена: 77,000,000.00
2025-05-10 20:48:28,430 - INFO - Определено как: Цена за м²
2025-05-10 20:48:28,430 - INFO - 
Слишком низкая цена за м² (3.95 < 10,000.00):
2025-05-10 20:48:28,430 - INFO - Заголовок: Имущественный комплекс в центре города с жд веткой
2025-05-10 20:48:28,430 - INFO - Адрес: ул. Андрея Адо, 16Казань
2025-05-10 20:48:28,430 - INFO - Площадь: 14232.0 м²
2025-05-10 20:48:28,430 - INFO - Исходная цена: 56,211.00
2025-05-10 20:48:28,430 - INFO - Определено как: Общая цена
2025-05-10 20:48:28,438 - INFO - 
Слишком низкая цена за м² (114.94 < 10,000.00):
2025-05-10 20:48:28,438 - INFO - Заголовок: Производственно-складское помещение продажа
2025-05-10 20:48:28,438 - INFO - Адрес: посёлок Элеваторная Гора, Спартаковская ул., 8Набережные Челны
2025-05-10 20:48:28,438 - INFO - Площадь: 435.0 м²
2025-05-10 20:48:28,438 - INFO - Исходная цена: 50,000.00
2025-05-10 20:48:28,438 - INFO - Определено как: Общая цена
2025-05-10 20:48:28,438 - INFO - 
Слишком высокая цена за м² (481,481.48 > 300,000.00):
2025-05-10 20:48:28,438 - INFO - Заголовок: Склад в Казани
2025-05-10 20:48:28,438 - INFO - Адрес: Приволжский район, жилой массив Салмачи, Овражная ул., 2Казань
2025-05-10 20:48:28,438 - INFO - Площадь: 1350.0 м²
2025-05-10 20:48:28,438 - INFO - Исходная цена: 650,000,000.00
2025-05-10 20:48:28,438 - INFO - Определено как: Общая цена
2025-05-10 20:48:28,438 - INFO - 
Слишком высокая цена за м² (442,446.72 > 300,000.00):
2025-05-10 20:48:28,438 - INFO - Заголовок: Свободного назначения, 106.55 м²
2025-05-10 20:48:28,438 - INFO - Адрес: ул. Шаляпина, 26Казань
2025-05-10 20:48:28,438 - INFO - Площадь: 106.55 м²
2025-05-10 20:48:28,446 - INFO - Исходная цена: 47,142,698.00
2025-05-10 20:48:28,446 - INFO - Определено как: Общая цена
2025-05-10 20:48:28,446 - INFO - 
Слишком высокая цена за м² (360,000.00 > 300,000.00):
2025-05-10 20:48:28,446 - INFO - Заголовок: Торговая площадь, 250 м²
2025-05-10 20:48:28,446 - INFO - Адрес: ул. Хади Такташа, 119Казань
2025-05-10 20:48:28,446 - INFO - Площадь: 250.0 м²
2025-05-10 20:48:28,446 - INFO - Исходная цена: 90,000,000.00
2025-05-10 20:48:28,446 - INFO - Определено как: Общая цена
2025-05-10 20:48:28,446 - INFO - 
Слишком высокая цена за м² (382,665.99 > 300,000.00):
2025-05-10 20:48:28,446 - INFO - Заголовок: Торговая площадь, 789.2 м²
2025-05-10 20:48:28,446 - INFO - Адрес: ул. Островского, 31Казань
2025-05-10 20:48:28,446 - INFO - Площадь: 789.2 м²
2025-05-10 20:48:28,446 - INFO - Исходная цена: 302,000,000.00
2025-05-10 20:48:28,446 - INFO - Определено как: Общая цена
2025-05-10 20:48:28,446 - INFO - 
Слишком низкая цена за м² (2,544.53 < 10,000.00):
2025-05-10 20:48:28,446 - INFO - Заголовок: Свободного назначения, 78.6 м²
2025-05-10 20:48:28,455 - INFO - Адрес: ул. Рауиса Гареева, 90к1Казань
2025-05-10 20:48:28,455 - INFO - Площадь: 78.6 м²
2025-05-10 20:48:28,455 - INFO - Исходная цена: 200,000.00
2025-05-10 20:48:28,455 - INFO - Определено как: Общая цена
2025-05-10 20:48:28,455 - INFO - 
Слишком низкая цена за м² (1,250.00 < 10,000.00):
2025-05-10 20:48:28,455 - INFO - Заголовок: Свободного назначения
2025-05-10 20:48:28,455 - INFO - Адрес: Советская ул., 81Бугульма
2025-05-10 20:48:28,455 - INFO - Площадь: 80.0 м²
2025-05-10 20:48:28,455 - INFO - Исходная цена: 100,000.00
2025-05-10 20:48:28,455 - INFO - Определено как: Общая цена
2025-05-10 20:48:28,455 - INFO - 
Слишком низкая цена за м² (2,464.79 < 10,000.00):
2025-05-10 20:48:28,455 - INFO - Заголовок: ЖК Эгоист опен спейс,142 кв м
2025-05-10 20:48:28,462 - INFO - Адрес: ул. Чернышевского, 33Казань
2025-05-10 20:48:28,462 - INFO - Площадь: 142.0 м²
2025-05-10 20:48:28,462 - INFO - Исходная цена: 350,000.00
2025-05-10 20:48:28,462 - INFO - Определено как: Общая цена
2025-05-10 20:48:28,462 - INFO - 
Слишком низкая цена за м² (863.38 < 10,000.00):
2025-05-10 20:48:28,462 - INFO - Заголовок: Свободного назначения, 196.9 м²
2025-05-10 20:48:28,462 - INFO - Адрес: пр-т Сююмбике, 40/1блок11Набережные Челны
2025-05-10 20:48:28,462 - INFO - Площадь: 196.9 м²
2025-05-10 20:48:28,462 - INFO - Исходная цена: 170,000.00
2025-05-10 20:48:28,462 - INFO - Определено как: Общая цена
2025-05-10 20:48:28,462 - INFO - 
Слишком низкая цена за м² (7,750.00 < 10,000.00):
2025-05-10 20:48:28,462 - INFO - Заголовок: Склад
2025-05-10 20:48:28,462 - INFO - Адрес: Интернациональная ул., 13Елабуга
2025-05-10 20:48:28,462 - INFO - Площадь: 800.0 м²
2025-05-10 20:48:28,470 - INFO - Исходная цена: 6,200,000.00
2025-05-10 20:48:28,470 - INFO - Определено как: Общая цена
2025-05-10 20:48:28,470 - INFO - 
Слишком низкая цена за м² (2,848.42 < 10,000.00):
2025-05-10 20:48:28,470 - INFO - Заголовок: Торговая площадь, 98.3 м²
2025-05-10 20:48:28,470 - INFO - Адрес: ул. Братьев Батталовых, 20Ак2Казань
2025-05-10 20:48:28,470 - INFO - Площадь: 98.3 м²
2025-05-10 20:48:28,470 - INFO - Исходная цена: 280,000.00
2025-05-10 20:48:28,470 - INFO - Определено как: Общая цена
2025-05-10 20:48:28,470 - INFO - 
Слишком высокая цена за м² (400,000.00 > 300,000.00):
2025-05-10 20:48:28,470 - INFO - Заголовок: Готовый арендный бизнес, Проверенный арендатор
2025-05-10 20:48:28,470 - INFO - Адрес: пр-т Ибрагимова, 32АКазань
2025-05-10 20:48:28,478 - INFO - Площадь: 10.0 м²
2025-05-10 20:48:28,478 - INFO - Исходная цена: 4,000,000.00
2025-05-10 20:48:28,478 - INFO - Определено как: Общая цена
2025-05-10 20:48:28,478 - INFO - 
Слишком низкая цена за м² (2,762.43 < 10,000.00):
2025-05-10 20:48:28,478 - INFO - Заголовок: Склад с земельным участком в собственности 2896 м²
2025-05-10 20:48:28,478 - INFO - Адрес: Промышленная ул., 1Ак2Лениногорск
2025-05-10 20:48:28,478 - INFO - Площадь: 2896.0 м²
2025-05-10 20:48:28,478 - INFO - Исходная цена: 8,000,000.00
2025-05-10 20:48:28,478 - INFO - Определено как: Общая цена
2025-05-10 20:48:28,486 - INFO - 
Слишком высокая цена за м² (346,420.32 > 300,000.00):
2025-05-10 20:48:28,486 - INFO - Заголовок: Габ, помещение с арендаторами, Максимова,31
2025-05-10 20:48:28,486 - INFO - Адрес: ул. Максимова, 31Казань
2025-05-10 20:48:28,486 - INFO - Площадь: 173.2 м²
2025-05-10 20:48:28,486 - INFO - Исходная цена: 60,000,000.00
2025-05-10 20:48:28,486 - INFO - Определено как: Общая цена
2025-05-10 20:48:28,486 - INFO - 
Слишком высокая цена за м² (600,000.00 > 300,000.00):
2025-05-10 20:48:28,486 - INFO - Заголовок: Первый этаж. Первая линия. Центр Казани
2025-05-10 20:48:28,486 - INFO - Адрес: Петербургская ул., 37Казань
2025-05-10 20:48:28,486 - INFO - Площадь: 486.4 м²
2025-05-10 20:48:28,486 - INFO - Исходная цена: 291,840,000.00
2025-05-10 20:48:28,486 - INFO - Определено как: Общая цена
2025-05-10 20:48:28,486 - INFO - 
Слишком низкая цена за м² (3,289.47 < 10,000.00):
2025-05-10 20:48:28,486 - INFO - Заголовок: Габ, помещение с арендатором, Декабристов,205
2025-05-10 20:48:28,494 - INFO - Адрес: ул. Декабристов, 205Казань
2025-05-10 20:48:28,494 - INFO - Площадь: 91.2 м²
2025-05-10 20:48:28,494 - INFO - Исходная цена: 300,000.00
2025-05-10 20:48:28,494 - INFO - Определено как: Общая цена
2025-05-10 20:48:28,494 - INFO - 
Слишком высокая цена за м² (344,279.66 > 300,000.00):
2025-05-10 20:48:28,494 - INFO - Заголовок: Габ, помещение с арендатором, Татарстан,7
2025-05-10 20:48:28,494 - INFO - Адрес: Вахитовский район, ул. Татарстан, 7Казань
2025-05-10 20:48:28,494 - INFO - Площадь: 377.6 м²
2025-05-10 20:48:28,494 - INFO - Исходная цена: 130,000,000.00
2025-05-10 20:48:28,494 - INFO - Определено как: Общая цена
2025-05-10 20:48:28,494 - INFO - 
Слишком высокая цена за м² (2,500,000,000.00 > 300,000.00):
2025-05-10 20:48:28,494 - INFO - Заголовок: Склад 19000 кв.м., 6 Га
2025-05-10 20:48:28,494 - INFO - Адрес: Тэцевская ул., 1к7Казань
2025-05-10 20:48:28,494 - INFO - Площадь: 19000.0 м²
2025-05-10 20:48:28,502 - INFO - Исходная цена: 2,500,000,000.00
2025-05-10 20:48:28,502 - INFO - Определено как: Цена за м²
2025-05-10 20:48:28,502 - INFO - 
Слишком низкая цена за м² (423.51 < 10,000.00):
2025-05-10 20:48:28,502 - INFO - Заголовок: Торговое помещения Первая линия отличный арендный
2025-05-10 20:48:28,502 - INFO - Адрес: 1-я Азинская ул., 49Казань
2025-05-10 20:48:28,502 - INFO - Площадь: 448.0 м²
2025-05-10 20:48:28,502 - INFO - Исходная цена: 189,733.00
2025-05-10 20:48:28,502 - INFO - Определено как: Общая цена
2025-05-10 20:48:28,502 - INFO - 
Слишком высокая цена за м² (336,956.52 > 300,000.00):
2025-05-10 20:48:28,502 - INFO - Заголовок: Торговая площадь, 46 м²
2025-05-10 20:48:28,510 - INFO - Адрес: Спартаковская ул., 2к1Казань
2025-05-10 20:48:28,510 - INFO - Площадь: 46.0 м²
2025-05-10 20:48:28,510 - INFO - Исходная цена: 15,500,000.00
2025-05-10 20:48:28,510 - INFO - Определено как: Общая цена
2025-05-10 20:48:28,510 - INFO - 
Слишком высокая цена за м² (370,141.89 > 300,000.00):
2025-05-10 20:48:28,510 - INFO - Заголовок: Продается помещение с арендаторами на Фучика д.72
2025-05-10 20:48:28,510 - INFO - Адрес: ул. Юлиуса Фучика, 72Казань
2025-05-10 20:48:28,510 - INFO - Площадь: 324.2 м²
2025-05-10 20:48:28,510 - INFO - Исходная цена: 120,000,000.00
2025-05-10 20:48:28,518 - INFO - Определено как: Общая цена
2025-05-10 20:48:28,518 - INFO - 
Слишком низкая цена за м² (7,485.03 < 10,000.00):
2025-05-10 20:48:28,518 - INFO - Заголовок: Склад
2025-05-10 20:48:28,518 - INFO - Адрес: Магистральная ул., 79Набережные Челны
2025-05-10 20:48:28,518 - INFO - Площадь: 50.1 м²
2025-05-10 20:48:28,518 - INFO - Исходная цена: 375,000.00
2025-05-10 20:48:28,518 - INFO - Определено как: Общая цена
2025-05-10 20:48:28,526 - INFO - 
Слишком высокая цена за м² (6,850,000.00 > 300,000.00):
2025-05-10 20:48:28,526 - INFO - Заголовок: Магазин 44,5 кв.м. с отдельной входной группой
2025-05-10 20:48:28,526 - INFO - Адрес: ул. Сююмбике, 60Нижнекамск
2025-05-10 20:48:28,526 - INFO - Площадь: 44.5 м²
2025-05-10 20:48:28,526 - INFO - Исходная цена: 6,850,000.00
2025-05-10 20:48:28,526 - INFO - Определено как: Цена за м²
2025-05-10 20:48:28,526 - INFO - 
Слишком высокая цена за м² (705,882.35 > 300,000.00):
2025-05-10 20:48:28,526 - INFO - Заголовок: Помещение премиум-класса 85 м² - 1 этаж, 1 линия
2025-05-10 20:48:28,526 - INFO - Адрес: ул. Николая Ершова, 34/1Казань
2025-05-10 20:48:28,534 - INFO - Площадь: 85.0 м²
2025-05-10 20:48:28,534 - INFO - Исходная цена: 60,000,000.00
2025-05-10 20:48:28,534 - INFO - Определено как: Общая цена
2025-05-10 20:48:28,534 - INFO - 
Слишком низкая цена за м² (760.94 < 10,000.00):
2025-05-10 20:48:28,534 - INFO - Заголовок: Склад, 157.7 м²
2025-05-10 20:48:28,534 - INFO - Адрес: ул. Алафузова, 3Казань
2025-05-10 20:48:28,534 - INFO - Площадь: 157.7 м²
2025-05-10 20:48:28,534 - INFO - Исходная цена: 120,000.00
2025-05-10 20:48:28,534 - INFO - Определено как: Общая цена
2025-05-10 20:48:28,534 - INFO - 
Слишком низкая цена за м² (7,500.00 < 10,000.00):
2025-05-10 20:48:28,542 - INFO - Заголовок: Здание торговый центр цум магазин 1100м
2025-05-10 20:48:28,542 - INFO - Адрес: Кооперативная ул., 7пгт. Камское Устье
2025-05-10 20:48:28,542 - INFO - Площадь: 1000.0 м²
2025-05-10 20:48:28,542 - INFO - Исходная цена: 7,500,000.00
2025-05-10 20:48:28,542 - INFO - Определено как: Общая цена
2025-05-10 20:48:28,542 - INFO - 
Слишком высокая цена за м² (477,064.17 > 300,000.00):
2025-05-10 20:48:28,542 - INFO - Заголовок: Свободного назначения
2025-05-10 20:48:28,542 - INFO - Адрес: Кремлёвская ул., 2А/4Казань
2025-05-10 20:48:28,542 - INFO - Площадь: 54.5 м²
2025-05-10 20:48:28,542 - INFO - Исходная цена: 25,999,997.00
2025-05-10 20:48:28,542 - INFO - Определено как: Общая цена
2025-05-10 20:48:28,542 - INFO - 
Слишком низкая цена за м² (7.39 < 10,000.00):
2025-05-10 20:48:28,542 - INFO - Заголовок: Продаю помещение с арендатором
2025-05-10 20:48:28,542 - INFO - Адрес: 35-й комплекс, 9/2Набережные Челны
2025-05-10 20:48:28,542 - INFO - Площадь: 135.3 м²
2025-05-10 20:48:28,542 - INFO - Исходная цена: 1,000.00
2025-05-10 20:48:28,542 - INFO - Определено как: Общая цена
2025-05-10 20:48:28,550 - INFO - 
Слишком низкая цена за м² (1,400.00 < 10,000.00):
2025-05-10 20:48:28,550 - INFO - Заголовок: Свободного назначения
2025-05-10 20:48:28,550 - INFO - Адрес: ул. Победы, 9пос. Луч
2025-05-10 20:48:28,550 - INFO - Площадь: 5000.0 м²
2025-05-10 20:48:28,550 - INFO - Исходная цена: 7,000,000.00
2025-05-10 20:48:28,550 - INFO - Определено как: Общая цена
2025-05-10 20:48:28,550 - INFO - 
Слишком низкая цена за м² (3,461.54 < 10,000.00):
2025-05-10 20:48:28,550 - INFO - Заголовок: Здание
2025-05-10 20:48:28,550 - INFO - Адрес: Заводская ул., 21Заинск
2025-05-10 20:48:28,550 - INFO - Площадь: 1300.0 м²
2025-05-10 20:48:28,550 - INFO - Исходная цена: 4,500,000.00
2025-05-10 20:48:28,550 - INFO - Определено как: Общая цена
2025-05-10 20:48:28,558 - INFO - 
Слишком низкая цена за м² (5,554.41 < 10,000.00):
2025-05-10 20:48:28,558 - INFO - Заголовок: Торговая площадь 48.61кв.м
2025-05-10 20:48:28,558 - INFO - Адрес: ул. Рауиса Гареева, 103Казань
2025-05-10 20:48:28,558 - INFO - Площадь: 48.61 м²
2025-05-10 20:48:28,558 - INFO - Исходная цена: 270,000.00
2025-05-10 20:48:28,558 - INFO - Определено как: Общая цена
2025-05-10 20:48:28,558 - INFO - 
Слишком высокая цена за м² (324,000.00 > 300,000.00):
2025-05-10 20:48:28,558 - INFO - Заголовок: Торговая площадь, 40.92 м²
2025-05-10 20:48:28,558 - INFO - Адрес: ул. Баки Урманче, 10Казань
2025-05-10 20:48:28,558 - INFO - Площадь: 40.92 м²
2025-05-10 20:48:28,558 - INFO - Исходная цена: 13,258,080.00
2025-05-10 20:48:28,558 - INFO - Определено как: Общая цена
2025-05-10 20:48:28,558 - INFO - 
Слишком низкая цена за м² (500.00 < 10,000.00):
2025-05-10 20:48:28,558 - INFO - Заголовок: Свободного назначения, 88.7 м²
2025-05-10 20:48:28,558 - INFO - Адрес: ул. Петра Чайковского, 12АБугульма
2025-05-10 20:48:28,566 - INFO - Площадь: 88.7 м²
2025-05-10 20:48:28,566 - INFO - Исходная цена: 500.00
2025-05-10 20:48:28,566 - INFO - Определено как: Цена за м²
2025-05-10 20:48:28,566 - INFO - 
Слишком низкая цена за м² (8,870.97 < 10,000.00):
2025-05-10 20:48:28,566 - INFO - Заголовок: Теплый склад 1200м2 и земля 62 сотки до М7 3км
2025-05-10 20:48:28,566 - INFO - Адрес: Авиастроительный район, жилой массив Кадышево, Почтовая ул., 43ВКазань
2025-05-10 20:48:28,566 - INFO - Площадь: 6200.0 м²
2025-05-10 20:48:28,566 - INFO - Исходная цена: 55,000,000.00
2025-05-10 20:48:28,566 - INFO - Определено как: Общая цена
2025-05-10 20:48:28,574 - INFO - 
Слишком низкая цена за м² (858.02 < 10,000.00):
2025-05-10 20:48:28,574 - INFO - Заголовок: Габ ритейл торговая площадь, 324 м² с НДС
2025-05-10 20:48:28,574 - INFO - Адрес: жилой комплекс Дома у Сада, 2к1с. Усады
2025-05-10 20:48:28,574 - INFO - Площадь: 324.0 м²
2025-05-10 20:48:28,574 - INFO - Исходная цена: 278,000.00
2025-05-10 20:48:28,574 - INFO - Определено как: Общая цена
2025-05-10 20:48:28,574 - INFO - 
Слишком низкая цена за м² (3,199.39 < 10,000.00):
2025-05-10 20:48:28,574 - INFO - Заголовок: ЖК Станция спортивная коммерция 78.14
2025-05-10 20:48:28,574 - INFO - Адрес: Приволжский район, жилой комплекс Станция Спортивная, 2.2Казань
2025-05-10 20:48:28,574 - INFO - Площадь: 78.14 м²
2025-05-10 20:48:28,574 - INFO - Исходная цена: 250,000.00
2025-05-10 20:48:28,574 - INFO - Определено как: Общая цена
2025-05-10 20:48:28,574 - INFO - 
Слишком низкая цена за м² (5,514.71 < 10,000.00):
2025-05-10 20:48:28,574 - INFO - Заголовок: Здание склада 272 кв.м
2025-05-10 20:48:28,574 - INFO - Адрес: Заводская ул., 44с. Камский Леспромхоз
2025-05-10 20:48:28,574 - INFO - Площадь: 272.0 м²
2025-05-10 20:48:28,574 - INFO - Исходная цена: 1,500,000.00
2025-05-10 20:48:28,574 - INFO - Определено как: Общая цена
2025-05-10 20:48:28,583 - INFO - 
Слишком низкая цена за м² (3,263.28 < 10,000.00):
2025-05-10 20:48:28,583 - INFO - Заголовок: Торговая площадь, 76.61 м²
2025-05-10 20:48:28,583 - INFO - Адрес: ул. Рауиса Гареева, 105Казань
2025-05-10 20:48:28,583 - INFO - Площадь: 76.61 м²
2025-05-10 20:48:28,583 - INFO - Исходная цена: 250,000.00
2025-05-10 20:48:28,583 - INFO - Определено как: Общая цена
2025-05-10 20:48:28,583 - INFO - 
Слишком низкая цена за м² (4,567.88 < 10,000.00):
2025-05-10 20:48:28,583 - INFO - Заголовок: Свободного назначения, 109.46 м²
2025-05-10 20:48:28,583 - INFO - Адрес: ул. Патриса Лумумбы, 44Казань
2025-05-10 20:48:28,583 - INFO - Площадь: 109.46 м²
2025-05-10 20:48:28,583 - INFO - Исходная цена: 500,000.00
2025-05-10 20:48:28,583 - INFO - Определено как: Общая цена
2025-05-10 20:48:28,591 - INFO - 
Слишком высокая цена за м² (452,793.83 > 300,000.00):
2025-05-10 20:48:28,591 - INFO - Заголовок: Продается помещение на Пушкина 58, 207.6 м²
2025-05-10 20:48:28,591 - INFO - Адрес: ул. Пушкина, 58Казань
2025-05-10 20:48:28,591 - INFO - Площадь: 207.6 м²
2025-05-10 20:48:28,591 - INFO - Исходная цена: 94,000,000.00
2025-05-10 20:48:28,591 - INFO - Определено как: Общая цена
2025-05-10 20:48:28,591 - INFO - 
Слишком низкая цена за м² (235.99 < 10,000.00):
2025-05-10 20:48:28,591 - INFO - Заголовок: Свободного назначения, 678 м²
2025-05-10 20:48:28,591 - INFO - Адрес: ул. Шамиля Усманова, 5БНабережные Челны
2025-05-10 20:48:28,591 - INFO - Площадь: 678.0 м²
2025-05-10 20:48:28,591 - INFO - Исходная цена: 160,000.00
2025-05-10 20:48:28,591 - INFO - Определено как: Общая цена
2025-05-10 20:48:28,591 - INFO - 
Слишком низкая цена за м² (3,313.09 < 10,000.00):
2025-05-10 20:48:28,591 - INFO - Заголовок: Свободного назначения, 162.99 м²
2025-05-10 20:48:28,591 - INFO - Адрес: ул. Гаяза Исхаки, 1Казань
2025-05-10 20:48:28,591 - INFO - Площадь: 162.99 м²
2025-05-10 20:48:28,591 - INFO - Исходная цена: 540,000.00
2025-05-10 20:48:28,599 - INFO - Определено как: Общая цена
2025-05-10 20:48:28,599 - INFO - 
Слишком низкая цена за м² (4,118.68 < 10,000.00):
2025-05-10 20:48:28,599 - INFO - Заголовок: Торговая площадь, 131.11 м²
2025-05-10 20:48:28,599 - INFO - Адрес: ул. Гаяза Исхаки, 1Казань
2025-05-10 20:48:28,599 - INFO - Площадь: 131.11 м²
2025-05-10 20:48:28,599 - INFO - Исходная цена: 540,000.00
2025-05-10 20:48:28,599 - INFO - Определено как: Общая цена
2025-05-10 20:48:28,599 - INFO - 
Слишком низкая цена за м² (6,264.57 < 10,000.00):
2025-05-10 20:48:28,599 - INFO - Заголовок: Склад, 3990.7 м²
2025-05-10 20:48:28,599 - INFO - Адрес: Трудовая ул., 1Вс. Поспелово
2025-05-10 20:48:28,599 - INFO - Площадь: 3990.7 м²
2025-05-10 20:48:28,599 - INFO - Исходная цена: 25,000,000.00
2025-05-10 20:48:28,599 - INFO - Определено как: Общая цена
2025-05-10 20:48:28,599 - INFO - 
Слишком высокая цена за м² (446,009.39 > 300,000.00):
2025-05-10 20:48:28,599 - INFO - Заголовок: Продается помещение арендатором на Зорге 101, 42,6
2025-05-10 20:48:28,607 - INFO - Адрес: ул. Рихарда Зорге, 101Казань
2025-05-10 20:48:28,607 - INFO - Площадь: 42.6 м²
2025-05-10 20:48:28,607 - INFO - Исходная цена: 19,000,000.00
2025-05-10 20:48:28,607 - INFO - Определено как: Общая цена
2025-05-10 20:48:28,607 - INFO - 
Слишком высокая цена за м² (433,465.06 > 300,000.00):
2025-05-10 20:48:28,607 - INFO - Заголовок: Свободного назначения, 170 м²
2025-05-10 20:48:28,607 - INFO - Адрес: ул. Шаляпина, 26Казань
2025-05-10 20:48:28,607 - INFO - Площадь: 170.0 м²
2025-05-10 20:48:28,607 - INFO - Исходная цена: 73,689,061.00
2025-05-10 20:48:28,607 - INFO - Определено как: Общая цена
2025-05-10 20:48:28,607 - INFO - 
Слишком низкая цена за м² (2,000.00 < 10,000.00):
2025-05-10 20:48:28,607 - INFO - Заголовок: Свободного назначения, 150 м²
2025-05-10 20:48:28,607 - INFO - Адрес: пр-т Сююмбике, 34Набережные Челны
2025-05-10 20:48:28,607 - INFO - Площадь: 150.0 м²
2025-05-10 20:48:28,607 - INFO - Исходная цена: 300,000.00
2025-05-10 20:48:28,607 - INFO - Определено как: Общая цена
2025-05-10 20:48:28,615 - INFO - 
Слишком высокая цена за м² (315,217.39 > 300,000.00):
2025-05-10 20:48:28,615 - INFO - Заголовок: Свободного назначения габ, 46 м²
2025-05-10 20:48:28,615 - INFO - Адрес: ул. Лукина, 48ИКазань
2025-05-10 20:48:28,615 - INFO - Площадь: 46.0 м²
2025-05-10 20:48:28,615 - INFO - Исходная цена: 14,500,000.00
2025-05-10 20:48:28,615 - INFO - Определено как: Общая цена
2025-05-10 20:48:28,615 - INFO - 
Слишком высокая цена за м² (345,022.62 > 300,000.00):
2025-05-10 20:48:28,615 - INFO - Заголовок: Торговая площадь, 88.4 м²
2025-05-10 20:48:28,615 - INFO - Адрес: ул. Азата Аббасова, 10Казань
2025-05-10 20:48:28,615 - INFO - Площадь: 88.4 м²
2025-05-10 20:48:28,615 - INFO - Исходная цена: 30,500,000.00
2025-05-10 20:48:28,615 - INFO - Определено как: Общая цена
2025-05-10 20:48:28,615 - INFO - 
Слишком низкая цена за м² (3,045.69 < 10,000.00):
2025-05-10 20:48:28,615 - INFO - Заголовок: Свободного назначения, 1280.5 м²
2025-05-10 20:48:28,615 - INFO - Адрес: Заречная ул., 7с. Гулькино
2025-05-10 20:48:28,615 - INFO - Площадь: 1280.5 м²
2025-05-10 20:48:28,623 - INFO - Исходная цена: 3,900,000.00
2025-05-10 20:48:28,623 - INFO - Определено как: Общая цена
2025-05-10 20:48:28,623 - INFO - 
Слишком низкая цена за м² (7,017.54 < 10,000.00):
2025-05-10 20:48:28,623 - INFO - Заголовок: Продаются помещения
2025-05-10 20:48:28,623 - INFO - Адрес: Улица Ленина, 36с. Мусабай-Завод
2025-05-10 20:48:28,623 - INFO - Площадь: 85.5 м²
2025-05-10 20:48:28,623 - INFO - Исходная цена: 600,000.00
2025-05-10 20:48:28,623 - INFO - Определено как: Общая цена
2025-05-10 20:48:28,623 - INFO - 
Слишком низкая цена за м² (1,315.56 < 10,000.00):
2025-05-10 20:48:28,623 - INFO - Заголовок: Продаю помещение 112,5 м2
2025-05-10 20:48:28,623 - INFO - Адрес: ул. Лукина, 48ЖКазань
2025-05-10 20:48:28,623 - INFO - Площадь: 112.5 м²
2025-05-10 20:48:28,623 - INFO - Исходная цена: 148,000.00
2025-05-10 20:48:28,631 - INFO - Определено как: Общая цена
2025-05-10 20:48:28,631 - INFO - 
Слишком низкая цена за м² (1,830.40 < 10,000.00):
2025-05-10 20:48:28,631 - INFO - Заголовок: Торговая площадь, 125 м²
2025-05-10 20:48:28,631 - INFO - Адрес: ул. Лукина, 48ЖКазань
2025-05-10 20:48:28,631 - INFO - Площадь: 125.0 м²
2025-05-10 20:48:28,631 - INFO - Исходная цена: 228,800.00
2025-05-10 20:48:28,631 - INFO - Определено как: Общая цена
2025-05-10 20:48:28,631 - INFO - 
Слишком высокая цена за м² (438,000.00 > 300,000.00):
2025-05-10 20:48:28,631 - INFO - Заголовок: Торговая площадь, 120.25 м²
2025-05-10 20:48:28,639 - INFO - Адрес: Советский район, жилой комплекс Светлая Долина, 1Казань
2025-05-10 20:48:28,639 - INFO - Площадь: 120.25 м²
2025-05-10 20:48:28,639 - INFO - Исходная цена: 52,669,500.00
2025-05-10 20:48:28,639 - INFO - Определено как: Общая цена
2025-05-10 20:48:28,639 - INFO - 
Слишком высокая цена за м² (528,000.00 > 300,000.00):
2025-05-10 20:48:28,639 - INFO - Заголовок: Готовый бизнес со Зданием трансформаторной подстан
2025-05-10 20:48:28,639 - INFO - Адрес: ул. Парижской Коммуны, 25/39Казань
2025-05-10 20:48:28,639 - INFO - Площадь: 100.0 м²
2025-05-10 20:48:28,639 - INFO - Исходная цена: 52,800,000.00
2025-05-10 20:48:28,639 - INFO - Определено как: Общая цена
2025-05-10 20:48:28,639 - INFO - 
Слишком низкая цена за м² (1,335.57 < 10,000.00):
2025-05-10 20:48:28,639 - INFO - Заголовок: Торговая площадь, 298 м²
2025-05-10 20:48:28,639 - INFO - Адрес: Советский район, жилой комплекс Светлая Долина, 1Казань
2025-05-10 20:48:28,639 - INFO - Площадь: 298.0 м²
2025-05-10 20:48:28,639 - INFO - Исходная цена: 398,000.00
2025-05-10 20:48:28,639 - INFO - Определено как: Общая цена
2025-05-10 20:48:28,639 - INFO - 
Слишком низкая цена за м² (432.33 < 10,000.00):
2025-05-10 20:48:28,647 - INFO - Заголовок: Свободного назначения, 532 м²
2025-05-10 20:48:28,647 - INFO - Адрес: жилой комплекс Новый Свет, УБ-5Казань
2025-05-10 20:48:28,647 - INFO - Площадь: 532.0 м²
2025-05-10 20:48:28,647 - INFO - Исходная цена: 230,000.00
2025-05-10 20:48:28,647 - INFO - Определено как: Общая цена
2025-05-10 20:48:28,647 - INFO - 
Слишком низкая цена за м² (743.33 < 10,000.00):
2025-05-10 20:48:28,647 - INFO - Заголовок: Торговая площадь, 309.42 м²
2025-05-10 20:48:28,647 - INFO - Адрес: жилой комплекс Новый Свет, УБ-1Казань
2025-05-10 20:48:28,647 - INFO - Площадь: 309.42 м²
2025-05-10 20:48:28,647 - INFO - Исходная цена: 230,000.00
2025-05-10 20:48:28,647 - INFO - Определено как: Общая цена
2025-05-10 20:48:28,647 - INFO - 
Слишком низкая цена за м² (7,668.71 < 10,000.00):
2025-05-10 20:48:28,647 - INFO - Заголовок: Склад, 1304 м²
2025-05-10 20:48:28,647 - INFO - Адрес: ул. ЖивотноводовЗаинск
2025-05-10 20:48:28,647 - INFO - Площадь: 1304.0 м²
2025-05-10 20:48:28,655 - INFO - Исходная цена: 10,000,000.00
2025-05-10 20:48:28,655 - INFO - Определено как: Общая цена
2025-05-10 20:48:28,655 - INFO - 
Слишком низкая цена за м² (577.43 < 10,000.00):
2025-05-10 20:48:28,655 - INFO - Заголовок: Готовый арендный бизнес, "Пятерочка", 381 м²
2025-05-10 20:48:28,655 - INFO - Адрес: ул. Сабира Ахтямова, 1к2Казань
2025-05-10 20:48:28,655 - INFO - Площадь: 381.0 м²
2025-05-10 20:48:28,655 - INFO - Исходная цена: 220,000.00
2025-05-10 20:48:28,655 - INFO - Определено как: Общая цена
2025-05-10 20:48:28,655 - INFO - 
Слишком низкая цена за м² (7,031.85 < 10,000.00):
2025-05-10 20:48:28,655 - INFO - Заголовок: Свободного назначения, 142.21 м²
2025-05-10 20:48:28,655 - INFO - Адрес: ул. АйвазовскогоКазань
2025-05-10 20:48:28,655 - INFO - Площадь: 142.21 м²
2025-05-10 20:48:28,655 - INFO - Исходная цена: 1,000,000.00
2025-05-10 20:48:28,655 - INFO - Определено как: Общая цена
2025-05-10 20:48:28,663 - INFO - 
Слишком низкая цена за м² (4,733.01 < 10,000.00):
2025-05-10 20:48:28,663 - INFO - Заголовок: Торговая площадь, 41.2 м²
2025-05-10 20:48:28,663 - INFO - Адрес: Советская ул., 56с. Николашкино
2025-05-10 20:48:28,663 - INFO - Площадь: 41.2 м²
2025-05-10 20:48:28,663 - INFO - Исходная цена: 195,000.00
2025-05-10 20:48:28,663 - INFO - Определено как: Общая цена
2025-05-10 20:48:28,663 - INFO - 
Слишком высокая цена за м² (21,000,000.00 > 300,000.00):
2025-05-10 20:48:28,663 - INFO - Заголовок: Торговая площадь 676,7 кв.м. с земельным участком
2025-05-10 20:48:28,663 - INFO - Адрес: ул. Татарстана, 25пгт. Актюбинский
2025-05-10 20:48:28,663 - INFO - Площадь: 676.7 м²
2025-05-10 20:48:28,663 - INFO - Исходная цена: 21,000,000.00
2025-05-10 20:48:28,663 - INFO - Определено как: Цена за м²
2025-05-10 20:48:28,671 - INFO - 
Слишком низкая цена за м² (1,965.52 < 10,000.00):
2025-05-10 20:48:28,672 - INFO - Заголовок: База, 2900 м²
2025-05-10 20:48:28,672 - INFO - Адрес: ул. 200 лет Тетюшам, 14Тетюши
2025-05-10 20:48:28,672 - INFO - Площадь: 2900.0 м²
2025-05-10 20:48:28,672 - INFO - Исходная цена: 5,700,000.00
2025-05-10 20:48:28,672 - INFO - Определено как: Общая цена
2025-05-10 20:48:28,672 - INFO - 
Слишком высокая цена за м² (303,763.44 > 300,000.00):
2025-05-10 20:48:28,672 - INFO - Заголовок: Офис, 37.2 м²
2025-05-10 20:48:28,672 - INFO - Адрес: ул. Фикрята Табеева, 3Казань
2025-05-10 20:48:28,672 - INFO - Площадь: 37.2 м²
2025-05-10 20:48:28,672 - INFO - Исходная цена: 11,300,000.00
2025-05-10 20:48:28,672 - INFO - Определено как: Общая цена
2025-05-10 20:48:28,672 - INFO - 
Слишком высокая цена за м² (137,700,000.00 > 300,000.00):
2025-05-10 20:48:28,672 - INFO - Заголовок: Помещение Мира 63б, 1800 кв.м. Центр города
2025-05-10 20:48:28,672 - INFO - Адрес: пр-т Мира, 63БНижнекамск
2025-05-10 20:48:28,680 - INFO - Площадь: 1800.0 м²
2025-05-10 20:48:28,680 - INFO - Исходная цена: 137,700,000.00
2025-05-10 20:48:28,680 - INFO - Определено как: Цена за м²
2025-05-10 20:48:28,680 - INFO - 
Слишком низкая цена за м² (2,857.14 < 10,000.00):
2025-05-10 20:48:28,680 - INFO - Заголовок: Склад, 700 м²
2025-05-10 20:48:28,680 - INFO - Адрес: Центральная ул., 13с. Куралово
2025-05-10 20:48:28,680 - INFO - Площадь: 700.0 м²
2025-05-10 20:48:28,680 - INFO - Исходная цена: 2,000,000.00
2025-05-10 20:48:28,680 - INFO - Определено как: Общая цена
2025-05-10 20:48:28,680 - INFO - 
Слишком низкая цена за м² (15.17 < 10,000.00):
2025-05-10 20:48:28,680 - INFO - Заголовок: Здание, ТЦ Рамус, 5004.2 м², готовый бизнес
2025-05-10 20:48:28,680 - INFO - Адрес: пр-т Химиков, 49Нижнекамск
2025-05-10 20:48:28,680 - INFO - Площадь: 5004.2 м²
2025-05-10 20:48:28,680 - INFO - Исходная цена: 75,936.00
2025-05-10 20:48:28,680 - INFO - Определено как: Общая цена
2025-05-10 20:48:28,688 - INFO - 
Слишком высокая цена за м² (467,040.18 > 300,000.00):
2025-05-10 20:48:28,688 - INFO - Заголовок: Свободного назначения, 112 м²
2025-05-10 20:48:28,688 - INFO - Адрес: Советский район, жилой комплекс Светлая Долина, 1Казань
2025-05-10 20:48:28,688 - INFO - Площадь: 112.0 м²
2025-05-10 20:48:28,688 - INFO - Исходная цена: 52,308,500.00
2025-05-10 20:48:28,688 - INFO - Определено как: Общая цена
2025-05-10 20:48:28,688 - INFO - 
Слишком низкая цена за м² (3,097.65 < 10,000.00):
2025-05-10 20:48:28,688 - INFO - Заголовок: Свободного назначения, 127.4 м² с НДС
2025-05-10 20:48:28,688 - INFO - Адрес: Советский район, жилой комплекс Светлая Долина, 4Казань
2025-05-10 20:48:28,688 - INFO - Площадь: 127.4 м²
2025-05-10 20:48:28,688 - INFO - Исходная цена: 394,640.00
2025-05-10 20:48:28,688 - INFO - Определено как: Общая цена
2025-05-10 20:48:28,688 - INFO - 
Слишком низкая цена за м² (9,121.94 < 10,000.00):
2025-05-10 20:48:28,688 - INFO - Заголовок: Склад, 1699.2 м²
2025-05-10 20:48:28,688 - INFO - Адрес: Вокзальная ул., 1Заинск
2025-05-10 20:48:28,688 - INFO - Площадь: 1699.2 м²
2025-05-10 20:48:28,688 - INFO - Исходная цена: 15,500,000.00
2025-05-10 20:48:28,688 - INFO - Определено как: Общая цена
2025-05-10 20:48:28,696 - INFO - 
Слишком низкая цена за м² (4,500.00 < 10,000.00):
2025-05-10 20:48:28,696 - INFO - Заголовок: Свободного назначения, от 40-200м²
2025-05-10 20:48:28,696 - INFO - Адрес: пр-т Мира, 84БНижнекамск
2025-05-10 20:48:28,696 - INFO - Площадь: 40.0 м²
2025-05-10 20:48:28,696 - INFO - Исходная цена: 180,000.00
2025-05-10 20:48:28,696 - INFO - Определено как: Общая цена
2025-05-10 20:48:28,696 - INFO - 
Слишком низкая цена за м² (4,678.36 < 10,000.00):
2025-05-10 20:48:28,696 - INFO - Заголовок: Готовый арендный бизнес, от 68.4 м² до 149,6
2025-05-10 20:48:28,696 - INFO - Адрес: ул. Баки Урманче, 4к4Казань
2025-05-10 20:48:28,696 - INFO - Площадь: 68.4 м²
2025-05-10 20:48:28,696 - INFO - Исходная цена: 320,000.00
2025-05-10 20:48:28,696 - INFO - Определено как: Общая цена
2025-05-10 20:48:28,696 - INFO - 
Слишком высокая цена за м² (415,160.00 > 300,000.00):
2025-05-10 20:48:28,696 - INFO - Заголовок: Свободного назначения, 73.9 м² с НДС
2025-05-10 20:48:28,704 - INFO - Адрес: Советский район, жилой комплекс Светлая Долина, 4Казань
2025-05-10 20:48:28,704 - INFO - Площадь: 73.9 м²
2025-05-10 20:48:28,704 - INFO - Исходная цена: 30,680,324.00
2025-05-10 20:48:28,704 - INFO - Определено как: Общая цена
2025-05-10 20:48:28,704 - INFO - 
Слишком высокая цена за м² (350,318.47 > 300,000.00):
2025-05-10 20:48:28,704 - INFO - Заголовок: Свободного назначения, 157 м²
2025-05-10 20:48:28,704 - INFO - Адрес: пр-т Альберта Камалеева, 34БКазань
2025-05-10 20:48:28,704 - INFO - Площадь: 157.0 м²
2025-05-10 20:48:28,704 - INFO - Исходная цена: 55,000,000.00
2025-05-10 20:48:28,704 - INFO - Определено как: Общая цена
2025-05-10 20:48:28,704 - INFO - 
Слишком низкая цена за м² (7,772.02 < 10,000.00):
2025-05-10 20:48:28,704 - INFO - Заголовок: Свободного назначения, 193 м²
2025-05-10 20:48:28,704 - INFO - Адрес: Садовая ул., 12с. Лекарево
2025-05-10 20:48:28,712 - INFO - Площадь: 193.0 м²
2025-05-10 20:48:28,713 - INFO - Исходная цена: 1,500,000.00
2025-05-10 20:48:28,713 - INFO - Определено как: Общая цена
2025-05-10 20:48:28,713 - INFO - 
Слишком низкая цена за м² (6,717.69 < 10,000.00):
2025-05-10 20:48:28,713 - INFO - Заголовок: Производство, 588 м²
2025-05-10 20:48:28,713 - INFO - Адрес: ул. АгадуллинаЛениногорск
2025-05-10 20:48:28,713 - INFO - Площадь: 588.0 м²
2025-05-10 20:48:28,713 - INFO - Исходная цена: 3,950,000.00
2025-05-10 20:48:28,713 - INFO - Определено как: Общая цена
2025-05-10 20:48:28,713 - INFO - 
Слишком высокая цена за м² (350,023.18 > 300,000.00):
2025-05-10 20:48:28,713 - INFO - Заголовок: Свободного назначения, 215.7 м²
2025-05-10 20:48:28,713 - INFO - Адрес: ул. Нурсултана Назарбаева, 12ВКазань
2025-05-10 20:48:28,713 - INFO - Площадь: 215.7 м²
2025-05-10 20:48:28,713 - INFO - Исходная цена: 75,500,000.00
2025-05-10 20:48:28,713 - INFO - Определено как: Общая цена
2025-05-10 20:48:28,721 - INFO - 
Слишком высокая цена за м² (328,282.83 > 300,000.00):
2025-05-10 20:48:28,721 - INFO - Заголовок: Торговая площадь, 39.6 м²
2025-05-10 20:48:28,721 - INFO - Адрес: ул. Липатова, 5Казань
2025-05-10 20:48:28,721 - INFO - Площадь: 39.6 м²
2025-05-10 20:48:28,721 - INFO - Исходная цена: 13,000,000.00
2025-05-10 20:48:28,721 - INFO - Определено как: Общая цена
2025-05-10 20:48:28,721 - INFO - 
Слишком низкая цена за м² (405.41 < 10,000.00):
2025-05-10 20:48:28,721 - INFO - Заголовок: Свободного назначения, 370 м²
2025-05-10 20:48:28,721 - INFO - Адрес: ул. Гафиатуллина, 48Альметьевск
2025-05-10 20:48:28,721 - INFO - Площадь: 370.0 м²
2025-05-10 20:48:28,721 - INFO - Исходная цена: 150,000.00
2025-05-10 20:48:28,721 - INFO - Определено как: Общая цена
2025-05-10 20:48:28,721 - INFO - 
Слишком низкая цена за м² (324.32 < 10,000.00):
2025-05-10 20:48:28,721 - INFO - Заголовок: Свободного назначения, 370 м²
2025-05-10 20:48:28,729 - INFO - Адрес: ул. Гафиатуллина, 48Альметьевск
2025-05-10 20:48:28,729 - INFO - Площадь: 370.0 м²
2025-05-10 20:48:28,729 - INFO - Исходная цена: 120,000.00
2025-05-10 20:48:28,729 - INFO - Определено как: Общая цена
2025-05-10 20:48:28,729 - INFO - 
Слишком низкая цена за м² (221.45 < 10,000.00):
2025-05-10 20:48:28,729 - INFO - Заголовок: Свободного назначения, 1264.4 м²
2025-05-10 20:48:28,729 - INFO - Адрес: ул. Мидхата Булатова, 1АКазань
2025-05-10 20:48:28,729 - INFO - Площадь: 1264.4 м²
2025-05-10 20:48:28,729 - INFO - Исходная цена: 280,000.00
2025-05-10 20:48:28,729 - INFO - Определено как: Общая цена
2025-05-10 20:48:28,729 - INFO - 
Слишком низкая цена за м² (9,725.42 < 10,000.00):
2025-05-10 20:48:28,729 - INFO - Заголовок: Производственная база с ж\д путями, 30847 м²
2025-05-10 20:48:28,729 - INFO - Адрес: 1-я Красноборская ул., 6Казань
2025-05-10 20:48:28,729 - INFO - Площадь: 30847.0 м²
2025-05-10 20:48:28,737 - INFO - Исходная цена: 300,000,000.00
2025-05-10 20:48:28,737 - INFO - Определено как: Общая цена
2025-05-10 20:48:28,737 - INFO - 
Слишком высокая цена за м² (439,560.44 > 300,000.00):
2025-05-10 20:48:28,737 - INFO - Заголовок: Торговая площадь, 45.5 м²
2025-05-10 20:48:28,737 - INFO - Адрес: ул. Николая Ершова, 27к2Казань
2025-05-10 20:48:28,737 - INFO - Площадь: 45.5 м²
2025-05-10 20:48:28,737 - INFO - Исходная цена: 20,000,000.00
2025-05-10 20:48:28,737 - INFO - Определено как: Общая цена
2025-05-10 20:48:28,737 - INFO - 
Слишком высокая цена за м² (301,204.82 > 300,000.00):
2025-05-10 20:48:28,737 - INFO - Заголовок: Торговая площадь, 83 м²
2025-05-10 20:48:28,737 - INFO - Адрес: пр-т Ямашева, 93Казань
2025-05-10 20:48:28,737 - INFO - Площадь: 83.0 м²
2025-05-10 20:48:28,737 - INFO - Исходная цена: 25,000,000.00
2025-05-10 20:48:28,737 - INFO - Определено как: Общая цена
2025-05-10 20:48:28,745 - INFO - 
Слишком низкая цена за м² (6,986.70 < 10,000.00):
2025-05-10 20:48:28,745 - INFO - Заголовок: Торговая площадь, 887.4 м²
2025-05-10 20:48:28,745 - INFO - Адрес: ул. Альберта Шамкина, 42пгт. Уруссу
2025-05-10 20:48:28,745 - INFO - Площадь: 887.4 м²
2025-05-10 20:48:28,745 - INFO - Исходная цена: 6,200,000.00
2025-05-10 20:48:28,745 - INFO - Определено как: Общая цена
2025-05-10 20:48:28,745 - INFO - 
Слишком низкая цена за м² (645.46 < 10,000.00):
2025-05-10 20:48:28,745 - INFO - Заголовок: Офис на 1 этаже S 216.9 м², с НДС
2025-05-10 20:48:28,745 - INFO - Адрес: ул. Баки Урманче, 9Казань
2025-05-10 20:48:28,745 - INFO - Площадь: 216.9 м²
2025-05-10 20:48:28,745 - INFO - Исходная цена: 140,000.00
2025-05-10 20:48:28,745 - INFO - Определено как: Общая цена
2025-05-10 20:48:28,745 - INFO - 
Слишком низкая цена за м² (6,730.77 < 10,000.00):
2025-05-10 20:48:28,753 - INFO - Заголовок: Торговая площадь, 52 м²
2025-05-10 20:48:28,753 - INFO - Адрес: Красноармейская ул., 19с. Билярск
2025-05-10 20:48:28,753 - INFO - Площадь: 52.0 м²
2025-05-10 20:48:28,753 - INFO - Исходная цена: 350,000.00
2025-05-10 20:48:28,753 - INFO - Определено как: Общая цена
2025-05-10 20:48:28,753 - INFO - 
Слишком низкая цена за м² (3,416.67 < 10,000.00):
2025-05-10 20:48:28,753 - INFO - Заголовок: Свободного назначения, 1200 м²
2025-05-10 20:48:28,753 - INFO - Адрес: Алгинская ул., 1/143Нурлат
2025-05-10 20:48:28,753 - INFO - Площадь: 1200.0 м²
2025-05-10 20:48:28,753 - INFO - Исходная цена: 4,100,000.00
2025-05-10 20:48:28,753 - INFO - Определено как: Общая цена
2025-05-10 20:48:28,753 - INFO - 
Слишком низкая цена за м² (2.78 < 10,000.00):
2025-05-10 20:48:28,753 - INFO - Заголовок: Помещение свободного назначения, 3600 м²
2025-05-10 20:48:28,753 - INFO - Адрес: ул. Багаутдинова, 12Азнакаево
2025-05-10 20:48:28,753 - INFO - Площадь: 3600.0 м²
2025-05-10 20:48:28,761 - INFO - Исходная цена: 10,000.00
2025-05-10 20:48:28,761 - INFO - Определено как: Общая цена
2025-05-10 20:48:28,761 - INFO - 
Слишком низкая цена за м² (1,676.45 < 10,000.00):
2025-05-10 20:48:28,761 - INFO - Заголовок: Торговая площадь, 119.3 м²
2025-05-10 20:48:28,761 - INFO - Адрес: ул. Менделеева, 35АНижнекамск
2025-05-10 20:48:28,761 - INFO - Площадь: 119.3 м²
2025-05-10 20:48:28,761 - INFO - Исходная цена: 200,000.00
2025-05-10 20:48:28,761 - INFO - Определено как: Общая цена
2025-05-10 20:48:28,761 - INFO - 
Слишком низкая цена за м² (5,555.56 < 10,000.00):
2025-05-10 20:48:28,761 - INFO - Заголовок: Помещение свободного назначения, 3600 м²
2025-05-10 20:48:28,761 - INFO - Адрес: ул. Ленина, 145/2Бугульма
2025-05-10 20:48:28,761 - INFO - Площадь: 3600.0 м²
2025-05-10 20:48:28,761 - INFO - Исходная цена: 20,000,000.00
2025-05-10 20:48:28,761 - INFO - Определено как: Общая цена
2025-05-10 20:48:28,761 - INFO - 
Слишком низкая цена за м² (3,460.32 < 10,000.00):
2025-05-10 20:48:28,761 - INFO - Заголовок: Торговая площадь, 315 м²
2025-05-10 20:48:28,769 - INFO - Адрес: с. Светлое Озеро
2025-05-10 20:48:28,769 - INFO - Площадь: 315.0 м²
2025-05-10 20:48:28,769 - INFO - Исходная цена: 1,090,000.00
2025-05-10 20:48:28,769 - INFO - Определено как: Общая цена
2025-05-10 20:48:28,769 - INFO - 
Слишком низкая цена за м² (7,455.73 < 10,000.00):
2025-05-10 20:48:28,769 - INFO - Заголовок: Свободного назначения, 429.2 м²
2025-05-10 20:48:28,769 - INFO - Адрес: ул. Максима Горького, 54Агрыз
2025-05-10 20:48:28,769 - INFO - Площадь: 429.2 м²
2025-05-10 20:48:28,769 - INFO - Исходная цена: 3,200,000.00
2025-05-10 20:48:28,769 - INFO - Определено как: Общая цена
2025-05-10 20:48:28,769 - INFO - 
Слишком низкая цена за м² (3,964.50 < 10,000.00):
2025-05-10 20:48:28,769 - INFO - Заголовок: Торговое помещение, 169 м²
2025-05-10 20:48:28,769 - INFO - Адрес: Мостовая ул., 11АЗаинск
2025-05-10 20:48:28,769 - INFO - Площадь: 169.0 м²
2025-05-10 20:48:28,777 - INFO - Исходная цена: 670,000.00
2025-05-10 20:48:28,777 - INFO - Определено как: Общая цена
2025-05-10 20:48:28,777 - INFO - Удалено 143 записей с некорректными ценами:
2025-05-10 20:48:28,777 - INFO - Причины удаления:
2025-05-10 20:48:28,777 - INFO - - Placeholder цены (1 рубль): 1
2025-05-10 20:48:28,777 - INFO - - Слишком низкие цены за м² (< 10,000 руб/м²): 0
2025-05-10 20:48:28,777 - INFO - - Слишком высокие цены за м² (> 300,000 руб/м²): 0
2025-05-10 20:48:28,777 - INFO - Поиск дубликатов...
2025-05-10 20:48:29,044 - INFO - Найдено 4 пар дубликатов
2025-05-10 20:48:29,044 - INFO - Удаление дубликатов...
2025-05-10 20:48:29,052 - INFO - Очистка завершена. Осталось 633 записей
2025-05-10 20:48:29,076 - INFO - Результаты сохранены в scrapers/cleaned_sale_data.csv
2025-05-10 20:48:29,076 - INFO - 
=== Отчет по очистке данных продажи ===
2025-05-10 20:48:29,076 - INFO - Всего записей: 633
2025-05-10 20:48:29,076 - INFO - 
Распределение по городам:
2025-05-10 20:48:29,076 - INFO - Казань: 262
2025-05-10 20:48:29,076 - INFO - Набережные Челны: 85
2025-05-10 20:48:29,076 - INFO - Нижнекамск: 30
2025-05-10 20:48:29,076 - INFO - Альметьевск: 27
2025-05-10 20:48:29,084 - INFO - Осиново: 21
2025-05-10 20:48:29,085 - INFO - Зеленодольск: 13
2025-05-10 20:48:29,085 - INFO - Бугульма: 11
2025-05-10 20:48:29,085 - INFO - Лениногорск: 11
2025-05-10 20:48:29,085 - INFO - Чистополь: 9
2025-05-10 20:48:29,085 - INFO - Азнакаево: 7
2025-05-10 20:48:29,085 - INFO - Бавлы: 6
2025-05-10 20:48:29,085 - INFO - Нурлат: 6
2025-05-10 20:48:29,085 - INFO - Елабуга: 6
2025-05-10 20:48:29,085 - INFO - Высокая Гора: 5
2025-05-10 20:48:29,085 - INFO - Васильево: 5
2025-05-10 20:48:29,085 - INFO - Заинск: 5
2025-05-10 20:48:29,085 - INFO - Тетюши: 4
2025-05-10 20:48:29,085 - INFO - Буинск: 4
2025-05-10 20:48:29,085 - INFO - Старое Шигалеево: 4
2025-05-10 20:48:29,085 - INFO - Кукмор: 4
2025-05-10 20:48:29,085 - INFO - Базарные Матаки: 4
2025-05-10 20:48:29,085 - INFO - Новая Тура: 4
2025-05-10 20:48:29,093 - INFO - Болгар: 3
2025-05-10 20:48:29,093 - INFO - Лаишево: 3
2025-05-10 20:48:29,093 - INFO - Нижняя Мактама: 3
2025-05-10 20:48:29,093 - INFO - Пестрецы: 3
2025-05-10 20:48:29,093 - INFO - Арск: 3
2025-05-10 20:48:29,093 - INFO - Агрыз: 3
2025-05-10 20:48:29,093 - INFO - Сосновый Бор: 3
2025-05-10 20:48:29,093 - INFO - Иннополис: 3
2025-05-10 20:48:29,093 - INFO - Уруссу: 2
2025-05-10 20:48:29,093 - INFO - Царёво: 2
2025-05-10 20:48:29,093 - INFO - Большие Яки: 2
2025-05-10 20:48:29,093 - INFO - Городок: 2
2025-05-10 20:48:29,093 - INFO - Новое Шигалеево: 2
2025-05-10 20:48:29,093 - INFO - Сокуры: 2
2025-05-10 20:48:29,093 - INFO - Ильбухтино: 2
2025-05-10 20:48:29,093 - INFO - Мамадыш: 2
2025-05-10 20:48:29,093 - INFO - Куюки: 2
2025-05-10 20:48:29,101 - INFO - Старое Кощаково: 2
2025-05-10 20:48:29,101 - INFO - Менделеевск: 2
2025-05-10 20:48:29,101 - INFO - Кирби: 2
2025-05-10 20:48:29,101 - INFO - Апастово: 2
2025-05-10 20:48:29,101 - INFO - Актюбинский: 2
2025-05-10 20:48:29,101 - INFO - Мензелинск: 1
2025-05-10 20:48:29,101 - INFO - Шемордан: 1
2025-05-10 20:48:29,101 - INFO - Нижние Метески: 1
2025-05-10 20:48:29,101 - INFO - Эстачи: 1
2025-05-10 20:48:29,101 - INFO - Сабакаево: 1
2025-05-10 20:48:29,101 - INFO - Гильдеево: 1
2025-05-10 20:48:29,101 - INFO - Горизонт: 1
2025-05-10 20:48:29,101 - INFO - Орёл: 1
2025-05-10 20:48:29,101 - INFO - Смыловка: 1
2025-05-10 20:48:29,101 - INFO - Октябрьский: 1
2025-05-10 20:48:29,101 - INFO - Кощаково: 1
2025-05-10 20:48:29,109 - INFO - Азеево: 1
2025-05-10 20:48:29,109 - INFO - Яшь Кеч: 1
2025-05-10 20:48:29,109 - INFO - Калейкино: 1
2025-05-10 20:48:29,109 - INFO - Богатые Сабы: 1
2025-05-10 20:48:29,109 - INFO - Никольское: 1
2025-05-10 20:48:29,109 - INFO - Дубъязы: 1
2025-05-10 20:48:29,109 - INFO - Шали: 1
2025-05-10 20:48:29,109 - INFO - Рыбная Слобода: 1
2025-05-10 20:48:29,109 - INFO - Нижний Услон: 1
2025-05-10 20:48:29,109 - INFO - Большая Шильна: 1
2025-05-10 20:48:29,109 - INFO - Большое Афанасово: 1
2025-05-10 20:48:29,109 - INFO - Щурячий: 1
2025-05-10 20:48:29,109 - INFO - Новый Кинер: 1
2025-05-10 20:48:29,109 - INFO - Карабаш: 1
2025-05-10 20:48:29,109 - INFO - Новониколаевский: 1
2025-05-10 20:48:29,109 - INFO - Киндери: 1
2025-05-10 20:48:29,109 - INFO - Набережные Моркваши: 1
2025-05-10 20:48:29,109 - INFO - Тимяшево: 1
2025-05-10 20:48:29,109 - INFO - Камское Устье: 1
2025-05-10 20:48:29,109 - INFO - Исмагилово: 1
2025-05-10 20:48:29,109 - INFO - Калинино: 1
2025-05-10 20:48:29,109 - INFO - Каратун: 1
2025-05-10 20:48:29,117 - INFO - Актаныш: 1
2025-05-10 20:48:29,117 - INFO - Сапуголи: 1
2025-05-10 20:48:29,117 - INFO - Новоникольск: 1
2025-05-10 20:48:29,117 - INFO - Аксубаево: 1
2025-05-10 20:48:29,117 - INFO - Джалиль: 1
2025-05-10 20:48:29,117 - INFO - Анатыш: 1
2025-05-10 20:48:29,117 - INFO - Усады: 1
2025-05-10 20:48:29,117 - INFO - Су: 1
2025-05-10 20:48:29,117 - INFO - Троицкий: 1
2025-05-10 20:48:29,117 - INFO - Усадьба: 1
2025-05-10 20:48:29,117 - INFO - Куйбышевский Затон: 1
2025-05-10 20:48:29,117 - INFO - Икское Устье: 1
2025-05-10 20:48:29,117 - INFO - Ерыкса: 1
2025-05-10 20:48:29,117 - INFO - Кичуй: 1
2025-05-10 20:48:29,117 - INFO - Антоновка: 1
2025-05-10 20:48:29,117 - INFO - 
Статистика по ценам продажи:
2025-05-10 20:48:29,117 - INFO - mean: 62,350,357.70
2025-05-10 20:48:29,117 - INFO - median: 18,000,000.00
2025-05-10 20:48:29,117 - INFO - min: 199,000.00
2025-05-10 20:48:29,117 - INFO - max: 2,350,000,000.00
2025-05-10 20:48:29,117 - INFO - 
Статистика по ценам продажи за м²:
2025-05-10 20:48:29,125 - INFO - mean: 120251.33
2025-05-10 20:48:29,125 - INFO - median: 106007.07
2025-05-10 20:48:29,125 - INFO - min: 10000.00
2025-05-10 20:48:29,125 - INFO - max: 300000.00
2025-05-10 20:48:29,125 - INFO - 
Статистика по площадям:
2025-05-10 20:48:29,125 - INFO - mean: 816.41
2025-05-10 20:48:29,125 - INFO - median: 151.00
2025-05-10 20:48:29,125 - INFO - min: 7.60
2025-05-10 20:48:29,125 - INFO - max: 24551.00
2025-05-10 20:48:29,125 - INFO - 
Объявления с экстремальными ценами:
2025-05-10 20:48:29,125 - INFO - 
Минимальная общая цена:
2025-05-10 20:48:29,125 - INFO - Цена: 199,000.00 руб
2025-05-10 20:48:29,125 - INFO - Цена за м²: 19,900.00 руб/м²
2025-05-10 20:48:29,125 - INFO - Площадь: 10.0 м²
2025-05-10 20:48:29,125 - INFO - Город: Набережные Челны
2025-05-10 20:48:29,125 - INFO - Адрес: Автозаводский пр-т, 23АНабережные Челны
2025-05-10 20:48:29,125 - INFO - Заголовок: Торговая площадь
2025-05-10 20:48:29,133 - INFO - URL: https://www.avito.ru/naberezhnye_chelny/kommercheskaya_nedvizhimost/torgovaya_ploschad_7322142677?context=H4sIAAAAAAAA_wE_AMD_YToyOntzOjEzOiJsb2NhbFByaW9yaXR5IjtiOjA7czoxOiJ4IjtzOjE2OiJJTjlqYm92QXVFTmVxRmhKIjt9j7bcxj8AAAA
2025-05-10 20:48:29,133 - INFO - 
Максимальная общая цена:
2025-05-10 20:48:29,133 - INFO - Цена: 2,350,000,000.00 руб
2025-05-10 20:48:29,133 - INFO - Цена за м²: 134,995.40 руб/м²
2025-05-10 20:48:29,133 - INFO - Площадь: 17408.0 м²
2025-05-10 20:48:29,133 - INFO - Город: Казань
2025-05-10 20:48:29,133 - INFO - Адрес: Московская ул., 52Казань
2025-05-10 20:48:29,133 - INFO - Заголовок: Здание на Московской
2025-05-10 20:48:29,133 - INFO - URL: https://www.avito.ru/kazan/kommercheskaya_nedvizhimost/zdanie_na_moskovskoy_7308863284?context=H4sIAAAAAAAA_wE_AMD_YToyOntzOjEzOiJsb2NhbFByaW9yaXR5IjtiOjA7czoxOiJ4IjtzOjE2OiJUVllIRnVqNEYzRllmU1dkIjt9q0jOrT8AAAA
2025-05-10 20:48:29,133 - INFO - 
Минимальная цена за м²:
2025-05-10 20:48:29,133 - INFO - Цена за м²: 10,000.00 руб/м²
2025-05-10 20:48:29,141 - INFO - Общая цена: 13,000,000.00 руб
2025-05-10 20:48:29,141 - INFO - Площадь: 1300.0 м²
2025-05-10 20:48:29,141 - INFO - Город: Казань
2025-05-10 20:48:29,141 - INFO - Адрес: Кремлёвская ул., 2Казань
2025-05-10 20:48:29,141 - INFO - Заголовок: Производство
2025-05-10 20:48:29,141 - INFO - URL: https://www.avito.ru/kazan/kommercheskaya_nedvizhimost/proizvodstvo_4787281519?context=H4sIAAAAAAAA_wE_AMD_YToyOntzOjEzOiJsb2NhbFByaW9yaXR5IjtiOjA7czoxOiJ4IjtzOjE2OiJVT0FsY1ZEbUk2TXBVQ3dlIjt9xrpTjj8AAAA
2025-05-10 20:48:29,141 - INFO - Цена за м²: 10,000.00 руб/м²
2025-05-10 20:48:29,141 - INFO - Общая цена: 5,700,000.00 руб
2025-05-10 20:48:29,141 - INFO - Площадь: 570.0 м²
2025-05-10 20:48:29,141 - INFO - Город: Кичуй
2025-05-10 20:48:29,141 - INFO - Адрес: Центральная ул., 50с. Кичуй
2025-05-10 20:48:29,141 - INFO - Заголовок: Торговая площадь, 570 м²
2025-05-10 20:48:29,141 - INFO - URL: https://www.avito.ru/almetevsk/kommercheskaya_nedvizhimost/torgovaya_ploschad_570_m_2097230253?context=H4sIAAAAAAAA_wE_AMD_YToyOntzOjEzOiJsb2NhbFByaW9yaXR5IjtiOjA7czoxOiJ4IjtzOjE2OiJveWkxelZsSmViN3psZ1pKIjt9SvyPrT8AAAA
2025-05-10 20:48:29,141 - INFO - 
Максимальная цена за м²:
2025-05-10 20:48:29,141 - INFO - Цена за м²: 300,000.00 руб/м²
2025-05-10 20:48:29,149 - INFO - Общая цена: 9,420,000.00 руб
2025-05-10 20:48:29,149 - INFO - Площадь: 31.4 м²
2025-05-10 20:48:29,149 - INFO - Город: Казань
2025-05-10 20:48:29,149 - INFO - Адрес: ул. Рауиса Гареева, 76Казань
2025-05-10 20:48:29,149 - INFO - Заголовок: Продается ПСН в новом ЖК на Гареева
2025-05-10 20:48:29,149 - INFO - URL: https://www.avito.ru/kazan/kommercheskaya_nedvizhimost/prodaetsya_psn_v_novom_zhk_na_gareeva_7352115370?context=H4sIAAAAAAAA_wE_AMD_YToyOntzOjEzOiJsb2NhbFByaW9yaXR5IjtiOjA7czoxOiJ4IjtzOjE2OiJRdENIYjgweVh5RDAyamlrIjt9Wg2foT8AAAA
2025-05-10 20:48:29,149 - INFO - Цена за м²: 300,000.00 руб/м²
2025-05-10 20:48:29,149 - INFO - Общая цена: 30,000,000.00 руб
2025-05-10 20:48:29,149 - INFO - Площадь: 100.0 м²
2025-05-10 20:48:29,149 - INFO - Город: Казань
2025-05-10 20:48:29,149 - INFO - Адрес: ул. Шуртыгина, 32/22Казань
2025-05-10 20:48:29,149 - INFO - Заголовок: Свободного назначения, 100 м²
2025-05-10 20:48:29,149 - INFO - URL: https://www.avito.ru/kazan/kommercheskaya_nedvizhimost/svobodnogo_naznacheniya_100_m_7351482822?context=H4sIAAAAAAAA_wE_AMD_YToyOntzOjEzOiJsb2NhbFByaW9yaXR5IjtiOjA7czoxOiJ4IjtzOjE2OiJJTjlqYm92QXVFTmVxRmhKIjt9j7bcxj8AAAA
2025-05-10 20:48:29,149 - INFO - Цена за м²: 300,000.00 руб/м²
2025-05-10 20:48:29,149 - INFO - Общая цена: 71,115,000.00 руб
2025-05-10 20:48:29,149 - INFO - Площадь: 237.05 м²
2025-05-10 20:48:29,149 - INFO - Город: Казань
2025-05-10 20:48:29,149 - INFO - Адрес: ул. Родины, 20Казань
2025-05-10 20:48:29,149 - INFO - Заголовок: Помещение в ЖК Наследие
2025-05-10 20:48:29,149 - INFO - URL: https://www.avito.ru/kazan/kommercheskaya_nedvizhimost/pomeschenie_v_zhk_nasledie_7288547890?context=H4sIAAAAAAAA_wE_AMD_YToyOntzOjEzOiJsb2NhbFByaW9yaXR5IjtiOjA7czoxOiJ4IjtzOjE2OiJGWE1kRk16aWdNNTFyWWdJIjt9mCPMLT8AAAA
2025-05-10 20:48:29,157 - INFO - Цена за м²: 300,000.00 руб/м²
2025-05-10 20:48:29,157 - INFO - Общая цена: 510,000,000.00 руб
2025-05-10 20:48:29,157 - INFO - Площадь: 1700.0 м²
2025-05-10 20:48:29,157 - INFO - Город: Казань
2025-05-10 20:48:29,157 - INFO - Адрес: ул. Родины, 20Казань
2025-05-10 20:48:29,157 - INFO - Заголовок: Помещение на Родине
2025-05-10 20:48:29,157 - INFO - URL: https://www.avito.ru/kazan/kommercheskaya_nedvizhimost/pomeschenie_na_rodine_7288791641?context=H4sIAAAAAAAA_wE_AMD_YToyOntzOjEzOiJsb2NhbFByaW9yaXR5IjtiOjA7czoxOiJ4IjtzOjE2OiJGWE1kRk16aWdNNTFyWWdJIjt9mCPMLT8AAAA
2025-05-10 20:48:29,157 - INFO - Цена за м²: 300,000.00 руб/м²
2025-05-10 20:48:29,157 - INFO - Общая цена: 21,000,000.00 руб
2025-05-10 20:48:29,157 - INFO - Площадь: 70.0 м²
2025-05-10 20:48:29,157 - INFO - Город: Казань
2025-05-10 20:48:29,157 - INFO - Адрес: ул. Рихарда Зорге, 66ВКазань
2025-05-10 20:48:29,157 - INFO - Заголовок: Продается помещение с арендатором около метро
2025-05-10 20:48:29,157 - INFO - URL: https://www.avito.ru/kazan/kommercheskaya_nedvizhimost/prodaetsya_pomeschenie_s_arendatorom_okolo_metro_7256294255?context=H4sIAAAAAAAA_wE_AMD_YToyOntzOjEzOiJsb2NhbFByaW9yaXR5IjtiOjA7czoxOiJ4IjtzOjE2OiJ2VmQ1cXQyckEzOEo4ankwIjt9OY6PzT8AAAA
2025-05-10 20:48:29,157 - INFO - Цена за м²: 300,000.00 руб/м²
2025-05-10 20:48:29,157 - INFO - Общая цена: 13,500,000.00 руб
2025-05-10 20:48:29,157 - INFO - Площадь: 45.0 м²
2025-05-10 20:48:29,157 - INFO - Город: Казань
2025-05-10 20:48:29,165 - INFO - Адрес: пр-т Ямашева, 54к5Казань
2025-05-10 20:48:29,165 - INFO - Заголовок: Торговая площадь
2025-05-10 20:48:29,165 - INFO - URL: https://www.avito.ru/kazan/kommercheskaya_nedvizhimost/torgovaya_ploschad_7199607476?context=H4sIAAAAAAAA_wE_AMD_YToyOntzOjEzOiJsb2NhbFByaW9yaXR5IjtiOjA7czoxOiJ4IjtzOjE2OiJ2VmQ1cXQyckEzOEo4ankwIjt9OY6PzT8AAAA
2025-05-10 20:48:29,165 - INFO - Цена за м²: 300,000.00 руб/м²
2025-05-10 20:48:29,165 - INFO - Общая цена: 16,566,000.00 руб
2025-05-10 20:48:29,165 - INFO - Площадь: 55.22 м²
2025-05-10 20:48:29,165 - INFO - Город: Казань
2025-05-10 20:48:29,165 - INFO - Адрес: жилой комплекс Статный, 2Казань
2025-05-10 20:48:29,165 - INFO - Заголовок: Свободного назначения, 55.22 м²
2025-05-10 20:48:29,165 - INFO - URL: https://www.avito.ru/kazan/kommercheskaya_nedvizhimost/svobodnogo_naznacheniya_55.22_m_4622097733?context=H4sIAAAAAAAA_wE_AMD_YToyOntzOjEzOiJsb2NhbFByaW9yaXR5IjtiOjA7czoxOiJ4IjtzOjE2OiJmUnl2b0ZmZ0dNaTFQSlRkIjt9FQnwPz8AAAA
2025-05-10 20:48:29,165 - INFO - Цена за м²: 300,000.00 руб/м²
2025-05-10 20:48:29,165 - INFO - Общая цена: 21,204,000.00 руб
2025-05-10 20:48:29,165 - INFO - Площадь: 70.68 м²
2025-05-10 20:48:29,165 - INFO - Город: Казань
2025-05-10 20:48:29,173 - INFO - Адрес: жилой комплекс Статный, 2Казань
2025-05-10 20:48:29,173 - INFO - Заголовок: Свободного назначения, 70.68 м²
2025-05-10 20:48:29,173 - INFO - URL: https://www.avito.ru/kazan/kommercheskaya_nedvizhimost/svobodnogo_naznacheniya_70.68_m_4621701100?context=H4sIAAAAAAAA_wE_AMD_YToyOntzOjEzOiJsb2NhbFByaW9yaXR5IjtiOjA7czoxOiJ4IjtzOjE2OiJmUnl2b0ZmZ0dNaTFQSlRkIjt9FQnwPz8AAAA
2025-05-10 20:48:29,173 - INFO - Цена за м²: 300,000.00 руб/м²
2025-05-10 20:48:29,173 - INFO - Общая цена: 25,113,000.00 руб
2025-05-10 20:48:29,173 - INFO - Площадь: 83.71 м²
2025-05-10 20:48:29,173 - INFO - Город: Казань
2025-05-10 20:48:29,173 - INFO - Адрес: жилой комплекс Статный, 2Казань
2025-05-10 20:48:29,173 - INFO - Заголовок: Свободного назначения, 83.71 м²
2025-05-10 20:48:29,173 - INFO - URL: https://www.avito.ru/kazan/kommercheskaya_nedvizhimost/svobodnogo_naznacheniya_83.71_m_4622055370?context=H4sIAAAAAAAA_wE_AMD_YToyOntzOjEzOiJsb2NhbFByaW9yaXR5IjtiOjA7czoxOiJ4IjtzOjE2OiJmUnl2b0ZmZ0dNaTFQSlRkIjt9FQnwPz8AAAA
