2025-05-10 20:14:05,156 - INFO - Загружено 1087 записей из scrapers/merged_rent_data.csv
2025-05-10 20:14:05,156 - INFO - Начало очистки данных...
2025-05-10 20:14:05,157 - INFO - Очистка адресов...
2025-05-10 20:14:05,172 - INFO - Очистка площадей...
2025-05-10 20:14:05,175 - INFO - Очистка цен...
2025-05-10 20:14:05,243 - INFO - Удалено 44 записей с некорректными ценами
2025-05-10 20:14:05,243 - INFO - Удаление выбросов в ценах...
2025-05-10 20:14:05,247 - INFO - Удалено 64 записей с выбросами в ценах
2025-05-10 20:14:05,248 - INFO - Поиск дубликатов...
2025-05-10 20:14:05,516 - INFO - Найдено 18 пар дубликатов
2025-05-10 20:14:05,516 - INFO - Удаление дубликатов...
2025-05-10 20:14:05,517 - INFO - Очистка завершена. Осталось 961 записей
2025-05-10 20:14:05,547 - INFO - Результаты сохранены в scrapers/cleaned_rent_data.csv
2025-05-10 20:14:05,550 - INFO - 
=== Отчет по очистке данных аренды ===
2025-05-10 20:14:05,550 - INFO - Всего записей: 961
2025-05-10 20:14:05,550 - INFO - 
Распределение по городам:
2025-05-10 20:14:05,551 - INFO - Казань: 554
2025-05-10 20:14:05,551 - INFO - Набережные Челны: 131
2025-05-10 20:14:05,551 - INFO - Нижнекамск: 41
2025-05-10 20:14:05,551 - INFO - Альметьевск: 30
2025-05-10 20:14:05,551 - INFO - Зеленодольск: 23
2025-05-10 20:14:05,552 - INFO - Бугульма: 22
2025-05-10 20:14:05,552 - INFO - Осиново: 16
2025-05-10 20:14:05,552 - INFO - Елабуга: 15
2025-05-10 20:14:05,552 - INFO - Лениногорск: 9
2025-05-10 20:14:05,552 - INFO - Азнакаево: 9
2025-05-10 20:14:05,552 - INFO - Чистополь: 9
2025-05-10 20:14:05,553 - INFO - Высокая Гора: 8
2025-05-10 20:14:05,553 - INFO - Арск: 7
2025-05-10 20:14:05,553 - INFO - Васильево: 6
2025-05-10 20:14:05,553 - INFO - Куюки: 6
2025-05-10 20:14:05,553 - INFO - Сокуры: 5
2025-05-10 20:14:05,553 - INFO - Усады: 4
2025-05-10 20:14:05,553 - INFO - Заинск: 4
2025-05-10 20:14:05,554 - INFO - Нурлат: 4
2025-05-10 20:14:05,554 - INFO - Большая Атня: 3
2025-05-10 20:14:05,554 - INFO - : 3
2025-05-10 20:14:05,555 - INFO - Иннополис: 3
2025-05-10 20:14:05,555 - INFO - Лаишево: 2
2025-05-10 20:14:05,555 - INFO - Базарные Матаки: 2
2025-05-10 20:14:05,555 - INFO - Азьмушкино: 2
2025-05-10 20:14:05,556 - INFO - Новое Шигалеево: 2
2025-05-10 20:14:05,556 - INFO - Менделеевск: 2
2025-05-10 20:14:05,556 - INFO - Столбище: 2
2025-05-10 20:14:05,556 - INFO - Каймары: 2
2025-05-10 20:14:05,557 - INFO - Бавлы: 2
2025-05-10 20:14:05,557 - INFO - Муслюмово: 2
2025-05-10 20:14:05,557 - INFO - Джалиль: 2
2025-05-10 20:14:05,557 - INFO - Песчаные Ковали: 2
2025-05-10 20:14:05,558 - INFO - Кощаково: 1
2025-05-10 20:14:05,558 - INFO - Большие Бутырки: 1
2025-05-10 20:14:05,558 - INFO - Новониколаевский: 1
2025-05-10 20:14:05,559 - INFO - Малый Бакрче: 1
2025-05-10 20:14:05,559 - INFO - Травкино: 1
2025-05-10 20:14:05,559 - INFO - Садовый: 1
2025-05-10 20:14:05,559 - INFO - Коноваловка: 1
2025-05-10 20:14:05,559 - INFO - Царёво: 1
2025-05-10 20:14:05,560 - INFO - Тюлячи: 1
2025-05-10 20:14:05,560 - INFO - Малая Шильна: 1
2025-05-10 20:14:05,560 - INFO - Богородское: 1
2025-05-10 20:14:05,560 - INFO - Среднее Девятово: 1
2025-05-10 20:14:05,561 - INFO - Гидромеханизатор: 1
2025-05-10 20:14:05,561 - INFO - Пестрецы: 1
2025-05-10 20:14:05,561 - INFO - Актюбинский: 1
2025-05-10 20:14:05,561 - INFO - Буинск: 1
2025-05-10 20:14:05,561 - INFO - Сетяково: 1
2025-05-10 20:14:05,562 - INFO - Новошешминск: 1
2025-05-10 20:14:05,562 - INFO - Агрыз: 1
2025-05-10 20:14:05,562 - INFO - Сарманово: 1
2025-05-10 20:14:05,562 - INFO - Галактионово: 1
2025-05-10 20:14:05,562 - INFO - Мензелинск: 1
2025-05-10 20:14:05,562 - INFO - Яльчики: 1
2025-05-10 20:14:05,563 - INFO - Мамадыш: 1
2025-05-10 20:14:05,563 - INFO - Старое Дрожжаное: 1
2025-05-10 20:14:05,563 - INFO - Алексеевское: 1
2025-05-10 20:14:05,563 - INFO - Красный Ключ: 1
2025-05-10 20:14:05,564 - INFO - 
Статистика по ценам аренды:
2025-05-10 20:14:05,564 - INFO - mean: 79,490.68
2025-05-10 20:14:05,565 - INFO - median: 65,000.00
2025-05-10 20:14:05,565 - INFO - min: 1,000.00
2025-05-10 20:14:05,565 - INFO - max: 243,360.00
2025-05-10 20:14:05,565 - INFO - 
Статистика по ценам аренды за м²:
2025-05-10 20:14:05,566 - INFO - mean: 1329.62
2025-05-10 20:14:05,566 - INFO - median: 1250.00
2025-05-10 20:14:05,566 - INFO - min: 100.00
2025-05-10 20:14:05,566 - INFO - max: 3352.94
2025-05-10 20:14:05,567 - INFO - 
Статистика по площадям:
2025-05-10 20:14:05,567 - INFO - mean: 64.69
2025-05-10 20:14:05,567 - INFO - median: 60.00
2025-05-10 20:14:05,567 - INFO - min: 1.00
2025-05-10 20:14:05,567 - INFO - max: 150.00
2025-05-10 20:14:05,567 - INFO - 
Объявления с экстремальными ценами:
2025-05-10 20:14:05,568 - INFO - 
Минимальная общая цена:
2025-05-10 20:14:05,569 - INFO - Цена: 1,000.00 руб
2025-05-10 20:14:05,569 - INFO - Цена за м²: 1,000.00 руб/м²
2025-05-10 20:14:05,569 - INFO - Площадь: 1.0 м²
2025-05-10 20:14:05,569 - INFO - Город: Набережные Челны
2025-05-10 20:14:05,570 - INFO - Адрес: Набережночелнинский пр-т, 70/56Набережные Челны
2025-05-10 20:14:05,570 - INFO - Заголовок: Торговая, от 60 до 127 м²
2025-05-10 20:14:05,570 - INFO - URL: https://www.avito.ru/naberezhnye_chelny/kommercheskaya_nedvizhimost/torgovaya_ot_60_do_127_m_4664203293?context=H4sIAAAAAAAA_wE_AMD_YToyOntzOjEzOiJsb2NhbFByaW9yaXR5IjtiOjA7czoxOiJ4IjtzOjE2OiJ4eGZWZmdvWUJvUFdCTW1sIjt9jQZcRz8AAAA
2025-05-10 20:14:05,570 - INFO - Цена: 1,000.00 руб
2025-05-10 20:14:05,570 - INFO - Цена за м²: 1,000.00 руб/м²
2025-05-10 20:14:05,571 - INFO - Площадь: 1.0 м²
2025-05-10 20:14:05,571 - INFO - Город: Набережные Челны
2025-05-10 20:14:05,571 - INFO - Адрес: пр-т Абдурахмана Абсалямова, 14Набережные Челны
2025-05-10 20:14:05,572 - INFO - Заголовок: Торговая, от 70 до 1000 м²
2025-05-10 20:14:05,572 - INFO - URL: https://www.avito.ru/naberezhnye_chelny/kommercheskaya_nedvizhimost/torgovaya_ot_70_do_1000_m_4663902651?context=H4sIAAAAAAAA_wE_AMD_YToyOntzOjEzOiJsb2NhbFByaW9yaXR5IjtiOjA7czoxOiJ4IjtzOjE2OiJ4eGZWZmdvWUJvUFdCTW1sIjt9jQZcRz8AAAA
2025-05-10 20:14:05,572 - INFO - Цена: 1,000.00 руб
2025-05-10 20:14:05,573 - INFO - Цена за м²: 1,000.00 руб/м²
2025-05-10 20:14:05,573 - INFO - Площадь: 1.0 м²
2025-05-10 20:14:05,573 - INFO - Город: Сокуры
2025-05-10 20:14:05,573 - INFO - Адрес: Советская ул., 10с. Сокуры
2025-05-10 20:14:05,574 - INFO - Заголовок: Свободного назначения, 1 м²
2025-05-10 20:14:05,574 - INFO - URL: https://www.avito.ru/kazan/kommercheskaya_nedvizhimost/svobodnogo_naznacheniya_1_m_3938727274?context=H4sIAAAAAAAA_wE_AMD_YToyOntzOjEzOiJsb2NhbFByaW9yaXR5IjtiOjA7czoxOiJ4IjtzOjE2OiJTQzRqR2M1R1d5Rll6amd3Ijt9JSWuAD8AAAA
2025-05-10 20:14:05,576 - INFO - 
Максимальная общая цена:
2025-05-10 20:14:05,577 - INFO - Цена: 243,360.00 руб
2025-05-10 20:14:05,577 - INFO - Цена за м²: 1,802.67 руб/м²
2025-05-10 20:14:05,577 - INFO - Площадь: 135.0 м²
2025-05-10 20:14:05,578 - INFO - Город: Казань
2025-05-10 20:14:05,578 - INFO - Адрес: Чистопольская ул., 19АКазань
2025-05-10 20:14:05,578 - INFO - Заголовок: Первая линия 135.2 м²
2025-05-10 20:14:05,578 - INFO - URL: https://www.avito.ru/kazan/kommercheskaya_nedvizhimost/pervaya_liniya_135.2_m_7300009318?context=H4sIAAAAAAAA_wE_AMD_YToyOntzOjEzOiJsb2NhbFByaW9yaXR5IjtiOjA7czoxOiJ4IjtzOjE2OiI3RVZVb1ZGaVE2WVZYT2tMIjt98QzeCj8AAAA
2025-05-10 20:14:05,579 - INFO - Цена: 243,360.00 руб
2025-05-10 20:14:05,579 - INFO - Цена за м²: 1,802.67 руб/м²
2025-05-10 20:14:05,579 - INFO - Площадь: 135.0 м²
2025-05-10 20:14:05,579 - INFO - Город: Казань
2025-05-10 20:14:05,579 - INFO - Адрес: Чистопольская ул., 19АКазань
2025-05-10 20:14:05,579 - INFO - Заголовок: Первая линия 135.2 м²
2025-05-10 20:14:05,579 - INFO - URL: https://www.avito.ru/kazan/kommercheskaya_nedvizhimost/pervaya_liniya_135.2_m_7300009318?context=H4sIAAAAAAAA_wE_AMD_YToyOntzOjEzOiJsb2NhbFByaW9yaXR5IjtiOjA7czoxOiJ4IjtzOjE2OiJIMFFZZ05vNXk2blJCdGc4Ijt9P_qucj8AAAA
2025-05-10 20:14:05,580 - INFO - 
Минимальная цена за м²:
2025-05-10 20:14:05,581 - INFO - Цена за м²: 100.00 руб/м²
2025-05-10 20:14:05,581 - INFO - Общая цена: 2,500.00 руб
2025-05-10 20:14:05,582 - INFO - Площадь: 25.0 м²
2025-05-10 20:14:05,582 - INFO - Город: Набережные Челны
2025-05-10 20:14:05,583 - INFO - Адрес: ул. Раскольникова, 29АНабережные Челны
2025-05-10 20:14:05,583 - INFO - Заголовок: Сдам в аренду 25 м2
2025-05-10 20:14:05,583 - INFO - URL: https://www.avito.ru/naberezhnye_chelny/kommercheskaya_nedvizhimost/sdam_v_arendu_25_m2_7303016556?context=H4sIAAAAAAAA_wE_AMD_YToyOntzOjEzOiJsb2NhbFByaW9yaXR5IjtiOjA7czoxOiJ4IjtzOjE2OiJIMFFZZ05vNXk2blJCdGc4Ijt9P_qucj8AAAA
2025-05-10 20:14:05,584 - INFO - Цена за м²: 100.00 руб/м²
2025-05-10 20:14:05,584 - INFO - Общая цена: 5,400.00 руб
2025-05-10 20:14:05,584 - INFO - Площадь: 54.0 м²
2025-05-10 20:14:05,584 - INFO - Город: Чистополь
2025-05-10 20:14:05,585 - INFO - Адрес: ул. Ленина, 59Чистополь
2025-05-10 20:14:05,585 - INFO - Заголовок: Сдам в аренду
2025-05-10 20:14:05,585 - INFO - URL: https://www.avito.ru/chistopol/kommercheskaya_nedvizhimost/sdam_v_arendu_4167505459?context=H4sIAAAAAAAA_wE_AMD_YToyOntzOjEzOiJsb2NhbFByaW9yaXR5IjtiOjA7czoxOiJ4IjtzOjE2OiJjNnlWbmlBSG1jczZTbVoxIjt9QrWrEj8AAAA
2025-05-10 20:14:05,586 - INFO - Цена за м²: 100.00 руб/м²
2025-05-10 20:14:05,586 - INFO - Общая цена: 8,000.00 руб
2025-05-10 20:14:05,586 - INFO - Площадь: 80.0 м²
2025-05-10 20:14:05,586 - INFO - Город: Новошешминск
2025-05-10 20:14:05,587 - INFO - Адрес: ул. Ленина, 37с. Новошешминск
2025-05-10 20:14:05,587 - INFO - Заголовок: Торговая площадь, 80 м²
2025-05-10 20:14:05,587 - INFO - URL: https://www.avito.ru/novosheshminsk/kommercheskaya_nedvizhimost/torgovaya_ploschad_80_m_3450078026?context=H4sIAAAAAAAA_wE_AMD_YToyOntzOjEzOiJsb2NhbFByaW9yaXR5IjtiOjA7czoxOiJ4IjtzOjE2OiIxNWNpbzZkSjZ0a3FTZkxGIjt9XP5w2z8AAAA
2025-05-10 20:14:05,587 - INFO - Цена за м²: 100.00 руб/м²
2025-05-10 20:14:05,588 - INFO - Общая цена: 2,500.00 руб
2025-05-10 20:14:05,588 - INFO - Площадь: 25.0 м²
2025-05-10 20:14:05,588 - INFO - Город: Джалиль
2025-05-10 20:14:05,588 - INFO - Адрес: ул. Ахмадиева, 6пгт. Джалиль
2025-05-10 20:14:05,589 - INFO - Заголовок: Свободного назначения, 25 м²
2025-05-10 20:14:05,589 - INFO - URL: https://www.avito.ru/dzhalil/kommercheskaya_nedvizhimost/svobodnogo_naznacheniya_25_m_1593264135?context=H4sIAAAAAAAA_wE_AMD_YToyOntzOjEzOiJsb2NhbFByaW9yaXR5IjtiOjA7czoxOiJ4IjtzOjE2OiI3cThlWE11NWdSNmNqT0JCIjt9hlJyCT8AAAA
2025-05-10 20:14:05,590 - INFO - 
Максимальная цена за м²:
2025-05-10 20:14:05,591 - INFO - Цена за м²: 3,352.94 руб/м²
2025-05-10 20:14:05,591 - INFO - Общая цена: 57,000.00 руб
2025-05-10 20:14:05,592 - INFO - Площадь: 17.0 м²
2025-05-10 20:14:05,592 - INFO - Город: Казань
2025-05-10 20:14:05,592 - INFO - Адрес: ул. Мусина, 29/2Казань
2025-05-10 20:14:05,592 - INFO - Заголовок: Торговая площадь
2025-05-10 20:14:05,592 - INFO - URL: https://www.avito.ru/kazan/kommercheskaya_nedvizhimost/torgovaya_ploschad_4810039789?context=H4sIAAAAAAAA_wE_AMD_YToyOntzOjEzOiJsb2NhbFByaW9yaXR5IjtiOjA7czoxOiJ4IjtzOjE2OiJVaVR0VHRFSUQwOERPRVZHIjt9Lub7iD8AAAA
