2025-05-10 18:47:54,714 - INFO - Загружено 1087 записей из scrapers/merged_rent_data.csv
2025-05-10 18:47:54,714 - INFO - Начало очистки данных...
2025-05-10 18:47:54,714 - INFO - Очистка адресов...
2025-05-10 18:47:54,728 - INFO - Очистка площадей...
2025-05-10 18:47:54,735 - INFO - Очистка цен...
2025-05-10 18:47:54,752 - INFO - Удаление выбросов в площадях...
2025-05-10 18:47:54,756 - INFO - Удалено 165 записей с выбросами в площадях
2025-05-10 18:47:54,760 - INFO - Удаление выбросов в ценах...
2025-05-10 18:47:54,761 - INFO - Удалено 26 записей с выбросами в ценах
2025-05-10 18:47:54,771 - INFO - Поиск дубликатов...
2025-05-10 18:53:39,079 - INFO - Найдено 521 пар дубликатов
2025-05-10 18:53:39,079 - INFO - Удаление дубликатов...
2025-05-10 18:53:39,079 - INFO - Очистка завершена. Осталось 677 записей
2025-05-10 18:53:39,100 - INFO - Результаты сохранены в scrapers/cleaned_rent_data.csv
2025-05-10 18:53:39,100 - INFO - 
Отчет по очистке данных:
2025-05-10 18:53:39,100 - INFO - Всего записей: 677
2025-05-10 18:53:39,100 - INFO - 
Распределение по городам:
2025-05-10 18:53:39,100 - INFO - Казань: 387
2025-05-10 18:53:39,100 - INFO - Набережные Челны: 88
2025-05-10 18:53:39,100 - INFO - Нижнекамск: 27
2025-05-10 18:53:39,108 - INFO - Альметьевск: 22
2025-05-10 18:53:39,108 - INFO - Зеленодольск: 19
2025-05-10 18:53:39,108 - INFO - Бугульма: 18
2025-05-10 18:53:39,108 - INFO - Осиново: 12
2025-05-10 18:53:39,108 - INFO - Елабуга: 8
2025-05-10 18:53:39,108 - INFO - Лениногорск: 7
2025-05-10 18:53:39,108 - INFO - Высокая Гора: 7
2025-05-10 18:53:39,108 - INFO - Арск: 6
2025-05-10 18:53:39,108 - INFO - Азнакаево: 5
2025-05-10 18:53:39,108 - INFO - Нурлат: 5
2025-05-10 18:53:39,108 - INFO - Васильево: 4
2025-05-10 18:53:39,108 - INFO - Куюки: 4
2025-05-10 18:53:39,108 - INFO - Заинск: 4
2025-05-10 18:53:39,108 - INFO - Сокуры: 4
2025-05-10 18:53:39,108 - INFO - Большая Атня: 3
2025-05-10 18:53:39,108 - INFO - Менделеевск: 3
2025-05-10 18:53:39,108 - INFO - Иннополис: 3
2025-05-10 18:53:39,108 - INFO - Лаишево: 2
2025-05-10 18:53:39,115 - INFO - Старое Шигалеево: 2
2025-05-10 18:53:39,116 - INFO - Чистополь: 2
2025-05-10 18:53:39,116 - INFO - Новое Шигалеево: 2
2025-05-10 18:53:39,117 - INFO - Азьмушкино: 2
2025-05-10 18:53:39,118 - INFO - Садовый: 1
2025-05-10 18:53:39,118 - INFO - Травкино: 1
2025-05-10 18:53:39,118 - INFO - Коноваловка: 1
2025-05-10 18:53:39,118 - INFO - Новониколаевский: 1
2025-05-10 18:53:39,118 - INFO - Большие Бутырки: 1
2025-05-10 18:53:39,118 - INFO - Кощаково: 1
2025-05-10 18:53:39,118 - INFO - Малый Бакрче: 1
2025-05-10 18:53:39,118 - INFO - : 1
2025-05-10 18:53:39,118 - INFO - Богородское: 1
2025-05-10 18:53:39,118 - INFO - Тюлячи: 1
2025-05-10 18:53:39,118 - INFO - Базарные Матаки: 1
2025-05-10 18:53:39,118 - INFO - Царёво: 1
2025-05-10 18:53:39,118 - INFO - Песчаные Ковали: 1
2025-05-10 18:53:39,118 - INFO - Каймары: 1
2025-05-10 18:53:39,118 - INFO - Среднее Девятово: 1
2025-05-10 18:53:39,122 - INFO - Пестрецы: 1
2025-05-10 18:53:39,122 - INFO - Муслюмово: 1
2025-05-10 18:53:39,122 - INFO - Сетяково: 1
2025-05-10 18:53:39,122 - INFO - Новошешминск: 1
2025-05-10 18:53:39,123 - INFO - Агрыз: 1
2025-05-10 18:53:39,123 - INFO - Сарманово: 1
2025-05-10 18:53:39,123 - INFO - Буинск: 1
2025-05-10 18:53:39,123 - INFO - Усады: 1
2025-05-10 18:53:39,124 - INFO - Галактионово: 1
2025-05-10 18:53:39,124 - INFO - Мензелинск: 1
2025-05-10 18:53:39,124 - INFO - Яльчики: 1
2025-05-10 18:53:39,124 - INFO - Мамадыш: 1
2025-05-10 18:53:39,124 - INFO - Старое Дрожжаное: 1
2025-05-10 18:53:39,124 - INFO - Алексеевское: 1
2025-05-10 18:53:39,124 - INFO - Джалиль: 1
2025-05-10 18:53:39,124 - INFO - Красный Ключ: 1
2025-05-10 18:53:39,124 - INFO - 
Статистика по ценам:
2025-05-10 18:53:39,124 - INFO - mean: 3,908,640.69
2025-05-10 18:53:39,127 - INFO - median: 1,125,000.00
2025-05-10 18:53:39,128 - INFO - min: 30.00
2025-05-10 18:53:39,128 - INFO - max: 31,537,500.00
2025-05-10 18:53:39,128 - INFO - 
Статистика по площадям:
2025-05-10 18:53:39,128 - INFO - mean: 71.66
2025-05-10 18:53:39,128 - INFO - median: 66.00
2025-05-10 18:53:39,128 - INFO - min: 20.00
2025-05-10 18:53:39,128 - INFO - max: 150.00
