2025-05-10 20:09:35,963 - INFO - Загружено 1087 записей из scrapers/merged_rent_data.csv
2025-05-10 20:09:35,963 - INFO - Начало очистки данных...
2025-05-10 20:09:35,964 - INFO - Очистка адресов...
2025-05-10 20:09:35,979 - INFO - Очистка площадей...
2025-05-10 20:09:35,982 - INFO - Очистка цен...
2025-05-10 20:09:36,049 - INFO - Удалено 6 записей с некорректными ценами
2025-05-10 20:09:36,049 - INFO - Удаление выбросов в ценах...
2025-05-10 20:09:36,058 - INFO - 
Границы цен:
2025-05-10 20:09:36,059 - INFO - Общая цена: -87,500.00 - 244,500.00 руб.
2025-05-10 20:09:36,059 - INFO - Цена за м²: -750.00 - 3,650.00 руб.
2025-05-10 20:09:36,061 - INFO - Удалено 94 записей с выбросами в ценах
2025-05-10 20:09:36,061 - INFO - Поиск дубликатов...
2025-05-10 20:09:36,279 - INFO - Найдено 18 пар дубликатов
2025-05-10 20:09:36,279 - INFO - Удаление дубликатов...
2025-05-10 20:09:36,281 - INFO - Очистка завершена. Осталось 969 записей
2025-05-10 20:09:36,301 - INFO - Результаты сохранены в scrapers/cleaned_rent_data.csv
2025-05-10 20:09:36,303 - INFO - 
Отчет по очистке данных:
2025-05-10 20:09:36,303 - INFO - Всего записей: 969
2025-05-10 20:09:36,304 - INFO - 
Распределение по городам:
2025-05-10 20:09:36,304 - INFO - Казань: 561
2025-05-10 20:09:36,304 - INFO - Набережные Челны: 130
2025-05-10 20:09:36,304 - INFO - Нижнекамск: 41
2025-05-10 20:09:36,304 - INFO - Альметьевск: 30
2025-05-10 20:09:36,304 - INFO - Зеленодольск: 23
2025-05-10 20:09:36,305 - INFO - Бугульма: 22
2025-05-10 20:09:36,305 - INFO - Осиново: 16
2025-05-10 20:09:36,305 - INFO - Елабуга: 15
2025-05-10 20:09:36,305 - INFO - Азнакаево: 9
2025-05-10 20:09:36,306 - INFO - Лениногорск: 9
2025-05-10 20:09:36,306 - INFO - Чистополь: 9
2025-05-10 20:09:36,306 - INFO - Высокая Гора: 8
2025-05-10 20:09:36,306 - INFO - Арск: 7
2025-05-10 20:09:36,307 - INFO - Васильево: 6
2025-05-10 20:09:36,307 - INFO - Куюки: 6
2025-05-10 20:09:36,307 - INFO - Сокуры: 5
2025-05-10 20:09:36,307 - INFO - Нурлат: 5
2025-05-10 20:09:36,307 - INFO - Усады: 4
2025-05-10 20:09:36,307 - INFO - Заинск: 4
2025-05-10 20:09:36,307 - INFO - Иннополис: 3
2025-05-10 20:09:36,307 - INFO - Большая Атня: 3
2025-05-10 20:09:36,308 - INFO - : 3
2025-05-10 20:09:36,308 - INFO - Азьмушкино: 2
2025-05-10 20:09:36,308 - INFO - Песчаные Ковали: 2
2025-05-10 20:09:36,308 - INFO - Джалиль: 2
2025-05-10 20:09:36,308 - INFO - Столбище: 2
2025-05-10 20:09:36,308 - INFO - Менделеевск: 2
2025-05-10 20:09:36,309 - INFO - Новое Шигалеево: 2
2025-05-10 20:09:36,309 - INFO - Лаишево: 2
2025-05-10 20:09:36,309 - INFO - Каймары: 2
2025-05-10 20:09:36,309 - INFO - Бавлы: 2
2025-05-10 20:09:36,310 - INFO - Муслюмово: 2
2025-05-10 20:09:36,310 - INFO - Базарные Матаки: 2
2025-05-10 20:09:36,310 - INFO - Кощаково: 1
2025-05-10 20:09:36,310 - INFO - Новониколаевский: 1
2025-05-10 20:09:36,310 - INFO - Большие Бутырки: 1
2025-05-10 20:09:36,311 - INFO - Травкино: 1
2025-05-10 20:09:36,311 - INFO - Малый Бакрче: 1
2025-05-10 20:09:36,311 - INFO - Садовый: 1
2025-05-10 20:09:36,311 - INFO - Коноваловка: 1
2025-05-10 20:09:36,311 - INFO - Малая Шильна: 1
2025-05-10 20:09:36,311 - INFO - Гидромеханизатор: 1
2025-05-10 20:09:36,311 - INFO - Царёво: 1
2025-05-10 20:09:36,311 - INFO - Тюлячи: 1
2025-05-10 20:09:36,312 - INFO - Богородское: 1
2025-05-10 20:09:36,312 - INFO - Среднее Девятово: 1
2025-05-10 20:09:36,312 - INFO - Пестрецы: 1
2025-05-10 20:09:36,312 - INFO - Актюбинский: 1
2025-05-10 20:09:36,312 - INFO - Старое Шигалеево: 1
2025-05-10 20:09:36,313 - INFO - Буинск: 1
2025-05-10 20:09:36,313 - INFO - Сетяково: 1
2025-05-10 20:09:36,313 - INFO - Новошешминск: 1
2025-05-10 20:09:36,313 - INFO - Агрыз: 1
2025-05-10 20:09:36,314 - INFO - Сарманово: 1
2025-05-10 20:09:36,314 - INFO - Галактионово: 1
2025-05-10 20:09:36,314 - INFO - Мензелинск: 1
2025-05-10 20:09:36,315 - INFO - Яльчики: 1
2025-05-10 20:09:36,315 - INFO - Мамадыш: 1
2025-05-10 20:09:36,315 - INFO - Старое Дрожжаное: 1
2025-05-10 20:09:36,315 - INFO - Алексеевское: 1
2025-05-10 20:09:36,315 - INFO - Красный Ключ: 1
2025-05-10 20:09:36,315 - INFO - 
Статистика по ценам:
2025-05-10 20:09:36,316 - INFO - mean: 79,338.89
2025-05-10 20:09:36,316 - INFO - median: 65,000.00
2025-05-10 20:09:36,316 - INFO - min: 1,000.00
2025-05-10 20:09:36,316 - INFO - max: 243,360.00
2025-05-10 20:09:36,317 - INFO - 
Статистика по ценам за м²:
2025-05-10 20:09:36,317 - INFO - mean: 1345.00
2025-05-10 20:09:36,317 - INFO - median: 1250.00
2025-05-10 20:09:36,318 - INFO - min: 100.00
2025-05-10 20:09:36,318 - INFO - max: 3570.00
2025-05-10 20:09:36,318 - INFO - 
Статистика по площадям:
2025-05-10 20:09:36,318 - INFO - mean: 64.37
2025-05-10 20:09:36,319 - INFO - median: 60.00
2025-05-10 20:09:36,319 - INFO - min: 1.00
2025-05-10 20:09:36,319 - INFO - max: 150.00
2025-05-10 20:09:36,319 - INFO - 
Объявления с экстремальными ценами:
2025-05-10 20:09:36,320 - INFO - 
Минимальная общая цена:
2025-05-10 20:09:36,320 - INFO - Цена: 1,000.00 руб
2025-05-10 20:09:36,321 - INFO - Цена за м²: 1,000.00 руб/м²
2025-05-10 20:09:36,321 - INFO - Площадь: 1.0 м²
2025-05-10 20:09:36,321 - INFO - Город: Набережные Челны
2025-05-10 20:09:36,321 - INFO - Адрес: Набережночелнинский пр-т, 70/56Набережные Челны
2025-05-10 20:09:36,321 - INFO - Заголовок: Торговая, от 60 до 127 м²
2025-05-10 20:09:36,322 - INFO - URL: https://www.avito.ru/naberezhnye_chelny/kommercheskaya_nedvizhimost/torgovaya_ot_60_do_127_m_4664203293?context=H4sIAAAAAAAA_wE_AMD_YToyOntzOjEzOiJsb2NhbFByaW9yaXR5IjtiOjA7czoxOiJ4IjtzOjE2OiJ4eGZWZmdvWUJvUFdCTW1sIjt9jQZcRz8AAAA
2025-05-10 20:09:36,322 - INFO - Цена: 1,000.00 руб
2025-05-10 20:09:36,322 - INFO - Цена за м²: 1,000.00 руб/м²
2025-05-10 20:09:36,322 - INFO - Площадь: 1.0 м²
2025-05-10 20:09:36,323 - INFO - Город: Набережные Челны
2025-05-10 20:09:36,323 - INFO - Адрес: пр-т Абдурахмана Абсалямова, 14Набережные Челны
2025-05-10 20:09:36,323 - INFO - Заголовок: Торговая, от 70 до 1000 м²
2025-05-10 20:09:36,323 - INFO - URL: https://www.avito.ru/naberezhnye_chelny/kommercheskaya_nedvizhimost/torgovaya_ot_70_do_1000_m_4663902651?context=H4sIAAAAAAAA_wE_AMD_YToyOntzOjEzOiJsb2NhbFByaW9yaXR5IjtiOjA7czoxOiJ4IjtzOjE2OiJ4eGZWZmdvWUJvUFdCTW1sIjt9jQZcRz8AAAA
2025-05-10 20:09:36,324 - INFO - Цена: 1,000.00 руб
2025-05-10 20:09:36,324 - INFO - Цена за м²: 1,000.00 руб/м²
2025-05-10 20:09:36,324 - INFO - Площадь: 1.0 м²
2025-05-10 20:09:36,324 - INFO - Город: Сокуры
2025-05-10 20:09:36,325 - INFO - Адрес: Советская ул., 10с. Сокуры
2025-05-10 20:09:36,325 - INFO - Заголовок: Свободного назначения, 1 м²
2025-05-10 20:09:36,325 - INFO - URL: https://www.avito.ru/kazan/kommercheskaya_nedvizhimost/svobodnogo_naznacheniya_1_m_3938727274?context=H4sIAAAAAAAA_wE_AMD_YToyOntzOjEzOiJsb2NhbFByaW9yaXR5IjtiOjA7czoxOiJ4IjtzOjE2OiJTQzRqR2M1R1d5Rll6amd3Ijt9JSWuAD8AAAA
2025-05-10 20:09:36,326 - INFO - 
Максимальная общая цена:
2025-05-10 20:09:36,326 - INFO - Цена: 243,360.00 руб
2025-05-10 20:09:36,327 - INFO - Цена за м²: 1,802.67 руб/м²
2025-05-10 20:09:36,327 - INFO - Площадь: 135.0 м²
2025-05-10 20:09:36,327 - INFO - Город: Казань
2025-05-10 20:09:36,327 - INFO - Адрес: Чистопольская ул., 19АКазань
2025-05-10 20:09:36,327 - INFO - Заголовок: Первая линия 135.2 м²
2025-05-10 20:09:36,327 - INFO - URL: https://www.avito.ru/kazan/kommercheskaya_nedvizhimost/pervaya_liniya_135.2_m_7300009318?context=H4sIAAAAAAAA_wE_AMD_YToyOntzOjEzOiJsb2NhbFByaW9yaXR5IjtiOjA7czoxOiJ4IjtzOjE2OiI3RVZVb1ZGaVE2WVZYT2tMIjt98QzeCj8AAAA
2025-05-10 20:09:36,328 - INFO - Цена: 243,360.00 руб
2025-05-10 20:09:36,328 - INFO - Цена за м²: 1,802.67 руб/м²
2025-05-10 20:09:36,328 - INFO - Площадь: 135.0 м²
2025-05-10 20:09:36,328 - INFO - Город: Казань
2025-05-10 20:09:36,329 - INFO - Адрес: Чистопольская ул., 19АКазань
2025-05-10 20:09:36,329 - INFO - Заголовок: Первая линия 135.2 м²
2025-05-10 20:09:36,329 - INFO - URL: https://www.avito.ru/kazan/kommercheskaya_nedvizhimost/pervaya_liniya_135.2_m_7300009318?context=H4sIAAAAAAAA_wE_AMD_YToyOntzOjEzOiJsb2NhbFByaW9yaXR5IjtiOjA7czoxOiJ4IjtzOjE2OiJIMFFZZ05vNXk2blJCdGc4Ijt9P_qucj8AAAA
2025-05-10 20:09:36,330 - INFO - 
Минимальная цена за м²:
2025-05-10 20:09:36,331 - INFO - Цена за м²: 100.00 руб/м²
2025-05-10 20:09:36,331 - INFO - Общая цена: 2,500.00 руб
2025-05-10 20:09:36,331 - INFO - Площадь: 25.0 м²
2025-05-10 20:09:36,332 - INFO - Город: Набережные Челны
2025-05-10 20:09:36,332 - INFO - Адрес: ул. Раскольникова, 29АНабережные Челны
2025-05-10 20:09:36,332 - INFO - Заголовок: Сдам в аренду 25 м2
2025-05-10 20:09:36,332 - INFO - URL: https://www.avito.ru/naberezhnye_chelny/kommercheskaya_nedvizhimost/sdam_v_arendu_25_m2_7303016556?context=H4sIAAAAAAAA_wE_AMD_YToyOntzOjEzOiJsb2NhbFByaW9yaXR5IjtiOjA7czoxOiJ4IjtzOjE2OiJIMFFZZ05vNXk2blJCdGc4Ijt9P_qucj8AAAA
2025-05-10 20:09:36,333 - INFO - Цена за м²: 100.00 руб/м²
2025-05-10 20:09:36,333 - INFO - Общая цена: 5,400.00 руб
2025-05-10 20:09:36,334 - INFO - Площадь: 54.0 м²
2025-05-10 20:09:36,334 - INFO - Город: Чистополь
2025-05-10 20:09:36,334 - INFO - Адрес: ул. Ленина, 59Чистополь
2025-05-10 20:09:36,335 - INFO - Заголовок: Сдам в аренду
2025-05-10 20:09:36,335 - INFO - URL: https://www.avito.ru/chistopol/kommercheskaya_nedvizhimost/sdam_v_arendu_4167505459?context=H4sIAAAAAAAA_wE_AMD_YToyOntzOjEzOiJsb2NhbFByaW9yaXR5IjtiOjA7czoxOiJ4IjtzOjE2OiJjNnlWbmlBSG1jczZTbVoxIjt9QrWrEj8AAAA
2025-05-10 20:09:36,336 - INFO - Цена за м²: 100.00 руб/м²
2025-05-10 20:09:36,336 - INFO - Общая цена: 8,000.00 руб
2025-05-10 20:09:36,336 - INFO - Площадь: 80.0 м²
2025-05-10 20:09:36,336 - INFO - Город: Новошешминск
2025-05-10 20:09:36,336 - INFO - Адрес: ул. Ленина, 37с. Новошешминск
2025-05-10 20:09:36,336 - INFO - Заголовок: Торговая площадь, 80 м²
2025-05-10 20:09:36,337 - INFO - URL: https://www.avito.ru/novosheshminsk/kommercheskaya_nedvizhimost/torgovaya_ploschad_80_m_3450078026?context=H4sIAAAAAAAA_wE_AMD_YToyOntzOjEzOiJsb2NhbFByaW9yaXR5IjtiOjA7czoxOiJ4IjtzOjE2OiIxNWNpbzZkSjZ0a3FTZkxGIjt9XP5w2z8AAAA
2025-05-10 20:09:36,337 - INFO - Цена за м²: 100.00 руб/м²
2025-05-10 20:09:36,337 - INFO - Общая цена: 2,500.00 руб
2025-05-10 20:09:36,338 - INFO - Площадь: 25.0 м²
2025-05-10 20:09:36,338 - INFO - Город: Джалиль
2025-05-10 20:09:36,338 - INFO - Адрес: ул. Ахмадиева, 6пгт. Джалиль
2025-05-10 20:09:36,338 - INFO - Заголовок: Свободного назначения, 25 м²
2025-05-10 20:09:36,338 - INFO - URL: https://www.avito.ru/dzhalil/kommercheskaya_nedvizhimost/svobodnogo_naznacheniya_25_m_1593264135?context=H4sIAAAAAAAA_wE_AMD_YToyOntzOjEzOiJsb2NhbFByaW9yaXR5IjtiOjA7czoxOiJ4IjtzOjE2OiI3cThlWE11NWdSNmNqT0JCIjt9hlJyCT8AAAA
2025-05-10 20:09:36,339 - INFO - 
Максимальная цена за м²:
2025-05-10 20:09:36,340 - INFO - Цена за м²: 3,570.00 руб/м²
2025-05-10 20:09:36,340 - INFO - Общая цена: 5,355.00 руб
2025-05-10 20:09:36,340 - INFO - Площадь: 1.5 м²
2025-05-10 20:09:36,340 - INFO - Город: Казань
2025-05-10 20:09:36,340 - INFO - Адрес: ул. Адоратского, 2БКазань
2025-05-10 20:09:36,340 - INFO - Заголовок: Аренда кладовки, 3,75 м3
2025-05-10 20:09:36,341 - INFO - URL: https://www.avito.ru/kazan/kommercheskaya_nedvizhimost/arenda_kladovki_375_m3_4108719776?context=H4sIAAAAAAAA_wE_AMD_YToyOntzOjEzOiJsb2NhbFByaW9yaXR5IjtiOjA7czoxOiJ4IjtzOjE2OiJjNnlWbmlBSG1jczZTbVoxIjt9QrWrEj8AAAA
