2025-05-10 20:14:06,322 - INFO - Загружено 783 записей из scrapers/merged_sale_data.csv
2025-05-10 20:14:06,322 - INFO - Начало очистки данных...
2025-05-10 20:14:06,322 - INFO - Очистка адресов...
2025-05-10 20:14:06,334 - INFO - Очистка площадей...
2025-05-10 20:14:06,337 - INFO - Очистка цен...
2025-05-10 20:14:06,388 - INFO - Удалено 289 записей с некорректными ценами
2025-05-10 20:14:06,388 - INFO - Удаление выбросов в ценах...
2025-05-10 20:14:06,397 - INFO - Удалено 9 записей с выбросами в ценах
2025-05-10 20:14:06,399 - INFO - Поиск дубликатов...
2025-05-10 20:14:06,490 - INFO - Найдено 3 пар дубликатов
2025-05-10 20:14:06,490 - INFO - Удаление дубликатов...
2025-05-10 20:14:06,491 - INFO - Очистка завершена. Осталось 484 записей
2025-05-10 20:14:06,502 - INFO - Результаты сохранены в scrapers/cleaned_sale_data.csv
2025-05-10 20:14:06,505 - INFO - 
=== Отчет по очистке данных продажи ===
2025-05-10 20:14:06,506 - INFO - Всего записей: 484
2025-05-10 20:14:06,506 - INFO - 
Распределение по городам:
2025-05-10 20:14:06,506 - INFO - Казань: 198
2025-05-10 20:14:06,507 - INFO - Набережные Челны: 63
2025-05-10 20:14:06,507 - INFO - Нижнекамск: 25
2025-05-10 20:14:06,507 - INFO - Альметьевск: 24
2025-05-10 20:14:06,508 - INFO - Осиново: 18
2025-05-10 20:14:06,508 - INFO - Лениногорск: 11
2025-05-10 20:14:06,509 - INFO - Бугульма: 11
2025-05-10 20:14:06,509 - INFO - Зеленодольск: 9
2025-05-10 20:14:06,509 - INFO - Азнакаево: 8
2025-05-10 20:14:06,510 - INFO - Чистополь: 8
2025-05-10 20:14:06,510 - INFO - Нурлат: 5
2025-05-10 20:14:06,510 - INFO - Заинск: 5
2025-05-10 20:14:06,510 - INFO - Бавлы: 5
2025-05-10 20:14:06,511 - INFO - Тетюши: 4
2025-05-10 20:14:06,511 - INFO - Кукмор: 4
2025-05-10 20:14:06,511 - INFO - Высокая Гора: 4
2025-05-10 20:14:06,511 - INFO - Базарные Матаки: 4
2025-05-10 20:14:06,512 - INFO - Елабуга: 4
2025-05-10 20:14:06,512 - INFO - Арск: 3
2025-05-10 20:14:06,512 - INFO - Агрыз: 3
2025-05-10 20:14:06,512 - INFO - Нижняя Мактама: 3
2025-05-10 20:14:06,512 - INFO - Менделеевск: 2
2025-05-10 20:14:06,512 - INFO - Апастово: 2
2025-05-10 20:14:06,513 - INFO - Пестрецы: 2
2025-05-10 20:14:06,513 - INFO - Болгар: 2
2025-05-10 20:14:06,513 - INFO - Мамадыш: 2
2025-05-10 20:14:06,513 - INFO - Новое Шигалеево: 2
2025-05-10 20:14:06,514 - INFO - Лаишево: 2
2025-05-10 20:14:06,514 - INFO - Иннополис: 2
2025-05-10 20:14:06,514 - INFO - Васильево: 2
2025-05-10 20:14:06,514 - INFO - Царёво: 2
2025-05-10 20:14:06,515 - INFO - Актюбинский: 2
2025-05-10 20:14:06,515 - INFO - Ильбухтино: 2
2025-05-10 20:14:06,515 - INFO - Горизонт: 1
2025-05-10 20:14:06,515 - INFO - Куюки: 1
2025-05-10 20:14:06,516 - INFO - Орёл: 1
2025-05-10 20:14:06,516 - INFO - Шемордан: 1
2025-05-10 20:14:06,516 - INFO - Нижние Метески: 1
2025-05-10 20:14:06,516 - INFO - Сабакаево: 1
2025-05-10 20:14:06,516 - INFO - Мензелинск: 1
2025-05-10 20:14:06,517 - INFO - Богатые Сабы: 1
2025-05-10 20:14:06,517 - INFO - Калейкино: 1
2025-05-10 20:14:06,517 - INFO - Нижний Услон: 1
2025-05-10 20:14:06,517 - INFO - Азеево: 1
2025-05-10 20:14:06,517 - INFO - Смыловка: 1
2025-05-10 20:14:06,518 - INFO - Уруссу: 1
2025-05-10 20:14:06,518 - INFO - Большие Яки: 1
2025-05-10 20:14:06,518 - INFO - Никольское: 1
2025-05-10 20:14:06,518 - INFO - Буинск: 1
2025-05-10 20:14:06,519 - INFO - Яшь Кеч: 1
2025-05-10 20:14:06,519 - INFO - Новый Кинер: 1
2025-05-10 20:14:06,519 - INFO - Шали: 1
2025-05-10 20:14:06,520 - INFO - Рыбная Слобода: 1
2025-05-10 20:14:06,520 - INFO - Щурячий: 1
2025-05-10 20:14:06,520 - INFO - Карабаш: 1
2025-05-10 20:14:06,520 - INFO - Большое Афанасово: 1
2025-05-10 20:14:06,520 - INFO - Сосновый Бор: 1
2025-05-10 20:14:06,520 - INFO - Тимяшево: 1
2025-05-10 20:14:06,520 - INFO - Камское Устье: 1
2025-05-10 20:14:06,521 - INFO - Исмагилово: 1
2025-05-10 20:14:06,521 - INFO - Каратун: 1
2025-05-10 20:14:06,521 - INFO - Актаныш: 1
2025-05-10 20:14:06,521 - INFO - Новоникольск: 1
2025-05-10 20:14:06,521 - INFO - Николашкино: 1
2025-05-10 20:14:06,522 - INFO - Джалиль: 1
2025-05-10 20:14:06,522 - INFO - Анатыш: 1
2025-05-10 20:14:06,522 - INFO - Су: 1
2025-05-10 20:14:06,522 - INFO - Троицкий: 1
2025-05-10 20:14:06,522 - INFO - Усадьба: 1
2025-05-10 20:14:06,523 - INFO - Куйбышевский Затон: 1
2025-05-10 20:14:06,523 - INFO - Икское Устье: 1
2025-05-10 20:14:06,523 - INFO - Ерыкса: 1
2025-05-10 20:14:06,523 - INFO - Кичуй: 1
2025-05-10 20:14:06,524 - INFO - Антоновка: 1
2025-05-10 20:14:06,524 - INFO - 
Статистика по ценам продажи:
2025-05-10 20:14:06,524 - INFO - mean: 15,362,093.34
2025-05-10 20:14:06,525 - INFO - median: 12,372,500.00
2025-05-10 20:14:06,525 - INFO - min: 120,000.00
2025-05-10 20:14:06,525 - INFO - max: 46,000,000.00
2025-05-10 20:14:06,525 - INFO - 
Статистика по ценам продажи за м²:
2025-05-10 20:14:06,525 - INFO - mean: 130249.62
2025-05-10 20:14:06,526 - INFO - median: 120000.00
2025-05-10 20:14:06,526 - INFO - min: 10000.00
2025-05-10 20:14:06,526 - INFO - max: 300000.00
2025-05-10 20:14:06,526 - INFO - 
Статистика по площадям:
2025-05-10 20:14:06,527 - INFO - mean: 214.99
2025-05-10 20:14:06,527 - INFO - median: 100.00
2025-05-10 20:14:06,528 - INFO - min: 1.00
2025-05-10 20:14:06,528 - INFO - max: 3600.00
2025-05-10 20:14:06,528 - INFO - 
Объявления с экстремальными ценами:
2025-05-10 20:14:06,529 - INFO - 
Минимальная общая цена:
2025-05-10 20:14:06,529 - INFO - Цена: 120,000.00 руб
2025-05-10 20:14:06,530 - INFO - Цена за м²: 120,000.00 руб/м²
2025-05-10 20:14:06,530 - INFO - Площадь: 1.0 м²
2025-05-10 20:14:06,530 - INFO - Город: Набережные Челны
2025-05-10 20:14:06,530 - INFO - Адрес: Мензелинский тракт, 7ВНабережные Челны
2025-05-10 20:14:06,530 - INFO - Заголовок: Свободного назначения, 1 м²
2025-05-10 20:14:06,531 - INFO - URL: https://www.avito.ru/naberezhnye_chelny/kommercheskaya_nedvizhimost/svobodnogo_naznacheniya_1_m_4653740715?context=H4sIAAAAAAAA_wE_AMD_YToyOntzOjEzOiJsb2NhbFByaW9yaXR5IjtiOjA7czoxOiJ4IjtzOjE2OiJmUnl2b0ZmZ0dNaTFQSlRkIjt9FQnwPz8AAAA
2025-05-10 20:14:06,531 - INFO - 
Максимальная общая цена:
2025-05-10 20:14:06,532 - INFO - Цена: 46,000,000.00 руб
2025-05-10 20:14:06,532 - INFO - Цена за м²: 40,280.21 руб/м²
2025-05-10 20:14:06,532 - INFO - Площадь: 1142.0 м²
2025-05-10 20:14:06,532 - INFO - Город: Набережные Челны
2025-05-10 20:14:06,533 - INFO - Адрес: посёлок ГЭС, пер. Энергетиков, 7Набережные Челны
2025-05-10 20:14:06,533 - INFO - Заголовок: Свободного назначения, 1142 м²
2025-05-10 20:14:06,533 - INFO - URL: https://www.avito.ru/naberezhnye_chelny/kommercheskaya_nedvizhimost/svobodnogo_naznacheniya_1142_m_3766858402?context=H4sIAAAAAAAA_wE_AMD_YToyOntzOjEzOiJsb2NhbFByaW9yaXR5IjtiOjA7czoxOiJ4IjtzOjE2OiJzYThZeDh1TTN6Vnd4MGFqIjt9wt5pyD8AAAA
2025-05-10 20:14:06,534 - INFO - 
Минимальная цена за м²:
2025-05-10 20:14:06,535 - INFO - Цена за м²: 10,000.00 руб/м²
2025-05-10 20:14:06,535 - INFO - Общая цена: 13,000,000.00 руб
2025-05-10 20:14:06,535 - INFO - Площадь: 1300.0 м²
2025-05-10 20:14:06,535 - INFO - Город: Казань
2025-05-10 20:14:06,535 - INFO - Адрес: Кремлёвская ул., 2Казань
2025-05-10 20:14:06,536 - INFO - Заголовок: Производство
2025-05-10 20:14:06,536 - INFO - URL: https://www.avito.ru/kazan/kommercheskaya_nedvizhimost/proizvodstvo_4787281519?context=H4sIAAAAAAAA_wE_AMD_YToyOntzOjEzOiJsb2NhbFByaW9yaXR5IjtiOjA7czoxOiJ4IjtzOjE2OiJVT0FsY1ZEbUk2TXBVQ3dlIjt9xrpTjj8AAAA
2025-05-10 20:14:06,536 - INFO - Цена за м²: 10,000.00 руб/м²
2025-05-10 20:14:06,536 - INFO - Общая цена: 5,700,000.00 руб
2025-05-10 20:14:06,537 - INFO - Площадь: 570.0 м²
2025-05-10 20:14:06,537 - INFO - Город: Кичуй
2025-05-10 20:14:06,537 - INFO - Адрес: Центральная ул., 50с. Кичуй
2025-05-10 20:14:06,537 - INFO - Заголовок: Торговая площадь, 570 м²
2025-05-10 20:14:06,537 - INFO - URL: https://www.avito.ru/almetevsk/kommercheskaya_nedvizhimost/torgovaya_ploschad_570_m_2097230253?context=H4sIAAAAAAAA_wE_AMD_YToyOntzOjEzOiJsb2NhbFByaW9yaXR5IjtiOjA7czoxOiJ4IjtzOjE2OiJveWkxelZsSmViN3psZ1pKIjt9SvyPrT8AAAA
2025-05-10 20:14:06,537 - INFO - Цена за м²: 10,000.00 руб/м²
2025-05-10 20:14:06,537 - INFO - Общая цена: 36,000,000.00 руб
2025-05-10 20:14:06,538 - INFO - Площадь: 3600.0 м²
2025-05-10 20:14:06,538 - INFO - Город: Азнакаево
2025-05-10 20:14:06,538 - INFO - Адрес: ул. Багаутдинова, 12Азнакаево
2025-05-10 20:14:06,538 - INFO - Заголовок: Помещение свободного назначения, 3600 м²
2025-05-10 20:14:06,539 - INFO - URL: https://www.avito.ru/aznakaevo/kommercheskaya_nedvizhimost/pomeschenie_svobodnogo_naznacheniya_3600_m_1119709003?context=H4sIAAAAAAAA_wE_AMD_YToyOntzOjEzOiJsb2NhbFByaW9yaXR5IjtiOjA7czoxOiJ4IjtzOjE2OiJveWkxelZsSmViN3psZ1pKIjt9SvyPrT8AAAA
2025-05-10 20:14:06,540 - INFO - 
Максимальная цена за м²:
2025-05-10 20:14:06,540 - INFO - Цена за м²: 300,000.00 руб/м²
2025-05-10 20:14:06,541 - INFO - Общая цена: 9,420,000.00 руб
2025-05-10 20:14:06,541 - INFO - Площадь: 31.4 м²
2025-05-10 20:14:06,542 - INFO - Город: Казань
2025-05-10 20:14:06,542 - INFO - Адрес: ул. Рауиса Гареева, 76Казань
2025-05-10 20:14:06,543 - INFO - Заголовок: Продается ПСН в новом ЖК на Гареева
2025-05-10 20:14:06,543 - INFO - URL: https://www.avito.ru/kazan/kommercheskaya_nedvizhimost/prodaetsya_psn_v_novom_zhk_na_gareeva_7352115370?context=H4sIAAAAAAAA_wE_AMD_YToyOntzOjEzOiJsb2NhbFByaW9yaXR5IjtiOjA7czoxOiJ4IjtzOjE2OiJRdENIYjgweVh5RDAyamlrIjt9Wg2foT8AAAA
2025-05-10 20:14:06,544 - INFO - Цена за м²: 300,000.00 руб/м²
2025-05-10 20:14:06,544 - INFO - Общая цена: 21,240,000.00 руб
2025-05-10 20:14:06,544 - INFO - Площадь: 70.8 м²
2025-05-10 20:14:06,545 - INFO - Город: Казань
2025-05-10 20:14:06,545 - INFO - Адрес: ул. Баки Урманче, 4к4Казань
2025-05-10 20:14:06,545 - INFO - Заголовок: Продажа помещений свободного назначения, от 70.8 м
2025-05-10 20:14:06,545 - INFO - URL: https://www.avito.ru/kazan/kommercheskaya_nedvizhimost/prodazha_pomescheniy_svobodnogo_naznacheniya_ot_70.8_m_7349273691?context=H4sIAAAAAAAA_wE_AMD_YToyOntzOjEzOiJsb2NhbFByaW9yaXR5IjtiOjA7czoxOiJ4IjtzOjE2OiJJTjlqYm92QXVFTmVxRmhKIjt9j7bcxj8AAAA
2025-05-10 20:14:06,546 - INFO - Цена за м²: 300,000.00 руб/м²
2025-05-10 20:14:06,546 - INFO - Общая цена: 30,000,000.00 руб
2025-05-10 20:14:06,546 - INFO - Площадь: 100.0 м²
2025-05-10 20:14:06,546 - INFO - Город: Казань
2025-05-10 20:14:06,547 - INFO - Адрес: ул. Шуртыгина, 32/22Казань
2025-05-10 20:14:06,547 - INFO - Заголовок: Свободного назначения, 100 м²
2025-05-10 20:14:06,547 - INFO - URL: https://www.avito.ru/kazan/kommercheskaya_nedvizhimost/svobodnogo_naznacheniya_100_m_7351482822?context=H4sIAAAAAAAA_wE_AMD_YToyOntzOjEzOiJsb2NhbFByaW9yaXR5IjtiOjA7czoxOiJ4IjtzOjE2OiJJTjlqYm92QXVFTmVxRmhKIjt9j7bcxj8AAAA
2025-05-10 20:14:06,547 - INFO - Цена за м²: 300,000.00 руб/м²
2025-05-10 20:14:06,548 - INFO - Общая цена: 21,000,000.00 руб
2025-05-10 20:14:06,548 - INFO - Площадь: 70.0 м²
2025-05-10 20:14:06,548 - INFO - Город: Казань
2025-05-10 20:14:06,548 - INFO - Адрес: ул. Рихарда Зорге, 66ВКазань
2025-05-10 20:14:06,549 - INFO - Заголовок: Продается помещение с арендатором около метро
2025-05-10 20:14:06,549 - INFO - URL: https://www.avito.ru/kazan/kommercheskaya_nedvizhimost/prodaetsya_pomeschenie_s_arendatorom_okolo_metro_7256294255?context=H4sIAAAAAAAA_wE_AMD_YToyOntzOjEzOiJsb2NhbFByaW9yaXR5IjtiOjA7czoxOiJ4IjtzOjE2OiJ2VmQ1cXQyckEzOEo4ankwIjt9OY6PzT8AAAA
2025-05-10 20:14:06,550 - INFO - Цена за м²: 300,000.00 руб/м²
2025-05-10 20:14:06,550 - INFO - Общая цена: 13,500,000.00 руб
2025-05-10 20:14:06,550 - INFO - Площадь: 45.0 м²
2025-05-10 20:14:06,550 - INFO - Город: Казань
2025-05-10 20:14:06,550 - INFO - Адрес: пр-т Ямашева, 54к5Казань
2025-05-10 20:14:06,551 - INFO - Заголовок: Торговая площадь
2025-05-10 20:14:06,551 - INFO - URL: https://www.avito.ru/kazan/kommercheskaya_nedvizhimost/torgovaya_ploschad_7199607476?context=H4sIAAAAAAAA_wE_AMD_YToyOntzOjEzOiJsb2NhbFByaW9yaXR5IjtiOjA7czoxOiJ4IjtzOjE2OiJ2VmQ1cXQyckEzOEo4ankwIjt9OY6PzT8AAAA
2025-05-10 20:14:06,551 - INFO - Цена за м²: 300,000.00 руб/м²
2025-05-10 20:14:06,551 - INFO - Общая цена: 27,360,000.00 руб
2025-05-10 20:14:06,552 - INFO - Площадь: 91.2 м²
2025-05-10 20:14:06,552 - INFO - Город: Казань
2025-05-10 20:14:06,552 - INFO - Адрес: ул. Декабристов, 205Казань
2025-05-10 20:14:06,552 - INFO - Заголовок: Габ, помещение с арендатором, Декабристов,205
2025-05-10 20:14:06,552 - INFO - URL: https://www.avito.ru/kazan/kommercheskaya_nedvizhimost/gab_pomeschenie_s_arendatorom_dekabristov205_4786600160?context=H4sIAAAAAAAA_wE_AMD_YToyOntzOjEzOiJsb2NhbFByaW9yaXR5IjtiOjA7czoxOiJ4IjtzOjE2OiJVT0FsY1ZEbUk2TXBVQ3dlIjt9xrpTjj8AAAA
2025-05-10 20:14:06,553 - INFO - Цена за м²: 300,000.00 руб/м²
2025-05-10 20:14:06,553 - INFO - Общая цена: 16,566,000.00 руб
2025-05-10 20:14:06,553 - INFO - Площадь: 55.22 м²
2025-05-10 20:14:06,553 - INFO - Город: Казань
2025-05-10 20:14:06,554 - INFO - Адрес: жилой комплекс Статный, 2Казань
2025-05-10 20:14:06,554 - INFO - Заголовок: Свободного назначения, 55.22 м²
2025-05-10 20:14:06,554 - INFO - URL: https://www.avito.ru/kazan/kommercheskaya_nedvizhimost/svobodnogo_naznacheniya_55.22_m_4622097733?context=H4sIAAAAAAAA_wE_AMD_YToyOntzOjEzOiJsb2NhbFByaW9yaXR5IjtiOjA7czoxOiJ4IjtzOjE2OiJmUnl2b0ZmZ0dNaTFQSlRkIjt9FQnwPz8AAAA
2025-05-10 20:14:06,555 - INFO - Цена за м²: 300,000.00 руб/м²
2025-05-10 20:14:06,555 - INFO - Общая цена: 21,204,000.00 руб
2025-05-10 20:14:06,555 - INFO - Площадь: 70.68 м²
2025-05-10 20:14:06,556 - INFO - Город: Казань
2025-05-10 20:14:06,556 - INFO - Адрес: жилой комплекс Статный, 2Казань
2025-05-10 20:14:06,556 - INFO - Заголовок: Свободного назначения, 70.68 м²
2025-05-10 20:14:06,556 - INFO - URL: https://www.avito.ru/kazan/kommercheskaya_nedvizhimost/svobodnogo_naznacheniya_70.68_m_4621701100?context=H4sIAAAAAAAA_wE_AMD_YToyOntzOjEzOiJsb2NhbFByaW9yaXR5IjtiOjA7czoxOiJ4IjtzOjE2OiJmUnl2b0ZmZ0dNaTFQSlRkIjt9FQnwPz8AAAA
2025-05-10 20:14:06,557 - INFO - Цена за м²: 300,000.00 руб/м²
2025-05-10 20:14:06,557 - INFO - Общая цена: 25,113,000.00 руб
2025-05-10 20:14:06,557 - INFO - Площадь: 83.71 м²
2025-05-10 20:14:06,558 - INFO - Город: Казань
2025-05-10 20:14:06,558 - INFO - Адрес: жилой комплекс Статный, 2Казань
2025-05-10 20:14:06,558 - INFO - Заголовок: Свободного назначения, 83.71 м²
2025-05-10 20:14:06,559 - INFO - URL: https://www.avito.ru/kazan/kommercheskaya_nedvizhimost/svobodnogo_naznacheniya_83.71_m_4622055370?context=H4sIAAAAAAAA_wE_AMD_YToyOntzOjEzOiJsb2NhbFByaW9yaXR5IjtiOjA7czoxOiJ4IjtzOjE2OiJmUnl2b0ZmZ0dNaTFQSlRkIjt9FQnwPz8AAAA
2025-05-10 20:14:06,559 - INFO - Цена за м²: 300,000.00 руб/м²
2025-05-10 20:14:06,560 - INFO - Общая цена: 45,000,000.00 руб
2025-05-10 20:14:06,560 - INFO - Площадь: 150.0 м²
2025-05-10 20:14:06,561 - INFO - Город: Набережные Челны
2025-05-10 20:14:06,561 - INFO - Адрес: пр-т Сююмбике, 34Набережные Челны
2025-05-10 20:14:06,561 - INFO - Заголовок: Свободного назначения, 150 м²
2025-05-10 20:14:06,561 - INFO - URL: https://www.avito.ru/naberezhnye_chelny/kommercheskaya_nedvizhimost/svobodnogo_naznacheniya_150_m_4461850464?context=H4sIAAAAAAAA_wE_AMD_YToyOntzOjEzOiJsb2NhbFByaW9yaXR5IjtiOjA7czoxOiJ4IjtzOjE2OiI3enZ3dldCdDc4eW9qRFdYIjt9TbgjnD8AAAA
