2025-05-10 19:08:25,921 - INFO - Загружено 1087 записей из scrapers/merged_rent_data.csv
2025-05-10 19:08:25,921 - INFO - Начало очистки данных...
2025-05-10 19:08:25,921 - INFO - Очистка адресов...
2025-05-10 19:08:25,937 - INFO - Очистка площадей...
2025-05-10 19:08:25,952 - INFO - Очистка цен...
2025-05-10 19:08:25,988 - INFO - Удаление выбросов в ценах...
2025-05-10 19:08:25,992 - INFO - Удалено 64 записей с выбросами в ценах
2025-05-10 19:08:25,992 - INFO - Поиск дубликатов...
2025-05-10 19:16:06,312 - INFO - Найдено 985 пар дубликатов
2025-05-10 19:16:06,312 - INFO - Удаление дубликатов...
2025-05-10 19:16:06,320 - INFO - Очистка завершена. Осталось 656 записей
2025-05-10 19:16:06,337 - INFO - Результаты сохранены в scrapers/cleaned_rent_data.csv
2025-05-10 19:16:06,337 - INFO - 
Отчет по очистке данных:
2025-05-10 19:16:06,337 - INFO - Всего записей: 656
2025-05-10 19:16:06,337 - INFO - 
Распределение по городам:
2025-05-10 19:16:06,337 - INFO - Казань: 400
2025-05-10 19:16:06,337 - INFO - Набережные Челны: 84
2025-05-10 19:16:06,337 - INFO - Нижнекамск: 25
2025-05-10 19:16:06,337 - INFO - Альметьевск: 21
2025-05-10 19:16:06,337 - INFO - Зеленодольск: 15
2025-05-10 19:16:06,337 - INFO - Елабуга: 12
2025-05-10 19:16:06,337 - INFO - Бугульма: 11
2025-05-10 19:16:06,337 - INFO - Лениногорск: 8
2025-05-10 19:16:06,337 - INFO - Чистополь: 7
2025-05-10 19:16:06,337 - INFO - Азнакаево: 7
2025-05-10 19:16:06,337 - INFO - Арск: 5
2025-05-10 19:16:06,344 - INFO - Куюки: 5
2025-05-10 19:16:06,344 - INFO - Высокая Гора: 5
2025-05-10 19:16:06,344 - INFO - Осиново: 5
2025-05-10 19:16:06,344 - INFO - : 3
2025-05-10 19:16:06,344 - INFO - Нурлат: 3
2025-05-10 19:16:06,344 - INFO - Васильево: 3
2025-05-10 19:16:06,344 - INFO - Усады: 3
2025-05-10 19:16:06,344 - INFO - Новое Шигалеево: 2
2025-05-10 19:16:06,344 - INFO - Песчаные Ковали: 2
2025-05-10 19:16:06,344 - INFO - Менделеевск: 2
2025-05-10 19:16:06,344 - INFO - Заинск: 2
2025-05-10 19:16:06,344 - INFO - Бавлы: 2
2025-05-10 19:16:06,344 - INFO - Большая Атня: 2
2025-05-10 19:16:06,344 - INFO - Новониколаевский: 1
2025-05-10 19:16:06,344 - INFO - Большие Бутырки: 1
2025-05-10 19:16:06,344 - INFO - Малый Бакрче: 1
2025-05-10 19:16:06,344 - INFO - Богородское: 1
2025-05-10 19:16:06,344 - INFO - Кощаково: 1
2025-05-10 19:16:06,344 - INFO - Лаишево: 1
2025-05-10 19:16:06,344 - INFO - Тюлячи: 1
2025-05-10 19:16:06,344 - INFO - Малая Шильна: 1
2025-05-10 19:16:06,352 - INFO - Сокуры: 1
2025-05-10 19:16:06,352 - INFO - Базарные Матаки: 1
2025-05-10 19:16:06,352 - INFO - Столбище: 1
2025-05-10 19:16:06,352 - INFO - Пестрецы: 1
2025-05-10 19:16:06,352 - INFO - Актюбинский: 1
2025-05-10 19:16:06,352 - INFO - Муслюмово: 1
2025-05-10 19:16:06,352 - INFO - Буинск: 1
2025-05-10 19:16:06,352 - INFO - Мензелинск: 1
2025-05-10 19:16:06,352 - INFO - Яльчики: 1
2025-05-10 19:16:06,352 - INFO - Мамадыш: 1
2025-05-10 19:16:06,352 - INFO - Старое Дрожжаное: 1
2025-05-10 19:16:06,352 - INFO - Алексеевское: 1
2025-05-10 19:16:06,352 - INFO - Джалиль: 1
2025-05-10 19:16:06,352 - INFO - Красный Ключ: 1
2025-05-10 19:16:06,352 - INFO - 
Статистика по ценам:
2025-05-10 19:16:06,352 - INFO - mean: 86,799.60
2025-05-10 19:16:06,352 - INFO - median: 68,475.00
2025-05-10 19:16:06,352 - INFO - min: 14.00
2025-05-10 19:16:06,352 - INFO - max: 500,400.00
2025-05-10 19:16:06,352 - INFO - 
Статистика по площадям:
2025-05-10 19:16:06,352 - INFO - mean: 64.83
2025-05-10 19:16:06,352 - INFO - median: 60.00
2025-05-10 19:16:06,352 - INFO - min: 1.00
2025-05-10 19:16:06,352 - INFO - max: 150.00
