2025-05-10 20:04:31,312 - INFO - Загружено 1087 записей из scrapers/merged_rent_data.csv
2025-05-10 20:04:31,312 - INFO - Начало очистки данных...
2025-05-10 20:04:31,312 - INFO - Очистка адресов...
2025-05-10 20:04:31,332 - INFO - Очистка площадей...
2025-05-10 20:04:31,334 - INFO - Очистка цен...
2025-05-10 20:04:31,360 - INFO - 
Найдена placeholder цена (1 рубль):
2025-05-10 20:04:31,360 - INFO - URL: https://www.avito.ru/almetevsk/kommercheskaya_nedvizhimost/torgovaya_ploschad_14_m_v_gipere_magnit_shevchenko_4_7306204136?context=H4sIAAAAAAAA_wE_AMD_YToyOntzOjEzOiJsb2NhbFByaW9yaXR5IjtiOjA7czoxOiJ4IjtzOjE2OiJIMFFZZ05vNXk2blJCdGc4Ijt9P_qucj8AAAA
2025-05-10 20:04:31,366 - INFO - Заголовок: Торговая площадь, 14 м² в гипере Магнит Шевченко 4
2025-05-10 20:04:31,366 - INFO - Адрес: ул. Шевченко, 47Альметьевск
2025-05-10 20:04:31,380 - INFO - 
Подозрительно низкая цена:
2025-05-10 20:04:31,380 - INFO - URL: https://www.avito.ru/mendeleevsk/kommercheskaya_nedvizhimost/torgovaya_ploschad_127.5_m_4491106617?context=H4sIAAAAAAAA_wE_AMD_YToyOntzOjEzOiJsb2NhbFByaW9yaXR5IjtiOjA7czoxOiJ4IjtzOjE2OiJwUzlzbExPVk90M3pTTzI3Ijt98EhPEj8AAAA
2025-05-10 20:04:31,380 - INFO - Заголовок: Торговая площадь, 127.5 м²
2025-05-10 20:04:31,385 - INFO - Адрес: Октябрьская ул., 5Менделеевск
2025-05-10 20:04:31,385 - INFO - Исходная цена: 15
2025-05-10 20:04:31,385 - INFO - Общая цена: 1912.5
2025-05-10 20:04:31,385 - INFO - Цена за м²: 15
2025-05-10 20:04:31,386 - INFO - Площадь: 127.5
2025-05-10 20:04:31,386 - INFO - Тип цены: За м²
2025-05-10 20:04:31,392 - INFO - 
Подозрительно низкая цена:
2025-05-10 20:04:31,392 - INFO - URL: https://www.avito.ru/naberezhnye_chelny/kommercheskaya_nedvizhimost/ofis_ot_50_do_400_m_4600066061?context=H4sIAAAAAAAA_wE_AMD_YToyOntzOjEzOiJsb2NhbFByaW9yaXR5IjtiOjA7czoxOiJ4IjtzOjE2OiJ4eGZWZmdvWUJvUFdCTW1sIjt9jQZcRz8AAAA
2025-05-10 20:04:31,392 - INFO - Заголовок: Офис, от 50 до 400 м²
2025-05-10 20:04:31,393 - INFO - Адрес: пр-т Вахитова, 1АНабережные Челны
2025-05-10 20:04:31,393 - INFO - Исходная цена: 750
2025-05-10 20:04:31,393 - INFO - Общая цена: 750.0
2025-05-10 20:04:31,393 - INFO - Цена за м²: 750
2025-05-10 20:04:31,394 - INFO - Площадь: 1.0
2025-05-10 20:04:31,394 - INFO - Тип цены: За м²
2025-05-10 20:04:31,395 - INFO - 
Найдена placeholder цена (1 рубль):
2025-05-10 20:04:31,395 - INFO - URL: https://www.avito.ru/naberezhnye_chelny/kommercheskaya_nedvizhimost/ofis_44_m_3838788494?context=H4sIAAAAAAAA_wE_AMD_YToyOntzOjEzOiJsb2NhbFByaW9yaXR5IjtiOjA7czoxOiJ4IjtzOjE2OiJTQzRqR2M1R1d5Rll6amd3Ijt9JSWuAD8AAAA
2025-05-10 20:04:31,395 - INFO - Заголовок: Офис, 44 м²
2025-05-10 20:04:31,395 - INFO - Адрес: Металлургическая ул., 85Набережные Челны
2025-05-10 20:04:31,395 - INFO - 
Подозрительно низкая цена:
2025-05-10 20:04:31,395 - INFO - URL: https://www.avito.ru/kazan/kommercheskaya_nedvizhimost/sezonnoe_hranenie_shin_shinnyy_otel_3743398084?context=H4sIAAAAAAAA_wE_AMD_YToyOntzOjEzOiJsb2NhbFByaW9yaXR5IjtiOjA7czoxOiJ4IjtzOjE2OiJTQzRqR2M1R1d5Rll6amd3Ijt9JSWuAD8AAAA
2025-05-10 20:04:31,395 - INFO - Заголовок: Сезонное хранение шин, шинный отель
2025-05-10 20:04:31,395 - INFO - Адрес: ул. Халитова, 8Казань
2025-05-10 20:04:31,395 - INFO - Исходная цена: 300
2025-05-10 20:04:31,395 - INFO - Общая цена: 300.0
2025-05-10 20:04:31,395 - INFO - Цена за м²: 300
2025-05-10 20:04:31,395 - INFO - Площадь: 1.0
2025-05-10 20:04:31,395 - INFO - Тип цены: За м²
2025-05-10 20:04:31,415 - INFO - 
Найдена placeholder цена (1 рубль):
2025-05-10 20:04:31,415 - INFO - URL: https://www.avito.ru/buinsk/kommercheskaya_nedvizhimost/ofis_30_m_2358000885?context=H4sIAAAAAAAA_wE_AMD_YToyOntzOjEzOiJsb2NhbFByaW9yaXR5IjtiOjA7czoxOiJ4IjtzOjE2OiJlampMRXZYUWlXQkp4UW5JIjt9xvuXwj8AAAA
2025-05-10 20:04:31,416 - INFO - Заголовок: Офис, 30 м²
2025-05-10 20:04:31,416 - INFO - Адрес: ул. Розы Люксембург, 126Буинск
2025-05-10 20:04:31,423 - INFO - 
Удалено 6 записей с некорректными ценами
2025-05-10 20:04:31,424 - INFO - 
Удаление выбросов в ценах...
2025-05-10 20:04:31,427 - INFO - 
Границы цен:
2025-05-10 20:04:31,428 - INFO - Общая цена: -87,500.00 - 244,500.00 руб.
2025-05-10 20:04:31,428 - INFO - Цена за м²: -750.00 - 3,650.00 руб.
2025-05-10 20:04:31,429 - INFO - Удалено 94 записей с выбросами в ценах
2025-05-10 20:04:31,429 - INFO - Поиск дубликатов...
2025-05-10 20:04:31,645 - INFO - Найдено 18 пар дубликатов
2025-05-10 20:04:31,645 - INFO - Удаление дубликатов...
2025-05-10 20:04:31,645 - INFO - Очистка завершена. Осталось 969 записей
2025-05-10 20:04:31,668 - INFO - Результаты сохранены в scrapers/cleaned_rent_data.csv
2025-05-10 20:04:31,670 - INFO - 
Отчет по очистке данных:
2025-05-10 20:04:31,670 - INFO - Всего записей: 969
2025-05-10 20:04:31,671 - INFO - 
Распределение по городам:
2025-05-10 20:04:31,671 - INFO - Казань: 561
2025-05-10 20:04:31,671 - INFO - Набережные Челны: 130
2025-05-10 20:04:31,671 - INFO - Нижнекамск: 41
2025-05-10 20:04:31,672 - INFO - Альметьевск: 30
2025-05-10 20:04:31,672 - INFO - Зеленодольск: 23
2025-05-10 20:04:31,672 - INFO - Бугульма: 22
2025-05-10 20:04:31,672 - INFO - Осиново: 16
2025-05-10 20:04:31,672 - INFO - Елабуга: 15
2025-05-10 20:04:31,673 - INFO - Азнакаево: 9
2025-05-10 20:04:31,673 - INFO - Лениногорск: 9
2025-05-10 20:04:31,673 - INFO - Чистополь: 9
2025-05-10 20:04:31,673 - INFO - Высокая Гора: 8
2025-05-10 20:04:31,673 - INFO - Арск: 7
2025-05-10 20:04:31,674 - INFO - Васильево: 6
2025-05-10 20:04:31,674 - INFO - Куюки: 6
2025-05-10 20:04:31,674 - INFO - Сокуры: 5
2025-05-10 20:04:31,674 - INFO - Нурлат: 5
2025-05-10 20:04:31,674 - INFO - Усады: 4
2025-05-10 20:04:31,674 - INFO - Заинск: 4
2025-05-10 20:04:31,675 - INFO - Иннополис: 3
2025-05-10 20:04:31,675 - INFO - Большая Атня: 3
2025-05-10 20:04:31,675 - INFO - : 3
2025-05-10 20:04:31,675 - INFO - Азьмушкино: 2
2025-05-10 20:04:31,675 - INFO - Песчаные Ковали: 2
2025-05-10 20:04:31,675 - INFO - Джалиль: 2
2025-05-10 20:04:31,675 - INFO - Столбище: 2
2025-05-10 20:04:31,675 - INFO - Менделеевск: 2
2025-05-10 20:04:31,675 - INFO - Новое Шигалеево: 2
2025-05-10 20:04:31,675 - INFO - Лаишево: 2
2025-05-10 20:04:31,675 - INFO - Каймары: 2
2025-05-10 20:04:31,677 - INFO - Бавлы: 2
2025-05-10 20:04:31,677 - INFO - Муслюмово: 2
2025-05-10 20:04:31,677 - INFO - Базарные Матаки: 2
2025-05-10 20:04:31,677 - INFO - Кощаково: 1
2025-05-10 20:04:31,677 - INFO - Новониколаевский: 1
2025-05-10 20:04:31,677 - INFO - Большие Бутырки: 1
2025-05-10 20:04:31,678 - INFO - Травкино: 1
2025-05-10 20:04:31,678 - INFO - Малый Бакрче: 1
2025-05-10 20:04:31,678 - INFO - Садовый: 1
2025-05-10 20:04:31,678 - INFO - Коноваловка: 1
2025-05-10 20:04:31,678 - INFO - Малая Шильна: 1
2025-05-10 20:04:31,678 - INFO - Гидромеханизатор: 1
2025-05-10 20:04:31,678 - INFO - Царёво: 1
2025-05-10 20:04:31,679 - INFO - Тюлячи: 1
2025-05-10 20:04:31,679 - INFO - Богородское: 1
2025-05-10 20:04:31,679 - INFO - Среднее Девятово: 1
2025-05-10 20:04:31,679 - INFO - Пестрецы: 1
2025-05-10 20:04:31,680 - INFO - Актюбинский: 1
2025-05-10 20:04:31,680 - INFO - Старое Шигалеево: 1
2025-05-10 20:04:31,680 - INFO - Буинск: 1
2025-05-10 20:04:31,680 - INFO - Сетяково: 1
2025-05-10 20:04:31,680 - INFO - Новошешминск: 1
2025-05-10 20:04:31,680 - INFO - Агрыз: 1
2025-05-10 20:04:31,681 - INFO - Сарманово: 1
2025-05-10 20:04:31,681 - INFO - Галактионово: 1
2025-05-10 20:04:31,681 - INFO - Мензелинск: 1
2025-05-10 20:04:31,681 - INFO - Яльчики: 1
2025-05-10 20:04:31,681 - INFO - Мамадыш: 1
2025-05-10 20:04:31,681 - INFO - Старое Дрожжаное: 1
2025-05-10 20:04:31,681 - INFO - Алексеевское: 1
2025-05-10 20:04:31,681 - INFO - Красный Ключ: 1
2025-05-10 20:04:31,682 - INFO - 
Статистика по ценам:
2025-05-10 20:04:31,682 - INFO - mean: 79,338.89
2025-05-10 20:04:31,682 - INFO - median: 65,000.00
2025-05-10 20:04:31,682 - INFO - min: 1,000.00
2025-05-10 20:04:31,682 - INFO - max: 243,360.00
2025-05-10 20:04:31,682 - INFO - 
Статистика по ценам за м²:
2025-05-10 20:04:31,682 - INFO - mean: 1345.00
2025-05-10 20:04:31,683 - INFO - median: 1250.00
2025-05-10 20:04:31,683 - INFO - min: 100.00
2025-05-10 20:04:31,683 - INFO - max: 3570.00
2025-05-10 20:04:31,683 - INFO - 
Статистика по площадям:
2025-05-10 20:04:31,684 - INFO - mean: 64.37
2025-05-10 20:04:31,684 - INFO - median: 60.00
2025-05-10 20:04:31,684 - INFO - min: 1.00
2025-05-10 20:04:31,684 - INFO - max: 150.00
2025-05-10 20:04:31,686 - INFO - 
Объявления с экстремальными ценами:
2025-05-10 20:04:31,686 - INFO - 
Минимальная общая цена:
2025-05-10 20:04:31,686 - INFO - Цена: 1,000.00 руб
2025-05-10 20:04:31,687 - INFO - Цена за м²: 1,000.00 руб/м²
2025-05-10 20:04:31,687 - INFO - Площадь: 1.0 м²
2025-05-10 20:04:31,687 - INFO - Город: Набережные Челны
2025-05-10 20:04:31,687 - INFO - Адрес: Набережночелнинский пр-т, 70/56Набережные Челны
2025-05-10 20:04:31,687 - INFO - Заголовок: Торговая, от 60 до 127 м²
2025-05-10 20:04:31,687 - INFO - URL: https://www.avito.ru/naberezhnye_chelny/kommercheskaya_nedvizhimost/torgovaya_ot_60_do_127_m_4664203293?context=H4sIAAAAAAAA_wE_AMD_YToyOntzOjEzOiJsb2NhbFByaW9yaXR5IjtiOjA7czoxOiJ4IjtzOjE2OiJ4eGZWZmdvWUJvUFdCTW1sIjt9jQZcRz8AAAA
2025-05-10 20:04:31,688 - INFO - Цена: 1,000.00 руб
2025-05-10 20:04:31,688 - INFO - Цена за м²: 1,000.00 руб/м²
2025-05-10 20:04:31,688 - INFO - Площадь: 1.0 м²
2025-05-10 20:04:31,688 - INFO - Город: Набережные Челны
2025-05-10 20:04:31,688 - INFO - Адрес: пр-т Абдурахмана Абсалямова, 14Набережные Челны
2025-05-10 20:04:31,689 - INFO - Заголовок: Торговая, от 70 до 1000 м²
2025-05-10 20:04:31,689 - INFO - URL: https://www.avito.ru/naberezhnye_chelny/kommercheskaya_nedvizhimost/torgovaya_ot_70_do_1000_m_4663902651?context=H4sIAAAAAAAA_wE_AMD_YToyOntzOjEzOiJsb2NhbFByaW9yaXR5IjtiOjA7czoxOiJ4IjtzOjE2OiJ4eGZWZmdvWUJvUFdCTW1sIjt9jQZcRz8AAAA
2025-05-10 20:04:31,689 - INFO - Цена: 1,000.00 руб
2025-05-10 20:04:31,689 - INFO - Цена за м²: 1,000.00 руб/м²
2025-05-10 20:04:31,689 - INFO - Площадь: 1.0 м²
2025-05-10 20:04:31,690 - INFO - Город: Сокуры
2025-05-10 20:04:31,690 - INFO - Адрес: Советская ул., 10с. Сокуры
2025-05-10 20:04:31,690 - INFO - Заголовок: Свободного назначения, 1 м²
2025-05-10 20:04:31,690 - INFO - URL: https://www.avito.ru/kazan/kommercheskaya_nedvizhimost/svobodnogo_naznacheniya_1_m_3938727274?context=H4sIAAAAAAAA_wE_AMD_YToyOntzOjEzOiJsb2NhbFByaW9yaXR5IjtiOjA7czoxOiJ4IjtzOjE2OiJTQzRqR2M1R1d5Rll6amd3Ijt9JSWuAD8AAAA
2025-05-10 20:04:31,691 - INFO - 
Максимальная общая цена:
2025-05-10 20:04:31,691 - INFO - Цена: 243,360.00 руб
2025-05-10 20:04:31,692 - INFO - Цена за м²: 1,802.67 руб/м²
2025-05-10 20:04:31,692 - INFO - Площадь: 135.0 м²
2025-05-10 20:04:31,692 - INFO - Город: Казань
2025-05-10 20:04:31,692 - INFO - Адрес: Чистопольская ул., 19АКазань
2025-05-10 20:04:31,692 - INFO - Заголовок: Первая линия 135.2 м²
2025-05-10 20:04:31,692 - INFO - URL: https://www.avito.ru/kazan/kommercheskaya_nedvizhimost/pervaya_liniya_135.2_m_7300009318?context=H4sIAAAAAAAA_wE_AMD_YToyOntzOjEzOiJsb2NhbFByaW9yaXR5IjtiOjA7czoxOiJ4IjtzOjE2OiI3RVZVb1ZGaVE2WVZYT2tMIjt98QzeCj8AAAA
2025-05-10 20:04:31,693 - INFO - Цена: 243,360.00 руб
2025-05-10 20:04:31,693 - INFO - Цена за м²: 1,802.67 руб/м²
2025-05-10 20:04:31,693 - INFO - Площадь: 135.0 м²
2025-05-10 20:04:31,693 - INFO - Город: Казань
2025-05-10 20:04:31,693 - INFO - Адрес: Чистопольская ул., 19АКазань
2025-05-10 20:04:31,694 - INFO - Заголовок: Первая линия 135.2 м²
2025-05-10 20:04:31,694 - INFO - URL: https://www.avito.ru/kazan/kommercheskaya_nedvizhimost/pervaya_liniya_135.2_m_7300009318?context=H4sIAAAAAAAA_wE_AMD_YToyOntzOjEzOiJsb2NhbFByaW9yaXR5IjtiOjA7czoxOiJ4IjtzOjE2OiJIMFFZZ05vNXk2blJCdGc4Ijt9P_qucj8AAAA
2025-05-10 20:04:31,695 - INFO - 
Минимальная цена за м²:
2025-05-10 20:04:31,696 - INFO - Цена за м²: 100.00 руб/м²
2025-05-10 20:04:31,696 - INFO - Общая цена: 2,500.00 руб
2025-05-10 20:04:31,696 - INFO - Площадь: 25.0 м²
2025-05-10 20:04:31,696 - INFO - Город: Набережные Челны
2025-05-10 20:04:31,697 - INFO - Адрес: ул. Раскольникова, 29АНабережные Челны
2025-05-10 20:04:31,697 - INFO - Заголовок: Сдам в аренду 25 м2
2025-05-10 20:04:31,697 - INFO - URL: https://www.avito.ru/naberezhnye_chelny/kommercheskaya_nedvizhimost/sdam_v_arendu_25_m2_7303016556?context=H4sIAAAAAAAA_wE_AMD_YToyOntzOjEzOiJsb2NhbFByaW9yaXR5IjtiOjA7czoxOiJ4IjtzOjE2OiJIMFFZZ05vNXk2blJCdGc4Ijt9P_qucj8AAAA
2025-05-10 20:04:31,697 - INFO - Цена за м²: 100.00 руб/м²
2025-05-10 20:04:31,697 - INFO - Общая цена: 5,400.00 руб
2025-05-10 20:04:31,698 - INFO - Площадь: 54.0 м²
2025-05-10 20:04:31,698 - INFO - Город: Чистополь
2025-05-10 20:04:31,698 - INFO - Адрес: ул. Ленина, 59Чистополь
2025-05-10 20:04:31,698 - INFO - Заголовок: Сдам в аренду
2025-05-10 20:04:31,698 - INFO - URL: https://www.avito.ru/chistopol/kommercheskaya_nedvizhimost/sdam_v_arendu_4167505459?context=H4sIAAAAAAAA_wE_AMD_YToyOntzOjEzOiJsb2NhbFByaW9yaXR5IjtiOjA7czoxOiJ4IjtzOjE2OiJjNnlWbmlBSG1jczZTbVoxIjt9QrWrEj8AAAA
2025-05-10 20:04:31,699 - INFO - Цена за м²: 100.00 руб/м²
2025-05-10 20:04:31,699 - INFO - Общая цена: 8,000.00 руб
2025-05-10 20:04:31,699 - INFO - Площадь: 80.0 м²
2025-05-10 20:04:31,699 - INFO - Город: Новошешминск
2025-05-10 20:04:31,699 - INFO - Адрес: ул. Ленина, 37с. Новошешминск
2025-05-10 20:04:31,699 - INFO - Заголовок: Торговая площадь, 80 м²
2025-05-10 20:04:31,700 - INFO - URL: https://www.avito.ru/novosheshminsk/kommercheskaya_nedvizhimost/torgovaya_ploschad_80_m_3450078026?context=H4sIAAAAAAAA_wE_AMD_YToyOntzOjEzOiJsb2NhbFByaW9yaXR5IjtiOjA7czoxOiJ4IjtzOjE2OiIxNWNpbzZkSjZ0a3FTZkxGIjt9XP5w2z8AAAA
2025-05-10 20:04:31,701 - INFO - Цена за м²: 100.00 руб/м²
2025-05-10 20:04:31,701 - INFO - Общая цена: 2,500.00 руб
2025-05-10 20:04:31,701 - INFO - Площадь: 25.0 м²
2025-05-10 20:04:31,701 - INFO - Город: Джалиль
2025-05-10 20:04:31,703 - INFO - Адрес: ул. Ахмадиева, 6пгт. Джалиль
2025-05-10 20:04:31,703 - INFO - Заголовок: Свободного назначения, 25 м²
2025-05-10 20:04:31,703 - INFO - URL: https://www.avito.ru/dzhalil/kommercheskaya_nedvizhimost/svobodnogo_naznacheniya_25_m_1593264135?context=H4sIAAAAAAAA_wE_AMD_YToyOntzOjEzOiJsb2NhbFByaW9yaXR5IjtiOjA7czoxOiJ4IjtzOjE2OiI3cThlWE11NWdSNmNqT0JCIjt9hlJyCT8AAAA
2025-05-10 20:04:31,704 - INFO - 
Максимальная цена за м²:
2025-05-10 20:04:31,704 - INFO - Цена за м²: 3,570.00 руб/м²
2025-05-10 20:04:31,705 - INFO - Общая цена: 5,355.00 руб
2025-05-10 20:04:31,705 - INFO - Площадь: 1.5 м²
2025-05-10 20:04:31,705 - INFO - Город: Казань
2025-05-10 20:04:31,705 - INFO - Адрес: ул. Адоратского, 2БКазань
2025-05-10 20:04:31,705 - INFO - Заголовок: Аренда кладовки, 3,75 м3
2025-05-10 20:04:31,705 - INFO - URL: https://www.avito.ru/kazan/kommercheskaya_nedvizhimost/arenda_kladovki_375_m3_4108719776?context=H4sIAAAAAAAA_wE_AMD_YToyOntzOjEzOiJsb2NhbFByaW9yaXR5IjtiOjA7czoxOiJ4IjtzOjE2OiJjNnlWbmlBSG1jczZTbVoxIjt9QrWrEj8AAAA
