2025-05-10 19:58:50,563 - INFO - Загружено 1087 записей из scrapers/merged_rent_data.csv
2025-05-10 19:58:50,563 - INFO - Начало очистки данных...
2025-05-10 19:58:50,563 - INFO - Очистка адресов...
2025-05-10 19:58:50,585 - INFO - Очистка площадей...
2025-05-10 19:58:50,588 - INFO - Очистка цен...
2025-05-10 19:58:50,646 - INFO - 
Найдены записи с подозрительно низкими общими ценами (< 1000 руб.):
2025-05-10 19:58:50,646 - INFO - 
Подозрительно низкая цена:
2025-05-10 19:58:50,646 - INFO - URL: https://www.avito.ru/almetevsk/kommercheskaya_nedvizhimost/torgovaya_ploschad_14_m_v_gipere_magnit_shevchenko_4_7306204136?context=H4sIAAAAAAAA_wE_AMD_YToyOntzOjEzOiJsb2NhbFByaW9yaXR5IjtiOjA7czoxOiJ4IjtzOjE2OiJIMFFZZ05vNXk2blJCdGc4Ijt9P_qucj8AAAA
2025-05-10 19:58:50,646 - INFO - Заголовок: Торговая площадь, 14 м² в гипере Магнит Шевченко 4
2025-05-10 19:58:50,646 - INFO - Адрес: ул. Шевченко, 47Альметьевск
2025-05-10 19:58:50,646 - INFO - Исходная цена: 1
2025-05-10 19:58:50,646 - INFO - Общая цена: 14.0
2025-05-10 19:58:50,646 - INFO - Цена за м²: 1.0
2025-05-10 19:58:50,646 - INFO - Площадь: 14.0
2025-05-10 19:58:50,646 - INFO - Город: Альметьевск
2025-05-10 19:58:50,646 - INFO - Тип цены: За м²
2025-05-10 19:58:50,646 - INFO - --------------------------------------------------------------------------------
2025-05-10 19:58:50,646 - INFO - 
Подозрительно низкая цена:
2025-05-10 19:58:50,646 - INFO - URL: https://www.avito.ru/naberezhnye_chelny/kommercheskaya_nedvizhimost/ofis_ot_50_do_400_m_4600066061?context=H4sIAAAAAAAA_wE_AMD_YToyOntzOjEzOiJsb2NhbFByaW9yaXR5IjtiOjA7czoxOiJ4IjtzOjE2OiJ4eGZWZmdvWUJvUFdCTW1sIjt9jQZcRz8AAAA
2025-05-10 19:58:50,646 - INFO - Заголовок: Офис, от 50 до 400 м²
2025-05-10 19:58:50,646 - INFO - Адрес: пр-т Вахитова, 1АНабережные Челны
2025-05-10 19:58:50,646 - INFO - Исходная цена: 750
2025-05-10 19:58:50,646 - INFO - Общая цена: 750.0
2025-05-10 19:58:50,658 - INFO - Цена за м²: 750.0
2025-05-10 19:58:50,658 - INFO - Площадь: 1.0
2025-05-10 19:58:50,658 - INFO - Город: Набережные Челны
2025-05-10 19:58:50,658 - INFO - Тип цены: За м²
2025-05-10 19:58:50,658 - INFO - --------------------------------------------------------------------------------
2025-05-10 19:58:50,659 - INFO - 
Подозрительно низкая цена:
2025-05-10 19:58:50,659 - INFO - URL: https://www.avito.ru/naberezhnye_chelny/kommercheskaya_nedvizhimost/ofis_44_m_3838788494?context=H4sIAAAAAAAA_wE_AMD_YToyOntzOjEzOiJsb2NhbFByaW9yaXR5IjtiOjA7czoxOiJ4IjtzOjE2OiJTQzRqR2M1R1d5Rll6amd3Ijt9JSWuAD8AAAA
2025-05-10 19:58:50,659 - INFO - Заголовок: Офис, 44 м²
2025-05-10 19:58:50,660 - INFO - Адрес: Металлургическая ул., 85Набережные Челны
2025-05-10 19:58:50,660 - INFO - Исходная цена: 1
2025-05-10 19:58:50,660 - INFO - Общая цена: 44.0
2025-05-10 19:58:50,660 - INFO - Цена за м²: 1.0
2025-05-10 19:58:50,660 - INFO - Площадь: 44.0
2025-05-10 19:58:50,661 - INFO - Город: Набережные Челны
2025-05-10 19:58:50,661 - INFO - Тип цены: За м²
2025-05-10 19:58:50,661 - INFO - --------------------------------------------------------------------------------
2025-05-10 19:58:50,662 - INFO - 
Подозрительно низкая цена:
2025-05-10 19:58:50,662 - INFO - URL: https://www.avito.ru/kazan/kommercheskaya_nedvizhimost/sezonnoe_hranenie_shin_shinnyy_otel_3743398084?context=H4sIAAAAAAAA_wE_AMD_YToyOntzOjEzOiJsb2NhbFByaW9yaXR5IjtiOjA7czoxOiJ4IjtzOjE2OiJTQzRqR2M1R1d5Rll6amd3Ijt9JSWuAD8AAAA
2025-05-10 19:58:50,663 - INFO - Заголовок: Сезонное хранение шин, шинный отель
2025-05-10 19:58:50,663 - INFO - Адрес: ул. Халитова, 8Казань
2025-05-10 19:58:50,663 - INFO - Исходная цена: 300
2025-05-10 19:58:50,663 - INFO - Общая цена: 300.0
2025-05-10 19:58:50,663 - INFO - Цена за м²: 300.0
2025-05-10 19:58:50,664 - INFO - Площадь: 1.0
2025-05-10 19:58:50,664 - INFO - Город: Казань
2025-05-10 19:58:50,664 - INFO - Тип цены: За м²
2025-05-10 19:58:50,664 - INFO - --------------------------------------------------------------------------------
2025-05-10 19:58:50,665 - INFO - 
Подозрительно низкая цена:
2025-05-10 19:58:50,665 - INFO - URL: https://www.avito.ru/buinsk/kommercheskaya_nedvizhimost/ofis_30_m_2358000885?context=H4sIAAAAAAAA_wE_AMD_YToyOntzOjEzOiJsb2NhbFByaW9yaXR5IjtiOjA7czoxOiJ4IjtzOjE2OiJlampMRXZYUWlXQkp4UW5JIjt9xvuXwj8AAAA
2025-05-10 19:58:50,665 - INFO - Заголовок: Офис, 30 м²
2025-05-10 19:58:50,665 - INFO - Адрес: ул. Розы Люксембург, 126Буинск
2025-05-10 19:58:50,666 - INFO - Исходная цена: 1
2025-05-10 19:58:50,666 - INFO - Общая цена: 30.0
2025-05-10 19:58:50,666 - INFO - Цена за м²: 1.0
2025-05-10 19:58:50,666 - INFO - Площадь: 30.0
2025-05-10 19:58:50,666 - INFO - Город: Буинск
2025-05-10 19:58:50,667 - INFO - Тип цены: За м²
2025-05-10 19:58:50,667 - INFO - --------------------------------------------------------------------------------
2025-05-10 19:58:50,667 - INFO - 
Удаление выбросов в ценах...
2025-05-10 19:58:50,670 - INFO - 
Границы цен:
2025-05-10 19:58:50,671 - INFO - Общая цена: -87,500.00 - 244,500.00 руб.
2025-05-10 19:58:50,671 - INFO - Цена за м²: -750.00 - 3,650.00 руб.
2025-05-10 19:58:50,672 - INFO - Удалено 100 записей с выбросами в ценах
2025-05-10 19:58:50,674 - INFO - Поиск дубликатов...
2025-05-10 19:58:50,879 - INFO - Найдено 18 пар дубликатов
2025-05-10 19:58:50,879 - INFO - Удаление дубликатов...
2025-05-10 19:58:50,879 - INFO - Очистка завершена. Осталось 969 записей
2025-05-10 19:58:50,902 - INFO - Результаты сохранены в scrapers/cleaned_rent_data.csv
2025-05-10 19:58:50,911 - INFO - 
Отчет по очистке данных:
2025-05-10 19:58:50,912 - INFO - Всего записей: 969
2025-05-10 19:58:50,912 - INFO - 
Распределение по городам:
2025-05-10 19:58:50,912 - INFO - Казань: 561
2025-05-10 19:58:50,913 - INFO - Набережные Челны: 130
2025-05-10 19:58:50,913 - INFO - Нижнекамск: 41
2025-05-10 19:58:50,913 - INFO - Альметьевск: 30
2025-05-10 19:58:50,913 - INFO - Зеленодольск: 23
2025-05-10 19:58:50,914 - INFO - Бугульма: 22
2025-05-10 19:58:50,914 - INFO - Осиново: 16
2025-05-10 19:58:50,914 - INFO - Елабуга: 15
2025-05-10 19:58:50,914 - INFO - Азнакаево: 9
2025-05-10 19:58:50,915 - INFO - Лениногорск: 9
2025-05-10 19:58:50,915 - INFO - Чистополь: 9
2025-05-10 19:58:50,915 - INFO - Высокая Гора: 8
2025-05-10 19:58:50,915 - INFO - Арск: 7
2025-05-10 19:58:50,915 - INFO - Васильево: 6
2025-05-10 19:58:50,916 - INFO - Куюки: 6
2025-05-10 19:58:50,916 - INFO - Сокуры: 5
2025-05-10 19:58:50,917 - INFO - Нурлат: 5
2025-05-10 19:58:50,917 - INFO - Усады: 4
2025-05-10 19:58:50,917 - INFO - Заинск: 4
2025-05-10 19:58:50,917 - INFO - Иннополис: 3
2025-05-10 19:58:50,918 - INFO - Большая Атня: 3
2025-05-10 19:58:50,918 - INFO - : 3
2025-05-10 19:58:50,918 - INFO - Азьмушкино: 2
2025-05-10 19:58:50,918 - INFO - Песчаные Ковали: 2
2025-05-10 19:58:50,918 - INFO - Джалиль: 2
2025-05-10 19:58:50,918 - INFO - Столбище: 2
2025-05-10 19:58:50,919 - INFO - Менделеевск: 2
2025-05-10 19:58:50,919 - INFO - Новое Шигалеево: 2
2025-05-10 19:58:50,919 - INFO - Лаишево: 2
2025-05-10 19:58:50,919 - INFO - Каймары: 2
2025-05-10 19:58:50,920 - INFO - Бавлы: 2
2025-05-10 19:58:50,920 - INFO - Муслюмово: 2
2025-05-10 19:58:50,920 - INFO - Базарные Матаки: 2
2025-05-10 19:58:50,920 - INFO - Кощаково: 1
2025-05-10 19:58:50,920 - INFO - Новониколаевский: 1
2025-05-10 19:58:50,920 - INFO - Большие Бутырки: 1
2025-05-10 19:58:50,920 - INFO - Травкино: 1
2025-05-10 19:58:50,921 - INFO - Малый Бакрче: 1
2025-05-10 19:58:50,921 - INFO - Садовый: 1
2025-05-10 19:58:50,921 - INFO - Коноваловка: 1
2025-05-10 19:58:50,921 - INFO - Малая Шильна: 1
2025-05-10 19:58:50,922 - INFO - Гидромеханизатор: 1
2025-05-10 19:58:50,922 - INFO - Царёво: 1
2025-05-10 19:58:50,922 - INFO - Тюлячи: 1
2025-05-10 19:58:50,922 - INFO - Богородское: 1
2025-05-10 19:58:50,922 - INFO - Среднее Девятово: 1
2025-05-10 19:58:50,922 - INFO - Пестрецы: 1
2025-05-10 19:58:50,922 - INFO - Актюбинский: 1
2025-05-10 19:58:50,922 - INFO - Старое Шигалеево: 1
2025-05-10 19:58:50,922 - INFO - Буинск: 1
2025-05-10 19:58:50,922 - INFO - Сетяково: 1
2025-05-10 19:58:50,922 - INFO - Новошешминск: 1
2025-05-10 19:58:50,922 - INFO - Агрыз: 1
2025-05-10 19:58:50,922 - INFO - Сарманово: 1
2025-05-10 19:58:50,922 - INFO - Галактионово: 1
2025-05-10 19:58:50,925 - INFO - Мензелинск: 1
2025-05-10 19:58:50,925 - INFO - Яльчики: 1
2025-05-10 19:58:50,925 - INFO - Мамадыш: 1
2025-05-10 19:58:50,925 - INFO - Старое Дрожжаное: 1
2025-05-10 19:58:50,925 - INFO - Алексеевское: 1
2025-05-10 19:58:50,925 - INFO - Красный Ключ: 1
2025-05-10 19:58:50,925 - INFO - 
Статистика по ценам:
2025-05-10 19:58:50,927 - INFO - mean: 79,338.89
2025-05-10 19:58:50,927 - INFO - median: 65,000.00
2025-05-10 19:58:50,927 - INFO - min: 1,000.00
2025-05-10 19:58:50,927 - INFO - max: 243,360.00
2025-05-10 19:58:50,927 - INFO - 
Статистика по ценам за м²:
2025-05-10 19:58:50,927 - INFO - mean: 1345.00
2025-05-10 19:58:50,928 - INFO - median: 1250.00
2025-05-10 19:58:50,928 - INFO - min: 100.00
2025-05-10 19:58:50,928 - INFO - max: 3570.00
2025-05-10 19:58:50,928 - INFO - 
Статистика по площадям:
2025-05-10 19:58:50,929 - INFO - mean: 64.37
2025-05-10 19:58:50,929 - INFO - median: 60.00
2025-05-10 19:58:50,929 - INFO - min: 1.00
2025-05-10 19:58:50,930 - INFO - max: 150.00
