2025-05-10 19:45:04,211 - INFO - Загружено 1087 записей
2025-05-10 19:45:04,410 - INFO - Найдено 18 пар дубликатов
2025-05-10 19:45:04,410 - INFO - 
Пары дубликатов:
2025-05-10 19:45:04,410 - INFO - 
Пара дубликатов:
2025-05-10 19:45:04,410 - INFO - 1. URL: https://www.avito.ru/naberezhnye_chelny/kommercheskaya_nedvizhimost/svobodnogo_naznacheniya_7339431918?context=H4sIAAAAAAAA_wE_AMD_YToyOntzOjEzOiJsb2NhbFByaW9yaXR5IjtiOjA7czoxOiJ4IjtzOjE2OiJuazJYdUhMWEdodzJVQjZZIjt9HdiNeT8AAAA
2025-05-10 19:45:04,410 - INFO -    Заголовок: Свободного назначения
2025-05-10 19:45:04,418 - INFO -    Адрес: ул. Шамиля Усманова, 18ДНабережные Челны
2025-05-10 19:45:04,418 - INFO -    Цена: 1500
2025-05-10 19:45:04,420 - INFO -    Площадь: 105.6
2025-05-10 19:45:04,420 - INFO - 
2. URL: https://www.avito.ru/naberezhnye_chelny/kommercheskaya_nedvizhimost/svobodnogo_naznacheniya_105.6_m_7360551513?context=H4sIAAAAAAAA_wE_AMD_YToyOntzOjEzOiJsb2NhbFByaW9yaXR5IjtiOjA7czoxOiJ4IjtzOjE2OiJuazJYdUhMWEdodzJVQjZZIjt9HdiNeT8AAAA
2025-05-10 19:45:04,421 - INFO -    Заголовок: Свободного назначения, 105.6 м²
2025-05-10 19:45:04,421 - INFO -    Адрес: ул. Шамиля Усманова, 18ДНабережные Челны
2025-05-10 19:45:04,421 - INFO -    Цена: 1500
2025-05-10 19:45:04,422 - INFO -    Площадь: 105.6
2025-05-10 19:45:04,422 - INFO - --------------------------------------------------------------------------------
2025-05-10 19:45:04,422 - INFO - 
Пара дубликатов:
2025-05-10 19:45:04,423 - INFO - 1. URL: https://www.avito.ru/kazan/kommercheskaya_nedvizhimost/svobodnogo_naznacheniya_60_m_7321393271?context=H4sIAAAAAAAA_wE_AMD_YToyOntzOjEzOiJsb2NhbFByaW9yaXR5IjtiOjA7czoxOiJ4IjtzOjE2OiJhSnd5Y1g5WXZ3NVhubzg4Ijt9s8cfBz8AAAA
2025-05-10 19:45:04,423 - INFO -    Заголовок: Свободного назначения, 60 м²
2025-05-10 19:45:04,424 - INFO -    Адрес: ул. Юлиуса Фучика, 109Казань
2025-05-10 19:45:04,424 - INFO -    Цена: 90000
2025-05-10 19:45:04,424 - INFO -    Площадь: 60.0
2025-05-10 19:45:04,425 - INFO - 
2. URL: https://www.avito.ru/kazan/kommercheskaya_nedvizhimost/svobodnogo_naznacheniya_4751945069?context=H4sIAAAAAAAA_wE_AMD_YToyOntzOjEzOiJsb2NhbFByaW9yaXR5IjtiOjA7czoxOiJ4IjtzOjE2OiJMWE1FOUVBNkxhT1RGT1NNIjt9eadmeT8AAAA
2025-05-10 19:45:04,425 - INFO -    Заголовок: Свободного назначения
2025-05-10 19:45:04,426 - INFO -    Адрес: ул. Юлиуса Фучика, 109Казань
2025-05-10 19:45:04,426 - INFO -    Цена: 90000
2025-05-10 19:45:04,426 - INFO -    Площадь: 60.0
2025-05-10 19:45:04,428 - INFO - --------------------------------------------------------------------------------
2025-05-10 19:45:04,428 - INFO - 
Пара дубликатов:
2025-05-10 19:45:04,428 - INFO - 1. URL: https://www.avito.ru/naberezhnye_chelny/kommercheskaya_nedvizhimost/svobodnogo_naznacheniya_ofis_sklad_65_m_7320773663?context=H4sIAAAAAAAA_wE_AMD_YToyOntzOjEzOiJsb2NhbFByaW9yaXR5IjtiOjA7czoxOiJ4IjtzOjE2OiJmSFJBajRmcnptY3Q2ZkZmIjt9XKvySD8AAAA
2025-05-10 19:45:04,428 - INFO -    Заголовок: Свободного назначения, офис, склад 65 м²
2025-05-10 19:45:04,428 - INFO -    Адрес: 3-й комплекс, 1Набережные Челны
2025-05-10 19:45:04,428 - INFO -    Цена: 50000
2025-05-10 19:45:04,429 - INFO -    Площадь: 65.0
2025-05-10 19:45:04,429 - INFO - 
2. URL: https://www.avito.ru/naberezhnye_chelny/kommercheskaya_nedvizhimost/svobodnogo_naznacheniya_65_m_7307411677?context=H4sIAAAAAAAA_wE_AMD_YToyOntzOjEzOiJsb2NhbFByaW9yaXR5IjtiOjA7czoxOiJ4IjtzOjE2OiJmSFJBajRmcnptY3Q2ZkZmIjt9XKvySD8AAAA
2025-05-10 19:45:04,430 - INFO -    Заголовок: Свободного назначения, 65 м²
2025-05-10 19:45:04,430 - INFO -    Адрес: 3-й комплекс, 1Набережные Челны
2025-05-10 19:45:04,431 - INFO -    Цена: 50000
2025-05-10 19:45:04,431 - INFO -    Площадь: 65.0
2025-05-10 19:45:04,431 - INFO - --------------------------------------------------------------------------------
2025-05-10 19:45:04,431 - INFO - 
Пара дубликатов:
2025-05-10 19:45:04,431 - INFO - 1. URL: https://www.avito.ru/kazan/kommercheskaya_nedvizhimost/teplyy_sklad_proizvodstvennoe_pomeschenie_7321992485?context=H4sIAAAAAAAA_wE_AMD_YToyOntzOjEzOiJsb2NhbFByaW9yaXR5IjtiOjA7czoxOiJ4IjtzOjE2OiI3RVZVb1ZGaVE2WVZYT2tMIjt98QzeCj8AAAA
2025-05-10 19:45:04,432 - INFO -    Заголовок: Теплый склад, производственное помещение
2025-05-10 19:45:04,432 - INFO -    Адрес: ул. Оренбургский Тракт, 130АКазань
2025-05-10 19:45:04,432 - INFO -    Цена: 65000
2025-05-10 19:45:04,432 - INFO -    Площадь: 100.0
2025-05-10 19:45:04,432 - INFO - 
2. URL: https://www.avito.ru/kazan/kommercheskaya_nedvizhimost/teplyy_sklad_proizvodstvennoe_pomeschenie_7321992485?context=H4sIAAAAAAAA_wE_AMD_YToyOntzOjEzOiJsb2NhbFByaW9yaXR5IjtiOjA7czoxOiJ4IjtzOjE2OiJIMFFZZ05vNXk2blJCdGc4Ijt9P_qucj8AAAA
2025-05-10 19:45:04,433 - INFO -    Заголовок: Теплый склад, производственное помещение
2025-05-10 19:45:04,433 - INFO -    Адрес: ул. Оренбургский Тракт, 130АКазань
2025-05-10 19:45:04,433 - INFO -    Цена: 65000
2025-05-10 19:45:04,434 - INFO -    Площадь: 100.0
2025-05-10 19:45:04,434 - INFO - --------------------------------------------------------------------------------
2025-05-10 19:45:04,434 - INFO - 
Пара дубликатов:
2025-05-10 19:45:04,435 - INFO - 1. URL: https://www.avito.ru/kazan/kommercheskaya_nedvizhimost/pervaya_liniya_135.2_m_7300009318?context=H4sIAAAAAAAA_wE_AMD_YToyOntzOjEzOiJsb2NhbFByaW9yaXR5IjtiOjA7czoxOiJ4IjtzOjE2OiI3RVZVb1ZGaVE2WVZYT2tMIjt98QzeCj8AAAA
2025-05-10 19:45:04,435 - INFO -    Заголовок: Первая линия 135.2 м²
2025-05-10 19:45:04,436 - INFO -    Адрес: Чистопольская ул., 19АКазань
2025-05-10 19:45:04,436 - INFO -    Цена: 243360
2025-05-10 19:45:04,436 - INFO -    Площадь: 135.0
2025-05-10 19:45:04,436 - INFO - 
2. URL: https://www.avito.ru/kazan/kommercheskaya_nedvizhimost/pervaya_liniya_135.2_m_7300009318?context=H4sIAAAAAAAA_wE_AMD_YToyOntzOjEzOiJsb2NhbFByaW9yaXR5IjtiOjA7czoxOiJ4IjtzOjE2OiJIMFFZZ05vNXk2blJCdGc4Ijt9P_qucj8AAAA
2025-05-10 19:45:04,437 - INFO -    Заголовок: Первая линия 135.2 м²
2025-05-10 19:45:04,437 - INFO -    Адрес: Чистопольская ул., 19АКазань
2025-05-10 19:45:04,437 - INFO -    Цена: 243360
2025-05-10 19:45:04,438 - INFO -    Площадь: 135.0
2025-05-10 19:45:04,438 - INFO - --------------------------------------------------------------------------------
2025-05-10 19:45:04,438 - INFO - 
Пара дубликатов:
2025-05-10 19:45:04,438 - INFO - 1. URL: https://www.avito.ru/kazan/kommercheskaya_nedvizhimost/ofisy_s_remontom_v_sovremennom_v_biznes_tsentre_7281623940?context=H4sIAAAAAAAA_wE_AMD_YToyOntzOjEzOiJsb2NhbFByaW9yaXR5IjtiOjA7czoxOiJ4IjtzOjE2OiI3RVZVb1ZGaVE2WVZYT2tMIjt98QzeCj8AAAA
2025-05-10 19:45:04,439 - INFO -    Заголовок: Офисы с ремонтом в современном в Бизнес центре
2025-05-10 19:45:04,440 - INFO -    Адрес: ул. Адоратского, 78Казань
2025-05-10 19:45:04,441 - INFO -    Цена: 1300
2025-05-10 19:45:04,441 - INFO -    Площадь: 18.0
2025-05-10 19:45:04,442 - INFO - 
2. URL: https://www.avito.ru/kazan/kommercheskaya_nedvizhimost/ofisy_s_remontom_v_sovremennom_v_biznes_tsentre_7281623940?context=H4sIAAAAAAAA_wE_AMD_YToyOntzOjEzOiJsb2NhbFByaW9yaXR5IjtiOjA7czoxOiJ4IjtzOjE2OiJIMFFZZ05vNXk2blJCdGc4Ijt9P_qucj8AAAA
2025-05-10 19:45:04,442 - INFO -    Заголовок: Офисы с ремонтом в современном в Бизнес центре
2025-05-10 19:45:04,443 - INFO -    Адрес: ул. Адоратского, 78Казань
2025-05-10 19:45:04,443 - INFO -    Цена: 1300
2025-05-10 19:45:04,444 - INFO -    Площадь: 18.0
2025-05-10 19:45:04,444 - INFO - --------------------------------------------------------------------------------
2025-05-10 19:45:04,444 - INFO - 
Пара дубликатов:
2025-05-10 19:45:04,444 - INFO - 1. URL: https://www.avito.ru/kazan/kommercheskaya_nedvizhimost/torgovaya_ploschad_75_m_7306419339?context=H4sIAAAAAAAA_wE_AMD_YToyOntzOjEzOiJsb2NhbFByaW9yaXR5IjtiOjA7czoxOiJ4IjtzOjE2OiI3RVZVb1ZGaVE2WVZYT2tMIjt98QzeCj8AAAA
2025-05-10 19:45:04,445 - INFO -    Заголовок: Торговая площадь, 75 м²
2025-05-10 19:45:04,445 - INFO -    Адрес: ул. Четаева, 35Казань
2025-05-10 19:45:04,446 - INFO -    Цена: 150000
2025-05-10 19:45:04,446 - INFO -    Площадь: 75.0
2025-05-10 19:45:04,446 - INFO - 
2. URL: https://www.avito.ru/kazan/kommercheskaya_nedvizhimost/torgovaya_ploschad_75_m_7306419339?context=H4sIAAAAAAAA_wE_AMD_YToyOntzOjEzOiJsb2NhbFByaW9yaXR5IjtiOjA7czoxOiJ4IjtzOjE2OiJIMFFZZ05vNXk2blJCdGc4Ijt9P_qucj8AAAA
2025-05-10 19:45:04,447 - INFO -    Заголовок: Торговая площадь, 75 м²
2025-05-10 19:45:04,448 - INFO -    Адрес: ул. Четаева, 35Казань
2025-05-10 19:45:04,448 - INFO -    Цена: 150000
2025-05-10 19:45:04,448 - INFO -    Площадь: 75.0
2025-05-10 19:45:04,448 - INFO - --------------------------------------------------------------------------------
2025-05-10 19:45:04,448 - INFO - 
Пара дубликатов:
2025-05-10 19:45:04,449 - INFO - 1. URL: https://www.avito.ru/kazan/kommercheskaya_nedvizhimost/svobodnogo_naznacheniya_7282111306?context=H4sIAAAAAAAA_wE_AMD_YToyOntzOjEzOiJsb2NhbFByaW9yaXR5IjtiOjA7czoxOiJ4IjtzOjE2OiI3RVZVb1ZGaVE2WVZYT2tMIjt98QzeCj8AAAA
2025-05-10 19:45:04,449 - INFO -    Заголовок: Свободного назначения
2025-05-10 19:45:04,450 - INFO -    Адрес: ул. Лейтенанта Шмидта, 1Казань
2025-05-10 19:45:04,450 - INFO -    Цена: 79990
2025-05-10 19:45:04,450 - INFO -    Площадь: 51.0
2025-05-10 19:45:04,451 - INFO - 
2. URL: https://www.avito.ru/kazan/kommercheskaya_nedvizhimost/svobodnogo_naznacheniya_7282111306?context=H4sIAAAAAAAA_wE_AMD_YToyOntzOjEzOiJsb2NhbFByaW9yaXR5IjtiOjA7czoxOiJ4IjtzOjE2OiJIMFFZZ05vNXk2blJCdGc4Ijt9P_qucj8AAAA
2025-05-10 19:45:04,451 - INFO -    Заголовок: Свободного назначения
2025-05-10 19:45:04,451 - INFO -    Адрес: ул. Лейтенанта Шмидта, 1Казань
2025-05-10 19:45:04,451 - INFO -    Цена: 79990
2025-05-10 19:45:04,451 - INFO -    Площадь: 51.0
2025-05-10 19:45:04,454 - INFO - --------------------------------------------------------------------------------
2025-05-10 19:45:04,454 - INFO - 
Пара дубликатов:
2025-05-10 19:45:04,455 - INFO - 1. URL: https://www.avito.ru/kazan/kommercheskaya_nedvizhimost/sdam_torgovoe_pomeschenie_107.3_m_7315689952?context=H4sIAAAAAAAA_wE_AMD_YToyOntzOjEzOiJsb2NhbFByaW9yaXR5IjtiOjA7czoxOiJ4IjtzOjE2OiI3RVZVb1ZGaVE2WVZYT2tMIjt98QzeCj8AAAA
2025-05-10 19:45:04,455 - INFO -    Заголовок: Сдам торговое помещение, 107.3 м²
2025-05-10 19:45:04,456 - INFO -    Адрес: ул. Гаврилова, 56к2Казань
2025-05-10 19:45:04,456 - INFO -    Цена: 107000
2025-05-10 19:45:04,456 - INFO -    Площадь: 107.3
2025-05-10 19:45:04,456 - INFO - 
2. URL: https://www.avito.ru/kazan/kommercheskaya_nedvizhimost/sdam_torgovoe_pomeschenie_107.3_m_7315689952?context=H4sIAAAAAAAA_wE_AMD_YToyOntzOjEzOiJsb2NhbFByaW9yaXR5IjtiOjA7czoxOiJ4IjtzOjE2OiJIMFFZZ05vNXk2blJCdGc4Ijt9P_qucj8AAAA
2025-05-10 19:45:04,457 - INFO -    Заголовок: Сдам торговое помещение, 107.3 м²
2025-05-10 19:45:04,457 - INFO -    Адрес: ул. Гаврилова, 56к2Казань
2025-05-10 19:45:04,457 - INFO -    Цена: 107000
2025-05-10 19:45:04,457 - INFO -    Площадь: 107.3
2025-05-10 19:45:04,457 - INFO - --------------------------------------------------------------------------------
2025-05-10 19:45:04,457 - INFO - 
Пара дубликатов:
2025-05-10 19:45:04,459 - INFO - 1. URL: https://www.avito.ru/bolshaya_atnya/kommercheskaya_nedvizhimost/svobodnogo_naznacheniya_7280445824?context=H4sIAAAAAAAA_wE_AMD_YToyOntzOjEzOiJsb2NhbFByaW9yaXR5IjtiOjA7czoxOiJ4IjtzOjE2OiI3RVZVb1ZGaVE2WVZYT2tMIjt98QzeCj8AAAA
2025-05-10 19:45:04,460 - INFO -    Заголовок: Свободного назначения
2025-05-10 19:45:04,460 - INFO -    Адрес: ул. Карла Маркса, 24с. Большая Атня
2025-05-10 19:45:04,460 - INFO -    Цена: 500
2025-05-10 19:45:04,460 - INFO -    Площадь: 66.0
2025-05-10 19:45:04,461 - INFO - 
2. URL: https://www.avito.ru/bolshaya_atnya/kommercheskaya_nedvizhimost/svobodnogo_naznacheniya_7280445824?context=H4sIAAAAAAAA_wE_AMD_YToyOntzOjEzOiJsb2NhbFByaW9yaXR5IjtiOjA7czoxOiJ4IjtzOjE2OiJIMFFZZ05vNXk2blJCdGc4Ijt9P_qucj8AAAA
2025-05-10 19:45:04,461 - INFO -    Заголовок: Свободного назначения
2025-05-10 19:45:04,461 - INFO -    Адрес: ул. Карла Маркса, 24с. Большая Атня
2025-05-10 19:45:04,462 - INFO -    Цена: 500
2025-05-10 19:45:04,462 - INFO -    Площадь: 66.0
2025-05-10 19:45:04,462 - INFO - --------------------------------------------------------------------------------
2025-05-10 19:45:04,462 - INFO - 
Пара дубликатов:
2025-05-10 19:45:04,463 - INFO - 1. URL: https://www.avito.ru/zelenodolsk/kommercheskaya_nedvizhimost/svobodnogo_naznacheniya_108_m_7324967784?context=H4sIAAAAAAAA_wE_AMD_YToyOntzOjEzOiJsb2NhbFByaW9yaXR5IjtiOjA7czoxOiJ4IjtzOjE2OiI3RVZVb1ZGaVE2WVZYT2tMIjt98QzeCj8AAAA
2025-05-10 19:45:04,463 - INFO -    Заголовок: Свободного назначения, 108 м²
2025-05-10 19:45:04,464 - INFO -    Адрес: ул. Королёва, 12БЗеленодольск
2025-05-10 19:45:04,464 - INFO -    Цена: 200000
2025-05-10 19:45:04,464 - INFO -    Площадь: 108.0
2025-05-10 19:45:04,464 - INFO - 
2. URL: https://www.avito.ru/zelenodolsk/kommercheskaya_nedvizhimost/svobodnogo_naznacheniya_108_m_7324967784?context=H4sIAAAAAAAA_wE_AMD_YToyOntzOjEzOiJsb2NhbFByaW9yaXR5IjtiOjA7czoxOiJ4IjtzOjE2OiJIMFFZZ05vNXk2blJCdGc4Ijt9P_qucj8AAAA
2025-05-10 19:45:04,465 - INFO -    Заголовок: Свободного назначения, 108 м²
2025-05-10 19:45:04,465 - INFO -    Адрес: ул. Королёва, 12БЗеленодольск
2025-05-10 19:45:04,465 - INFO -    Цена: 200000
2025-05-10 19:45:04,465 - INFO -    Площадь: 108.0
2025-05-10 19:45:04,466 - INFO - --------------------------------------------------------------------------------
2025-05-10 19:45:04,466 - INFO - 
Пара дубликатов:
2025-05-10 19:45:04,466 - INFO - 1. URL: https://www.avito.ru/osinovo/kommercheskaya_nedvizhimost/svobodnogo_naznacheniya_7281870540?context=H4sIAAAAAAAA_wE_AMD_YToyOntzOjEzOiJsb2NhbFByaW9yaXR5IjtiOjA7czoxOiJ4IjtzOjE2OiI3RVZVb1ZGaVE2WVZYT2tMIjt98QzeCj8AAAA
2025-05-10 19:45:04,467 - INFO -    Заголовок: Свободного назначения
2025-05-10 19:45:04,467 - INFO -    Адрес: ул. Марата Ахметшина, 3с. Осиново
2025-05-10 19:45:04,468 - INFO -    Цена: 54230
2025-05-10 19:45:04,469 - INFO -    Площадь: 63.8
2025-05-10 19:45:04,469 - INFO - 
2. URL: https://www.avito.ru/osinovo/kommercheskaya_nedvizhimost/svobodnogo_naznacheniya_7281870540?context=H4sIAAAAAAAA_wE_AMD_YToyOntzOjEzOiJsb2NhbFByaW9yaXR5IjtiOjA7czoxOiJ4IjtzOjE2OiJIMFFZZ05vNXk2blJCdGc4Ijt9P_qucj8AAAA
2025-05-10 19:45:04,470 - INFO -    Заголовок: Свободного назначения
2025-05-10 19:45:04,470 - INFO -    Адрес: ул. Марата Ахметшина, 3с. Осиново
2025-05-10 19:45:04,471 - INFO -    Цена: 54230
2025-05-10 19:45:04,471 - INFO -    Площадь: 63.8
2025-05-10 19:45:04,471 - INFO - --------------------------------------------------------------------------------
2025-05-10 19:45:04,471 - INFO - 
Пара дубликатов:
2025-05-10 19:45:04,471 - INFO - 1. URL: https://www.avito.ru/naberezhnye_chelny/kommercheskaya_nedvizhimost/svobodnogo_naznacheniya_128.6_m_7262779360?context=H4sIAAAAAAAA_wE_AMD_YToyOntzOjEzOiJsb2NhbFByaW9yaXR5IjtiOjA7czoxOiJ4IjtzOjE2OiJIMFFZZ05vNXk2blJCdGc4Ijt9P_qucj8AAAA
2025-05-10 19:45:04,472 - INFO -    Заголовок: Свободного назначения, 128.6 м²
2025-05-10 19:45:04,473 - INFO -    Адрес: Московский пр-т, 35Набережные Челны
2025-05-10 19:45:04,473 - INFO -    Цена: 1500
2025-05-10 19:45:04,473 - INFO -    Площадь: 128.6
2025-05-10 19:45:04,473 - INFO - 
2. URL: https://www.avito.ru/naberezhnye_chelny/kommercheskaya_nedvizhimost/arenda_svobodnogo_naznacheniya_128.6_m_4395977200?context=H4sIAAAAAAAA_wE_AMD_YToyOntzOjEzOiJsb2NhbFByaW9yaXR5IjtiOjA7czoxOiJ4IjtzOjE2OiJjNnlWbmlBSG1jczZTbVoxIjt9QrWrEj8AAAA
2025-05-10 19:45:04,474 - INFO -    Заголовок: Аренда, Свободного назначения, 128.6 м²
2025-05-10 19:45:04,474 - INFO -    Адрес: Московский пр-т, 35Набережные Челны
2025-05-10 19:45:04,474 - INFO -    Цена: 1500
2025-05-10 19:45:04,474 - INFO -    Площадь: 128.6
2025-05-10 19:45:04,475 - INFO - --------------------------------------------------------------------------------
2025-05-10 19:45:04,475 - INFO - 
Пара дубликатов:
2025-05-10 19:45:04,476 - INFO - 1. URL: https://www.avito.ru/kazan/kommercheskaya_nedvizhimost/svobodnogo_naznacheniya_7281405023?context=H4sIAAAAAAAA_wE_AMD_YToyOntzOjEzOiJsb2NhbFByaW9yaXR5IjtiOjA7czoxOiJ4IjtzOjE2OiJIMFFZZ05vNXk2blJCdGc4Ijt9P_qucj8AAAA
2025-05-10 19:45:04,476 - INFO -    Заголовок: Свободного назначения
2025-05-10 19:45:04,476 - INFO -    Адрес: Советский район, посёлок Дербышки, Советская ул., 22АКазань
2025-05-10 19:45:04,477 - INFO -    Цена: 55000
2025-05-10 19:45:04,477 - INFO -    Площадь: 75.0
2025-05-10 19:45:04,477 - INFO - 
2. URL: https://www.avito.ru/kazan/kommercheskaya_nedvizhimost/svobodnogo_naznacheniya_75_m_2756333036?context=H4sIAAAAAAAA_wE_AMD_YToyOntzOjEzOiJsb2NhbFByaW9yaXR5IjtiOjA7czoxOiJ4IjtzOjE2OiJlampMRXZYUWlXQkp4UW5JIjt9xvuXwj8AAAA
2025-05-10 19:45:04,478 - INFO -    Заголовок: Свободного назначения, 75 м²
2025-05-10 19:45:04,478 - INFO -    Адрес: Советский район, посёлок Дербышки, Советская ул., 22АКазань
2025-05-10 19:45:04,478 - INFO -    Цена: 55000
2025-05-10 19:45:04,479 - INFO -    Площадь: 75.0
2025-05-10 19:45:04,479 - INFO - --------------------------------------------------------------------------------
2025-05-10 19:45:04,479 - INFO - 
Пара дубликатов:
2025-05-10 19:45:04,479 - INFO - 1. URL: https://www.avito.ru/kazan/kommercheskaya_nedvizhimost/torgovaya_ploschad_51_m_7274551868?context=H4sIAAAAAAAA_wE_AMD_YToyOntzOjEzOiJsb2NhbFByaW9yaXR5IjtiOjA7czoxOiJ4IjtzOjE2OiJIMFFZZ05vNXk2blJCdGc4Ijt9P_qucj8AAAA
2025-05-10 19:45:04,480 - INFO -    Заголовок: Торговая площадь, 51 м²
2025-05-10 19:45:04,480 - INFO -    Адрес: Ленинградская ул., 45АКазань
2025-05-10 19:45:04,481 - INFO -    Цена: 100000
2025-05-10 19:45:04,481 - INFO -    Площадь: 51.0
2025-05-10 19:45:04,481 - INFO - 
2. URL: https://www.avito.ru/kazan/kommercheskaya_nedvizhimost/torgovaya_ploschad_51_m_7274551868?context=H4sIAAAAAAAA_wE_AMD_YToyOntzOjEzOiJsb2NhbFByaW9yaXR5IjtiOjA7czoxOiJ4IjtzOjE2OiJWc2xZY1lPZXZjMFZSZTJIIjt9ARBXTj8AAAA
2025-05-10 19:45:04,482 - INFO -    Заголовок: Торговая площадь, 51 м²
2025-05-10 19:45:04,482 - INFO -    Адрес: Ленинградская ул., 45АКазань
2025-05-10 19:45:04,483 - INFO -    Цена: 100000
2025-05-10 19:45:04,483 - INFO -    Площадь: 51.0
2025-05-10 19:45:04,483 - INFO - --------------------------------------------------------------------------------
2025-05-10 19:45:04,483 - INFO - 
Пара дубликатов:
2025-05-10 19:45:04,483 - INFO - 1. URL: https://www.avito.ru/kazan/kommercheskaya_nedvizhimost/pavilon_na_ostanovke_20-40_m_7271688571?context=H4sIAAAAAAAA_wE_AMD_YToyOntzOjEzOiJsb2NhbFByaW9yaXR5IjtiOjA7czoxOiJ4IjtzOjE2OiJWc2xZY1lPZXZjMFZSZTJIIjt9ARBXTj8AAAA
2025-05-10 19:45:04,483 - INFO -    Заголовок: Павильон на остановке, 20-40 м²
2025-05-10 19:45:04,483 - INFO -    Адрес: Ломжинская ул., 17/1Казань
2025-05-10 19:45:04,483 - INFO -    Цена: 50000
2025-05-10 19:45:04,483 - INFO -    Площадь: 20.0
2025-05-10 19:45:04,483 - INFO - 
2. URL: https://www.avito.ru/kazan/kommercheskaya_nedvizhimost/pavilon_na_ostanovke_20-40_m_4007881770?context=H4sIAAAAAAAA_wE_AMD_YToyOntzOjEzOiJsb2NhbFByaW9yaXR5IjtiOjA7czoxOiJ4IjtzOjE2OiJjNnlWbmlBSG1jczZTbVoxIjt9QrWrEj8AAAA
2025-05-10 19:45:04,488 - INFO -    Заголовок: Павильон на остановке, 20-40 м²
2025-05-10 19:45:04,488 - INFO -    Адрес: Ломжинская ул., 17/1Казань
2025-05-10 19:45:04,488 - INFO -    Цена: 50000
2025-05-10 19:45:04,489 - INFO -    Площадь: 20.0
2025-05-10 19:45:04,489 - INFO - --------------------------------------------------------------------------------
2025-05-10 19:45:04,489 - INFO - 
Пара дубликатов:
2025-05-10 19:45:04,489 - INFO - 1. URL: https://www.avito.ru/osinovo/kommercheskaya_nedvizhimost/svobodnogo_naznacheniya_65.8_m_4654950809?context=H4sIAAAAAAAA_wE_AMD_YToyOntzOjEzOiJsb2NhbFByaW9yaXR5IjtiOjA7czoxOiJ4IjtzOjE2OiJRbFBmbU9NQXRieGlpOXoxIjt93U9QJj8AAAA
2025-05-10 19:45:04,490 - INFO -    Заголовок: Свободного назначения, 65.8 м²
2025-05-10 19:45:04,490 - INFO -    Адрес: ул. Марата Ахметшина, 4с. Осиново
2025-05-10 19:45:04,490 - INFO -    Цена: 900
2025-05-10 19:45:04,491 - INFO -    Площадь: 65.8
2025-05-10 19:45:04,491 - INFO - 
2. URL: https://www.avito.ru/osinovo/kommercheskaya_nedvizhimost/svobodnogo_naznacheniya_65.8_m_3854850031?context=H4sIAAAAAAAA_wE_AMD_YToyOntzOjEzOiJsb2NhbFByaW9yaXR5IjtiOjA7czoxOiJ4IjtzOjE2OiJTQzRqR2M1R1d5Rll6amd3Ijt9JSWuAD8AAAA
2025-05-10 19:45:04,492 - INFO -    Заголовок: Свободного назначения, 65.8 м²
2025-05-10 19:45:04,492 - INFO -    Адрес: ул. Марата Ахметшина, 4с. Осиново
2025-05-10 19:45:04,493 - INFO -    Цена: 900
2025-05-10 19:45:04,493 - INFO -    Площадь: 65.8
2025-05-10 19:45:04,493 - INFO - --------------------------------------------------------------------------------
2025-05-10 19:45:04,494 - INFO - 
Пара дубликатов:
2025-05-10 19:45:04,494 - INFO - 1. URL: https://www.avito.ru/kazan/kommercheskaya_nedvizhimost/sklad_30_m_3901291797?context=H4sIAAAAAAAA_wE_AMD_YToyOntzOjEzOiJsb2NhbFByaW9yaXR5IjtiOjA7czoxOiJ4IjtzOjE2OiJTQzRqR2M1R1d5Rll6amd3Ijt9JSWuAD8AAAA
2025-05-10 19:45:04,495 - INFO -    Заголовок: Склад, 30 м²
2025-05-10 19:45:04,495 - INFO -    Адрес: Московская ул., 52Казань
2025-05-10 19:45:04,495 - INFO -    Цена: 10000
2025-05-10 19:45:04,496 - INFO -    Площадь: 30.0
2025-05-10 19:45:04,496 - INFO - 
2. URL: https://www.avito.ru/kazan/kommercheskaya_nedvizhimost/sklad_30_m_3787078968?context=H4sIAAAAAAAA_wE_AMD_YToyOntzOjEzOiJsb2NhbFByaW9yaXR5IjtiOjA7czoxOiJ4IjtzOjE2OiJTQzRqR2M1R1d5Rll6amd3Ijt9JSWuAD8AAAA
2025-05-10 19:45:04,497 - INFO -    Заголовок: Склад, 30 м²
2025-05-10 19:45:04,497 - INFO -    Адрес: Московская ул., 52Казань
2025-05-10 19:45:04,497 - INFO -    Цена: 10000
2025-05-10 19:45:04,497 - INFO -    Площадь: 30.0
2025-05-10 19:45:04,497 - INFO - --------------------------------------------------------------------------------
