2025-05-10 19:40:22,804 - INFO - Загружено 1087 записей
2025-05-10 19:40:23,055 - INFO - Найдено 75 пар дубликатов
2025-05-10 19:40:23,055 - INFO - 
Пары дубликатов:
2025-05-10 19:40:23,055 - INFO - 
Пара дубликатов:
2025-05-10 19:40:23,055 - INFO - 1. URL: https://www.avito.ru/naberezhnye_chelny/kommercheskaya_nedvizhimost/svobodnogo_naznacheniya_7339431918?context=H4sIAAAAAAAA_wE_AMD_YToyOntzOjEzOiJsb2NhbFByaW9yaXR5IjtiOjA7czoxOiJ4IjtzOjE2OiJuazJYdUhMWEdodzJVQjZZIjt9HdiNeT8AAAA
2025-05-10 19:40:23,055 - INFO -    Заголовок: Свободного назначения
2025-05-10 19:40:23,065 - INFO -    Адрес: ул. Шамиля Усманова, 18ДНабережные Челны
2025-05-10 19:40:23,065 - INFO -    Цена: 1500
2025-05-10 19:40:23,065 - INFO -    Площадь: 105.6
2025-05-10 19:40:23,065 - INFO - 
2. URL: https://www.avito.ru/naberezhnye_chelny/kommercheskaya_nedvizhimost/svobodnogo_naznacheniya_105.6_m_7360551513?context=H4sIAAAAAAAA_wE_AMD_YToyOntzOjEzOiJsb2NhbFByaW9yaXR5IjtiOjA7czoxOiJ4IjtzOjE2OiJuazJYdUhMWEdodzJVQjZZIjt9HdiNeT8AAAA
2025-05-10 19:40:23,068 - INFO -    Заголовок: Свободного назначения, 105.6 м²
2025-05-10 19:40:23,068 - INFO -    Адрес: ул. Шамиля Усманова, 18ДНабережные Челны
2025-05-10 19:40:23,068 - INFO -    Цена: 1500
2025-05-10 19:40:23,069 - INFO -    Площадь: 105.6
2025-05-10 19:40:23,069 - INFO - --------------------------------------------------------------------------------
2025-05-10 19:40:23,069 - INFO - 
Пара дубликатов:
2025-05-10 19:40:23,070 - INFO - 1. URL: https://www.avito.ru/kazan/kommercheskaya_nedvizhimost/svobodnogo_naznacheniya_80_m_7353905160?context=H4sIAAAAAAAA_wE_AMD_YToyOntzOjEzOiJsb2NhbFByaW9yaXR5IjtiOjA7czoxOiJ4IjtzOjE2OiJuazJYdUhMWEdodzJVQjZZIjt9HdiNeT8AAAA
2025-05-10 19:40:23,070 - INFO -    Заголовок: Свободного назначения, 80 м²
2025-05-10 19:40:23,071 - INFO -    Адрес: ул. Горьковское Шоссе, 2Ак1Казань
2025-05-10 19:40:23,071 - INFO -    Цена: 144000
2025-05-10 19:40:23,072 - INFO -    Площадь: 80.0
2025-05-10 19:40:23,072 - INFO - 
2. URL: https://www.avito.ru/kazan/kommercheskaya_nedvizhimost/arenda_80_kv_m_v_zhk_elegiya_7310127395?context=H4sIAAAAAAAA_wE_AMD_YToyOntzOjEzOiJsb2NhbFByaW9yaXR5IjtiOjA7czoxOiJ4IjtzOjE2OiJhSnd5Y1g5WXZ3NVhubzg4Ijt9s8cfBz8AAAA
2025-05-10 19:40:23,073 - INFO -    Заголовок: Аренда 80 кв м в ЖК Элегия
2025-05-10 19:40:23,073 - INFO -    Адрес: ул. Горьковское Шоссе, 2Ак1Казань
2025-05-10 19:40:23,074 - INFO -    Цена: 144000
2025-05-10 19:40:23,074 - INFO -    Площадь: 80.0
2025-05-10 19:40:23,074 - INFO - --------------------------------------------------------------------------------
2025-05-10 19:40:23,074 - INFO - 
Пара дубликатов:
2025-05-10 19:40:23,075 - INFO - 1. URL: https://www.avito.ru/kazan/kommercheskaya_nedvizhimost/svobodnogo_naznacheniya_80_m_7353905160?context=H4sIAAAAAAAA_wE_AMD_YToyOntzOjEzOiJsb2NhbFByaW9yaXR5IjtiOjA7czoxOiJ4IjtzOjE2OiJuazJYdUhMWEdodzJVQjZZIjt9HdiNeT8AAAA
2025-05-10 19:40:23,075 - INFO -    Заголовок: Свободного назначения, 80 м²
2025-05-10 19:40:23,076 - INFO -    Адрес: ул. Горьковское Шоссе, 2Ак1Казань
2025-05-10 19:40:23,076 - INFO -    Цена: 144000
2025-05-10 19:40:23,076 - INFO -    Площадь: 80.0
2025-05-10 19:40:23,077 - INFO - 
2. URL: https://www.avito.ru/kazan/kommercheskaya_nedvizhimost/1_etazh_novyy_zhk_elegiya_potolok_5_m_80_m_4404564569?context=H4sIAAAAAAAA_wE_AMD_YToyOntzOjEzOiJsb2NhbFByaW9yaXR5IjtiOjA7czoxOiJ4IjtzOjE2OiJwUzlzbExPVk90M3pTTzI3Ijt98EhPEj8AAAA
2025-05-10 19:40:23,077 - INFO -    Заголовок: 1 этаж, новый ЖК Элегия, потолок 5 м, 80 м²
2025-05-10 19:40:23,078 - INFO -    Адрес: ул. Горьковское Шоссе, 2Ак3Казань
2025-05-10 19:40:23,078 - INFO -    Цена: 144000
2025-05-10 19:40:23,078 - INFO -    Площадь: 80.0
2025-05-10 19:40:23,078 - INFO - --------------------------------------------------------------------------------
2025-05-10 19:40:23,079 - INFO - 
Пара дубликатов:
2025-05-10 19:40:23,079 - INFO - 1. URL: https://www.avito.ru/kazan/kommercheskaya_nedvizhimost/arenda_80_kv_m_v_zhk_elegiya_7310127395?context=H4sIAAAAAAAA_wE_AMD_YToyOntzOjEzOiJsb2NhbFByaW9yaXR5IjtiOjA7czoxOiJ4IjtzOjE2OiJhSnd5Y1g5WXZ3NVhubzg4Ijt9s8cfBz8AAAA
2025-05-10 19:40:23,080 - INFO -    Заголовок: Аренда 80 кв м в ЖК Элегия
2025-05-10 19:40:23,080 - INFO -    Адрес: ул. Горьковское Шоссе, 2Ак1Казань
2025-05-10 19:40:23,080 - INFO -    Цена: 144000
2025-05-10 19:40:23,081 - INFO -    Площадь: 80.0
2025-05-10 19:40:23,081 - INFO - 
2. URL: https://www.avito.ru/kazan/kommercheskaya_nedvizhimost/1_etazh_novyy_zhk_elegiya_potolok_5_m_80_m_4404564569?context=H4sIAAAAAAAA_wE_AMD_YToyOntzOjEzOiJsb2NhbFByaW9yaXR5IjtiOjA7czoxOiJ4IjtzOjE2OiJwUzlzbExPVk90M3pTTzI3Ijt98EhPEj8AAAA
2025-05-10 19:40:23,082 - INFO -    Заголовок: 1 этаж, новый ЖК Элегия, потолок 5 м, 80 м²
2025-05-10 19:40:23,082 - INFO -    Адрес: ул. Горьковское Шоссе, 2Ак3Казань
2025-05-10 19:40:23,083 - INFO -    Цена: 144000
2025-05-10 19:40:23,083 - INFO -    Площадь: 80.0
2025-05-10 19:40:23,083 - INFO - --------------------------------------------------------------------------------
2025-05-10 19:40:23,083 - INFO - 
Пара дубликатов:
2025-05-10 19:40:23,084 - INFO - 1. URL: https://www.avito.ru/naberezhnye_chelny/kommercheskaya_nedvizhimost/sdaetsya_pomeschenie_na_pervoy_linii_7346615535?context=H4sIAAAAAAAA_wE_AMD_YToyOntzOjEzOiJsb2NhbFByaW9yaXR5IjtiOjA7czoxOiJ4IjtzOjE2OiJuazJYdUhMWEdodzJVQjZZIjt9HdiNeT8AAAA
2025-05-10 19:40:23,084 - INFO -    Заголовок: Сдается помещение на первой линии
2025-05-10 19:40:23,084 - INFO -    Адрес: пр-т Чулман, 1АНабережные Челны
2025-05-10 19:40:23,084 - INFO -    Цена: 1500
2025-05-10 19:40:23,085 - INFO -    Площадь: 108.0
2025-05-10 19:40:23,085 - INFO - 
2. URL: https://www.avito.ru/naberezhnye_chelny/kommercheskaya_nedvizhimost/torgovaya_ploschad_108_m_3641771647?context=H4sIAAAAAAAA_wE_AMD_YToyOntzOjEzOiJsb2NhbFByaW9yaXR5IjtiOjA7czoxOiJ4IjtzOjE2OiIxNWNpbzZkSjZ0a3FTZkxGIjt9XP5w2z8AAAA
2025-05-10 19:40:23,085 - INFO -    Заголовок: Торговая площадь, 108 м²
2025-05-10 19:40:23,086 - INFO -    Адрес: пр-т Чулман, 1АНабережные Челны
2025-05-10 19:40:23,086 - INFO -    Цена: 1500
2025-05-10 19:40:23,087 - INFO -    Площадь: 108.0
2025-05-10 19:40:23,087 - INFO - --------------------------------------------------------------------------------
2025-05-10 19:40:23,088 - INFO - 
Пара дубликатов:
2025-05-10 19:40:23,089 - INFO - 1. URL: https://www.avito.ru/kazan/kommercheskaya_nedvizhimost/svobodnogo_naznacheniya_sklad_7387031460?context=H4sIAAAAAAAA_wE_AMD_YToyOntzOjEzOiJsb2NhbFByaW9yaXR5IjtiOjA7czoxOiJ4IjtzOjE2OiJuazJYdUhMWEdodzJVQjZZIjt9HdiNeT8AAAA
2025-05-10 19:40:23,089 - INFO -    Заголовок: Свободного назначения, склад
2025-05-10 19:40:23,089 - INFO -    Адрес: ул. Клары Цеткин, 10Казань
2025-05-10 19:40:23,089 - INFO -    Цена: 25000
2025-05-10 19:40:23,089 - INFO -    Площадь: 35.0
2025-05-10 19:40:23,092 - INFO - 
2. URL: https://www.avito.ru/kazan/kommercheskaya_nedvizhimost/svobodnogo_naznacheniya_sklad_proizvodstvo_7355334846?context=H4sIAAAAAAAA_wE_AMD_YToyOntzOjEzOiJsb2NhbFByaW9yaXR5IjtiOjA7czoxOiJ4IjtzOjE2OiJzZzBJYTBEdEszbWJIU21OIjt9PE7W5j8AAAA
2025-05-10 19:40:23,092 - INFO -    Заголовок: Свободного назначения, склад, производство
2025-05-10 19:40:23,093 - INFO -    Адрес: ул. Клары Цеткин, 31/106Казань
2025-05-10 19:40:23,093 - INFO -    Цена: 25000
2025-05-10 19:40:23,093 - INFO -    Площадь: 35.0
2025-05-10 19:40:23,093 - INFO - --------------------------------------------------------------------------------
2025-05-10 19:40:23,094 - INFO - 
Пара дубликатов:
2025-05-10 19:40:23,094 - INFO - 1. URL: https://www.avito.ru/kazan/kommercheskaya_nedvizhimost/torgovaya_ploschad_20_m_7338427555?context=H4sIAAAAAAAA_wE_AMD_YToyOntzOjEzOiJsb2NhbFByaW9yaXR5IjtiOjA7czoxOiJ4IjtzOjE2OiJKclZOUk1YSWt5b0R4d09FIjt98NnjjD8AAAA
2025-05-10 19:40:23,094 - INFO -    Заголовок: Торговая площадь, 20 м²
2025-05-10 19:40:23,094 - INFO -    Адрес: ул. Гагарина, 89Казань
2025-05-10 19:40:23,094 - INFO -    Цена: 20000
2025-05-10 19:40:23,094 - INFO -    Площадь: 20.0
2025-05-10 19:40:23,094 - INFO - 
2. URL: https://www.avito.ru/chistopol/kommercheskaya_nedvizhimost/torgovaya_ploschad_20_m_7320759702?context=H4sIAAAAAAAA_wE_AMD_YToyOntzOjEzOiJsb2NhbFByaW9yaXR5IjtiOjA7czoxOiJ4IjtzOjE2OiJmSFJBajRmcnptY3Q2ZkZmIjt9XKvySD8AAAA
2025-05-10 19:40:23,094 - INFO -    Заголовок: Торговая площадь, 20 м²
2025-05-10 19:40:23,094 - INFO -    Адрес: ул. Вахитова, 116АЧистополь
2025-05-10 19:40:23,094 - INFO -    Цена: 20000
2025-05-10 19:40:23,094 - INFO -    Площадь: 20.0
2025-05-10 19:40:23,094 - INFO - --------------------------------------------------------------------------------
2025-05-10 19:40:23,094 - INFO - 
Пара дубликатов:
2025-05-10 19:40:23,094 - INFO - 1. URL: https://www.avito.ru/kazan/kommercheskaya_nedvizhimost/svobodnogo_naznacheniya_60_m_7326986294?context=H4sIAAAAAAAA_wE_AMD_YToyOntzOjEzOiJsb2NhbFByaW9yaXR5IjtiOjA7czoxOiJ4IjtzOjE2OiJUaEZCenRxRm5Tb09YUlY1Ijt9tGtraT8AAAA
2025-05-10 19:40:23,094 - INFO -    Заголовок: Свободного назначения, 60 м²
2025-05-10 19:40:23,094 - INFO -    Адрес: ул. Четаева, 14Казань
2025-05-10 19:40:23,094 - INFO -    Цена: 90000
2025-05-10 19:40:23,094 - INFO -    Площадь: 60.0
2025-05-10 19:40:23,094 - INFO - 
2. URL: https://www.avito.ru/kazan/kommercheskaya_nedvizhimost/svobodnogo_naznacheniya_60_m_7321393271?context=H4sIAAAAAAAA_wE_AMD_YToyOntzOjEzOiJsb2NhbFByaW9yaXR5IjtiOjA7czoxOiJ4IjtzOjE2OiJhSnd5Y1g5WXZ3NVhubzg4Ijt9s8cfBz8AAAA
2025-05-10 19:40:23,094 - INFO -    Заголовок: Свободного назначения, 60 м²
2025-05-10 19:40:23,094 - INFO -    Адрес: ул. Юлиуса Фучика, 109Казань
2025-05-10 19:40:23,094 - INFO -    Цена: 90000
2025-05-10 19:40:23,094 - INFO -    Площадь: 60.0
2025-05-10 19:40:23,094 - INFO - --------------------------------------------------------------------------------
2025-05-10 19:40:23,094 - INFO - 
Пара дубликатов:
2025-05-10 19:40:23,094 - INFO - 1. URL: https://www.avito.ru/kazan/kommercheskaya_nedvizhimost/svobodnogo_naznacheniya_60_m_7326986294?context=H4sIAAAAAAAA_wE_AMD_YToyOntzOjEzOiJsb2NhbFByaW9yaXR5IjtiOjA7czoxOiJ4IjtzOjE2OiJUaEZCenRxRm5Tb09YUlY1Ijt9tGtraT8AAAA
2025-05-10 19:40:23,094 - INFO -    Заголовок: Свободного назначения, 60 м²
2025-05-10 19:40:23,094 - INFO -    Адрес: ул. Четаева, 14Казань
2025-05-10 19:40:23,094 - INFO -    Цена: 90000
2025-05-10 19:40:23,094 - INFO -    Площадь: 60.0
2025-05-10 19:40:23,094 - INFO - 
2. URL: https://www.avito.ru/kazan/kommercheskaya_nedvizhimost/svobodnogo_naznacheniya_4751945069?context=H4sIAAAAAAAA_wE_AMD_YToyOntzOjEzOiJsb2NhbFByaW9yaXR5IjtiOjA7czoxOiJ4IjtzOjE2OiJMWE1FOUVBNkxhT1RGT1NNIjt9eadmeT8AAAA
2025-05-10 19:40:23,104 - INFO -    Заголовок: Свободного назначения
2025-05-10 19:40:23,104 - INFO -    Адрес: ул. Юлиуса Фучика, 109Казань
2025-05-10 19:40:23,104 - INFO -    Цена: 90000
2025-05-10 19:40:23,104 - INFO -    Площадь: 60.0
2025-05-10 19:40:23,104 - INFO - --------------------------------------------------------------------------------
2025-05-10 19:40:23,104 - INFO - 
Пара дубликатов:
2025-05-10 19:40:23,104 - INFO - 1. URL: https://www.avito.ru/kazan/kommercheskaya_nedvizhimost/svobodnogo_naznacheniya_60_m_7321393271?context=H4sIAAAAAAAA_wE_AMD_YToyOntzOjEzOiJsb2NhbFByaW9yaXR5IjtiOjA7czoxOiJ4IjtzOjE2OiJhSnd5Y1g5WXZ3NVhubzg4Ijt9s8cfBz8AAAA
2025-05-10 19:40:23,104 - INFO -    Заголовок: Свободного назначения, 60 м²
2025-05-10 19:40:23,104 - INFO -    Адрес: ул. Юлиуса Фучика, 109Казань
2025-05-10 19:40:23,104 - INFO -    Цена: 90000
2025-05-10 19:40:23,104 - INFO -    Площадь: 60.0
2025-05-10 19:40:23,104 - INFO - 
2. URL: https://www.avito.ru/kazan/kommercheskaya_nedvizhimost/svobodnogo_naznacheniya_4751945069?context=H4sIAAAAAAAA_wE_AMD_YToyOntzOjEzOiJsb2NhbFByaW9yaXR5IjtiOjA7czoxOiJ4IjtzOjE2OiJMWE1FOUVBNkxhT1RGT1NNIjt9eadmeT8AAAA
2025-05-10 19:40:23,104 - INFO -    Заголовок: Свободного назначения
2025-05-10 19:40:23,104 - INFO -    Адрес: ул. Юлиуса Фучика, 109Казань
2025-05-10 19:40:23,104 - INFO -    Цена: 90000
2025-05-10 19:40:23,104 - INFO -    Площадь: 60.0
2025-05-10 19:40:23,104 - INFO - --------------------------------------------------------------------------------
2025-05-10 19:40:23,104 - INFO - 
Пара дубликатов:
2025-05-10 19:40:23,104 - INFO - 1. URL: https://www.avito.ru/kazan/kommercheskaya_nedvizhimost/svobodnogo_naznacheniya_50_m_4856327039?context=H4sIAAAAAAAA_wE_AMD_YToyOntzOjEzOiJsb2NhbFByaW9yaXR5IjtiOjA7czoxOiJ4IjtzOjE2OiJMWE1FOUVBNkxhT1RGT1NNIjt9eadmeT8AAAA
2025-05-10 19:40:23,104 - INFO -    Заголовок: Свободного назначения, 50 м²
2025-05-10 19:40:23,104 - INFO -    Адрес: Сенаторская ул., 1с. Сокуры
2025-05-10 19:40:23,104 - INFO -    Цена: 1500
2025-05-10 19:40:23,104 - INFO -    Площадь: 50.0
2025-05-10 19:40:23,104 - INFO - 
2. URL: https://www.avito.ru/naberezhnye_chelny/kommercheskaya_nedvizhimost/svobodnogo_naznacheniya_50_m_4280788896?context=H4sIAAAAAAAA_wE_AMD_YToyOntzOjEzOiJsb2NhbFByaW9yaXR5IjtiOjA7czoxOiJ4IjtzOjE2OiJmOWJHRlJRc1BKUE5vZEIyIjt9afBC3D8AAAA
2025-05-10 19:40:23,104 - INFO -    Заголовок: Свободного назначения, 50 м²
2025-05-10 19:40:23,104 - INFO -    Адрес: Казанский пр-т, 174Набережные Челны
2025-05-10 19:40:23,104 - INFO -    Цена: 1500
2025-05-10 19:40:23,104 - INFO -    Площадь: 50.0
2025-05-10 19:40:23,104 - INFO - --------------------------------------------------------------------------------
2025-05-10 19:40:23,104 - INFO - 
Пара дубликатов:
2025-05-10 19:40:23,104 - INFO - 1. URL: https://www.avito.ru/naberezhnye_chelny/kommercheskaya_nedvizhimost/sdam_pomeschenie_svobodnogo_naznacheniya_122_m_7337240263?context=H4sIAAAAAAAA_wE_AMD_YToyOntzOjEzOiJsb2NhbFByaW9yaXR5IjtiOjA7czoxOiJ4IjtzOjE2OiJUaEZCenRxRm5Tb09YUlY1Ijt9tGtraT8AAAA
2025-05-10 19:40:23,104 - INFO -    Заголовок: Сдам помещение свободного назначения, 122 м²
2025-05-10 19:40:23,114 - INFO -    Адрес: ул. Академика Королёва, 2/1Набережные Челны
2025-05-10 19:40:23,114 - INFO -    Цена: 1100
2025-05-10 19:40:23,114 - INFO -    Площадь: 122.0
2025-05-10 19:40:23,115 - INFO - 
2. URL: https://www.avito.ru/naberezhnye_chelny/kommercheskaya_nedvizhimost/svobodnogo_naznacheniya_122_m_4556725205?context=H4sIAAAAAAAA_wE_AMD_YToyOntzOjEzOiJsb2NhbFByaW9yaXR5IjtiOjA7czoxOiJ4IjtzOjE2OiJRbFBmbU9NQXRieGlpOXoxIjt93U9QJj8AAAA
2025-05-10 19:40:23,115 - INFO -    Заголовок: Свободного назначения, 122 м²
2025-05-10 19:40:23,115 - INFO -    Адрес: ул. Академика Королёва, 2Набережные Челны
2025-05-10 19:40:23,116 - INFO -    Цена: 1100
2025-05-10 19:40:23,116 - INFO -    Площадь: 122.0
2025-05-10 19:40:23,116 - INFO - --------------------------------------------------------------------------------
2025-05-10 19:40:23,116 - INFO - 
Пара дубликатов:
2025-05-10 19:40:23,116 - INFO - 1. URL: https://www.avito.ru/kazan/kommercheskaya_nedvizhimost/torgovaya_ploschad_134_7345584311?context=H4sIAAAAAAAA_wE_AMD_YToyOntzOjEzOiJsb2NhbFByaW9yaXR5IjtiOjA7czoxOiJ4IjtzOjE2OiJUaEZCenRxRm5Tb09YUlY1Ijt9tGtraT8AAAA
2025-05-10 19:40:23,116 - INFO -    Заголовок: Торговая площадь 134
2025-05-10 19:40:23,116 - INFO -    Адрес: ул. Александра Курынова, 5к2Казань
2025-05-10 19:40:23,116 - INFO -    Цена: 2500
2025-05-10 19:40:23,116 - INFO -    Площадь: 134.0
2025-05-10 19:40:23,116 - INFO - 
2. URL: https://www.avito.ru/kazan/kommercheskaya_nedvizhimost/ofismagazin_7341393736?context=H4sIAAAAAAAA_wE_AMD_YToyOntzOjEzOiJsb2NhbFByaW9yaXR5IjtiOjA7czoxOiJ4IjtzOjE2OiJhSnd5Y1g5WXZ3NVhubzg4Ijt9s8cfBz8AAAA
2025-05-10 19:40:23,116 - INFO -    Заголовок: Офис,магазин
2025-05-10 19:40:23,120 - INFO -    Адрес: ул. Александра Курынова, 5к2Казань
2025-05-10 19:40:23,120 - INFO -    Цена: 2500
2025-05-10 19:40:23,121 - INFO -    Площадь: 134.0
2025-05-10 19:40:23,121 - INFO - --------------------------------------------------------------------------------
2025-05-10 19:40:23,121 - INFO - 
Пара дубликатов:
2025-05-10 19:40:23,122 - INFO - 1. URL: https://www.avito.ru/kazan/kommercheskaya_nedvizhimost/pomeschenie_101.5_m_pod_torgovlyuofis_byuti_kovork_7344959219?context=H4sIAAAAAAAA_wE_AMD_YToyOntzOjEzOiJsb2NhbFByaW9yaXR5IjtiOjA7czoxOiJ4IjtzOjE2OiJKclZOUk1YSWt5b0R4d09FIjt98NnjjD8AAAA
2025-05-10 19:40:23,122 - INFO -    Заголовок: Помещение 101.5 м² под торговлю,офис, бьюти коворк
2025-05-10 19:40:23,123 - INFO -    Адрес: ул. Гарифа Ахунова, 22АКазань
2025-05-10 19:40:23,123 - INFO -    Цена: 162400
2025-05-10 19:40:23,124 - INFO -    Площадь: 101.5
2025-05-10 19:40:23,124 - INFO - 
2. URL: https://www.avito.ru/kazan/kommercheskaya_nedvizhimost/pomeschenie_101.5_m_pod_magazin_ofis_salon_7312902008?context=H4sIAAAAAAAA_wE_AMD_YToyOntzOjEzOiJsb2NhbFByaW9yaXR5IjtiOjA7czoxOiJ4IjtzOjE2OiJzZzBJYTBEdEszbWJIU21OIjt9PE7W5j8AAAA
2025-05-10 19:40:23,125 - INFO -    Заголовок: Помещение 101.5 м² под магазин, офис, салон
2025-05-10 19:40:23,126 - INFO -    Адрес: ул. Гарифа Ахунова, 22АКазань
2025-05-10 19:40:23,126 - INFO -    Цена: 162400
2025-05-10 19:40:23,127 - INFO -    Площадь: 101.5
2025-05-10 19:40:23,127 - INFO - --------------------------------------------------------------------------------
2025-05-10 19:40:23,128 - INFO - 
Пара дубликатов:
2025-05-10 19:40:23,128 - INFO - 1. URL: https://www.avito.ru/kazan/kommercheskaya_nedvizhimost/arenda_konteynera_pod_sklad_7314236462?context=H4sIAAAAAAAA_wE_AMD_YToyOntzOjEzOiJsb2NhbFByaW9yaXR5IjtiOjA7czoxOiJ4IjtzOjE2OiJhSnd5Y1g5WXZ3NVhubzg4Ijt9s8cfBz8AAAA
2025-05-10 19:40:23,128 - INFO -    Заголовок: Аренда контейнера под склад
2025-05-10 19:40:23,128 - INFO -    Адрес: ЖК Лесной Городок, Берёзовая ул., 2АКазань
2025-05-10 19:40:23,128 - INFO -    Цена: 6000
2025-05-10 19:40:23,128 - INFO -    Площадь: 15.0
2025-05-10 19:40:23,128 - INFO - 
2. URL: https://www.avito.ru/kazan/kommercheskaya_nedvizhimost/arenda_konteynera_pod_sklad_4755423047?context=H4sIAAAAAAAA_wE_AMD_YToyOntzOjEzOiJsb2NhbFByaW9yaXR5IjtiOjA7czoxOiJ4IjtzOjE2OiJRbFBmbU9NQXRieGlpOXoxIjt93U9QJj8AAAA
2025-05-10 19:40:23,133 - INFO -    Заголовок: Аренда контейнера под склад
2025-05-10 19:40:23,134 - INFO -    Адрес: ул. Аделя Кутуя, 153ВКазань
2025-05-10 19:40:23,134 - INFO -    Цена: 6000
2025-05-10 19:40:23,134 - INFO -    Площадь: 15.0
2025-05-10 19:40:23,134 - INFO - --------------------------------------------------------------------------------
2025-05-10 19:40:23,135 - INFO - 
Пара дубликатов:
2025-05-10 19:40:23,135 - INFO - 1. URL: https://www.avito.ru/kazan/kommercheskaya_nedvizhimost/arenda_konteynera_pod_sklad_7314236462?context=H4sIAAAAAAAA_wE_AMD_YToyOntzOjEzOiJsb2NhbFByaW9yaXR5IjtiOjA7czoxOiJ4IjtzOjE2OiJhSnd5Y1g5WXZ3NVhubzg4Ijt9s8cfBz8AAAA
2025-05-10 19:40:23,136 - INFO -    Заголовок: Аренда контейнера под склад
2025-05-10 19:40:23,136 - INFO -    Адрес: ЖК Лесной Городок, Берёзовая ул., 2АКазань
2025-05-10 19:40:23,137 - INFO -    Цена: 6000
2025-05-10 19:40:23,137 - INFO -    Площадь: 15.0
2025-05-10 19:40:23,138 - INFO - 
2. URL: https://www.avito.ru/kazan/kommercheskaya_nedvizhimost/arenda_konteynera_pod_sklad_2035668685?context=H4sIAAAAAAAA_wE_AMD_YToyOntzOjEzOiJsb2NhbFByaW9yaXR5IjtiOjA7czoxOiJ4IjtzOjE2OiJyeUNPN0dGSUU4cUtjNHRZIjt9ugcw1T8AAAA
2025-05-10 19:40:23,138 - INFO -    Заголовок: Аренда контейнера под склад
2025-05-10 19:40:23,138 - INFO -    Адрес: Адмиралтейская ул., 3к1Казань
2025-05-10 19:40:23,138 - INFO -    Цена: 6000
2025-05-10 19:40:23,138 - INFO -    Площадь: 15.0
2025-05-10 19:40:23,138 - INFO - --------------------------------------------------------------------------------
2025-05-10 19:40:23,138 - INFO - 
Пара дубликатов:
2025-05-10 19:40:23,138 - INFO - 1. URL: https://www.avito.ru/kazan/kommercheskaya_nedvizhimost/arenda_konteynera_pod_sklad_7314236462?context=H4sIAAAAAAAA_wE_AMD_YToyOntzOjEzOiJsb2NhbFByaW9yaXR5IjtiOjA7czoxOiJ4IjtzOjE2OiJhSnd5Y1g5WXZ3NVhubzg4Ijt9s8cfBz8AAAA
2025-05-10 19:40:23,138 - INFO -    Заголовок: Аренда контейнера под склад
2025-05-10 19:40:23,138 - INFO -    Адрес: ЖК Лесной Городок, Берёзовая ул., 2АКазань
2025-05-10 19:40:23,138 - INFO -    Цена: 6000
2025-05-10 19:40:23,138 - INFO -    Площадь: 15.0
2025-05-10 19:40:23,138 - INFO - 
2. URL: https://www.avito.ru/kazan/kommercheskaya_nedvizhimost/arenda_konteynera_pod_sklad_1971153572?context=H4sIAAAAAAAA_wE_AMD_YToyOntzOjEzOiJsb2NhbFByaW9yaXR5IjtiOjA7czoxOiJ4IjtzOjE2OiJyeUNPN0dGSUU4cUtjNHRZIjt9ugcw1T8AAAA
2025-05-10 19:40:23,138 - INFO -    Заголовок: Аренда контейнера под склад
2025-05-10 19:40:23,138 - INFO -    Адрес: ул. Фатыха Амирхана, 52Казань
2025-05-10 19:40:23,138 - INFO -    Цена: 6000
2025-05-10 19:40:23,138 - INFO -    Площадь: 15.0
2025-05-10 19:40:23,138 - INFO - --------------------------------------------------------------------------------
2025-05-10 19:40:23,138 - INFO - 
Пара дубликатов:
2025-05-10 19:40:23,138 - INFO - 1. URL: https://www.avito.ru/kazan/kommercheskaya_nedvizhimost/konteyner_v_arendu_pod_sklad_7250481361?context=H4sIAAAAAAAA_wE_AMD_YToyOntzOjEzOiJsb2NhbFByaW9yaXR5IjtiOjA7czoxOiJ4IjtzOjE2OiJWc2xZY1lPZXZjMFZSZTJIIjt9ARBXTj8AAAA
2025-05-10 19:40:23,138 - INFO -    Заголовок: Контейнер в аренду под склад
2025-05-10 19:40:23,138 - INFO -    Адрес: Южно-Промышленная ул., 20Казань
2025-05-10 19:40:23,138 - INFO -    Цена: 6000
2025-05-10 19:40:23,138 - INFO -    Площадь: 15.0
2025-05-10 19:40:23,138 - INFO - 
2. URL: https://www.avito.ru/kazan/kommercheskaya_nedvizhimost/konteyner_v_arendu_pod_sklad_1971497373?context=H4sIAAAAAAAA_wE_AMD_YToyOntzOjEzOiJsb2NhbFByaW9yaXR5IjtiOjA7czoxOiJ4IjtzOjE2OiJyeUNPN0dGSUU4cUtjNHRZIjt9ugcw1T8AAAA
2025-05-10 19:40:23,138 - INFO -    Заголовок: Контейнер в аренду под склад
2025-05-10 19:40:23,138 - INFO -    Адрес: Советский район, жилой массив Самосырово, ул. Мира, 122Казань
2025-05-10 19:40:23,138 - INFO -    Цена: 6000
2025-05-10 19:40:23,138 - INFO -    Площадь: 15.0
2025-05-10 19:40:23,138 - INFO - --------------------------------------------------------------------------------
2025-05-10 19:40:23,138 - INFO - 
Пара дубликатов:
2025-05-10 19:40:23,150 - INFO - 1. URL: https://www.avito.ru/kazan/kommercheskaya_nedvizhimost/arenda_konteynera_pod_sklad_4755423047?context=H4sIAAAAAAAA_wE_AMD_YToyOntzOjEzOiJsb2NhbFByaW9yaXR5IjtiOjA7czoxOiJ4IjtzOjE2OiJRbFBmbU9NQXRieGlpOXoxIjt93U9QJj8AAAA
2025-05-10 19:40:23,150 - INFO -    Заголовок: Аренда контейнера под склад
2025-05-10 19:40:23,151 - INFO -    Адрес: ул. Аделя Кутуя, 153ВКазань
2025-05-10 19:40:23,151 - INFO -    Цена: 6000
2025-05-10 19:40:23,151 - INFO -    Площадь: 15.0
2025-05-10 19:40:23,152 - INFO - 
2. URL: https://www.avito.ru/kazan/kommercheskaya_nedvizhimost/arenda_konteynera_pod_sklad_2035668685?context=H4sIAAAAAAAA_wE_AMD_YToyOntzOjEzOiJsb2NhbFByaW9yaXR5IjtiOjA7czoxOiJ4IjtzOjE2OiJyeUNPN0dGSUU4cUtjNHRZIjt9ugcw1T8AAAA
2025-05-10 19:40:23,152 - INFO -    Заголовок: Аренда контейнера под склад
2025-05-10 19:40:23,152 - INFO -    Адрес: Адмиралтейская ул., 3к1Казань
2025-05-10 19:40:23,153 - INFO -    Цена: 6000
2025-05-10 19:40:23,154 - INFO -    Площадь: 15.0
2025-05-10 19:40:23,154 - INFO - --------------------------------------------------------------------------------
2025-05-10 19:40:23,154 - INFO - 
Пара дубликатов:
2025-05-10 19:40:23,154 - INFO - 1. URL: https://www.avito.ru/kazan/kommercheskaya_nedvizhimost/arenda_konteynera_pod_sklad_4755423047?context=H4sIAAAAAAAA_wE_AMD_YToyOntzOjEzOiJsb2NhbFByaW9yaXR5IjtiOjA7czoxOiJ4IjtzOjE2OiJRbFBmbU9NQXRieGlpOXoxIjt93U9QJj8AAAA
2025-05-10 19:40:23,154 - INFO -    Заголовок: Аренда контейнера под склад
2025-05-10 19:40:23,154 - INFO -    Адрес: ул. Аделя Кутуя, 153ВКазань
2025-05-10 19:40:23,154 - INFO -    Цена: 6000
2025-05-10 19:40:23,154 - INFO -    Площадь: 15.0
2025-05-10 19:40:23,154 - INFO - 
2. URL: https://www.avito.ru/kazan/kommercheskaya_nedvizhimost/arenda_konteynera_pod_sklad_1971153572?context=H4sIAAAAAAAA_wE_AMD_YToyOntzOjEzOiJsb2NhbFByaW9yaXR5IjtiOjA7czoxOiJ4IjtzOjE2OiJyeUNPN0dGSUU4cUtjNHRZIjt9ugcw1T8AAAA
2025-05-10 19:40:23,154 - INFO -    Заголовок: Аренда контейнера под склад
2025-05-10 19:40:23,154 - INFO -    Адрес: ул. Фатыха Амирхана, 52Казань
2025-05-10 19:40:23,154 - INFO -    Цена: 6000
2025-05-10 19:40:23,154 - INFO -    Площадь: 15.0
2025-05-10 19:40:23,154 - INFO - --------------------------------------------------------------------------------
2025-05-10 19:40:23,154 - INFO - 
Пара дубликатов:
2025-05-10 19:40:23,154 - INFO - 1. URL: https://www.avito.ru/kazan/kommercheskaya_nedvizhimost/arenda_konteynera_pod_sklad_2035668685?context=H4sIAAAAAAAA_wE_AMD_YToyOntzOjEzOiJsb2NhbFByaW9yaXR5IjtiOjA7czoxOiJ4IjtzOjE2OiJyeUNPN0dGSUU4cUtjNHRZIjt9ugcw1T8AAAA
2025-05-10 19:40:23,154 - INFO -    Заголовок: Аренда контейнера под склад
2025-05-10 19:40:23,154 - INFO -    Адрес: Адмиралтейская ул., 3к1Казань
2025-05-10 19:40:23,154 - INFO -    Цена: 6000
2025-05-10 19:40:23,154 - INFO -    Площадь: 15.0
2025-05-10 19:40:23,154 - INFO - 
2. URL: https://www.avito.ru/kazan/kommercheskaya_nedvizhimost/arenda_konteynera_pod_sklad_1971153572?context=H4sIAAAAAAAA_wE_AMD_YToyOntzOjEzOiJsb2NhbFByaW9yaXR5IjtiOjA7czoxOiJ4IjtzOjE2OiJyeUNPN0dGSUU4cUtjNHRZIjt9ugcw1T8AAAA
2025-05-10 19:40:23,154 - INFO -    Заголовок: Аренда контейнера под склад
2025-05-10 19:40:23,154 - INFO -    Адрес: ул. Фатыха Амирхана, 52Казань
2025-05-10 19:40:23,154 - INFO -    Цена: 6000
2025-05-10 19:40:23,154 - INFO -    Площадь: 15.0
2025-05-10 19:40:23,154 - INFO - --------------------------------------------------------------------------------
2025-05-10 19:40:23,154 - INFO - 
Пара дубликатов:
2025-05-10 19:40:23,154 - INFO - 1. URL: https://www.avito.ru/elabuga/kommercheskaya_nedvizhimost/svobodnogo_naznacheniya_7341538321?context=H4sIAAAAAAAA_wE_AMD_YToyOntzOjEzOiJsb2NhbFByaW9yaXR5IjtiOjA7czoxOiJ4IjtzOjE2OiJhSnd5Y1g5WXZ3NVhubzg4Ijt9s8cfBz8AAAA
2025-05-10 19:40:23,154 - INFO -    Заголовок: Свободного назначения
2025-05-10 19:40:23,154 - INFO -    Адрес: пр-т Нефтяников, 187Елабуга
2025-05-10 19:40:23,154 - INFO -    Цена: 60000
2025-05-10 19:40:23,154 - INFO -    Площадь: 60.0
2025-05-10 19:40:23,154 - INFO - 
2. URL: https://www.avito.ru/kazan/kommercheskaya_nedvizhimost/svobodnogo_naznacheniya_60_m_4370415166?context=H4sIAAAAAAAA_wE_AMD_YToyOntzOjEzOiJsb2NhbFByaW9yaXR5IjtiOjA7czoxOiJ4IjtzOjE2OiJTQzRqR2M1R1d5Rll6amd3Ijt9JSWuAD8AAAA
2025-05-10 19:40:23,154 - INFO -    Заголовок: Свободного назначения, 60 м²
2025-05-10 19:40:23,154 - INFO -    Адрес: ул. Фрунзе, 1ГКазань
2025-05-10 19:40:23,154 - INFO -    Цена: 60000
2025-05-10 19:40:23,154 - INFO -    Площадь: 60.0
2025-05-10 19:40:23,154 - INFO - --------------------------------------------------------------------------------
2025-05-10 19:40:23,154 - INFO - 
Пара дубликатов:
2025-05-10 19:40:23,154 - INFO - 1. URL: https://www.avito.ru/kazan/kommercheskaya_nedvizhimost/svobodnogo_naznacheniya_30_m_7341441899?context=H4sIAAAAAAAA_wE_AMD_YToyOntzOjEzOiJsb2NhbFByaW9yaXR5IjtiOjA7czoxOiJ4IjtzOjE2OiJhSnd5Y1g5WXZ3NVhubzg4Ijt9s8cfBz8AAAA
2025-05-10 19:40:23,154 - INFO -    Заголовок: Свободного назначения, 30 м²
2025-05-10 19:40:23,154 - INFO -    Адрес: Тополевая ул., 55Казань
2025-05-10 19:40:23,154 - INFO -    Цена: 20000
2025-05-10 19:40:23,154 - INFO -    Площадь: 30.0
2025-05-10 19:40:23,169 - INFO - 
2. URL: https://www.avito.ru/vysokaya_gora/kommercheskaya_nedvizhimost/svobodnogo_naznacheniya_30_m_2056699889?context=H4sIAAAAAAAA_wE_AMD_YToyOntzOjEzOiJsb2NhbFByaW9yaXR5IjtiOjA7czoxOiJ4IjtzOjE2OiJyeUNPN0dGSUU4cUtjNHRZIjt9ugcw1T8AAAA
2025-05-10 19:40:23,170 - INFO -    Заголовок: Свободного назначения, 30 м²
2025-05-10 19:40:23,170 - INFO -    Адрес: Станционная ул., 3Апос. железнодорожной станции Высокая Гора
2025-05-10 19:40:23,171 - INFO -    Цена: 20000
2025-05-10 19:40:23,171 - INFO -    Площадь: 30.0
2025-05-10 19:40:23,171 - INFO - --------------------------------------------------------------------------------
2025-05-10 19:40:23,171 - INFO - 
Пара дубликатов:
2025-05-10 19:40:23,172 - INFO - 1. URL: https://www.avito.ru/kazan/kommercheskaya_nedvizhimost/torgovaya_ploschad_60.5_7313026993?context=H4sIAAAAAAAA_wE_AMD_YToyOntzOjEzOiJsb2NhbFByaW9yaXR5IjtiOjA7czoxOiJ4IjtzOjE2OiJhSnd5Y1g5WXZ3NVhubzg4Ijt9s8cfBz8AAAA
2025-05-10 19:40:23,172 - INFO -    Заголовок: Торговая площадь 60.5
2025-05-10 19:40:23,172 - INFO -    Адрес: Ленинградская ул., 22Казань
2025-05-10 19:40:23,172 - INFO -    Цена: 130000
2025-05-10 19:40:23,173 - INFO -    Площадь: 60.5
2025-05-10 19:40:23,173 - INFO - 
2. URL: https://www.avito.ru/kazan/kommercheskaya_nedvizhimost/sdaetsya_torgovoe_pomeschenie_na_trafike_7321319718?context=H4sIAAAAAAAA_wE_AMD_YToyOntzOjEzOiJsb2NhbFByaW9yaXR5IjtiOjA7czoxOiJ4IjtzOjE2OiJzZzBJYTBEdEszbWJIU21OIjt9PE7W5j8AAAA
2025-05-10 19:40:23,173 - INFO -    Заголовок: Сдается торговое помещение на трафике
2025-05-10 19:40:23,174 - INFO -    Адрес: Ленинградская ул., 22Казань
2025-05-10 19:40:23,174 - INFO -    Цена: 130000
2025-05-10 19:40:23,174 - INFO -    Площадь: 60.5
2025-05-10 19:40:23,174 - INFO - --------------------------------------------------------------------------------
2025-05-10 19:40:23,174 - INFO - 
Пара дубликатов:
2025-05-10 19:40:23,174 - INFO - 1. URL: https://www.avito.ru/naberezhnye_chelny/kommercheskaya_nedvizhimost/torgovayaot_60_do_127_m_7351879901?context=H4sIAAAAAAAA_wE_AMD_YToyOntzOjEzOiJsb2NhbFByaW9yaXR5IjtiOjA7czoxOiJ4IjtzOjE2OiJhSnd5Y1g5WXZ3NVhubzg4Ijt9s8cfBz8AAAA
2025-05-10 19:40:23,174 - INFO -    Заголовок: Торговая,от 60 до 127 м²
2025-05-10 19:40:23,174 - INFO -    Адрес: Московский пр-т, 35Набережные Челны
2025-05-10 19:40:23,174 - INFO -    Цена: 1300
2025-05-10 19:40:23,174 - INFO -    Площадь: 1.0
2025-05-10 19:40:23,174 - INFO - 
2. URL: https://www.avito.ru/naberezhnye_chelny/kommercheskaya_nedvizhimost/torgovaya_ot_50_do_400_m_4599583452?context=H4sIAAAAAAAA_wE_AMD_YToyOntzOjEzOiJsb2NhbFByaW9yaXR5IjtiOjA7czoxOiJ4IjtzOjE2OiJ4eGZWZmdvWUJvUFdCTW1sIjt9jQZcRz8AAAA
2025-05-10 19:40:23,174 - INFO -    Заголовок: Торговая, от 50 до 400 м²
2025-05-10 19:40:23,174 - INFO -    Адрес: 18-й комплекс, 5Набережные Челны
2025-05-10 19:40:23,179 - INFO -    Цена: 1300
2025-05-10 19:40:23,180 - INFO -    Площадь: 1.0
2025-05-10 19:40:23,180 - INFO - --------------------------------------------------------------------------------
2025-05-10 19:40:23,180 - INFO - 
Пара дубликатов:
2025-05-10 19:40:23,180 - INFO - 1. URL: https://www.avito.ru/kazan/kommercheskaya_nedvizhimost/torgovoe_pomeschenie_na_pervoy_linii_40_m_7321484462?context=H4sIAAAAAAAA_wE_AMD_YToyOntzOjEzOiJsb2NhbFByaW9yaXR5IjtiOjA7czoxOiJ4IjtzOjE2OiJhSnd5Y1g5WXZ3NVhubzg4Ijt9s8cfBz8AAAA
2025-05-10 19:40:23,181 - INFO -    Заголовок: Торговое помещение на первой линии, 40 м²
2025-05-10 19:40:23,181 - INFO -    Адрес: ул. Кул Гали, 34Казань
2025-05-10 19:40:23,181 - INFO -    Цена: 60000
2025-05-10 19:40:23,181 - INFO -    Площадь: 40.0
2025-05-10 19:40:23,182 - INFO - 
2. URL: https://www.avito.ru/kazan/kommercheskaya_nedvizhimost/torgovaya_ploschad_7282012559?context=H4sIAAAAAAAA_wE_AMD_YToyOntzOjEzOiJsb2NhbFByaW9yaXR5IjtiOjA7czoxOiJ4IjtzOjE2OiJmSFJBajRmcnptY3Q2ZkZmIjt9XKvySD8AAAA
2025-05-10 19:40:23,182 - INFO -    Заголовок: Торговая площадь
2025-05-10 19:40:23,182 - INFO -    Адрес: ул. Кул Гали, 34Казань
2025-05-10 19:40:23,182 - INFO -    Цена: 60000
2025-05-10 19:40:23,182 - INFO -    Площадь: 40.0
2025-05-10 19:40:23,182 - INFO - --------------------------------------------------------------------------------
2025-05-10 19:40:23,182 - INFO - 
Пара дубликатов:
2025-05-10 19:40:23,182 - INFO - 1. URL: https://www.avito.ru/kazan/kommercheskaya_nedvizhimost/torgovoe_pomeschenie_na_pervoy_linii_40_m_7321484462?context=H4sIAAAAAAAA_wE_AMD_YToyOntzOjEzOiJsb2NhbFByaW9yaXR5IjtiOjA7czoxOiJ4IjtzOjE2OiJhSnd5Y1g5WXZ3NVhubzg4Ijt9s8cfBz8AAAA
2025-05-10 19:40:23,182 - INFO -    Заголовок: Торговое помещение на первой линии, 40 м²
2025-05-10 19:40:23,182 - INFO -    Адрес: ул. Кул Гали, 34Казань
2025-05-10 19:40:23,182 - INFO -    Цена: 60000
2025-05-10 19:40:23,182 - INFO -    Площадь: 40.0
2025-05-10 19:40:23,182 - INFO - 
2. URL: https://www.avito.ru/kazan/kommercheskaya_nedvizhimost/svobodnogo_naznacheniya_7288481404?context=H4sIAAAAAAAA_wE_AMD_YToyOntzOjEzOiJsb2NhbFByaW9yaXR5IjtiOjA7czoxOiJ4IjtzOjE2OiJIMFFZZ05vNXk2blJCdGc4Ijt9P_qucj8AAAA
2025-05-10 19:40:23,182 - INFO -    Заголовок: Свободного назначения
2025-05-10 19:40:23,187 - INFO -    Адрес: ул. Кул Гали, 34Казань
2025-05-10 19:40:23,187 - INFO -    Цена: 60000
2025-05-10 19:40:23,188 - INFO -    Площадь: 40.0
2025-05-10 19:40:23,188 - INFO - --------------------------------------------------------------------------------
2025-05-10 19:40:23,189 - INFO - 
Пара дубликатов:
2025-05-10 19:40:23,189 - INFO - 1. URL: https://www.avito.ru/kazan/kommercheskaya_nedvizhimost/torgovaya_ploschad_7282012559?context=H4sIAAAAAAAA_wE_AMD_YToyOntzOjEzOiJsb2NhbFByaW9yaXR5IjtiOjA7czoxOiJ4IjtzOjE2OiJmSFJBajRmcnptY3Q2ZkZmIjt9XKvySD8AAAA
2025-05-10 19:40:23,190 - INFO -    Заголовок: Торговая площадь
2025-05-10 19:40:23,190 - INFO -    Адрес: ул. Кул Гали, 34Казань
2025-05-10 19:40:23,190 - INFO -    Цена: 60000
2025-05-10 19:40:23,191 - INFO -    Площадь: 40.0
2025-05-10 19:40:23,191 - INFO - 
2. URL: https://www.avito.ru/kazan/kommercheskaya_nedvizhimost/svobodnogo_naznacheniya_7288481404?context=H4sIAAAAAAAA_wE_AMD_YToyOntzOjEzOiJsb2NhbFByaW9yaXR5IjtiOjA7czoxOiJ4IjtzOjE2OiJIMFFZZ05vNXk2blJCdGc4Ijt9P_qucj8AAAA
2025-05-10 19:40:23,191 - INFO -    Заголовок: Свободного назначения
2025-05-10 19:40:23,192 - INFO -    Адрес: ул. Кул Гали, 34Казань
2025-05-10 19:40:23,192 - INFO -    Цена: 60000
2025-05-10 19:40:23,192 - INFO -    Площадь: 40.0
2025-05-10 19:40:23,192 - INFO - --------------------------------------------------------------------------------
2025-05-10 19:40:23,193 - INFO - 
Пара дубликатов:
2025-05-10 19:40:23,193 - INFO - 1. URL: https://www.avito.ru/naberezhnye_chelny/kommercheskaya_nedvizhimost/sdam_pomeschenie_svobodnogo_naznacheniya_120_m_7337826088?context=H4sIAAAAAAAA_wE_AMD_YToyOntzOjEzOiJsb2NhbFByaW9yaXR5IjtiOjA7czoxOiJ4IjtzOjE2OiJhSnd5Y1g5WXZ3NVhubzg4Ijt9s8cfBz8AAAA
2025-05-10 19:40:23,193 - INFO -    Заголовок: Сдам помещение свободного назначения, 120 м²
2025-05-10 19:40:23,194 - INFO -    Адрес: ул. Нариманова, 8/1Набережные Челны
2025-05-10 19:40:23,194 - INFO -    Цена: 1000
2025-05-10 19:40:23,194 - INFO -    Площадь: 120.0
2025-05-10 19:40:23,195 - INFO - 
2. URL: https://www.avito.ru/naberezhnye_chelny/kommercheskaya_nedvizhimost/svobodnogo_naznacheniya_120_m_3500846566?context=H4sIAAAAAAAA_wE_AMD_YToyOntzOjEzOiJsb2NhbFByaW9yaXR5IjtiOjA7czoxOiJ4IjtzOjE2OiIxNWNpbzZkSjZ0a3FTZkxGIjt9XP5w2z8AAAA
2025-05-10 19:40:23,195 - INFO -    Заголовок: Свободного назначения, 120 м²
2025-05-10 19:40:23,195 - INFO -    Адрес: ул. Нариманова, 3Набережные Челны
2025-05-10 19:40:23,195 - INFO -    Цена: 1000
2025-05-10 19:40:23,198 - INFO -    Площадь: 120.0
2025-05-10 19:40:23,198 - INFO - --------------------------------------------------------------------------------
2025-05-10 19:40:23,198 - INFO - 
Пара дубликатов:
2025-05-10 19:40:23,199 - INFO - 1. URL: https://www.avito.ru/kazan/kommercheskaya_nedvizhimost/pomeschenie_61.2_m_pod_manikyur_fitnes_pvz_7312805229?context=H4sIAAAAAAAA_wE_AMD_YToyOntzOjEzOiJsb2NhbFByaW9yaXR5IjtiOjA7czoxOiJ4IjtzOjE2OiJhSnd5Y1g5WXZ3NVhubzg4Ijt9s8cfBz8AAAA
2025-05-10 19:40:23,199 - INFO -    Заголовок: Помещение 61.2 м² под маникюр, фитнес, пвз
2025-05-10 19:40:23,199 - INFO -    Адрес: ул. Профессора Камая, 10к4Казань
2025-05-10 19:40:23,200 - INFO -    Цена: 91800
2025-05-10 19:40:23,200 - INFO -    Площадь: 61.2
2025-05-10 19:40:23,200 - INFO - 
2. URL: https://www.avito.ru/kazan/kommercheskaya_nedvizhimost/pomeschenie_61.2_m_pod_ofis_magazin_studiyu_s_kan_7312284306?context=H4sIAAAAAAAA_wE_AMD_YToyOntzOjEzOiJsb2NhbFByaW9yaXR5IjtiOjA7czoxOiJ4IjtzOjE2OiJ6cnRBNXRCcHIxZlRKMTRYIjt9cVV1VD8AAAA
2025-05-10 19:40:23,200 - INFO -    Заголовок: Помещение, 61.2 м² под офис, магазин, студию с кан
2025-05-10 19:40:23,200 - INFO -    Адрес: ул. Профессора Камая, 10к4Казань
2025-05-10 19:40:23,201 - INFO -    Цена: 91800
2025-05-10 19:40:23,201 - INFO -    Площадь: 61.2
2025-05-10 19:40:23,201 - INFO - --------------------------------------------------------------------------------
2025-05-10 19:40:23,201 - INFO - 
Пара дубликатов:
2025-05-10 19:40:23,202 - INFO - 1. URL: https://www.avito.ru/naberezhnye_chelny/kommercheskaya_nedvizhimost/sdaetsya_pomeschenie_svobodnogo_naznacheniya_7321968131?context=H4sIAAAAAAAA_wE_AMD_YToyOntzOjEzOiJsb2NhbFByaW9yaXR5IjtiOjA7czoxOiJ4IjtzOjE2OiJzZzBJYTBEdEszbWJIU21OIjt9PE7W5j8AAAA
2025-05-10 19:40:23,202 - INFO -    Заголовок: Сдается помещение свободного назначения
2025-05-10 19:40:23,203 - INFO -    Адрес: пр-т Хасана Туфана, 8Набережные Челны
2025-05-10 19:40:23,203 - INFO -    Цена: 1100
2025-05-10 19:40:23,204 - INFO -    Площадь: 103.0
2025-05-10 19:40:23,204 - INFO - 
2. URL: https://www.avito.ru/naberezhnye_chelny/kommercheskaya_nedvizhimost/pomescheniya_svob.nazn.203050103kv.m_4294024219?context=H4sIAAAAAAAA_wE_AMD_YToyOntzOjEzOiJsb2NhbFByaW9yaXR5IjtiOjA7czoxOiJ4IjtzOjE2OiJjNnlWbmlBSG1jczZTbVoxIjt9QrWrEj8AAAA
2025-05-10 19:40:23,204 - INFO -    Заголовок: Помещения своб.назн.,20,30,50,103кв.м
2025-05-10 19:40:23,205 - INFO -    Адрес: пр-т Хасана Туфана, 8Набережные Челны
2025-05-10 19:40:23,205 - INFO -    Цена: 1100
2025-05-10 19:40:23,205 - INFO -    Площадь: 103.0
2025-05-10 19:40:23,205 - INFO - --------------------------------------------------------------------------------
2025-05-10 19:40:23,205 - INFO - 
Пара дубликатов:
2025-05-10 19:40:23,206 - INFO - 1. URL: https://www.avito.ru/kazan/kommercheskaya_nedvizhimost/torgovaya_ploschad_65_m_7314753575?context=H4sIAAAAAAAA_wE_AMD_YToyOntzOjEzOiJsb2NhbFByaW9yaXR5IjtiOjA7czoxOiJ4IjtzOjE2OiJzZzBJYTBEdEszbWJIU21OIjt9PE7W5j8AAAA
2025-05-10 19:40:23,206 - INFO -    Заголовок: Торговая площадь, 65 м²
2025-05-10 19:40:23,207 - INFO -    Адрес: ул. Горьковское Шоссе, 49к1Казань
2025-05-10 19:40:23,207 - INFO -    Цена: 65000
2025-05-10 19:40:23,207 - INFO -    Площадь: 65.0
2025-05-10 19:40:23,207 - INFO - 
2. URL: https://www.avito.ru/kazan/kommercheskaya_nedvizhimost/torgovaya_ploschad_65_m_7270885306?context=H4sIAAAAAAAA_wE_AMD_YToyOntzOjEzOiJsb2NhbFByaW9yaXR5IjtiOjA7czoxOiJ4IjtzOjE2OiJWc2xZY1lPZXZjMFZSZTJIIjt9ARBXTj8AAAA
2025-05-10 19:40:23,208 - INFO -    Заголовок: Торговая площадь, 65 м²
2025-05-10 19:40:23,208 - INFO -    Адрес: ул. Кул Гали, 27Казань
2025-05-10 19:40:23,208 - INFO -    Цена: 65000
2025-05-10 19:40:23,208 - INFO -    Площадь: 65.0
2025-05-10 19:40:23,209 - INFO - --------------------------------------------------------------------------------
2025-05-10 19:40:23,209 - INFO - 
Пара дубликатов:
2025-05-10 19:40:23,209 - INFO - 1. URL: https://www.avito.ru/kazan/kommercheskaya_nedvizhimost/torgovaya_ploschad_arenda_65_7281961258?context=H4sIAAAAAAAA_wE_AMD_YToyOntzOjEzOiJsb2NhbFByaW9yaXR5IjtiOjA7czoxOiJ4IjtzOjE2OiJIMFFZZ05vNXk2blJCdGc4Ijt9P_qucj8AAAA
2025-05-10 19:40:23,209 - INFO -    Заголовок: Торговая площадь аренда 65
2025-05-10 19:40:23,210 - INFO -    Адрес: ул. Кул Гали, 27Казань
2025-05-10 19:40:23,211 - INFO -    Цена: 65000
2025-05-10 19:40:23,211 - INFO -    Площадь: 65.0
2025-05-10 19:40:23,212 - INFO - 
2. URL: https://www.avito.ru/kazan/kommercheskaya_nedvizhimost/torgovaya_ploschad_65_m_7270885306?context=H4sIAAAAAAAA_wE_AMD_YToyOntzOjEzOiJsb2NhbFByaW9yaXR5IjtiOjA7czoxOiJ4IjtzOjE2OiJWc2xZY1lPZXZjMFZSZTJIIjt9ARBXTj8AAAA
2025-05-10 19:40:23,212 - INFO -    Заголовок: Торговая площадь, 65 м²
2025-05-10 19:40:23,213 - INFO -    Адрес: ул. Кул Гали, 27Казань
2025-05-10 19:40:23,213 - INFO -    Цена: 65000
2025-05-10 19:40:23,213 - INFO -    Площадь: 65.0
2025-05-10 19:40:23,214 - INFO - --------------------------------------------------------------------------------
2025-05-10 19:40:23,214 - INFO - 
Пара дубликатов:
2025-05-10 19:40:23,214 - INFO - 1. URL: https://www.avito.ru/kazan/kommercheskaya_nedvizhimost/sdam_torgovoe_pomeschenie_12.5_m_7294385421?context=H4sIAAAAAAAA_wE_AMD_YToyOntzOjEzOiJsb2NhbFByaW9yaXR5IjtiOjA7czoxOiJ4IjtzOjE2OiJzZzBJYTBEdEszbWJIU21OIjt9PE7W5j8AAAA
2025-05-10 19:40:23,214 - INFO -    Заголовок: Сдам торговое помещение, 12.5 м²
2025-05-10 19:40:23,215 - INFO -    Адрес: ул. Восстания, 4Казань
2025-05-10 19:40:23,215 - INFO -    Цена: 40000
2025-05-10 19:40:23,215 - INFO -    Площадь: 12.5
2025-05-10 19:40:23,216 - INFO - 
2. URL: https://www.avito.ru/kazan/kommercheskaya_nedvizhimost/sdam_torgovoe_pomeschenie_12.5_m_4030813150?context=H4sIAAAAAAAA_wE_AMD_YToyOntzOjEzOiJsb2NhbFByaW9yaXR5IjtiOjA7czoxOiJ4IjtzOjE2OiJjNnlWbmlBSG1jczZTbVoxIjt9QrWrEj8AAAA
2025-05-10 19:40:23,217 - INFO -    Заголовок: Сдам торговое помещение, 12.5 м²
2025-05-10 19:40:23,217 - INFO -    Адрес: пр-т Ямашева, 50АКазань
2025-05-10 19:40:23,217 - INFO -    Цена: 40000
2025-05-10 19:40:23,217 - INFO -    Площадь: 12.5
2025-05-10 19:40:23,218 - INFO - --------------------------------------------------------------------------------
2025-05-10 19:40:23,218 - INFO - 
Пара дубликатов:
2025-05-10 19:40:23,218 - INFO - 1. URL: https://www.avito.ru/kazan/kommercheskaya_nedvizhimost/svobodnogo_naznacheniya_20_m_7350689663?context=H4sIAAAAAAAA_wE_AMD_YToyOntzOjEzOiJsb2NhbFByaW9yaXR5IjtiOjA7czoxOiJ4IjtzOjE2OiJzZzBJYTBEdEszbWJIU21OIjt9PE7W5j8AAAA
2025-05-10 19:40:23,219 - INFO -    Заголовок: Свободного назначения, 20 м²
2025-05-10 19:40:23,219 - INFO -    Адрес: ул. Четаева, 25Казань
2025-05-10 19:40:23,219 - INFO -    Цена: 25000
2025-05-10 19:40:23,219 - INFO -    Площадь: 20.0
2025-05-10 19:40:23,220 - INFO - 
2. URL: https://www.avito.ru/naberezhnye_chelny/kommercheskaya_nedvizhimost/svobodnogo_naznacheniya_20_m_4939715015?context=H4sIAAAAAAAA_wE_AMD_YToyOntzOjEzOiJsb2NhbFByaW9yaXR5IjtiOjA7czoxOiJ4IjtzOjE2OiJwUzlzbExPVk90M3pTTzI3Ijt98EhPEj8AAAA
2025-05-10 19:40:23,220 - INFO -    Заголовок: Свободного назначения, 20 м²
2025-05-10 19:40:23,221 - INFO -    Адрес: 3-й комплекс, 1Набережные Челны
2025-05-10 19:40:23,221 - INFO -    Цена: 25000
2025-05-10 19:40:23,221 - INFO -    Площадь: 20.0
2025-05-10 19:40:23,222 - INFO - --------------------------------------------------------------------------------
2025-05-10 19:40:23,222 - INFO - 
Пара дубликатов:
2025-05-10 19:40:23,222 - INFO - 1. URL: https://www.avito.ru/naberezhnye_chelny/kommercheskaya_nedvizhimost/sdam_torgovyy_tsentr_114_m_7321634012?context=H4sIAAAAAAAA_wE_AMD_YToyOntzOjEzOiJsb2NhbFByaW9yaXR5IjtiOjA7czoxOiJ4IjtzOjE2OiJzZzBJYTBEdEszbWJIU21OIjt9PE7W5j8AAAA
2025-05-10 19:40:23,223 - INFO -    Заголовок: Сдам торговый центр, 114 м²
2025-05-10 19:40:23,223 - INFO -    Адрес: ул. Нариманова, 8Набережные Челны
2025-05-10 19:40:23,223 - INFO -    Цена: 1000
2025-05-10 19:40:23,224 - INFO -    Площадь: 114.0
2025-05-10 19:40:23,224 - INFO - 
2. URL: https://www.avito.ru/naberezhnye_chelny/kommercheskaya_nedvizhimost/arenda_pervaya_liniya_7301324538?context=H4sIAAAAAAAA_wE_AMD_YToyOntzOjEzOiJsb2NhbFByaW9yaXR5IjtiOjA7czoxOiJ4IjtzOjE2OiJ6cnRBNXRCcHIxZlRKMTRYIjt9cVV1VD8AAAA
2025-05-10 19:40:23,224 - INFO -    Заголовок: Аренда первая линия
2025-05-10 19:40:23,225 - INFO -    Адрес: ул. Нариманова, 8Набережные Челны
2025-05-10 19:40:23,225 - INFO -    Цена: 1000
2025-05-10 19:40:23,225 - INFO -    Площадь: 114.0
2025-05-10 19:40:23,225 - INFO - --------------------------------------------------------------------------------
2025-05-10 19:40:23,226 - INFO - 
Пара дубликатов:
2025-05-10 19:40:23,226 - INFO - 1. URL: https://www.avito.ru/kazan/kommercheskaya_nedvizhimost/torgovaya_ploschad_40_m_7317088173?context=H4sIAAAAAAAA_wE_AMD_YToyOntzOjEzOiJsb2NhbFByaW9yaXR5IjtiOjA7czoxOiJ4IjtzOjE2OiJmSFJBajRmcnptY3Q2ZkZmIjt9XKvySD8AAAA
2025-05-10 19:40:23,226 - INFO -    Заголовок: Торговая площадь, 40 м²
2025-05-10 19:40:23,227 - INFO -    Адрес: ул. Маршала Чуйкова, 6Казань
2025-05-10 19:40:23,227 - INFO -    Цена: 40000
2025-05-10 19:40:23,227 - INFO -    Площадь: 40.0
2025-05-10 19:40:23,227 - INFO - 
2. URL: https://www.avito.ru/kazan/kommercheskaya_nedvizhimost/torgovaya_ploschad_40_m_4528834203?context=H4sIAAAAAAAA_wE_AMD_YToyOntzOjEzOiJsb2NhbFByaW9yaXR5IjtiOjA7czoxOiJ4IjtzOjE2OiJVaVR0VHRFSUQwOERPRVZHIjt9Lub7iD8AAAA
2025-05-10 19:40:23,227 - INFO -    Заголовок: Торговая площадь, 40 м²
2025-05-10 19:40:23,227 - INFO -    Адрес: ул. Галимджана Баруди, 18Казань
2025-05-10 19:40:23,227 - INFO -    Цена: 40000
2025-05-10 19:40:23,227 - INFO -    Площадь: 40.0
2025-05-10 19:40:23,227 - INFO - --------------------------------------------------------------------------------
2025-05-10 19:40:23,227 - INFO - 
Пара дубликатов:
2025-05-10 19:40:23,227 - INFO - 1. URL: https://www.avito.ru/nurlat/kommercheskaya_nedvizhimost/svobodnogo_naznacheniya_7262759080?context=H4sIAAAAAAAA_wE_AMD_YToyOntzOjEzOiJsb2NhbFByaW9yaXR5IjtiOjA7czoxOiJ4IjtzOjE2OiJIMFFZZ05vNXk2blJCdGc4Ijt9P_qucj8AAAA
2025-05-10 19:40:23,227 - INFO -    Заголовок: Свободного назначения
2025-05-10 19:40:23,227 - INFO -    Адрес: Школьная ул., 2Нурлат
2025-05-10 19:40:23,227 - INFO -    Цена: 40000
2025-05-10 19:40:23,227 - INFO -    Площадь: 40.0
2025-05-10 19:40:23,227 - INFO - 
2. URL: https://www.avito.ru/kazan/kommercheskaya_nedvizhimost/svobodnogo_naznacheniya_30_m_3906972958?context=H4sIAAAAAAAA_wE_AMD_YToyOntzOjEzOiJsb2NhbFByaW9yaXR5IjtiOjA7czoxOiJ4IjtzOjE2OiJTQzRqR2M1R1d5Rll6amd3Ijt9JSWuAD8AAAA
2025-05-10 19:40:23,227 - INFO -    Заголовок: Свободного назначения, 30 м²
2025-05-10 19:40:23,227 - INFO -    Адрес: ул. Мамадышский Тракт, 35Казань
2025-05-10 19:40:23,227 - INFO -    Цена: 40000
2025-05-10 19:40:23,227 - INFO -    Площадь: 40.0
2025-05-10 19:40:23,227 - INFO - --------------------------------------------------------------------------------
2025-05-10 19:40:23,227 - INFO - 
Пара дубликатов:
2025-05-10 19:40:23,227 - INFO - 1. URL: https://www.avito.ru/naberezhnye_chelny/kommercheskaya_nedvizhimost/svobodnogo_naznacheniya_ofis_sklad_65_m_7320773663?context=H4sIAAAAAAAA_wE_AMD_YToyOntzOjEzOiJsb2NhbFByaW9yaXR5IjtiOjA7czoxOiJ4IjtzOjE2OiJmSFJBajRmcnptY3Q2ZkZmIjt9XKvySD8AAAA
2025-05-10 19:40:23,227 - INFO -    Заголовок: Свободного назначения, офис, склад 65 м²
2025-05-10 19:40:23,227 - INFO -    Адрес: 3-й комплекс, 1Набережные Челны
2025-05-10 19:40:23,235 - INFO -    Цена: 50000
2025-05-10 19:40:23,235 - INFO -    Площадь: 65.0
2025-05-10 19:40:23,235 - INFO - 
2. URL: https://www.avito.ru/naberezhnye_chelny/kommercheskaya_nedvizhimost/svobodnogo_naznacheniya_65_m_7307411677?context=H4sIAAAAAAAA_wE_AMD_YToyOntzOjEzOiJsb2NhbFByaW9yaXR5IjtiOjA7czoxOiJ4IjtzOjE2OiJmSFJBajRmcnptY3Q2ZkZmIjt9XKvySD8AAAA
2025-05-10 19:40:23,236 - INFO -    Заголовок: Свободного назначения, 65 м²
2025-05-10 19:40:23,236 - INFO -    Адрес: 3-й комплекс, 1Набережные Челны
2025-05-10 19:40:23,236 - INFO -    Цена: 50000
2025-05-10 19:40:23,236 - INFO -    Площадь: 65.0
2025-05-10 19:40:23,236 - INFO - --------------------------------------------------------------------------------
2025-05-10 19:40:23,237 - INFO - 
Пара дубликатов:
2025-05-10 19:40:23,237 - INFO - 1. URL: https://www.avito.ru/kazan/kommercheskaya_nedvizhimost/svobodnogo_naznacheniya_15_m_4671645817?context=H4sIAAAAAAAA_wE_AMD_YToyOntzOjEzOiJsb2NhbFByaW9yaXR5IjtiOjA7czoxOiJ4IjtzOjE2OiJRbFBmbU9NQXRieGlpOXoxIjt93U9QJj8AAAA
2025-05-10 19:40:23,237 - INFO -    Заголовок: Свободного назначения, 15 м²
2025-05-10 19:40:23,238 - INFO -    Адрес: Чистопольская ул., 59Казань
2025-05-10 19:40:23,239 - INFO -    Цена: 20000
2025-05-10 19:40:23,240 - INFO -    Площадь: 15.0
2025-05-10 19:40:23,240 - INFO - 
2. URL: https://www.avito.ru/kazan/kommercheskaya_nedvizhimost/svobodnogo_naznacheniya_15_m_3629534840?context=H4sIAAAAAAAA_wE_AMD_YToyOntzOjEzOiJsb2NhbFByaW9yaXR5IjtiOjA7czoxOiJ4IjtzOjE2OiIxNWNpbzZkSjZ0a3FTZkxGIjt9XP5w2z8AAAA
2025-05-10 19:40:23,240 - INFO -    Заголовок: Свободного назначения, 15 м²
2025-05-10 19:40:23,241 - INFO -    Адрес: ул. Габдуллы Тукая, 2Казань
2025-05-10 19:40:23,241 - INFO -    Цена: 20000
2025-05-10 19:40:23,242 - INFO -    Площадь: 15.0
2025-05-10 19:40:23,242 - INFO - --------------------------------------------------------------------------------
2025-05-10 19:40:23,242 - INFO - 
Пара дубликатов:
2025-05-10 19:40:23,242 - INFO - 1. URL: https://www.avito.ru/kazan/kommercheskaya_nedvizhimost/svobodnogo_naznacheniya_70_m_7301275296?context=H4sIAAAAAAAA_wE_AMD_YToyOntzOjEzOiJsb2NhbFByaW9yaXR5IjtiOjA7czoxOiJ4IjtzOjE2OiJ6cnRBNXRCcHIxZlRKMTRYIjt9cVV1VD8AAAA
2025-05-10 19:40:23,242 - INFO -    Заголовок: Свободного назначения, 70 м²
2025-05-10 19:40:23,243 - INFO -    Адрес: ул. Николая Ершова, 65Б/1Казань
2025-05-10 19:40:23,243 - INFO -    Цена: 91000
2025-05-10 19:40:23,243 - INFO -    Площадь: 70.0
2025-05-10 19:40:23,244 - INFO - 
2. URL: https://www.avito.ru/kazan/kommercheskaya_nedvizhimost/ryadom_pvz_ozon_7203938301?context=H4sIAAAAAAAA_wE_AMD_YToyOntzOjEzOiJsb2NhbFByaW9yaXR5IjtiOjA7czoxOiJ4IjtzOjE2OiJMWE1FOUVBNkxhT1RGT1NNIjt9eadmeT8AAAA
2025-05-10 19:40:23,244 - INFO -    Заголовок: Рядом пвз Озон
2025-05-10 19:40:23,244 - INFO -    Адрес: ул. Николая Ершова, 65Б/1Казань
2025-05-10 19:40:23,244 - INFO -    Цена: 91000
2025-05-10 19:40:23,245 - INFO -    Площадь: 70.0
2025-05-10 19:40:23,245 - INFO - --------------------------------------------------------------------------------
2025-05-10 19:40:23,245 - INFO - 
Пара дубликатов:
2025-05-10 19:40:23,246 - INFO - 1. URL: https://www.avito.ru/zelenodolsk/kommercheskaya_nedvizhimost/svobodnogo_naznacheniya_25_m_4391780156?context=H4sIAAAAAAAA_wE_AMD_YToyOntzOjEzOiJsb2NhbFByaW9yaXR5IjtiOjA7czoxOiJ4IjtzOjE2OiJwUzlzbExPVk90M3pTTzI3Ijt98EhPEj8AAAA
2025-05-10 19:40:23,246 - INFO -    Заголовок: Свободного назначения, 25 м²
2025-05-10 19:40:23,246 - INFO -    Адрес: ул. Ленина, 51Зеленодольск
2025-05-10 19:40:23,246 - INFO -    Цена: 25000
2025-05-10 19:40:23,246 - INFO -    Площадь: 25.0
2025-05-10 19:40:23,246 - INFO - 
2. URL: https://www.avito.ru/kazan/kommercheskaya_nedvizhimost/svobodnogo_naznacheniya_25_m_2230995415?context=H4sIAAAAAAAA_wE_AMD_YToyOntzOjEzOiJsb2NhbFByaW9yaXR5IjtiOjA7czoxOiJ4IjtzOjE2OiJyeUNPN0dGSUU4cUtjNHRZIjt9ugcw1T8AAAA
2025-05-10 19:40:23,247 - INFO -    Заголовок: Свободного назначения, 25 м²
2025-05-10 19:40:23,248 - INFO -    Адрес: ул. Клары Цеткин, 10Казань
2025-05-10 19:40:23,248 - INFO -    Цена: 25000
2025-05-10 19:40:23,248 - INFO -    Площадь: 25.0
2025-05-10 19:40:23,248 - INFO - --------------------------------------------------------------------------------
2025-05-10 19:40:23,248 - INFO - 
Пара дубликатов:
2025-05-10 19:40:23,248 - INFO - 1. URL: https://www.avito.ru/kazan/kommercheskaya_nedvizhimost/torgovoe_pomeschenie_s_otdelnym_vhodom_i_sanuzlom_3299996896?context=H4sIAAAAAAAA_wE_AMD_YToyOntzOjEzOiJsb2NhbFByaW9yaXR5IjtiOjA7czoxOiJ4IjtzOjE2OiIxNWNpbzZkSjZ0a3FTZkxGIjt9XP5w2z8AAAA
2025-05-10 19:40:23,249 - INFO -    Заголовок: Торговое помещение с отдельным входом и санузлом
2025-05-10 19:40:23,250 - INFO -    Адрес: 2-я Юго-Западная ул., 3АКазань
2025-05-10 19:40:23,250 - INFO -    Цена: 150000
2025-05-10 19:40:23,250 - INFO -    Площадь: 92.5
2025-05-10 19:40:23,250 - INFO - 
2. URL: https://www.avito.ru/kazan/kommercheskaya_nedvizhimost/torgovaya_ploschad_s_otdelnym_vhodom_92.5_m_2948339595?context=H4sIAAAAAAAA_wE_AMD_YToyOntzOjEzOiJsb2NhbFByaW9yaXR5IjtiOjA7czoxOiJ4IjtzOjE2OiJlampMRXZYUWlXQkp4UW5JIjt9xvuXwj8AAAA
2025-05-10 19:40:23,251 - INFO -    Заголовок: Торговая площадь с отдельным входом, 92.5 м²
2025-05-10 19:40:23,251 - INFO -    Адрес: 2-я Юго-Западная ул., 3АКазань
2025-05-10 19:40:23,251 - INFO -    Цена: 150000
2025-05-10 19:40:23,251 - INFO -    Площадь: 92.5
2025-05-10 19:40:23,252 - INFO - --------------------------------------------------------------------------------
2025-05-10 19:40:23,252 - INFO - 
Пара дубликатов:
2025-05-10 19:40:23,253 - INFO - 1. URL: https://www.avito.ru/kazan/kommercheskaya_nedvizhimost/teplyy_sklad_proizvodstvennoe_pomeschenie_7321992485?context=H4sIAAAAAAAA_wE_AMD_YToyOntzOjEzOiJsb2NhbFByaW9yaXR5IjtiOjA7czoxOiJ4IjtzOjE2OiI3RVZVb1ZGaVE2WVZYT2tMIjt98QzeCj8AAAA
2025-05-10 19:40:23,253 - INFO -    Заголовок: Теплый склад, производственное помещение
2025-05-10 19:40:23,254 - INFO -    Адрес: ул. Оренбургский Тракт, 130АКазань
2025-05-10 19:40:23,254 - INFO -    Цена: 65000
2025-05-10 19:40:23,254 - INFO -    Площадь: 100.0
2025-05-10 19:40:23,255 - INFO - 
2. URL: https://www.avito.ru/kazan/kommercheskaya_nedvizhimost/teplyy_sklad_proizvodstvennoe_pomeschenie_7321992485?context=H4sIAAAAAAAA_wE_AMD_YToyOntzOjEzOiJsb2NhbFByaW9yaXR5IjtiOjA7czoxOiJ4IjtzOjE2OiJIMFFZZ05vNXk2blJCdGc4Ijt9P_qucj8AAAA
2025-05-10 19:40:23,255 - INFO -    Заголовок: Теплый склад, производственное помещение
2025-05-10 19:40:23,255 - INFO -    Адрес: ул. Оренбургский Тракт, 130АКазань
2025-05-10 19:40:23,257 - INFO -    Цена: 65000
2025-05-10 19:40:23,257 - INFO -    Площадь: 100.0
2025-05-10 19:40:23,257 - INFO - --------------------------------------------------------------------------------
2025-05-10 19:40:23,258 - INFO - 
Пара дубликатов:
2025-05-10 19:40:23,258 - INFO - 1. URL: https://www.avito.ru/kazan/kommercheskaya_nedvizhimost/pervaya_liniya_135.2_m_7300009318?context=H4sIAAAAAAAA_wE_AMD_YToyOntzOjEzOiJsb2NhbFByaW9yaXR5IjtiOjA7czoxOiJ4IjtzOjE2OiI3RVZVb1ZGaVE2WVZYT2tMIjt98QzeCj8AAAA
2025-05-10 19:40:23,259 - INFO -    Заголовок: Первая линия 135.2 м²
2025-05-10 19:40:23,259 - INFO -    Адрес: Чистопольская ул., 19АКазань
2025-05-10 19:40:23,259 - INFO -    Цена: 243360
2025-05-10 19:40:23,259 - INFO -    Площадь: 135.0
2025-05-10 19:40:23,260 - INFO - 
2. URL: https://www.avito.ru/kazan/kommercheskaya_nedvizhimost/pervaya_liniya_135.2_m_7300009318?context=H4sIAAAAAAAA_wE_AMD_YToyOntzOjEzOiJsb2NhbFByaW9yaXR5IjtiOjA7czoxOiJ4IjtzOjE2OiJIMFFZZ05vNXk2blJCdGc4Ijt9P_qucj8AAAA
2025-05-10 19:40:23,260 - INFO -    Заголовок: Первая линия 135.2 м²
2025-05-10 19:40:23,261 - INFO -    Адрес: Чистопольская ул., 19АКазань
2025-05-10 19:40:23,261 - INFO -    Цена: 243360
2025-05-10 19:40:23,261 - INFO -    Площадь: 135.0
2025-05-10 19:40:23,261 - INFO - --------------------------------------------------------------------------------
2025-05-10 19:40:23,261 - INFO - 
Пара дубликатов:
2025-05-10 19:40:23,262 - INFO - 1. URL: https://www.avito.ru/kazan/kommercheskaya_nedvizhimost/ofisy_s_remontom_v_sovremennom_v_biznes_tsentre_7281623940?context=H4sIAAAAAAAA_wE_AMD_YToyOntzOjEzOiJsb2NhbFByaW9yaXR5IjtiOjA7czoxOiJ4IjtzOjE2OiI3RVZVb1ZGaVE2WVZYT2tMIjt98QzeCj8AAAA
2025-05-10 19:40:23,262 - INFO -    Заголовок: Офисы с ремонтом в современном в Бизнес центре
2025-05-10 19:40:23,262 - INFO -    Адрес: ул. Адоратского, 78Казань
2025-05-10 19:40:23,263 - INFO -    Цена: 1300
2025-05-10 19:40:23,263 - INFO -    Площадь: 18.0
2025-05-10 19:40:23,263 - INFO - 
2. URL: https://www.avito.ru/kazan/kommercheskaya_nedvizhimost/ofisy_s_remontom_v_sovremennom_v_biznes_tsentre_7281623940?context=H4sIAAAAAAAA_wE_AMD_YToyOntzOjEzOiJsb2NhbFByaW9yaXR5IjtiOjA7czoxOiJ4IjtzOjE2OiJIMFFZZ05vNXk2blJCdGc4Ijt9P_qucj8AAAA
2025-05-10 19:40:23,264 - INFO -    Заголовок: Офисы с ремонтом в современном в Бизнес центре
2025-05-10 19:40:23,264 - INFO -    Адрес: ул. Адоратского, 78Казань
2025-05-10 19:40:23,264 - INFO -    Цена: 1300
2025-05-10 19:40:23,264 - INFO -    Площадь: 18.0
2025-05-10 19:40:23,265 - INFO - --------------------------------------------------------------------------------
2025-05-10 19:40:23,265 - INFO - 
Пара дубликатов:
2025-05-10 19:40:23,265 - INFO - 1. URL: https://www.avito.ru/kazan/kommercheskaya_nedvizhimost/torgovaya_ploschad_75_m_7306419339?context=H4sIAAAAAAAA_wE_AMD_YToyOntzOjEzOiJsb2NhbFByaW9yaXR5IjtiOjA7czoxOiJ4IjtzOjE2OiI3RVZVb1ZGaVE2WVZYT2tMIjt98QzeCj8AAAA
2025-05-10 19:40:23,266 - INFO -    Заголовок: Торговая площадь, 75 м²
2025-05-10 19:40:23,266 - INFO -    Адрес: ул. Четаева, 35Казань
2025-05-10 19:40:23,266 - INFO -    Цена: 150000
2025-05-10 19:40:23,266 - INFO -    Площадь: 75.0
2025-05-10 19:40:23,266 - INFO - 
2. URL: https://www.avito.ru/kazan/kommercheskaya_nedvizhimost/torgovaya_ploschad_75_m_7306419339?context=H4sIAAAAAAAA_wE_AMD_YToyOntzOjEzOiJsb2NhbFByaW9yaXR5IjtiOjA7czoxOiJ4IjtzOjE2OiJIMFFZZ05vNXk2blJCdGc4Ijt9P_qucj8AAAA
2025-05-10 19:40:23,266 - INFO -    Заголовок: Торговая площадь, 75 м²
2025-05-10 19:40:23,267 - INFO -    Адрес: ул. Четаева, 35Казань
2025-05-10 19:40:23,267 - INFO -    Цена: 150000
2025-05-10 19:40:23,268 - INFO -    Площадь: 75.0
2025-05-10 19:40:23,268 - INFO - --------------------------------------------------------------------------------
2025-05-10 19:40:23,268 - INFO - 
Пара дубликатов:
2025-05-10 19:40:23,268 - INFO - 1. URL: https://www.avito.ru/kazan/kommercheskaya_nedvizhimost/torgovaya_ploschad_75_m_7306419339?context=H4sIAAAAAAAA_wE_AMD_YToyOntzOjEzOiJsb2NhbFByaW9yaXR5IjtiOjA7czoxOiJ4IjtzOjE2OiI3RVZVb1ZGaVE2WVZYT2tMIjt98QzeCj8AAAA
2025-05-10 19:40:23,268 - INFO -    Заголовок: Торговая площадь, 75 м²
2025-05-10 19:40:23,268 - INFO -    Адрес: ул. Четаева, 35Казань
2025-05-10 19:40:23,270 - INFO -    Цена: 150000
2025-05-10 19:40:23,270 - INFO -    Площадь: 75.0
2025-05-10 19:40:23,271 - INFO - 
2. URL: https://www.avito.ru/kazan/kommercheskaya_nedvizhimost/torgovaya_ploschad_75_m_1922631356?context=H4sIAAAAAAAA_wE_AMD_YToyOntzOjEzOiJsb2NhbFByaW9yaXR5IjtiOjA7czoxOiJ4IjtzOjE2OiJyeUNPN0dGSUU4cUtjNHRZIjt9ugcw1T8AAAA
2025-05-10 19:40:23,271 - INFO -    Заголовок: Торговая площадь, 75 м²
2025-05-10 19:40:23,272 - INFO -    Адрес: Залесная ул., 72АКазань
2025-05-10 19:40:23,272 - INFO -    Цена: 150000
2025-05-10 19:40:23,272 - INFO -    Площадь: 75.0
2025-05-10 19:40:23,272 - INFO - --------------------------------------------------------------------------------
2025-05-10 19:40:23,272 - INFO - 
Пара дубликатов:
2025-05-10 19:40:23,274 - INFO - 1. URL: https://www.avito.ru/kazan/kommercheskaya_nedvizhimost/torgovaya_ploschad_75_m_7306419339?context=H4sIAAAAAAAA_wE_AMD_YToyOntzOjEzOiJsb2NhbFByaW9yaXR5IjtiOjA7czoxOiJ4IjtzOjE2OiJIMFFZZ05vNXk2blJCdGc4Ijt9P_qucj8AAAA
2025-05-10 19:40:23,274 - INFO -    Заголовок: Торговая площадь, 75 м²
2025-05-10 19:40:23,274 - INFO -    Адрес: ул. Четаева, 35Казань
2025-05-10 19:40:23,274 - INFO -    Цена: 150000
2025-05-10 19:40:23,275 - INFO -    Площадь: 75.0
2025-05-10 19:40:23,275 - INFO - 
2. URL: https://www.avito.ru/kazan/kommercheskaya_nedvizhimost/torgovaya_ploschad_75_m_1922631356?context=H4sIAAAAAAAA_wE_AMD_YToyOntzOjEzOiJsb2NhbFByaW9yaXR5IjtiOjA7czoxOiJ4IjtzOjE2OiJyeUNPN0dGSUU4cUtjNHRZIjt9ugcw1T8AAAA
2025-05-10 19:40:23,276 - INFO -    Заголовок: Торговая площадь, 75 м²
2025-05-10 19:40:23,276 - INFO -    Адрес: Залесная ул., 72АКазань
2025-05-10 19:40:23,276 - INFO -    Цена: 150000
2025-05-10 19:40:23,276 - INFO -    Площадь: 75.0
2025-05-10 19:40:23,276 - INFO - --------------------------------------------------------------------------------
2025-05-10 19:40:23,276 - INFO - 
Пара дубликатов:
2025-05-10 19:40:23,276 - INFO - 1. URL: https://www.avito.ru/kazan/kommercheskaya_nedvizhimost/svobodnogo_naznacheniya_7282111306?context=H4sIAAAAAAAA_wE_AMD_YToyOntzOjEzOiJsb2NhbFByaW9yaXR5IjtiOjA7czoxOiJ4IjtzOjE2OiI3RVZVb1ZGaVE2WVZYT2tMIjt98QzeCj8AAAA
2025-05-10 19:40:23,277 - INFO -    Заголовок: Свободного назначения
2025-05-10 19:40:23,277 - INFO -    Адрес: ул. Лейтенанта Шмидта, 1Казань
2025-05-10 19:40:23,278 - INFO -    Цена: 79990
2025-05-10 19:40:23,278 - INFO -    Площадь: 51.0
2025-05-10 19:40:23,279 - INFO - 
2. URL: https://www.avito.ru/kazan/kommercheskaya_nedvizhimost/svobodnogo_naznacheniya_7282111306?context=H4sIAAAAAAAA_wE_AMD_YToyOntzOjEzOiJsb2NhbFByaW9yaXR5IjtiOjA7czoxOiJ4IjtzOjE2OiJIMFFZZ05vNXk2blJCdGc4Ijt9P_qucj8AAAA
2025-05-10 19:40:23,279 - INFO -    Заголовок: Свободного назначения
2025-05-10 19:40:23,279 - INFO -    Адрес: ул. Лейтенанта Шмидта, 1Казань
2025-05-10 19:40:23,279 - INFO -    Цена: 79990
2025-05-10 19:40:23,280 - INFO -    Площадь: 51.0
2025-05-10 19:40:23,280 - INFO - --------------------------------------------------------------------------------
2025-05-10 19:40:23,280 - INFO - 
Пара дубликатов:
2025-05-10 19:40:23,280 - INFO - 1. URL: https://www.avito.ru/kazan/kommercheskaya_nedvizhimost/sdam_torgovoe_pomeschenie_107.3_m_7315689952?context=H4sIAAAAAAAA_wE_AMD_YToyOntzOjEzOiJsb2NhbFByaW9yaXR5IjtiOjA7czoxOiJ4IjtzOjE2OiI3RVZVb1ZGaVE2WVZYT2tMIjt98QzeCj8AAAA
2025-05-10 19:40:23,280 - INFO -    Заголовок: Сдам торговое помещение, 107.3 м²
2025-05-10 19:40:23,281 - INFO -    Адрес: ул. Гаврилова, 56к2Казань
2025-05-10 19:40:23,281 - INFO -    Цена: 107000
2025-05-10 19:40:23,282 - INFO -    Площадь: 107.3
2025-05-10 19:40:23,282 - INFO - 
2. URL: https://www.avito.ru/kazan/kommercheskaya_nedvizhimost/sdam_torgovoe_pomeschenie_107.3_m_7315689952?context=H4sIAAAAAAAA_wE_AMD_YToyOntzOjEzOiJsb2NhbFByaW9yaXR5IjtiOjA7czoxOiJ4IjtzOjE2OiJIMFFZZ05vNXk2blJCdGc4Ijt9P_qucj8AAAA
2025-05-10 19:40:23,282 - INFO -    Заголовок: Сдам торговое помещение, 107.3 м²
2025-05-10 19:40:23,282 - INFO -    Адрес: ул. Гаврилова, 56к2Казань
2025-05-10 19:40:23,283 - INFO -    Цена: 107000
2025-05-10 19:40:23,283 - INFO -    Площадь: 107.3
2025-05-10 19:40:23,283 - INFO - --------------------------------------------------------------------------------
2025-05-10 19:40:23,283 - INFO - 
Пара дубликатов:
2025-05-10 19:40:23,283 - INFO - 1. URL: https://www.avito.ru/bolshaya_atnya/kommercheskaya_nedvizhimost/svobodnogo_naznacheniya_7280445824?context=H4sIAAAAAAAA_wE_AMD_YToyOntzOjEzOiJsb2NhbFByaW9yaXR5IjtiOjA7czoxOiJ4IjtzOjE2OiI3RVZVb1ZGaVE2WVZYT2tMIjt98QzeCj8AAAA
2025-05-10 19:40:23,283 - INFO -    Заголовок: Свободного назначения
2025-05-10 19:40:23,283 - INFO -    Адрес: ул. Карла Маркса, 24с. Большая Атня
2025-05-10 19:40:23,283 - INFO -    Цена: 500
2025-05-10 19:40:23,283 - INFO -    Площадь: 66.0
2025-05-10 19:40:23,286 - INFO - 
2. URL: https://www.avito.ru/bolshaya_atnya/kommercheskaya_nedvizhimost/svobodnogo_naznacheniya_7280445824?context=H4sIAAAAAAAA_wE_AMD_YToyOntzOjEzOiJsb2NhbFByaW9yaXR5IjtiOjA7czoxOiJ4IjtzOjE2OiJIMFFZZ05vNXk2blJCdGc4Ijt9P_qucj8AAAA
2025-05-10 19:40:23,286 - INFO -    Заголовок: Свободного назначения
2025-05-10 19:40:23,286 - INFO -    Адрес: ул. Карла Маркса, 24с. Большая Атня
2025-05-10 19:40:23,286 - INFO -    Цена: 500
2025-05-10 19:40:23,286 - INFO -    Площадь: 66.0
2025-05-10 19:40:23,286 - INFO - --------------------------------------------------------------------------------
2025-05-10 19:40:23,287 - INFO - 
Пара дубликатов:
2025-05-10 19:40:23,287 - INFO - 1. URL: https://www.avito.ru/zelenodolsk/kommercheskaya_nedvizhimost/svobodnogo_naznacheniya_108_m_7324967784?context=H4sIAAAAAAAA_wE_AMD_YToyOntzOjEzOiJsb2NhbFByaW9yaXR5IjtiOjA7czoxOiJ4IjtzOjE2OiI3RVZVb1ZGaVE2WVZYT2tMIjt98QzeCj8AAAA
2025-05-10 19:40:23,287 - INFO -    Заголовок: Свободного назначения, 108 м²
2025-05-10 19:40:23,289 - INFO -    Адрес: ул. Королёва, 12БЗеленодольск
2025-05-10 19:40:23,289 - INFO -    Цена: 200000
2025-05-10 19:40:23,289 - INFO -    Площадь: 108.0
2025-05-10 19:40:23,289 - INFO - 
2. URL: https://www.avito.ru/zelenodolsk/kommercheskaya_nedvizhimost/svobodnogo_naznacheniya_108_m_7324967784?context=H4sIAAAAAAAA_wE_AMD_YToyOntzOjEzOiJsb2NhbFByaW9yaXR5IjtiOjA7czoxOiJ4IjtzOjE2OiJIMFFZZ05vNXk2blJCdGc4Ijt9P_qucj8AAAA
2025-05-10 19:40:23,290 - INFO -    Заголовок: Свободного назначения, 108 м²
2025-05-10 19:40:23,290 - INFO -    Адрес: ул. Королёва, 12БЗеленодольск
2025-05-10 19:40:23,290 - INFO -    Цена: 200000
2025-05-10 19:40:23,291 - INFO -    Площадь: 108.0
2025-05-10 19:40:23,291 - INFO - --------------------------------------------------------------------------------
2025-05-10 19:40:23,291 - INFO - 
Пара дубликатов:
2025-05-10 19:40:23,292 - INFO - 1. URL: https://www.avito.ru/osinovo/kommercheskaya_nedvizhimost/svobodnogo_naznacheniya_7281870540?context=H4sIAAAAAAAA_wE_AMD_YToyOntzOjEzOiJsb2NhbFByaW9yaXR5IjtiOjA7czoxOiJ4IjtzOjE2OiI3RVZVb1ZGaVE2WVZYT2tMIjt98QzeCj8AAAA
2025-05-10 19:40:23,292 - INFO -    Заголовок: Свободного назначения
2025-05-10 19:40:23,292 - INFO -    Адрес: ул. Марата Ахметшина, 3с. Осиново
2025-05-10 19:40:23,293 - INFO -    Цена: 54230
2025-05-10 19:40:23,293 - INFO -    Площадь: 63.8
2025-05-10 19:40:23,293 - INFO - 
2. URL: https://www.avito.ru/osinovo/kommercheskaya_nedvizhimost/svobodnogo_naznacheniya_7281870540?context=H4sIAAAAAAAA_wE_AMD_YToyOntzOjEzOiJsb2NhbFByaW9yaXR5IjtiOjA7czoxOiJ4IjtzOjE2OiJIMFFZZ05vNXk2blJCdGc4Ijt9P_qucj8AAAA
2025-05-10 19:40:23,294 - INFO -    Заголовок: Свободного назначения
2025-05-10 19:40:23,294 - INFO -    Адрес: ул. Марата Ахметшина, 3с. Осиново
2025-05-10 19:40:23,294 - INFO -    Цена: 54230
2025-05-10 19:40:23,294 - INFO -    Площадь: 63.8
2025-05-10 19:40:23,294 - INFO - --------------------------------------------------------------------------------
2025-05-10 19:40:23,295 - INFO - 
Пара дубликатов:
2025-05-10 19:40:23,295 - INFO - 1. URL: https://www.avito.ru/naberezhnye_chelny/kommercheskaya_nedvizhimost/svobodnogo_naznacheniya_128.6_m_7262779360?context=H4sIAAAAAAAA_wE_AMD_YToyOntzOjEzOiJsb2NhbFByaW9yaXR5IjtiOjA7czoxOiJ4IjtzOjE2OiJIMFFZZ05vNXk2blJCdGc4Ijt9P_qucj8AAAA
2025-05-10 19:40:23,295 - INFO -    Заголовок: Свободного назначения, 128.6 м²
2025-05-10 19:40:23,296 - INFO -    Адрес: Московский пр-т, 35Набережные Челны
2025-05-10 19:40:23,296 - INFO -    Цена: 1500
2025-05-10 19:40:23,296 - INFO -    Площадь: 128.6
2025-05-10 19:40:23,296 - INFO - 
2. URL: https://www.avito.ru/naberezhnye_chelny/kommercheskaya_nedvizhimost/arenda_svobodnogo_naznacheniya_128.6_m_4395977200?context=H4sIAAAAAAAA_wE_AMD_YToyOntzOjEzOiJsb2NhbFByaW9yaXR5IjtiOjA7czoxOiJ4IjtzOjE2OiJjNnlWbmlBSG1jczZTbVoxIjt9QrWrEj8AAAA
2025-05-10 19:40:23,297 - INFO -    Заголовок: Аренда, Свободного назначения, 128.6 м²
2025-05-10 19:40:23,297 - INFO -    Адрес: Московский пр-т, 35Набережные Челны
2025-05-10 19:40:23,297 - INFO -    Цена: 1500
2025-05-10 19:40:23,297 - INFO -    Площадь: 128.6
2025-05-10 19:40:23,297 - INFO - --------------------------------------------------------------------------------
2025-05-10 19:40:23,299 - INFO - 
Пара дубликатов:
2025-05-10 19:40:23,299 - INFO - 1. URL: https://www.avito.ru/kazan/kommercheskaya_nedvizhimost/svobodnogo_naznacheniya_7281405023?context=H4sIAAAAAAAA_wE_AMD_YToyOntzOjEzOiJsb2NhbFByaW9yaXR5IjtiOjA7czoxOiJ4IjtzOjE2OiJIMFFZZ05vNXk2blJCdGc4Ijt9P_qucj8AAAA
2025-05-10 19:40:23,299 - INFO -    Заголовок: Свободного назначения
2025-05-10 19:40:23,300 - INFO -    Адрес: Советский район, посёлок Дербышки, Советская ул., 22АКазань
2025-05-10 19:40:23,300 - INFO -    Цена: 55000
2025-05-10 19:40:23,301 - INFO -    Площадь: 75.0
2025-05-10 19:40:23,301 - INFO - 
2. URL: https://www.avito.ru/kazan/kommercheskaya_nedvizhimost/svobodnogo_naznacheniya_75_m_2756333036?context=H4sIAAAAAAAA_wE_AMD_YToyOntzOjEzOiJsb2NhbFByaW9yaXR5IjtiOjA7czoxOiJ4IjtzOjE2OiJlampMRXZYUWlXQkp4UW5JIjt9xvuXwj8AAAA
2025-05-10 19:40:23,301 - INFO -    Заголовок: Свободного назначения, 75 м²
2025-05-10 19:40:23,301 - INFO -    Адрес: Советский район, посёлок Дербышки, Советская ул., 22АКазань
2025-05-10 19:40:23,301 - INFO -    Цена: 55000
2025-05-10 19:40:23,302 - INFO -    Площадь: 75.0
2025-05-10 19:40:23,302 - INFO - --------------------------------------------------------------------------------
2025-05-10 19:40:23,302 - INFO - 
Пара дубликатов:
2025-05-10 19:40:23,302 - INFO - 1. URL: https://www.avito.ru/kazan/kommercheskaya_nedvizhimost/torgovaya_ploschad_51_m_7274551868?context=H4sIAAAAAAAA_wE_AMD_YToyOntzOjEzOiJsb2NhbFByaW9yaXR5IjtiOjA7czoxOiJ4IjtzOjE2OiJIMFFZZ05vNXk2blJCdGc4Ijt9P_qucj8AAAA
2025-05-10 19:40:23,304 - INFO -    Заголовок: Торговая площадь, 51 м²
2025-05-10 19:40:23,304 - INFO -    Адрес: Ленинградская ул., 45АКазань
2025-05-10 19:40:23,304 - INFO -    Цена: 100000
2025-05-10 19:40:23,304 - INFO -    Площадь: 51.0
2025-05-10 19:40:23,305 - INFO - 
2. URL: https://www.avito.ru/kazan/kommercheskaya_nedvizhimost/torgovaya_ploschad_51_m_7274551868?context=H4sIAAAAAAAA_wE_AMD_YToyOntzOjEzOiJsb2NhbFByaW9yaXR5IjtiOjA7czoxOiJ4IjtzOjE2OiJWc2xZY1lPZXZjMFZSZTJIIjt9ARBXTj8AAAA
2025-05-10 19:40:23,305 - INFO -    Заголовок: Торговая площадь, 51 м²
2025-05-10 19:40:23,306 - INFO -    Адрес: Ленинградская ул., 45АКазань
2025-05-10 19:40:23,306 - INFO -    Цена: 100000
2025-05-10 19:40:23,306 - INFO -    Площадь: 51.0
2025-05-10 19:40:23,307 - INFO - --------------------------------------------------------------------------------
2025-05-10 19:40:23,307 - INFO - 
Пара дубликатов:
2025-05-10 19:40:23,308 - INFO - 1. URL: https://www.avito.ru/kazan/kommercheskaya_nedvizhimost/pomeschenie_svobodnogo_naznacheniya_148_kv.m_7271795784?context=H4sIAAAAAAAA_wE_AMD_YToyOntzOjEzOiJsb2NhbFByaW9yaXR5IjtiOjA7czoxOiJ4IjtzOjE2OiJWc2xZY1lPZXZjMFZSZTJIIjt9ARBXTj8AAAA
2025-05-10 19:40:23,308 - INFO -    Заголовок: Помещение свободного назначения 148 кв.м
2025-05-10 19:40:23,308 - INFO -    Адрес: ул. Рихарда Зорге, 81Ак1Казань
2025-05-10 19:40:23,310 - INFO -    Цена: 296000
2025-05-10 19:40:23,310 - INFO -    Площадь: 148.0
2025-05-10 19:40:23,310 - INFO - 
2. URL: https://www.avito.ru/kazan/kommercheskaya_nedvizhimost/zdanie_7289443937?context=H4sIAAAAAAAA_wE_AMD_YToyOntzOjEzOiJsb2NhbFByaW9yaXR5IjtiOjA7czoxOiJ4IjtzOjE2OiJWc2xZY1lPZXZjMFZSZTJIIjt9ARBXTj8AAAA
2025-05-10 19:40:23,310 - INFO -    Заголовок: Здание
2025-05-10 19:40:23,310 - INFO -    Адрес: ул. Рихарда Зорге, 81Ак1Казань
2025-05-10 19:40:23,310 - INFO -    Цена: 296000
2025-05-10 19:40:23,310 - INFO -    Площадь: 148.0
2025-05-10 19:40:23,311 - INFO - --------------------------------------------------------------------------------
2025-05-10 19:40:23,311 - INFO - 
Пара дубликатов:
2025-05-10 19:40:23,312 - INFO - 1. URL: https://www.avito.ru/kazan/kommercheskaya_nedvizhimost/pavilon_na_ostanovke_20-40_m_7271688571?context=H4sIAAAAAAAA_wE_AMD_YToyOntzOjEzOiJsb2NhbFByaW9yaXR5IjtiOjA7czoxOiJ4IjtzOjE2OiJWc2xZY1lPZXZjMFZSZTJIIjt9ARBXTj8AAAA
2025-05-10 19:40:23,313 - INFO -    Заголовок: Павильон на остановке, 20-40 м²
2025-05-10 19:40:23,313 - INFO -    Адрес: Ломжинская ул., 17/1Казань
2025-05-10 19:40:23,313 - INFO -    Цена: 50000
2025-05-10 19:40:23,313 - INFO -    Площадь: 20.0
2025-05-10 19:40:23,313 - INFO - 
2. URL: https://www.avito.ru/kazan/kommercheskaya_nedvizhimost/pavilon_na_ostanovke_20-40_m_4007881770?context=H4sIAAAAAAAA_wE_AMD_YToyOntzOjEzOiJsb2NhbFByaW9yaXR5IjtiOjA7czoxOiJ4IjtzOjE2OiJjNnlWbmlBSG1jczZTbVoxIjt9QrWrEj8AAAA
2025-05-10 19:40:23,313 - INFO -    Заголовок: Павильон на остановке, 20-40 м²
2025-05-10 19:40:23,313 - INFO -    Адрес: Ломжинская ул., 17/1Казань
2025-05-10 19:40:23,313 - INFO -    Цена: 50000
2025-05-10 19:40:23,315 - INFO -    Площадь: 20.0
2025-05-10 19:40:23,316 - INFO - --------------------------------------------------------------------------------
2025-05-10 19:40:23,316 - INFO - 
Пара дубликатов:
2025-05-10 19:40:23,316 - INFO - 1. URL: https://www.avito.ru/chistopol/kommercheskaya_nedvizhimost/svobodnogo_naznacheniya_7233357137?context=H4sIAAAAAAAA_wE_AMD_YToyOntzOjEzOiJsb2NhbFByaW9yaXR5IjtiOjA7czoxOiJ4IjtzOjE2OiJLYUt2R3ZpSUZveGVRU3RJIjt9aSHekT8AAAA
2025-05-10 19:40:23,317 - INFO -    Заголовок: Свободного назначения
2025-05-10 19:40:23,317 - INFO -    Адрес: ул. Энгельса, 94Чистополь
2025-05-10 19:40:23,317 - INFO -    Цена: 15000
2025-05-10 19:40:23,317 - INFO -    Площадь: 12.0
2025-05-10 19:40:23,318 - INFO - 
2. URL: https://www.avito.ru/kazan/kommercheskaya_nedvizhimost/svobodnogo_naznacheniya_12_m_2377638834?context=H4sIAAAAAAAA_wE_AMD_YToyOntzOjEzOiJsb2NhbFByaW9yaXR5IjtiOjA7czoxOiJ4IjtzOjE2OiJlampMRXZYUWlXQkp4UW5JIjt9xvuXwj8AAAA
2025-05-10 19:40:23,318 - INFO -    Заголовок: Свободного назначения, 12 м²
2025-05-10 19:40:23,318 - INFO -    Адрес: ул. Рихарда Зорге, 93Казань
2025-05-10 19:40:23,318 - INFO -    Цена: 15000
2025-05-10 19:40:23,318 - INFO -    Площадь: 12.0
2025-05-10 19:40:23,318 - INFO - --------------------------------------------------------------------------------
2025-05-10 19:40:23,318 - INFO - 
Пара дубликатов:
2025-05-10 19:40:23,319 - INFO - 1. URL: https://www.avito.ru/kazan/kommercheskaya_nedvizhimost/otdelnostoyaschee_pomeschenie_80m_7239808511?context=H4sIAAAAAAAA_wE_AMD_YToyOntzOjEzOiJsb2NhbFByaW9yaXR5IjtiOjA7czoxOiJ4IjtzOjE2OiJLYUt2R3ZpSUZveGVRU3RJIjt9aSHekT8AAAA
2025-05-10 19:40:23,319 - INFO -    Заголовок: Отдельностоящее помещение 80м²
2025-05-10 19:40:23,320 - INFO -    Адрес: ул. Побежимова, 28Казань
2025-05-10 19:40:23,320 - INFO -    Цена: 120000
2025-05-10 19:40:23,320 - INFO -    Площадь: 80.0
2025-05-10 19:40:23,321 - INFO - 
2. URL: https://www.avito.ru/kazan/kommercheskaya_nedvizhimost/sdayu_otdelnostoyaschee_pomeschenie_80m_4360024917?context=H4sIAAAAAAAA_wE_AMD_YToyOntzOjEzOiJsb2NhbFByaW9yaXR5IjtiOjA7czoxOiJ4IjtzOjE2OiJVaVR0VHRFSUQwOERPRVZHIjt9Lub7iD8AAAA
2025-05-10 19:40:23,321 - INFO -    Заголовок: Сдаю отдельностоящее помещение 80м
2025-05-10 19:40:23,321 - INFO -    Адрес: ул. Батыршина, 20БКазань
2025-05-10 19:40:23,321 - INFO -    Цена: 120000
2025-05-10 19:40:23,322 - INFO -    Площадь: 80.0
2025-05-10 19:40:23,322 - INFO - --------------------------------------------------------------------------------
2025-05-10 19:40:23,322 - INFO - 
Пара дубликатов:
2025-05-10 19:40:23,322 - INFO - 1. URL: https://www.avito.ru/kazan/kommercheskaya_nedvizhimost/torgovaya_ploschad_1_etazh_54_kv.m_7245519854?context=H4sIAAAAAAAA_wE_AMD_YToyOntzOjEzOiJsb2NhbFByaW9yaXR5IjtiOjA7czoxOiJ4IjtzOjE2OiJLYUt2R3ZpSUZveGVRU3RJIjt9aSHekT8AAAA
2025-05-10 19:40:23,323 - INFO -    Заголовок: Торговая площадь 1 этаж, 54 кв.м
2025-05-10 19:40:23,323 - INFO -    Адрес: Петербургская ул., 9Казань
2025-05-10 19:40:23,323 - INFO -    Цена: 85000
2025-05-10 19:40:23,324 - INFO -    Площадь: 54.0
2025-05-10 19:40:23,324 - INFO - 
2. URL: https://www.avito.ru/kazan/kommercheskaya_nedvizhimost/svobodnogo_naznacheniya_54_m_4718439767?context=H4sIAAAAAAAA_wE_AMD_YToyOntzOjEzOiJsb2NhbFByaW9yaXR5IjtiOjA7czoxOiJ4IjtzOjE2OiJwUzlzbExPVk90M3pTTzI3Ijt98EhPEj8AAAA
2025-05-10 19:40:23,324 - INFO -    Заголовок: Свободного назначения, 54 м²
2025-05-10 19:40:23,325 - INFO -    Адрес: Петербургская ул., 9Казань
2025-05-10 19:40:23,325 - INFO -    Цена: 85000
2025-05-10 19:40:23,325 - INFO -    Площадь: 54.0
2025-05-10 19:40:23,325 - INFO - --------------------------------------------------------------------------------
2025-05-10 19:40:23,325 - INFO - 
Пара дубликатов:
2025-05-10 19:40:23,326 - INFO - 1. URL: https://www.avito.ru/naberezhnye_chelny/kommercheskaya_nedvizhimost/svobodnogo_naznacheniya_7243669391?context=H4sIAAAAAAAA_wE_AMD_YToyOntzOjEzOiJsb2NhbFByaW9yaXR5IjtiOjA7czoxOiJ4IjtzOjE2OiJLYUt2R3ZpSUZveGVRU3RJIjt9aSHekT8AAAA
2025-05-10 19:40:23,327 - INFO -    Заголовок: Свободного назначения
2025-05-10 19:40:23,327 - INFO -    Адрес: Старосармановская ул., 19/6Набережные Челны
2025-05-10 19:40:23,327 - INFO -    Цена: 600
2025-05-10 19:40:23,327 - INFO -    Площадь: 129.0
2025-05-10 19:40:23,327 - INFO - 
2. URL: https://www.avito.ru/naberezhnye_chelny/kommercheskaya_nedvizhimost/sklad_129_m2_7256606734?context=H4sIAAAAAAAA_wE_AMD_YToyOntzOjEzOiJsb2NhbFByaW9yaXR5IjtiOjA7czoxOiJ4IjtzOjE2OiJLYUt2R3ZpSUZveGVRU3RJIjt9aSHekT8AAAA
2025-05-10 19:40:23,329 - INFO -    Заголовок: Склад 129 м2
2025-05-10 19:40:23,329 - INFO -    Адрес: Старосармановская ул., 19/6Набережные Челны
2025-05-10 19:40:23,330 - INFO -    Цена: 600
2025-05-10 19:40:23,330 - INFO -    Площадь: 129.0
2025-05-10 19:40:23,330 - INFO - --------------------------------------------------------------------------------
2025-05-10 19:40:23,330 - INFO - 
Пара дубликатов:
2025-05-10 19:40:23,330 - INFO - 1. URL: https://www.avito.ru/kazan/kommercheskaya_nedvizhimost/psn_na_pervoy_linii_v_tsentre_4696703251?context=H4sIAAAAAAAA_wE_AMD_YToyOntzOjEzOiJsb2NhbFByaW9yaXR5IjtiOjA7czoxOiJ4IjtzOjE2OiJMWE1FOUVBNkxhT1RGT1NNIjt9eadmeT8AAAA
2025-05-10 19:40:23,332 - INFO -    Заголовок: ПСН на первой линии в центре
2025-05-10 19:40:23,332 - INFO -    Адрес: ул. Чернышевского, 28Казань
2025-05-10 19:40:23,332 - INFO -    Цена: 267500
2025-05-10 19:40:23,332 - INFO -    Площадь: 107.0
2025-05-10 19:40:23,333 - INFO - 
2. URL: https://www.avito.ru/kazan/kommercheskaya_nedvizhimost/sdaetsya_pomeschenie_v_tsentre_na_chernyshevskogo_107m2_4632535270?context=H4sIAAAAAAAA_wE_AMD_YToyOntzOjEzOiJsb2NhbFByaW9yaXR5IjtiOjA7czoxOiJ4IjtzOjE2OiJwUzlzbExPVk90M3pTTzI3Ijt98EhPEj8AAAA
2025-05-10 19:40:23,333 - INFO -    Заголовок: Сдается помещение в центре на Чернышевского, 107м2
2025-05-10 19:40:23,333 - INFO -    Адрес: ул. Чернышевского, 28Казань
2025-05-10 19:40:23,333 - INFO -    Цена: 267500
2025-05-10 19:40:23,334 - INFO -    Площадь: 107.0
2025-05-10 19:40:23,334 - INFO - --------------------------------------------------------------------------------
2025-05-10 19:40:23,334 - INFO - 
Пара дубликатов:
2025-05-10 19:40:23,335 - INFO - 1. URL: https://www.avito.ru/kazan/kommercheskaya_nedvizhimost/super_trafik_110kv.m_4664804384?context=H4sIAAAAAAAA_wE_AMD_YToyOntzOjEzOiJsb2NhbFByaW9yaXR5IjtiOjA7czoxOiJ4IjtzOjE2OiJRbFBmbU9NQXRieGlpOXoxIjt93U9QJj8AAAA
2025-05-10 19:40:23,335 - INFO -    Заголовок: Супер трафик 110кв.м
2025-05-10 19:40:23,335 - INFO -    Адрес: ул. Декабристов, 127Казань
2025-05-10 19:40:23,335 - INFO -    Цена: 182655
2025-05-10 19:40:23,336 - INFO -    Площадь: 110.7
2025-05-10 19:40:23,336 - INFO - 
2. URL: https://www.avito.ru/kazan/kommercheskaya_nedvizhimost/svobodnoe_naznachenie_dekabristov_ul._127_4024599902?context=H4sIAAAAAAAA_wE_AMD_YToyOntzOjEzOiJsb2NhbFByaW9yaXR5IjtiOjA7czoxOiJ4IjtzOjE2OiJTQzRqR2M1R1d5Rll6amd3Ijt9JSWuAD8AAAA
2025-05-10 19:40:23,337 - INFO -    Заголовок: Свободное назначение, Декабристов ул., 127
2025-05-10 19:40:23,337 - INFO -    Адрес: ул. Декабристов, 127Казань
2025-05-10 19:40:23,337 - INFO -    Цена: 182655
2025-05-10 19:40:23,339 - INFO -    Площадь: 110.7
2025-05-10 19:40:23,339 - INFO - --------------------------------------------------------------------------------
2025-05-10 19:40:23,339 - INFO - 
Пара дубликатов:
2025-05-10 19:40:23,340 - INFO - 1. URL: https://www.avito.ru/kazan/kommercheskaya_nedvizhimost/torgovaya_ploschad_100_m_4636057970?context=H4sIAAAAAAAA_wE_AMD_YToyOntzOjEzOiJsb2NhbFByaW9yaXR5IjtiOjA7czoxOiJ4IjtzOjE2OiJRbFBmbU9NQXRieGlpOXoxIjt93U9QJj8AAAA
2025-05-10 19:40:23,340 - INFO -    Заголовок: Торговая площадь 100 м²
2025-05-10 19:40:23,340 - INFO -    Адрес: Беломорская ул., 69Ак1Казань
2025-05-10 19:40:23,341 - INFO -    Цена: 1500
2025-05-10 19:40:23,341 - INFO -    Площадь: 100.0
2025-05-10 19:40:23,341 - INFO - 
2. URL: https://www.avito.ru/zelenodolsk/kommercheskaya_nedvizhimost/torgovaya_ploschad_100_m_3441027430?context=H4sIAAAAAAAA_wE_AMD_YToyOntzOjEzOiJsb2NhbFByaW9yaXR5IjtiOjA7czoxOiJ4IjtzOjE2OiIxNWNpbzZkSjZ0a3FTZkxGIjt9XP5w2z8AAAA
2025-05-10 19:40:23,342 - INFO -    Заголовок: Торговая площадь, 100 м²
2025-05-10 19:40:23,342 - INFO -    Адрес: ул. Хасанова, 50Зеленодольск
2025-05-10 19:40:23,342 - INFO -    Цена: 1500
2025-05-10 19:40:23,343 - INFO -    Площадь: 100.0
2025-05-10 19:40:23,343 - INFO - --------------------------------------------------------------------------------
2025-05-10 19:40:23,343 - INFO - 
Пара дубликатов:
2025-05-10 19:40:23,343 - INFO - 1. URL: https://www.avito.ru/osinovo/kommercheskaya_nedvizhimost/svobodnogo_naznacheniya_65.8_m_4654950809?context=H4sIAAAAAAAA_wE_AMD_YToyOntzOjEzOiJsb2NhbFByaW9yaXR5IjtiOjA7czoxOiJ4IjtzOjE2OiJRbFBmbU9NQXRieGlpOXoxIjt93U9QJj8AAAA
2025-05-10 19:40:23,343 - INFO -    Заголовок: Свободного назначения, 65.8 м²
2025-05-10 19:40:23,344 - INFO -    Адрес: ул. Марата Ахметшина, 4с. Осиново
2025-05-10 19:40:23,344 - INFO -    Цена: 900
2025-05-10 19:40:23,344 - INFO -    Площадь: 65.8
2025-05-10 19:40:23,344 - INFO - 
2. URL: https://www.avito.ru/osinovo/kommercheskaya_nedvizhimost/svobodnogo_naznacheniya_65.8_m_3854850031?context=H4sIAAAAAAAA_wE_AMD_YToyOntzOjEzOiJsb2NhbFByaW9yaXR5IjtiOjA7czoxOiJ4IjtzOjE2OiJTQzRqR2M1R1d5Rll6amd3Ijt9JSWuAD8AAAA
2025-05-10 19:40:23,346 - INFO -    Заголовок: Свободного назначения, 65.8 м²
2025-05-10 19:40:23,346 - INFO -    Адрес: ул. Марата Ахметшина, 4с. Осиново
2025-05-10 19:40:23,346 - INFO -    Цена: 900
2025-05-10 19:40:23,346 - INFO -    Площадь: 65.8
2025-05-10 19:40:23,347 - INFO - --------------------------------------------------------------------------------
2025-05-10 19:40:23,347 - INFO - 
Пара дубликатов:
2025-05-10 19:40:23,347 - INFO - 1. URL: https://www.avito.ru/kazan/kommercheskaya_nedvizhimost/65_m_na_trafike_u_metro_4792105051?context=H4sIAAAAAAAA_wE_AMD_YToyOntzOjEzOiJsb2NhbFByaW9yaXR5IjtiOjA7czoxOiJ4IjtzOjE2OiJwUzlzbExPVk90M3pTTzI3Ijt98EhPEj8AAAA
2025-05-10 19:40:23,347 - INFO -    Заголовок: 65 м² на трафике у Метро
2025-05-10 19:40:23,348 - INFO -    Адрес: ул. Декабристов, 184Казань
2025-05-10 19:40:23,348 - INFO -    Цена: 130000
2025-05-10 19:40:23,348 - INFO -    Площадь: 65.0
2025-05-10 19:40:23,348 - INFO - 
2. URL: https://www.avito.ru/kazan/kommercheskaya_nedvizhimost/sdaetsya_pomeschenie_na_ul._dekabristov_d.184_65_m2_4377229899?context=H4sIAAAAAAAA_wE_AMD_YToyOntzOjEzOiJsb2NhbFByaW9yaXR5IjtiOjA7czoxOiJ4IjtzOjE2OiJmOWJHRlJRc1BKUE5vZEIyIjt9afBC3D8AAAA
2025-05-10 19:40:23,348 - INFO -    Заголовок: Сдается помещение на ул. Декабристов д.184, 65 м2
2025-05-10 19:40:23,349 - INFO -    Адрес: ул. Декабристов, 184Казань
2025-05-10 19:40:23,349 - INFO -    Цена: 130000
2025-05-10 19:40:23,349 - INFO -    Площадь: 65.0
2025-05-10 19:40:23,350 - INFO - --------------------------------------------------------------------------------
2025-05-10 19:40:23,350 - INFO - 
Пара дубликатов:
2025-05-10 19:40:23,350 - INFO - 1. URL: https://www.avito.ru/kazan/kommercheskaya_nedvizhimost/v_tk_savinovo_torgovoe_na_1_etazhe_po_25_m_4685545385?context=H4sIAAAAAAAA_wE_AMD_YToyOntzOjEzOiJsb2NhbFByaW9yaXR5IjtiOjA7czoxOiJ4IjtzOjE2OiJwUzlzbExPVk90M3pTTzI3Ijt98EhPEj8AAAA
2025-05-10 19:40:23,350 - INFO -    Заголовок: В ТК "Савиново", торговое на 1 этаже по 25 м
2025-05-10 19:40:23,350 - INFO -    Адрес: пр-т Ямашева, 93Казань
2025-05-10 19:40:23,350 - INFO -    Цена: 50000
2025-05-10 19:40:23,350 - INFO -    Площадь: 25.0
2025-05-10 19:40:23,352 - INFO - 
2. URL: https://www.avito.ru/kazan/kommercheskaya_nedvizhimost/torgovaya_ploschad_25_m_4579720677?context=H4sIAAAAAAAA_wE_AMD_YToyOntzOjEzOiJsb2NhbFByaW9yaXR5IjtiOjA7czoxOiJ4IjtzOjE2OiJ4eGZWZmdvWUJvUFdCTW1sIjt9jQZcRz8AAAA
2025-05-10 19:40:23,352 - INFO -    Заголовок: Торговая площадь, 25 м²
2025-05-10 19:40:23,353 - INFO -    Адрес: пр-т Ямашева, 93Казань
2025-05-10 19:40:23,353 - INFO -    Цена: 50000
2025-05-10 19:40:23,353 - INFO -    Площадь: 25.0
2025-05-10 19:40:23,353 - INFO - --------------------------------------------------------------------------------
2025-05-10 19:40:23,353 - INFO - 
Пара дубликатов:
2025-05-10 19:40:23,354 - INFO - 1. URL: https://www.avito.ru/kazan/kommercheskaya_nedvizhimost/torgovaya_ploschad_10_m_4608003980?context=H4sIAAAAAAAA_wE_AMD_YToyOntzOjEzOiJsb2NhbFByaW9yaXR5IjtiOjA7czoxOiJ4IjtzOjE2OiJVaVR0VHRFSUQwOERPRVZHIjt9Lub7iD8AAAA
2025-05-10 19:40:23,354 - INFO -    Заголовок: Торговая площадь, 10 м²
2025-05-10 19:40:23,355 - INFO -    Адрес: ул. Маршала Чуйкова, 4Казань
2025-05-10 19:40:23,355 - INFO -    Цена: 35000
2025-05-10 19:40:23,355 - INFO -    Площадь: 10.0
2025-05-10 19:40:23,355 - INFO - 
2. URL: https://www.avito.ru/kazan/kommercheskaya_nedvizhimost/torgovaya_ploschad_10_m_3950164803?context=H4sIAAAAAAAA_wE_AMD_YToyOntzOjEzOiJsb2NhbFByaW9yaXR5IjtiOjA7czoxOiJ4IjtzOjE2OiJTQzRqR2M1R1d5Rll6amd3Ijt9JSWuAD8AAAA
2025-05-10 19:40:23,356 - INFO -    Заголовок: Торговая площадь, 10 м²
2025-05-10 19:40:23,356 - INFO -    Адрес: Ленинградская ул., 27Казань
2025-05-10 19:40:23,356 - INFO -    Цена: 35000
2025-05-10 19:40:23,357 - INFO -    Площадь: 10.0
2025-05-10 19:40:23,357 - INFO - --------------------------------------------------------------------------------
2025-05-10 19:40:23,357 - INFO - 
Пара дубликатов:
2025-05-10 19:40:23,357 - INFO - 1. URL: https://www.avito.ru/kazan/kommercheskaya_nedvizhimost/torgovaya_ploschad_107_kv._m_4536974919?context=H4sIAAAAAAAA_wE_AMD_YToyOntzOjEzOiJsb2NhbFByaW9yaXR5IjtiOjA7czoxOiJ4IjtzOjE2OiJVaVR0VHRFSUQwOERPRVZHIjt9Lub7iD8AAAA
2025-05-10 19:40:23,358 - INFO -    Заголовок: Торговая площадь, 107 кв. м
2025-05-10 19:40:23,358 - INFO -    Адрес: ул. Гаврилова, 56к2Казань
2025-05-10 19:40:23,358 - INFO -    Цена: 107000
2025-05-10 19:40:23,358 - INFO -    Площадь: 107.0
2025-05-10 19:40:23,359 - INFO - 
2. URL: https://www.avito.ru/kazan/kommercheskaya_nedvizhimost/svobodnogo_naznacheniya_107_m_1487199550?context=H4sIAAAAAAAA_wE_AMD_YToyOntzOjEzOiJsb2NhbFByaW9yaXR5IjtiOjA7czoxOiJ4IjtzOjE2OiI3cThlWE11NWdSNmNqT0JCIjt9hlJyCT8AAAA
2025-05-10 19:40:23,359 - INFO -    Заголовок: Свободного назначения, 107 м²
2025-05-10 19:40:23,359 - INFO -    Адрес: ул. Гаврилова, 56к2Казань
2025-05-10 19:40:23,360 - INFO -    Цена: 107000
2025-05-10 19:40:23,361 - INFO -    Площадь: 107.0
2025-05-10 19:40:23,361 - INFO - --------------------------------------------------------------------------------
2025-05-10 19:40:23,362 - INFO - 
Пара дубликатов:
2025-05-10 19:40:23,362 - INFO - 1. URL: https://www.avito.ru/naberezhnye_chelny/kommercheskaya_nedvizhimost/torgovaya_ot_60_do_127_m_4664203293?context=H4sIAAAAAAAA_wE_AMD_YToyOntzOjEzOiJsb2NhbFByaW9yaXR5IjtiOjA7czoxOiJ4IjtzOjE2OiJ4eGZWZmdvWUJvUFdCTW1sIjt9jQZcRz8AAAA
2025-05-10 19:40:23,363 - INFO -    Заголовок: Торговая, от 60 до 127 м²
2025-05-10 19:40:23,363 - INFO -    Адрес: Набережночелнинский пр-т, 70/56Набережные Челны
2025-05-10 19:40:23,363 - INFO -    Цена: 1000
2025-05-10 19:40:23,364 - INFO -    Площадь: 1.0
2025-05-10 19:40:23,364 - INFO - 
2. URL: https://www.avito.ru/naberezhnye_chelny/kommercheskaya_nedvizhimost/torgovaya_ot_70_do_1000_m_4663902651?context=H4sIAAAAAAAA_wE_AMD_YToyOntzOjEzOiJsb2NhbFByaW9yaXR5IjtiOjA7czoxOiJ4IjtzOjE2OiJ4eGZWZmdvWUJvUFdCTW1sIjt9jQZcRz8AAAA
2025-05-10 19:40:23,365 - INFO -    Заголовок: Торговая, от 70 до 1000 м²
2025-05-10 19:40:23,365 - INFO -    Адрес: пр-т Абдурахмана Абсалямова, 14Набережные Челны
2025-05-10 19:40:23,365 - INFO -    Цена: 1000
2025-05-10 19:40:23,365 - INFO -    Площадь: 1.0
2025-05-10 19:40:23,365 - INFO - --------------------------------------------------------------------------------
2025-05-10 19:40:23,366 - INFO - 
Пара дубликатов:
2025-05-10 19:40:23,366 - INFO - 1. URL: https://www.avito.ru/elabuga/kommercheskaya_nedvizhimost/torgovaya_ploschad_20_m_4713908907?context=H4sIAAAAAAAA_wE_AMD_YToyOntzOjEzOiJsb2NhbFByaW9yaXR5IjtiOjA7czoxOiJ4IjtzOjE2OiJ4eGZWZmdvWUJvUFdCTW1sIjt9jQZcRz8AAAA
2025-05-10 19:40:23,366 - INFO -    Заголовок: Торговая площадь, 20 м²
2025-05-10 19:40:23,367 - INFO -    Адрес: пр-т Нефтяников, 10Ас1Елабуга
2025-05-10 19:40:23,367 - INFO -    Цена: 1500
2025-05-10 19:40:23,367 - INFO -    Площадь: 20.0
2025-05-10 19:40:23,369 - INFO - 
2. URL: https://www.avito.ru/almetevsk/kommercheskaya_nedvizhimost/torgovaya_ploschad_20_m_2415211714?context=H4sIAAAAAAAA_wE_AMD_YToyOntzOjEzOiJsb2NhbFByaW9yaXR5IjtiOjA7czoxOiJ4IjtzOjE2OiJlampMRXZYUWlXQkp4UW5JIjt9xvuXwj8AAAA
2025-05-10 19:40:23,369 - INFO -    Заголовок: Торговая площадь, 20 м²
2025-05-10 19:40:23,369 - INFO -    Адрес: ул. Гафиатуллина, 20Альметьевск
2025-05-10 19:40:23,370 - INFO -    Цена: 1499
2025-05-10 19:40:23,370 - INFO -    Площадь: 20.0
2025-05-10 19:40:23,370 - INFO - --------------------------------------------------------------------------------
2025-05-10 19:40:23,371 - INFO - 
Пара дубликатов:
2025-05-10 19:40:23,371 - INFO - 1. URL: https://www.avito.ru/kazan/kommercheskaya_nedvizhimost/arenda_pomeschenie_svobodnogo_naznacheniya_121.1_m_4264387989?context=H4sIAAAAAAAA_wE_AMD_YToyOntzOjEzOiJsb2NhbFByaW9yaXR5IjtiOjA7czoxOiJ4IjtzOjE2OiJ4eGZWZmdvWUJvUFdCTW1sIjt9jQZcRz8AAAA
2025-05-10 19:40:23,372 - INFO -    Заголовок: Аренда Помещение свободного назначения 121.1 м²
2025-05-10 19:40:23,372 - INFO -    Адрес: Танковая ул., 2Казань
2025-05-10 19:40:23,372 - INFO -    Цена: 207150
2025-05-10 19:40:23,373 - INFO -    Площадь: 138.1
2025-05-10 19:40:23,373 - INFO - 
2. URL: https://www.avito.ru/kazan/kommercheskaya_nedvizhimost/svobodnogo_naznacheniya_138.1_m_4652341198?context=H4sIAAAAAAAA_wE_AMD_YToyOntzOjEzOiJsb2NhbFByaW9yaXR5IjtiOjA7czoxOiJ4IjtzOjE2OiJmOWJHRlJRc1BKUE5vZEIyIjt9afBC3D8AAAA
2025-05-10 19:40:23,373 - INFO -    Заголовок: Свободного назначения, 138.1 м²
2025-05-10 19:40:23,373 - INFO -    Адрес: Танковая ул., 2Казань
2025-05-10 19:40:23,373 - INFO -    Цена: 207150
2025-05-10 19:40:23,373 - INFO -    Площадь: 138.1
2025-05-10 19:40:23,373 - INFO - --------------------------------------------------------------------------------
2025-05-10 19:40:23,373 - INFO - 
Пара дубликатов:
2025-05-10 19:40:23,375 - INFO - 1. URL: https://www.avito.ru/kazan/kommercheskaya_nedvizhimost/sklad_30_m_3901291797?context=H4sIAAAAAAAA_wE_AMD_YToyOntzOjEzOiJsb2NhbFByaW9yaXR5IjtiOjA7czoxOiJ4IjtzOjE2OiJTQzRqR2M1R1d5Rll6amd3Ijt9JSWuAD8AAAA
2025-05-10 19:40:23,375 - INFO -    Заголовок: Склад, 30 м²
2025-05-10 19:40:23,375 - INFO -    Адрес: Московская ул., 52Казань
2025-05-10 19:40:23,375 - INFO -    Цена: 10000
2025-05-10 19:40:23,376 - INFO -    Площадь: 30.0
2025-05-10 19:40:23,376 - INFO - 
2. URL: https://www.avito.ru/kazan/kommercheskaya_nedvizhimost/sklad_30_m_3787078968?context=H4sIAAAAAAAA_wE_AMD_YToyOntzOjEzOiJsb2NhbFByaW9yaXR5IjtiOjA7czoxOiJ4IjtzOjE2OiJTQzRqR2M1R1d5Rll6amd3Ijt9JSWuAD8AAAA
2025-05-10 19:40:23,377 - INFO -    Заголовок: Склад, 30 м²
2025-05-10 19:40:23,378 - INFO -    Адрес: Московская ул., 52Казань
2025-05-10 19:40:23,378 - INFO -    Цена: 10000
2025-05-10 19:40:23,378 - INFO -    Площадь: 30.0
2025-05-10 19:40:23,378 - INFO - --------------------------------------------------------------------------------
