2025-05-10 19:10:45,913 - INFO - Загружено 1087 записей
2025-05-10 19:10:45,931 - INFO - 
Найдено выбросов в ценах:
2025-05-10 19:10:45,931 - INFO - Низкие цены: 0 записей
2025-05-10 19:10:45,931 - INFO - Высокие цены: 64 записей
2025-05-10 19:10:45,939 - INFO - 
Объявления с подозрительно низкими ценами за м2:
2025-05-10 19:10:45,939 - INFO - 
Объявления с подозрительно высокими ценами за м2:
2025-05-10 19:10:45,939 - INFO - 
Информация об объявлении:
2025-05-10 19:10:45,946 - INFO - URL: https://www.avito.ru/naberezhnye_chelny/kommercheskaya_nedvizhimost/sklad_morskoy_konteyner_v_arendu_7332125928?context=H4sIAAAAAAAA_wE_AMD_YToyOntzOjEzOiJsb2NhbFByaW9yaXR5IjtiOjA7czoxOiJ4IjtzOjE2OiJuazJYdUhMWEdodzJVQjZZIjt9HdiNeT8AAAA
2025-05-10 19:10:45,946 - INFO - Заголовок: Склад (морской контейнер) в аренду
2025-05-10 19:10:45,946 - INFO - Адрес: Индустриальный пр., 47Набережные Челны
2025-05-10 19:10:45,946 - INFO - Тип аренды: Общая стоимость
2025-05-10 19:10:45,949 - INFO - Цена: 105,000.00 руб.
2025-05-10 19:10:45,949 - INFO - Площадь: 15.00 м2
2025-05-10 19:10:45,950 - INFO - Итоговая цена за м2: 7,000.00 руб.
2025-05-10 19:10:45,950 - INFO - Причина: Итоговая цена за м² (7,000.00 руб.) выше допустимого порога в 3,650.00 руб.
2025-05-10 19:10:45,950 - INFO - --------------------------------------------------------------------------------
2025-05-10 19:10:45,950 - INFO - 
Информация об объявлении:
2025-05-10 19:10:45,950 - INFO - URL: https://www.avito.ru/kazan/kommercheskaya_nedvizhimost/svobodnogo_naznacheniya_10_m_7336239224?context=H4sIAAAAAAAA_wE_AMD_YToyOntzOjEzOiJsb2NhbFByaW9yaXR5IjtiOjA7czoxOiJ4IjtzOjE2OiJuazJYdUhMWEdodzJVQjZZIjt9HdiNeT8AAAA
2025-05-10 19:10:45,950 - INFO - Заголовок: Свободного назначения, 10 м²
2025-05-10 19:10:45,952 - INFO - Адрес: пр-т Победы, 50БКазань
2025-05-10 19:10:45,952 - INFO - Тип аренды: Общая стоимость
2025-05-10 19:10:45,952 - INFO - Цена: 60,000.00 руб.
2025-05-10 19:10:45,952 - INFO - Площадь: 10.00 м2
2025-05-10 19:10:45,952 - INFO - Итоговая цена за м2: 6,000.00 руб.
2025-05-10 19:10:45,952 - INFO - Причина: Итоговая цена за м² (6,000.00 руб.) выше допустимого порога в 3,650.00 руб.
2025-05-10 19:10:45,952 - INFO - --------------------------------------------------------------------------------
2025-05-10 19:10:45,952 - INFO - 
Информация об объявлении:
2025-05-10 19:10:45,955 - INFO - URL: https://www.avito.ru/kazan/kommercheskaya_nedvizhimost/psn_torgovoe_pomeschenie_obschepit_189_kv.m_7340574710?context=H4sIAAAAAAAA_wE_AMD_YToyOntzOjEzOiJsb2NhbFByaW9yaXR5IjtiOjA7czoxOiJ4IjtzOjE2OiJUaEZCenRxRm5Tb09YUlY1Ijt9tGtraT8AAAA
2025-05-10 19:10:45,955 - INFO - Заголовок: ПСН / торговое помещение / общепит 18,9 кв.м
2025-05-10 19:10:45,955 - INFO - Адрес: ул. Достоевского, 53/4Казань
2025-05-10 19:10:45,955 - INFO - Тип аренды: Общая стоимость
2025-05-10 19:10:45,955 - INFO - Цена: 85,000.00 руб.
2025-05-10 19:10:45,955 - INFO - Площадь: 18.90 м2
2025-05-10 19:10:45,958 - INFO - Итоговая цена за м2: 4,497.35 руб.
2025-05-10 19:10:45,958 - INFO - Причина: Итоговая цена за м² (4,497.35 руб.) выше допустимого порога в 3,650.00 руб.
2025-05-10 19:10:45,958 - INFO - --------------------------------------------------------------------------------
2025-05-10 19:10:45,958 - INFO - 
Информация об объявлении:
2025-05-10 19:10:45,958 - INFO - URL: https://www.avito.ru/kazan/kommercheskaya_nedvizhimost/arenda_torgovyh_pomescheniy_ot_70_kv.m._v_pestretsah_7352970696?context=H4sIAAAAAAAA_wE_AMD_YToyOntzOjEzOiJsb2NhbFByaW9yaXR5IjtiOjA7czoxOiJ4IjtzOjE2OiJUaEZCenRxRm5Tb09YUlY1Ijt9tGtraT8AAAA
2025-05-10 19:10:45,958 - INFO - Заголовок: Аренда торговых помещений от 70 кв.м. в Пестрецах
2025-05-10 19:10:45,958 - INFO - Адрес: Центральная ул., 40Ас. Старое Шигалеево
2025-05-10 19:10:45,958 - INFO - Тип аренды: За квадратный метр
2025-05-10 19:10:45,958 - INFO - Цена за м²: 9,800,000.00 руб.
2025-05-10 19:10:45,958 - INFO - Общая цена: 686,000,000.00 руб.
2025-05-10 19:10:45,958 - INFO - Площадь: 70.00 м2
2025-05-10 19:10:45,958 - INFO - Итоговая цена за м2: 9,800,000.00 руб.
2025-05-10 19:10:45,963 - INFO - Причина: Итоговая цена за м² (9,800,000.00 руб.) выше допустимого порога в 3,650.00 руб.
2025-05-10 19:10:45,963 - INFO - --------------------------------------------------------------------------------
2025-05-10 19:10:45,963 - INFO - 
Информация об объявлении:
2025-05-10 19:10:45,963 - INFO - URL: https://www.avito.ru/kazan/kommercheskaya_nedvizhimost/svobodnogo_naznacheniya_15_m_7347773523?context=H4sIAAAAAAAA_wE_AMD_YToyOntzOjEzOiJsb2NhbFByaW9yaXR5IjtiOjA7czoxOiJ4IjtzOjE2OiJKclZOUk1YSWt5b0R4d09FIjt98NnjjD8AAAA
2025-05-10 19:10:45,963 - INFO - Заголовок: Свободного назначения, 15 м²
2025-05-10 19:10:45,966 - INFO - Адрес: Дорожный пер., 7Казань
2025-05-10 19:10:45,966 - INFO - Тип аренды: Общая стоимость
2025-05-10 19:10:45,967 - INFO - Цена: 75,000.00 руб.
2025-05-10 19:10:45,967 - INFO - Площадь: 15.00 м2
2025-05-10 19:10:45,968 - INFO - Итоговая цена за м2: 5,000.00 руб.
2025-05-10 19:10:45,968 - INFO - Причина: Итоговая цена за м² (5,000.00 руб.) выше допустимого порога в 3,650.00 руб.
2025-05-10 19:10:45,968 - INFO - --------------------------------------------------------------------------------
2025-05-10 19:10:45,968 - INFO - 
Информация об объявлении:
2025-05-10 19:10:45,968 - INFO - URL: https://www.avito.ru/kazan/kommercheskaya_nedvizhimost/kazan_bratev_kasimovyh_227_3_m_7344494435?context=H4sIAAAAAAAA_wE_AMD_YToyOntzOjEzOiJsb2NhbFByaW9yaXR5IjtiOjA7czoxOiJ4IjtzOjE2OiJKclZOUk1YSWt5b0R4d09FIjt98NnjjD8AAAA
2025-05-10 19:10:45,968 - INFO - Заголовок: Казань Братьев Касимовых 22/7, 3 м²
2025-05-10 19:10:45,968 - INFO - Адрес: ул. Братьев Касимовых, 22/7Казань
2025-05-10 19:10:45,968 - INFO - Тип аренды: Общая стоимость
2025-05-10 19:10:45,968 - INFO - Цена: 11,000.00 руб.
2025-05-10 19:10:45,968 - INFO - Площадь: 3.00 м2
2025-05-10 19:10:45,971 - INFO - Итоговая цена за м2: 3,666.67 руб.
2025-05-10 19:10:45,971 - INFO - Причина: Итоговая цена за м² (3,666.67 руб.) выше допустимого порога в 3,650.00 руб.
2025-05-10 19:10:45,971 - INFO - --------------------------------------------------------------------------------
2025-05-10 19:10:45,971 - INFO - 
Информация об объявлении:
2025-05-10 19:10:45,971 - INFO - URL: https://www.avito.ru/kazan/kommercheskaya_nedvizhimost/sdayu_pomeschenie_v_tsentre_castura_town_7314690889?context=H4sIAAAAAAAA_wE_AMD_YToyOntzOjEzOiJsb2NhbFByaW9yaXR5IjtiOjA7czoxOiJ4IjtzOjE2OiJKclZOUk1YSWt5b0R4d09FIjt98NnjjD8AAAA
2025-05-10 19:10:45,973 - INFO - Заголовок: Сдаю помещение в центре, Castura Town
2025-05-10 19:10:45,973 - INFO - Адрес: ул. Островского, 116Казань
2025-05-10 19:10:45,973 - INFO - Тип аренды: Общая стоимость
2025-05-10 19:10:45,975 - INFO - Цена: 395,100.00 руб.
2025-05-10 19:10:45,975 - INFO - Площадь: 87.80 м2
2025-05-10 19:10:45,975 - INFO - Итоговая цена за м2: 4,500.00 руб.
2025-05-10 19:10:45,975 - INFO - Причина: Итоговая цена за м² (4,500.00 руб.) выше допустимого порога в 3,650.00 руб.
2025-05-10 19:10:45,975 - INFO - --------------------------------------------------------------------------------
2025-05-10 19:10:45,975 - INFO - 
Информация об объявлении:
2025-05-10 19:10:45,975 - INFO - URL: https://www.avito.ru/kazan/kommercheskaya_nedvizhimost/svobodnogo_naznacheniya_132.9_m_7355710793?context=H4sIAAAAAAAA_wE_AMD_YToyOntzOjEzOiJsb2NhbFByaW9yaXR5IjtiOjA7czoxOiJ4IjtzOjE2OiJKclZOUk1YSWt5b0R4d09FIjt98NnjjD8AAAA
2025-05-10 19:10:45,975 - INFO - Заголовок: Свободного назначения, 132.9 м²
2025-05-10 19:10:45,975 - INFO - Адрес: ул. Алексея Козина, 8Казань
2025-05-10 19:10:45,975 - INFO - Тип аренды: Общая стоимость
2025-05-10 19:10:45,975 - INFO - Цена: 498,375.00 руб.
2025-05-10 19:10:45,980 - INFO - Площадь: 132.90 м2
2025-05-10 19:10:45,980 - INFO - Итоговая цена за м2: 3,750.00 руб.
2025-05-10 19:10:45,980 - INFO - Причина: Итоговая цена за м² (3,750.00 руб.) выше допустимого порога в 3,650.00 руб.
2025-05-10 19:10:45,980 - INFO - --------------------------------------------------------------------------------
2025-05-10 19:10:45,980 - INFO - 
Информация об объявлении:
2025-05-10 19:10:45,982 - INFO - URL: https://www.avito.ru/kazan/kommercheskaya_nedvizhimost/prikassovaya_zona_v_tts_7333230733?context=H4sIAAAAAAAA_wE_AMD_YToyOntzOjEzOiJsb2NhbFByaW9yaXR5IjtiOjA7czoxOiJ4IjtzOjE2OiJKclZOUk1YSWt5b0R4d09FIjt98NnjjD8AAAA
2025-05-10 19:10:45,983 - INFO - Заголовок: Прикассовая зона в ТЦ
2025-05-10 19:10:45,983 - INFO - Адрес: Залесная ул., 66Казань
2025-05-10 19:10:45,984 - INFO - Тип аренды: Общая стоимость
2025-05-10 19:10:45,984 - INFO - Цена: 28,200.00 руб.
2025-05-10 19:10:45,984 - INFO - Площадь: 6.00 м2
2025-05-10 19:10:45,984 - INFO - Итоговая цена за м2: 4,700.00 руб.
2025-05-10 19:10:45,984 - INFO - Причина: Итоговая цена за м² (4,700.00 руб.) выше допустимого порога в 3,650.00 руб.
2025-05-10 19:10:45,984 - INFO - --------------------------------------------------------------------------------
2025-05-10 19:10:45,984 - INFO - 
Информация об объявлении:
2025-05-10 19:10:45,984 - INFO - URL: https://www.avito.ru/kazan/kommercheskaya_nedvizhimost/60kv.m._svobodnogo_naznacheniya_na_ul.leningradskaya_7314331951?context=H4sIAAAAAAAA_wE_AMD_YToyOntzOjEzOiJsb2NhbFByaW9yaXR5IjtiOjA7czoxOiJ4IjtzOjE2OiJKclZOUk1YSWt5b0R4d09FIjt98NnjjD8AAAA
2025-05-10 19:10:45,984 - INFO - Заголовок: 60кв.м. свободного назначения на ул.Ленинградская
2025-05-10 19:10:45,988 - INFO - Адрес: Ленинградская ул., 22Казань
2025-05-10 19:10:45,988 - INFO - Тип аренды: За квадратный метр
2025-05-10 19:10:45,988 - INFO - Цена за м²: 6,957,500.00 руб.
2025-05-10 19:10:45,989 - INFO - Общая цена: 420,928,750.00 руб.
2025-05-10 19:10:45,989 - INFO - Площадь: 60.50 м2
2025-05-10 19:10:45,989 - INFO - Итоговая цена за м2: 6,957,500.00 руб.
2025-05-10 19:10:45,989 - INFO - Причина: Итоговая цена за м² (6,957,500.00 руб.) выше допустимого порога в 3,650.00 руб.
2025-05-10 19:10:45,989 - INFO - --------------------------------------------------------------------------------
2025-05-10 19:10:45,989 - INFO - 
Информация об объявлении:
2025-05-10 19:10:45,989 - INFO - URL: https://www.avito.ru/kazan/kommercheskaya_nedvizhimost/arenda_konteynera_pod_sklad_7314236462?context=H4sIAAAAAAAA_wE_AMD_YToyOntzOjEzOiJsb2NhbFByaW9yaXR5IjtiOjA7czoxOiJ4IjtzOjE2OiJhSnd5Y1g5WXZ3NVhubzg4Ijt9s8cfBz8AAAA
2025-05-10 19:10:45,989 - INFO - Заголовок: Аренда контейнера под склад
2025-05-10 19:10:45,989 - INFO - Адрес: ЖК Лесной Городок, Берёзовая ул., 2АКазань
2025-05-10 19:10:45,993 - INFO - Тип аренды: Общая стоимость
2025-05-10 19:10:45,994 - INFO - Цена: 90,000.00 руб.
2025-05-10 19:10:45,994 - INFO - Площадь: 15.00 м2
2025-05-10 19:10:45,994 - INFO - Итоговая цена за м2: 6,000.00 руб.
2025-05-10 19:10:45,994 - INFO - Причина: Итоговая цена за м² (6,000.00 руб.) выше допустимого порога в 3,650.00 руб.
2025-05-10 19:10:45,996 - INFO - --------------------------------------------------------------------------------
2025-05-10 19:10:45,996 - INFO - 
Информация об объявлении:
2025-05-10 19:10:45,996 - INFO - URL: https://www.avito.ru/kazan/kommercheskaya_nedvizhimost/torgovyy_pavilon_halitova2_7303606881?context=H4sIAAAAAAAA_wE_AMD_YToyOntzOjEzOiJsb2NhbFByaW9yaXR5IjtiOjA7czoxOiJ4IjtzOjE2OiJzZzBJYTBEdEszbWJIU21OIjt9PE7W5j8AAAA
2025-05-10 19:10:45,996 - INFO - Заголовок: Торговый павильон Халитова,2
2025-05-10 19:10:45,996 - INFO - Адрес: ул. Халитова, 2Казань
2025-05-10 19:10:45,996 - INFO - Тип аренды: Общая стоимость
2025-05-10 19:10:45,996 - INFO - Цена: 60,000.00 руб.
2025-05-10 19:10:45,996 - INFO - Площадь: 15.00 м2
2025-05-10 19:10:45,996 - INFO - Итоговая цена за м2: 4,000.00 руб.
2025-05-10 19:10:45,996 - INFO - Причина: Итоговая цена за м² (4,000.00 руб.) выше допустимого порога в 3,650.00 руб.
2025-05-10 19:10:45,996 - INFO - --------------------------------------------------------------------------------
2025-05-10 19:10:45,996 - INFO - 
Информация об объявлении:
2025-05-10 19:10:45,996 - INFO - URL: https://www.avito.ru/kazan/kommercheskaya_nedvizhimost/svobodnogo_naznacheniya_5_m_7308373040?context=H4sIAAAAAAAA_wE_AMD_YToyOntzOjEzOiJsb2NhbFByaW9yaXR5IjtiOjA7czoxOiJ4IjtzOjE2OiJzZzBJYTBEdEszbWJIU21OIjt9PE7W5j8AAAA
2025-05-10 19:10:46,004 - INFO - Заголовок: Свободного назначения, 5 м²
2025-05-10 19:10:46,005 - INFO - Адрес: ул. Пушкина, 40Казань
2025-05-10 19:10:46,006 - INFO - Тип аренды: Общая стоимость
2025-05-10 19:10:46,006 - INFO - Цена: 25,000.00 руб.
2025-05-10 19:10:46,006 - INFO - Площадь: 5.00 м2
2025-05-10 19:10:46,007 - INFO - Итоговая цена за м2: 5,000.00 руб.
2025-05-10 19:10:46,007 - INFO - Причина: Итоговая цена за м² (5,000.00 руб.) выше допустимого порога в 3,650.00 руб.
2025-05-10 19:10:46,007 - INFO - --------------------------------------------------------------------------------
2025-05-10 19:10:46,007 - INFO - 
Информация об объявлении:
2025-05-10 19:10:46,007 - INFO - URL: https://www.avito.ru/kazan/kommercheskaya_nedvizhimost/prostranstvo_566_kv.m._pod_ofis_kabinet_byuti_7294174154?context=H4sIAAAAAAAA_wE_AMD_YToyOntzOjEzOiJsb2NhbFByaW9yaXR5IjtiOjA7czoxOiJ4IjtzOjE2OiJzZzBJYTBEdEszbWJIU21OIjt9PE7W5j8AAAA
2025-05-10 19:10:46,007 - INFO - Заголовок: Пространство 56,6 кв.м. под офис, кабинет, бьюти
2025-05-10 19:10:46,011 - INFO - Адрес: ул. Профессора Камая, 10к2Казань
2025-05-10 19:10:46,011 - INFO - Тип аренды: За квадратный метр
2025-05-10 19:10:46,011 - INFO - Цена за м²: 5,465,500.00 руб.
2025-05-10 19:10:46,012 - INFO - Общая цена: 351,431,650.00 руб.
2025-05-10 19:10:46,012 - INFO - Площадь: 64.30 м2
2025-05-10 19:10:46,012 - INFO - Итоговая цена за м2: 5,465,500.00 руб.
2025-05-10 19:10:46,012 - INFO - Причина: Итоговая цена за м² (5,465,500.00 руб.) выше допустимого порога в 3,650.00 руб.
2025-05-10 19:10:46,012 - INFO - --------------------------------------------------------------------------------
2025-05-10 19:10:46,012 - INFO - 
Информация об объявлении:
2025-05-10 19:10:46,012 - INFO - URL: https://www.avito.ru/kazan/kommercheskaya_nedvizhimost/pervaya_liniya_torgovoe_ofis_psn_-_46_m_svoy_su_7310821564?context=H4sIAAAAAAAA_wE_AMD_YToyOntzOjEzOiJsb2NhbFByaW9yaXR5IjtiOjA7czoxOiJ4IjtzOjE2OiJmSFJBajRmcnptY3Q2ZkZmIjt9XKvySD8AAAA
2025-05-10 19:10:46,012 - INFO - Заголовок: Первая линия Торговое, Офис, ПСН - 46 м² свой с/у
2025-05-10 19:10:46,012 - INFO - Адрес: пр-т Ибрагимова, 32АКазань
2025-05-10 19:10:46,012 - INFO - Тип аренды: Общая стоимость
2025-05-10 19:10:46,012 - INFO - Цена: 184,000.00 руб.
2025-05-10 19:10:46,012 - INFO - Площадь: 46.00 м2
2025-05-10 19:10:46,012 - INFO - Итоговая цена за м2: 4,000.00 руб.
2025-05-10 19:10:46,012 - INFO - Причина: Итоговая цена за м² (4,000.00 руб.) выше допустимого порога в 3,650.00 руб.
2025-05-10 19:10:46,012 - INFO - --------------------------------------------------------------------------------
2025-05-10 19:10:46,020 - INFO - 
Информация об объявлении:
2025-05-10 19:10:46,020 - INFO - URL: https://www.avito.ru/kazan/kommercheskaya_nedvizhimost/pervaya_liniya._torgovoe_psn_ofis_54_m_svoy_su_7310342063?context=H4sIAAAAAAAA_wE_AMD_YToyOntzOjEzOiJsb2NhbFByaW9yaXR5IjtiOjA7czoxOiJ4IjtzOjE2OiJmSFJBajRmcnptY3Q2ZkZmIjt9XKvySD8AAAA
2025-05-10 19:10:46,020 - INFO - Заголовок: Первая линия. Торговое ПСН Офис 54 м² свой с/у
2025-05-10 19:10:46,020 - INFO - Адрес: пр-т Ибрагимова, 32АКазань
2025-05-10 19:10:46,020 - INFO - Тип аренды: Общая стоимость
2025-05-10 19:10:46,020 - INFO - Цена: 216,000.00 руб.
2025-05-10 19:10:46,020 - INFO - Площадь: 3.00 м2
2025-05-10 19:10:46,020 - INFO - Итоговая цена за м2: 72,000.00 руб.
2025-05-10 19:10:46,020 - INFO - Причина: Итоговая цена за м² (72,000.00 руб.) выше допустимого порога в 3,650.00 руб.
2025-05-10 19:10:46,020 - INFO - --------------------------------------------------------------------------------
2025-05-10 19:10:46,020 - INFO - 
Информация об объявлении:
2025-05-10 19:10:46,020 - INFO - URL: https://www.avito.ru/almetevsk/kommercheskaya_nedvizhimost/torgovaya_ploschad_4_m_7305075069?context=H4sIAAAAAAAA_wE_AMD_YToyOntzOjEzOiJsb2NhbFByaW9yaXR5IjtiOjA7czoxOiJ4IjtzOjE2OiJIMFFZZ05vNXk2blJCdGc4Ijt9P_qucj8AAAA
2025-05-10 19:10:46,020 - INFO - Заголовок: Торговая площадь, 4 м²
2025-05-10 19:10:46,020 - INFO - Адрес: ул. Ленина, 126Альметьевск
2025-05-10 19:10:46,020 - INFO - Тип аренды: Общая стоимость
2025-05-10 19:10:46,027 - INFO - Цена: 19,400.00 руб.
2025-05-10 19:10:46,027 - INFO - Площадь: 4.00 м2
2025-05-10 19:10:46,028 - INFO - Итоговая цена за м2: 4,850.00 руб.
2025-05-10 19:10:46,028 - INFO - Причина: Итоговая цена за м² (4,850.00 руб.) выше допустимого порога в 3,650.00 руб.
2025-05-10 19:10:46,028 - INFO - --------------------------------------------------------------------------------
2025-05-10 19:10:46,028 - INFO - 
Информация об объявлении:
2025-05-10 19:10:46,028 - INFO - URL: https://www.avito.ru/kazan/kommercheskaya_nedvizhimost/torgovaya_ploschad_na_trafike_3.5_m2_7288036681?context=H4sIAAAAAAAA_wE_AMD_YToyOntzOjEzOiJsb2NhbFByaW9yaXR5IjtiOjA7czoxOiJ4IjtzOjE2OiJIMFFZZ05vNXk2blJCdGc4Ijt9P_qucj8AAAA
2025-05-10 19:10:46,028 - INFO - Заголовок: Торговая площадь на трафике, 3.5 м2
2025-05-10 19:10:46,033 - INFO - Адрес: ул. Мусина, 68АКазань
2025-05-10 19:10:46,033 - INFO - Тип аренды: Общая стоимость
2025-05-10 19:10:46,033 - INFO - Цена: 28,000.00 руб.
2025-05-10 19:10:46,033 - INFO - Площадь: 3.50 м2
2025-05-10 19:10:46,033 - INFO - Итоговая цена за м2: 8,000.00 руб.
2025-05-10 19:10:46,034 - INFO - Причина: Итоговая цена за м² (8,000.00 руб.) выше допустимого порога в 3,650.00 руб.
2025-05-10 19:10:46,035 - INFO - --------------------------------------------------------------------------------
2025-05-10 19:10:46,035 - INFO - 
Информация об объявлении:
2025-05-10 19:10:46,036 - INFO - URL: https://www.avito.ru/kazan/kommercheskaya_nedvizhimost/torgovoe_pomeschenie_ost.halitova_megga_mebel_7290098811?context=H4sIAAAAAAAA_wE_AMD_YToyOntzOjEzOiJsb2NhbFByaW9yaXR5IjtiOjA7czoxOiJ4IjtzOjE2OiJWc2xZY1lPZXZjMFZSZTJIIjt9ARBXTj8AAAA
2025-05-10 19:10:46,036 - INFO - Заголовок: Торговое помещение (ост.Халитова Мегга Мебель)
2025-05-10 19:10:46,036 - INFO - Адрес: ул. Халитова, 2ГКазань
2025-05-10 19:10:46,036 - INFO - Тип аренды: Общая стоимость
2025-05-10 19:10:46,036 - INFO - Цена: 60,000.00 руб.
2025-05-10 19:10:46,036 - INFO - Площадь: 12.50 м2
2025-05-10 19:10:46,036 - INFO - Итоговая цена за м2: 4,800.00 руб.
2025-05-10 19:10:46,039 - INFO - Причина: Итоговая цена за м² (4,800.00 руб.) выше допустимого порога в 3,650.00 руб.
2025-05-10 19:10:46,040 - INFO - --------------------------------------------------------------------------------
2025-05-10 19:10:46,040 - INFO - 
Информация об объявлении:
2025-05-10 19:10:46,040 - INFO - URL: https://www.avito.ru/kazan/kommercheskaya_nedvizhimost/konteyner_v_arendu_pod_sklad_7250481361?context=H4sIAAAAAAAA_wE_AMD_YToyOntzOjEzOiJsb2NhbFByaW9yaXR5IjtiOjA7czoxOiJ4IjtzOjE2OiJWc2xZY1lPZXZjMFZSZTJIIjt9ARBXTj8AAAA
2025-05-10 19:10:46,040 - INFO - Заголовок: Контейнер в аренду под склад
2025-05-10 19:10:46,040 - INFO - Адрес: Южно-Промышленная ул., 20Казань
2025-05-10 19:10:46,040 - INFO - Тип аренды: Общая стоимость
2025-05-10 19:10:46,040 - INFO - Цена: 90,000.00 руб.
2025-05-10 19:10:46,040 - INFO - Площадь: 15.00 м2
2025-05-10 19:10:46,040 - INFO - Итоговая цена за м2: 6,000.00 руб.
2025-05-10 19:10:46,040 - INFO - Причина: Итоговая цена за м² (6,000.00 руб.) выше допустимого порога в 3,650.00 руб.
2025-05-10 19:10:46,040 - INFO - --------------------------------------------------------------------------------
2025-05-10 19:10:46,045 - INFO - 
Информация об объявлении:
2025-05-10 19:10:46,045 - INFO - URL: https://www.avito.ru/kazan/kommercheskaya_nedvizhimost/torgovaya_ploschad_7253856690?context=H4sIAAAAAAAA_wE_AMD_YToyOntzOjEzOiJsb2NhbFByaW9yaXR5IjtiOjA7czoxOiJ4IjtzOjE2OiJLYUt2R3ZpSUZveGVRU3RJIjt9aSHekT8AAAA
2025-05-10 19:10:46,045 - INFO - Заголовок: Торговая площадь
2025-05-10 19:10:46,045 - INFO - Адрес: пр-т Ямашева, 50ГКазань
2025-05-10 19:10:46,047 - INFO - Тип аренды: Общая стоимость
2025-05-10 19:10:46,048 - INFO - Цена: 280,000.00 руб.
2025-05-10 19:10:46,048 - INFO - Площадь: 70.00 м2
2025-05-10 19:10:46,048 - INFO - Итоговая цена за м2: 4,000.00 руб.
2025-05-10 19:10:46,048 - INFO - Причина: Итоговая цена за м² (4,000.00 руб.) выше допустимого порога в 3,650.00 руб.
2025-05-10 19:10:46,049 - INFO - --------------------------------------------------------------------------------
2025-05-10 19:10:46,049 - INFO - 
Информация об объявлении:
2025-05-10 19:10:46,049 - INFO - URL: https://www.avito.ru/kazan/kommercheskaya_nedvizhimost/pomeschenie_svobodnogo_naznacheniya_90kv.m._na_trafike_7259693093?context=H4sIAAAAAAAA_wE_AMD_YToyOntzOjEzOiJsb2NhbFByaW9yaXR5IjtiOjA7czoxOiJ4IjtzOjE2OiJLYUt2R3ZpSUZveGVRU3RJIjt9aSHekT8AAAA
2025-05-10 19:10:46,049 - INFO - Заголовок: Помещение свободного назначения 90кв.м. на трафике
2025-05-10 19:10:46,049 - INFO - Адрес: ул. Достоевского, 74АКазань
2025-05-10 19:10:46,049 - INFO - Тип аренды: За квадратный метр
2025-05-10 19:10:46,049 - INFO - Цена за м²: 17,265,960.00 руб.
2025-05-10 19:10:46,049 - INFO - Общая цена: 1,512,498,096.00 руб.
2025-05-10 19:10:46,049 - INFO - Площадь: 87.60 м2
2025-05-10 19:10:46,049 - INFO - Итоговая цена за м2: 17,265,960.00 руб.
2025-05-10 19:10:46,049 - INFO - Причина: Итоговая цена за м² (17,265,960.00 руб.) выше допустимого порога в 3,650.00 руб.
2025-05-10 19:10:46,049 - INFO - --------------------------------------------------------------------------------
2025-05-10 19:10:46,054 - INFO - 
Информация об объявлении:
2025-05-10 19:10:46,055 - INFO - URL: https://www.avito.ru/kazan/kommercheskaya_nedvizhimost/torgovaya_ploschad_22.52_m_7260137485?context=H4sIAAAAAAAA_wE_AMD_YToyOntzOjEzOiJsb2NhbFByaW9yaXR5IjtiOjA7czoxOiJ4IjtzOjE2OiJLYUt2R3ZpSUZveGVRU3RJIjt9aSHekT8AAAA
2025-05-10 19:10:46,055 - INFO - Заголовок: Торговая площадь, 22.52 м²
2025-05-10 19:10:46,055 - INFO - Адрес: пр-т Ямашева, 93Казань
2025-05-10 19:10:46,055 - INFO - Тип аренды: Общая стоимость
2025-05-10 19:10:46,055 - INFO - Цена: 92,000.00 руб.
2025-05-10 19:10:46,055 - INFO - Площадь: 22.52 м2
2025-05-10 19:10:46,055 - INFO - Итоговая цена за м2: 4,085.26 руб.
2025-05-10 19:10:46,055 - INFO - Причина: Итоговая цена за м² (4,085.26 руб.) выше допустимого порога в 3,650.00 руб.
2025-05-10 19:10:46,055 - INFO - --------------------------------------------------------------------------------
2025-05-10 19:10:46,055 - INFO - 
Информация об объявлении:
2025-05-10 19:10:46,055 - INFO - URL: https://www.avito.ru/kazan/kommercheskaya_nedvizhimost/torgovaya_ploschad_51.06_m_7260229152?context=H4sIAAAAAAAA_wE_AMD_YToyOntzOjEzOiJsb2NhbFByaW9yaXR5IjtiOjA7czoxOiJ4IjtzOjE2OiJLYUt2R3ZpSUZveGVRU3RJIjt9aSHekT8AAAA
2025-05-10 19:10:46,059 - INFO - Заголовок: Торговая площадь, 51.06 м²
2025-05-10 19:10:46,060 - INFO - Адрес: пр-т Ямашева, 93Казань
2025-05-10 19:10:46,060 - INFO - Тип аренды: Общая стоимость
2025-05-10 19:10:46,060 - INFO - Цена: 190,000.00 руб.
2025-05-10 19:10:46,060 - INFO - Площадь: 51.06 м2
2025-05-10 19:10:46,061 - INFO - Итоговая цена за м2: 3,721.11 руб.
2025-05-10 19:10:46,061 - INFO - Причина: Итоговая цена за м² (3,721.11 руб.) выше допустимого порога в 3,650.00 руб.
2025-05-10 19:10:46,061 - INFO - --------------------------------------------------------------------------------
2025-05-10 19:10:46,061 - INFO - 
Информация об объявлении:
2025-05-10 19:10:46,061 - INFO - URL: https://www.avito.ru/kazan/kommercheskaya_nedvizhimost/svobodnogo_naznacheniya_40.4_m_4699951072?context=H4sIAAAAAAAA_wE_AMD_YToyOntzOjEzOiJsb2NhbFByaW9yaXR5IjtiOjA7czoxOiJ4IjtzOjE2OiJMWE1FOUVBNkxhT1RGT1NNIjt9eadmeT8AAAA
2025-05-10 19:10:46,061 - INFO - Заголовок: Свободного назначения, 40.4 м²
2025-05-10 19:10:46,065 - INFO - Адрес: ул. Алексея Козина, 8Казань
2025-05-10 19:10:46,065 - INFO - Тип аренды: Общая стоимость
2025-05-10 19:10:46,065 - INFO - Цена: 159,580.00 руб.
2025-05-10 19:10:46,065 - INFO - Площадь: 40.40 м2
2025-05-10 19:10:46,065 - INFO - Итоговая цена за м2: 3,950.00 руб.
2025-05-10 19:10:46,065 - INFO - Причина: Итоговая цена за м² (3,950.00 руб.) выше допустимого порога в 3,650.00 руб.
2025-05-10 19:10:46,065 - INFO - --------------------------------------------------------------------------------
2025-05-10 19:10:46,065 - INFO - 
Информация об объявлении:
2025-05-10 19:10:46,065 - INFO - URL: https://www.avito.ru/kazan/kommercheskaya_nedvizhimost/pod_tsvety_kafe_veypy_na_ostanovke_4665104641?context=H4sIAAAAAAAA_wE_AMD_YToyOntzOjEzOiJsb2NhbFByaW9yaXR5IjtiOjA7czoxOiJ4IjtzOjE2OiJMWE1FOUVBNkxhT1RGT1NNIjt9eadmeT8AAAA
2025-05-10 19:10:46,065 - INFO - Заголовок: Под цветы, кафе, вейпы на остановке
2025-05-10 19:10:46,069 - INFO - Адрес: ул. Николая Ершова, 56/1Казань
2025-05-10 19:10:46,069 - INFO - Тип аренды: Общая стоимость
2025-05-10 19:10:46,070 - INFO - Цена: 55,000.00 руб.
2025-05-10 19:10:46,070 - INFO - Площадь: 15.00 м2
2025-05-10 19:10:46,070 - INFO - Итоговая цена за м2: 3,666.67 руб.
2025-05-10 19:10:46,070 - INFO - Причина: Итоговая цена за м² (3,666.67 руб.) выше допустимого порога в 3,650.00 руб.
2025-05-10 19:10:46,070 - INFO - --------------------------------------------------------------------------------
2025-05-10 19:10:46,070 - INFO - 
Информация об объявлении:
2025-05-10 19:10:46,070 - INFO - URL: https://www.avito.ru/kazan/kommercheskaya_nedvizhimost/arenda_konteynera_pod_sklad_4755423047?context=H4sIAAAAAAAA_wE_AMD_YToyOntzOjEzOiJsb2NhbFByaW9yaXR5IjtiOjA7czoxOiJ4IjtzOjE2OiJRbFBmbU9NQXRieGlpOXoxIjt93U9QJj8AAAA
2025-05-10 19:10:46,070 - INFO - Заголовок: Аренда контейнера под склад
2025-05-10 19:10:46,070 - INFO - Адрес: ул. Аделя Кутуя, 153ВКазань
2025-05-10 19:10:46,070 - INFO - Тип аренды: Общая стоимость
2025-05-10 19:10:46,070 - INFO - Цена: 90,000.00 руб.
2025-05-10 19:10:46,075 - INFO - Площадь: 15.00 м2
2025-05-10 19:10:46,075 - INFO - Итоговая цена за м2: 6,000.00 руб.
2025-05-10 19:10:46,075 - INFO - Причина: Итоговая цена за м² (6,000.00 руб.) выше допустимого порога в 3,650.00 руб.
2025-05-10 19:10:46,075 - INFO - --------------------------------------------------------------------------------
2025-05-10 19:10:46,075 - INFO - 
Информация об объявлении:
2025-05-10 19:10:46,075 - INFO - URL: https://www.avito.ru/kazan/kommercheskaya_nedvizhimost/svobodnogo_naznacheniya_4825862534?context=H4sIAAAAAAAA_wE_AMD_YToyOntzOjEzOiJsb2NhbFByaW9yaXR5IjtiOjA7czoxOiJ4IjtzOjE2OiJRbFBmbU9NQXRieGlpOXoxIjt93U9QJj8AAAA
2025-05-10 19:10:46,075 - INFO - Заголовок: Свободного назначения
2025-05-10 19:10:46,078 - INFO - Адрес: ул. Островского, 116Казань
2025-05-10 19:10:46,078 - INFO - Тип аренды: Общая стоимость
2025-05-10 19:10:46,078 - INFO - Цена: 526,500.00 руб.
2025-05-10 19:10:46,078 - INFO - Площадь: 135.00 м2
2025-05-10 19:10:46,078 - INFO - Итоговая цена за м2: 3,900.00 руб.
2025-05-10 19:10:46,081 - INFO - Причина: Итоговая цена за м² (3,900.00 руб.) выше допустимого порога в 3,650.00 руб.
2025-05-10 19:10:46,081 - INFO - --------------------------------------------------------------------------------
2025-05-10 19:10:46,081 - INFO - 
Информация об объявлении:
2025-05-10 19:10:46,081 - INFO - URL: https://www.avito.ru/kazan/kommercheskaya_nedvizhimost/pavilon_s_otlichnym_trafikom_4600772770?context=H4sIAAAAAAAA_wE_AMD_YToyOntzOjEzOiJsb2NhbFByaW9yaXR5IjtiOjA7czoxOiJ4IjtzOjE2OiJwUzlzbExPVk90M3pTTzI3Ijt98EhPEj8AAAA
2025-05-10 19:10:46,083 - INFO - Заголовок: Павильон с отличным трафиком
2025-05-10 19:10:46,083 - INFO - Адрес: ул. Николая Ершова, 1ВКазань
2025-05-10 19:10:46,083 - INFO - Тип аренды: Общая стоимость
2025-05-10 19:10:46,083 - INFO - Цена: 60,300.00 руб.
2025-05-10 19:10:46,083 - INFO - Площадь: 13.40 м2
2025-05-10 19:10:46,084 - INFO - Итоговая цена за м2: 4,500.00 руб.
2025-05-10 19:10:46,085 - INFO - Причина: Итоговая цена за м² (4,500.00 руб.) выше допустимого порога в 3,650.00 руб.
2025-05-10 19:10:46,085 - INFO - --------------------------------------------------------------------------------
2025-05-10 19:10:46,085 - INFO - 
Информация об объявлении:
2025-05-10 19:10:46,085 - INFO - URL: https://www.avito.ru/kazan/kommercheskaya_nedvizhimost/pavilon_s_otlichnym_trafikom_4601182590?context=H4sIAAAAAAAA_wE_AMD_YToyOntzOjEzOiJsb2NhbFByaW9yaXR5IjtiOjA7czoxOiJ4IjtzOjE2OiJwUzlzbExPVk90M3pTTzI3Ijt98EhPEj8AAAA
2025-05-10 19:10:46,085 - INFO - Заголовок: Павильон с отличным трафиком
2025-05-10 19:10:46,085 - INFO - Адрес: ул. Николая Ершова, 1ВКазань
2025-05-10 19:10:46,085 - INFO - Тип аренды: Общая стоимость
2025-05-10 19:10:46,085 - INFO - Цена: 120,600.00 руб.
2025-05-10 19:10:46,085 - INFO - Площадь: 26.80 м2
2025-05-10 19:10:46,085 - INFO - Итоговая цена за м2: 4,500.00 руб.
2025-05-10 19:10:46,085 - INFO - Причина: Итоговая цена за м² (4,500.00 руб.) выше допустимого порога в 3,650.00 руб.
2025-05-10 19:10:46,085 - INFO - --------------------------------------------------------------------------------
2025-05-10 19:10:46,085 - INFO - 
Информация об объявлении:
2025-05-10 19:10:46,085 - INFO - URL: https://www.avito.ru/kazan/kommercheskaya_nedvizhimost/1_liniya_ul.patrisa_lumumby_70_kv.m._zdanie_4762698361?context=H4sIAAAAAAAA_wE_AMD_YToyOntzOjEzOiJsb2NhbFByaW9yaXR5IjtiOjA7czoxOiJ4IjtzOjE2OiJwUzlzbExPVk90M3pTTzI3Ijt98EhPEj8AAAA
2025-05-10 19:10:46,089 - INFO - Заголовок: 1 линия ул.Патриса Лумумбы 70 кв.м. Здание
2025-05-10 19:10:46,089 - INFO - Адрес: ул. Патриса Лумумбы, 39Казань
2025-05-10 19:10:46,091 - INFO - Тип аренды: За квадратный метр
2025-05-10 19:10:46,091 - INFO - Цена за м²: 10,500,000.00 руб.
2025-05-10 19:10:46,091 - INFO - Общая цена: 735,000,000.00 руб.
2025-05-10 19:10:46,091 - INFO - Площадь: 70.00 м2
2025-05-10 19:10:46,091 - INFO - Итоговая цена за м2: 10,500,000.00 руб.
2025-05-10 19:10:46,091 - INFO - Причина: Итоговая цена за м² (10,500,000.00 руб.) выше допустимого порога в 3,650.00 руб.
2025-05-10 19:10:46,091 - INFO - --------------------------------------------------------------------------------
2025-05-10 19:10:46,091 - INFO - 
Информация об объявлении:
2025-05-10 19:10:46,091 - INFO - URL: https://www.avito.ru/kazan/kommercheskaya_nedvizhimost/torgovoe_pomeschenie_ofis_106_kv.m_4391703746?context=H4sIAAAAAAAA_wE_AMD_YToyOntzOjEzOiJsb2NhbFByaW9yaXR5IjtiOjA7czoxOiJ4IjtzOjE2OiJwUzlzbExPVk90M3pTTzI3Ijt98EhPEj8AAAA
2025-05-10 19:10:46,091 - INFO - Заголовок: Торговое помещение офис 106 кв.м
2025-05-10 19:10:46,091 - INFO - Адрес: Ново-Песочная ул., 40Казань
2025-05-10 19:10:46,095 - INFO - Тип аренды: Общая стоимость
2025-05-10 19:10:46,095 - INFO - Цена: 477,000.00 руб.
2025-05-10 19:10:46,095 - INFO - Площадь: 106.00 м2
2025-05-10 19:10:46,095 - INFO - Итоговая цена за м2: 4,500.00 руб.
2025-05-10 19:10:46,095 - INFO - Причина: Итоговая цена за м² (4,500.00 руб.) выше допустимого порога в 3,650.00 руб.
2025-05-10 19:10:46,095 - INFO - --------------------------------------------------------------------------------
2025-05-10 19:10:46,095 - INFO - 
Информация об объявлении:
2025-05-10 19:10:46,095 - INFO - URL: https://www.avito.ru/kazan/kommercheskaya_nedvizhimost/sdam_torgovoe_pomeschenie_63_m_4392139360?context=H4sIAAAAAAAA_wE_AMD_YToyOntzOjEzOiJsb2NhbFByaW9yaXR5IjtiOjA7czoxOiJ4IjtzOjE2OiJwUzlzbExPVk90M3pTTzI3Ijt98EhPEj8AAAA
2025-05-10 19:10:46,095 - INFO - Заголовок: Сдам торговое помещение, 63 м²
2025-05-10 19:10:46,099 - INFO - Адрес: Ново-Песочная ул., 40Казань
2025-05-10 19:10:46,099 - INFO - Тип аренды: Общая стоимость
2025-05-10 19:10:46,099 - INFO - Цена: 283,500.00 руб.
2025-05-10 19:10:46,099 - INFO - Площадь: 63.00 м2
2025-05-10 19:10:46,099 - INFO - Итоговая цена за м2: 4,500.00 руб.
2025-05-10 19:10:46,099 - INFO - Причина: Итоговая цена за м² (4,500.00 руб.) выше допустимого порога в 3,650.00 руб.
2025-05-10 19:10:46,099 - INFO - --------------------------------------------------------------------------------
2025-05-10 19:10:46,099 - INFO - 
Информация об объявлении:
2025-05-10 19:10:46,099 - INFO - URL: https://www.avito.ru/kazan/kommercheskaya_nedvizhimost/sdam_pomeschenie_65_kv._m._v_tsentre_garazhsklad_4568598515?context=H4sIAAAAAAAA_wE_AMD_YToyOntzOjEzOiJsb2NhbFByaW9yaXR5IjtiOjA7czoxOiJ4IjtzOjE2OiJVaVR0VHRFSUQwOERPRVZHIjt9Lub7iD8AAAA
2025-05-10 19:10:46,099 - INFO - Заголовок: Сдам помещение 65 кв. м. в центре (гараж/склад)
2025-05-10 19:10:46,099 - INFO - Адрес: Вахитовский район, Зелёная ул., 2Казань
2025-05-10 19:10:46,099 - INFO - Тип аренды: За квадратный метр
2025-05-10 19:10:46,104 - INFO - Цена за м²: 2,920,500.00 руб.
2025-05-10 19:10:46,104 - INFO - Общая цена: 189,540,450.00 руб.
2025-05-10 19:10:46,104 - INFO - Площадь: 64.90 м2
2025-05-10 19:10:46,104 - INFO - Итоговая цена за м2: 2,920,500.00 руб.
2025-05-10 19:10:46,104 - INFO - Причина: Итоговая цена за м² (2,920,500.00 руб.) выше допустимого порога в 3,650.00 руб.
2025-05-10 19:10:46,104 - INFO - --------------------------------------------------------------------------------
2025-05-10 19:10:46,104 - INFO - 
Информация об объявлении:
2025-05-10 19:10:46,104 - INFO - URL: https://www.avito.ru/kazan/kommercheskaya_nedvizhimost/arena_morskogo_konteynera_4447276338?context=H4sIAAAAAAAA_wE_AMD_YToyOntzOjEzOiJsb2NhbFByaW9yaXR5IjtiOjA7czoxOiJ4IjtzOjE2OiJVaVR0VHRFSUQwOERPRVZHIjt9Lub7iD8AAAA
2025-05-10 19:10:46,104 - INFO - Заголовок: Арена морского контейнера
2025-05-10 19:10:46,104 - INFO - Адрес: Тульская ул., 39ЕКазань
2025-05-10 19:10:46,104 - INFO - Тип аренды: Общая стоимость
2025-05-10 19:10:46,104 - INFO - Цена: 110,400.00 руб.
2025-05-10 19:10:46,104 - INFO - Площадь: 13.80 м2
2025-05-10 19:10:46,104 - INFO - Итоговая цена за м2: 8,000.00 руб.
2025-05-10 19:10:46,110 - INFO - Причина: Итоговая цена за м² (8,000.00 руб.) выше допустимого порога в 3,650.00 руб.
2025-05-10 19:10:46,110 - INFO - --------------------------------------------------------------------------------
2025-05-10 19:10:46,110 - INFO - 
Информация об объявлении:
2025-05-10 19:10:46,111 - INFO - URL: https://www.avito.ru/kazan/kommercheskaya_nedvizhimost/konteyner_pod_sklad_14.4_m_4608189171?context=H4sIAAAAAAAA_wE_AMD_YToyOntzOjEzOiJsb2NhbFByaW9yaXR5IjtiOjA7czoxOiJ4IjtzOjE2OiJVaVR0VHRFSUQwOERPRVZHIjt9Lub7iD8AAAA
2025-05-10 19:10:46,111 - INFO - Заголовок: Контейнер под склад, 14.4 м²
2025-05-10 19:10:46,111 - INFO - Адрес: Набережная ул., 11Казань
2025-05-10 19:10:46,113 - INFO - Тип аренды: Общая стоимость
2025-05-10 19:10:46,114 - INFO - Цена: 72,000.00 руб.
2025-05-10 19:10:46,114 - INFO - Площадь: 14.40 м2
2025-05-10 19:10:46,114 - INFO - Итоговая цена за м2: 5,000.00 руб.
2025-05-10 19:10:46,114 - INFO - Причина: Итоговая цена за м² (5,000.00 руб.) выше допустимого порога в 3,650.00 руб.
2025-05-10 19:10:46,114 - INFO - --------------------------------------------------------------------------------
2025-05-10 19:10:46,114 - INFO - 
Информация об объявлении:
2025-05-10 19:10:46,114 - INFO - URL: https://www.avito.ru/kazan/kommercheskaya_nedvizhimost/pod_postamat_kofeapparat_4728311556?context=H4sIAAAAAAAA_wE_AMD_YToyOntzOjEzOiJsb2NhbFByaW9yaXR5IjtiOjA7czoxOiJ4IjtzOjE2OiJVaVR0VHRFSUQwOERPRVZHIjt9Lub7iD8AAAA
2025-05-10 19:10:46,114 - INFO - Заголовок: Под постамат, кофеаппарат
2025-05-10 19:10:46,114 - INFO - Адрес: ул. Баки Урманче, 5Казань
2025-05-10 19:10:46,114 - INFO - Тип аренды: Общая стоимость
2025-05-10 19:10:46,118 - INFO - Цена: 5,000.00 руб.
2025-05-10 19:10:46,118 - INFO - Площадь: 1.00 м2
2025-05-10 19:10:46,118 - INFO - Итоговая цена за м2: 5,000.00 руб.
2025-05-10 19:10:46,118 - INFO - Причина: Итоговая цена за м² (5,000.00 руб.) выше допустимого порога в 3,650.00 руб.
2025-05-10 19:10:46,120 - INFO - --------------------------------------------------------------------------------
2025-05-10 19:10:46,120 - INFO - 
Информация об объявлении:
2025-05-10 19:10:46,120 - INFO - URL: https://www.avito.ru/kazan/kommercheskaya_nedvizhimost/torgovaya_ploschad_horoshiy_trafik_21_kv.m_4537381640?context=H4sIAAAAAAAA_wE_AMD_YToyOntzOjEzOiJsb2NhbFByaW9yaXR5IjtiOjA7czoxOiJ4IjtzOjE2OiJVaVR0VHRFSUQwOERPRVZHIjt9Lub7iD8AAAA
2025-05-10 19:10:46,120 - INFO - Заголовок: Торговая площадь, хороший трафик, 21 кв.м
2025-05-10 19:10:46,120 - INFO - Адрес: ул. Максимова, 2АКазань
2025-05-10 19:10:46,120 - INFO - Тип аренды: Общая стоимость
2025-05-10 19:10:46,120 - INFO - Цена: 90,000.00 руб.
2025-05-10 19:10:46,120 - INFO - Площадь: 21.00 м2
2025-05-10 19:10:46,120 - INFO - Итоговая цена за м2: 4,285.71 руб.
2025-05-10 19:10:46,120 - INFO - Причина: Итоговая цена за м² (4,285.71 руб.) выше допустимого порога в 3,650.00 руб.
2025-05-10 19:10:46,120 - INFO - --------------------------------------------------------------------------------
2025-05-10 19:10:46,120 - INFO - 
Информация об объявлении:
2025-05-10 19:10:46,124 - INFO - URL: https://www.avito.ru/osinovo/kommercheskaya_nedvizhimost/pomeschenie_svobodnogo_naznacheniya_v_zhk_dostoyanie_235_m2_4505080741?context=H4sIAAAAAAAA_wE_AMD_YToyOntzOjEzOiJsb2NhbFByaW9yaXR5IjtiOjA7czoxOiJ4IjtzOjE2OiJ4eGZWZmdvWUJvUFdCTW1sIjt9jQZcRz8AAAA
2025-05-10 19:10:46,125 - INFO - Заголовок: Помещение свободного назначения в ЖК Достояние, 23,5 м2
2025-05-10 19:10:46,125 - INFO - Адрес: Дорожная ул., 35с. Осиново
2025-05-10 19:10:46,125 - INFO - Тип аренды: Общая стоимость
2025-05-10 19:10:46,125 - INFO - Цена: 94,000.00 руб.
2025-05-10 19:10:46,126 - INFO - Площадь: 23.50 м2
2025-05-10 19:10:46,126 - INFO - Итоговая цена за м2: 4,000.00 руб.
2025-05-10 19:10:46,127 - INFO - Причина: Итоговая цена за м² (4,000.00 руб.) выше допустимого порога в 3,650.00 руб.
2025-05-10 19:10:46,128 - INFO - --------------------------------------------------------------------------------
2025-05-10 19:10:46,128 - INFO - 
Информация об объявлении:
2025-05-10 19:10:46,128 - INFO - URL: https://www.avito.ru/kazan/kommercheskaya_nedvizhimost/torgovaya_ploschad_10_m_4786003308?context=H4sIAAAAAAAA_wE_AMD_YToyOntzOjEzOiJsb2NhbFByaW9yaXR5IjtiOjA7czoxOiJ4IjtzOjE2OiJ4eGZWZmdvWUJvUFdCTW1sIjt9jQZcRz8AAAA
2025-05-10 19:10:46,128 - INFO - Заголовок: Торговая площадь, 10 м²
2025-05-10 19:10:46,128 - INFO - Адрес: ул. Космонавтов, 1АКазань
2025-05-10 19:10:46,128 - INFO - Тип аренды: Общая стоимость
2025-05-10 19:10:46,128 - INFO - Цена: 39,300.00 руб.
2025-05-10 19:10:46,128 - INFO - Площадь: 10.00 м2
2025-05-10 19:10:46,128 - INFO - Итоговая цена за м2: 3,930.00 руб.
2025-05-10 19:10:46,128 - INFO - Причина: Итоговая цена за м² (3,930.00 руб.) выше допустимого порога в 3,650.00 руб.
2025-05-10 19:10:46,128 - INFO - --------------------------------------------------------------------------------
2025-05-10 19:10:46,128 - INFO - 
Информация об объявлении:
2025-05-10 19:10:46,128 - INFO - URL: https://www.avito.ru/kazan/kommercheskaya_nedvizhimost/svobodnogo_naznacheniya_15_m_4278488216?context=H4sIAAAAAAAA_wE_AMD_YToyOntzOjEzOiJsb2NhbFByaW9yaXR5IjtiOjA7czoxOiJ4IjtzOjE2OiJmOWJHRlJRc1BKUE5vZEIyIjt9afBC3D8AAAA
2025-05-10 19:10:46,128 - INFO - Заголовок: Свободного назначения, 15 м²
2025-05-10 19:10:46,128 - INFO - Адрес: ул. Родины, 7/3Казань
2025-05-10 19:10:46,128 - INFO - Тип аренды: Общая стоимость
2025-05-10 19:10:46,128 - INFO - Цена: 127,500.00 руб.
2025-05-10 19:10:46,128 - INFO - Площадь: 15.00 м2
2025-05-10 19:10:46,128 - INFO - Итоговая цена за м2: 8,500.00 руб.
2025-05-10 19:10:46,128 - INFO - Причина: Итоговая цена за м² (8,500.00 руб.) выше допустимого порога в 3,650.00 руб.
2025-05-10 19:10:46,128 - INFO - --------------------------------------------------------------------------------
2025-05-10 19:10:46,138 - INFO - 
Информация об объявлении:
2025-05-10 19:10:46,138 - INFO - URL: https://www.avito.ru/kazan/kommercheskaya_nedvizhimost/sdam_torgovoe_pomeschenie_9.1_m_4466912209?context=H4sIAAAAAAAA_wE_AMD_YToyOntzOjEzOiJsb2NhbFByaW9yaXR5IjtiOjA7czoxOiJ4IjtzOjE2OiJmOWJHRlJRc1BKUE5vZEIyIjt9afBC3D8AAAA
2025-05-10 19:10:46,138 - INFO - Заголовок: Сдам торговое помещение, 9.1 м²
2025-05-10 19:10:46,138 - INFO - Адрес: Петербургская ул., 9Казань
2025-05-10 19:10:46,138 - INFO - Тип аренды: Общая стоимость
2025-05-10 19:10:46,140 - INFO - Цена: 68,250.00 руб.
2025-05-10 19:10:46,140 - INFO - Площадь: 9.10 м2
2025-05-10 19:10:46,141 - INFO - Итоговая цена за м2: 7,500.00 руб.
2025-05-10 19:10:46,141 - INFO - Причина: Итоговая цена за м² (7,500.00 руб.) выше допустимого порога в 3,650.00 руб.
2025-05-10 19:10:46,141 - INFO - --------------------------------------------------------------------------------
2025-05-10 19:10:46,141 - INFO - 
Информация об объявлении:
2025-05-10 19:10:46,141 - INFO - URL: https://www.avito.ru/leninogorsk/kommercheskaya_nedvizhimost/svobodnogo_naznacheniya_4442200063?context=H4sIAAAAAAAA_wE_AMD_YToyOntzOjEzOiJsb2NhbFByaW9yaXR5IjtiOjA7czoxOiJ4IjtzOjE2OiJmOWJHRlJRc1BKUE5vZEIyIjt9afBC3D8AAAA
2025-05-10 19:10:46,141 - INFO - Заголовок: Свободного назначения
2025-05-10 19:10:46,141 - INFO - Адрес: ул. Садриева, 36Лениногорск
2025-05-10 19:10:46,141 - INFO - Тип аренды: Общая стоимость
2025-05-10 19:10:46,141 - INFO - Цена: 102,000.00 руб.
2025-05-10 19:10:46,141 - INFO - Площадь: 17.00 м2
2025-05-10 19:10:46,145 - INFO - Итоговая цена за м2: 6,000.00 руб.
2025-05-10 19:10:46,145 - INFO - Причина: Итоговая цена за м² (6,000.00 руб.) выше допустимого порога в 3,650.00 руб.
2025-05-10 19:10:46,145 - INFO - --------------------------------------------------------------------------------
2025-05-10 19:10:46,145 - INFO - 
Информация об объявлении:
2025-05-10 19:10:46,145 - INFO - URL: https://www.avito.ru/kukmor/kommercheskaya_nedvizhimost/pomeschenie_4256179155?context=H4sIAAAAAAAA_wE_AMD_YToyOntzOjEzOiJsb2NhbFByaW9yaXR5IjtiOjA7czoxOiJ4IjtzOjE2OiJjNnlWbmlBSG1jczZTbVoxIjt9QrWrEj8AAAA
2025-05-10 19:10:46,145 - INFO - Заголовок: Помещение
2025-05-10 19:10:46,145 - INFO - Адрес: ул. Ленина, 9АКукмор
2025-05-10 19:10:46,145 - INFO - Тип аренды: Общая стоимость
2025-05-10 19:10:46,145 - INFO - Цена: 45,000.00 руб.
2025-05-10 19:10:46,145 - INFO - Площадь: 6.00 м2
2025-05-10 19:10:46,145 - INFO - Итоговая цена за м2: 7,500.00 руб.
2025-05-10 19:10:46,145 - INFO - Причина: Итоговая цена за м² (7,500.00 руб.) выше допустимого порога в 3,650.00 руб.
2025-05-10 19:10:46,145 - INFO - --------------------------------------------------------------------------------
2025-05-10 19:10:46,145 - INFO - 
Информация об объявлении:
2025-05-10 19:10:46,145 - INFO - URL: https://www.avito.ru/kazan/kommercheskaya_nedvizhimost/arenda_kladovki_125_m3_4108628694?context=H4sIAAAAAAAA_wE_AMD_YToyOntzOjEzOiJsb2NhbFByaW9yaXR5IjtiOjA7czoxOiJ4IjtzOjE2OiJjNnlWbmlBSG1jczZTbVoxIjt9QrWrEj8AAAA
2025-05-10 19:10:46,145 - INFO - Заголовок: Аренда кладовки, 12,5 м3
2025-05-10 19:10:46,145 - INFO - Адрес: ул. Адоратского, 2БКазань
2025-05-10 19:10:46,145 - INFO - Тип аренды: Общая стоимость
2025-05-10 19:10:46,145 - INFO - Цена: 39,375.00 руб.
2025-05-10 19:10:46,145 - INFO - Площадь: 5.00 м2
2025-05-10 19:10:46,145 - INFO - Итоговая цена за м2: 7,875.00 руб.
2025-05-10 19:10:46,154 - INFO - Причина: Итоговая цена за м² (7,875.00 руб.) выше допустимого порога в 3,650.00 руб.
2025-05-10 19:10:46,154 - INFO - --------------------------------------------------------------------------------
2025-05-10 19:10:46,155 - INFO - 
Информация об объявлении:
2025-05-10 19:10:46,155 - INFO - URL: https://www.avito.ru/kazan/kommercheskaya_nedvizhimost/arenda_kladovki_75_m3_4109231019?context=H4sIAAAAAAAA_wE_AMD_YToyOntzOjEzOiJsb2NhbFByaW9yaXR5IjtiOjA7czoxOiJ4IjtzOjE2OiJjNnlWbmlBSG1jczZTbVoxIjt9QrWrEj8AAAA
2025-05-10 19:10:46,156 - INFO - Заголовок: Аренда кладовки, 7,5 м3
2025-05-10 19:10:46,156 - INFO - Адрес: ул. Адоратского, 2БКазань
2025-05-10 19:10:46,156 - INFO - Тип аренды: Общая стоимость
2025-05-10 19:10:46,156 - INFO - Цена: 17,730.00 руб.
2025-05-10 19:10:46,156 - INFO - Площадь: 3.00 м2
2025-05-10 19:10:46,156 - INFO - Итоговая цена за м2: 5,910.00 руб.
2025-05-10 19:10:46,156 - INFO - Причина: Итоговая цена за м² (5,910.00 руб.) выше допустимого порога в 3,650.00 руб.
2025-05-10 19:10:46,156 - INFO - --------------------------------------------------------------------------------
2025-05-10 19:10:46,156 - INFO - 
Информация об объявлении:
2025-05-10 19:10:46,156 - INFO - URL: https://www.avito.ru/naberezhnye_chelny/kommercheskaya_nedvizhimost/sklad_57_m_4128097299?context=H4sIAAAAAAAA_wE_AMD_YToyOntzOjEzOiJsb2NhbFByaW9yaXR5IjtiOjA7czoxOiJ4IjtzOjE2OiJjNnlWbmlBSG1jczZTbVoxIjt9QrWrEj8AAAA
2025-05-10 19:10:46,156 - INFO - Заголовок: Склад, 57 м²
2025-05-10 19:10:46,160 - INFO - Адрес: Линейный пр., 18Набережные Челны
2025-05-10 19:10:46,161 - INFO - Тип аренды: Общая стоимость
2025-05-10 19:10:46,161 - INFO - Цена: 389,880.00 руб.
2025-05-10 19:10:46,161 - INFO - Площадь: 57.00 м2
2025-05-10 19:10:46,161 - INFO - Итоговая цена за м2: 6,840.00 руб.
2025-05-10 19:10:46,161 - INFO - Причина: Итоговая цена за м² (6,840.00 руб.) выше допустимого порога в 3,650.00 руб.
2025-05-10 19:10:46,161 - INFO - --------------------------------------------------------------------------------
2025-05-10 19:10:46,161 - INFO - 
Информация об объявлении:
2025-05-10 19:10:46,161 - INFO - URL: https://www.avito.ru/almetevsk/kommercheskaya_nedvizhimost/torgovaya_ploschad_10.4_m_4218178843?context=H4sIAAAAAAAA_wE_AMD_YToyOntzOjEzOiJsb2NhbFByaW9yaXR5IjtiOjA7czoxOiJ4IjtzOjE2OiJTQzRqR2M1R1d5Rll6amd3Ijt9JSWuAD8AAAA
2025-05-10 19:10:46,161 - INFO - Заголовок: Торговая площадь, 10.4 м²
2025-05-10 19:10:46,161 - INFO - Адрес: пр-т Габдуллы Тукая, 31ГАльметьевск
2025-05-10 19:10:46,161 - INFO - Тип аренды: Общая стоимость
2025-05-10 19:10:46,161 - INFO - Цена: 83,200.00 руб.
2025-05-10 19:10:46,161 - INFO - Площадь: 10.40 м2
2025-05-10 19:10:46,161 - INFO - Итоговая цена за м2: 8,000.00 руб.
2025-05-10 19:10:46,161 - INFO - Причина: Итоговая цена за м² (8,000.00 руб.) выше допустимого порога в 3,650.00 руб.
2025-05-10 19:10:46,161 - INFO - --------------------------------------------------------------------------------
2025-05-10 19:10:46,161 - INFO - 
Информация об объявлении:
2025-05-10 19:10:46,169 - INFO - URL: https://www.avito.ru/naberezhnye_chelny/kommercheskaya_nedvizhimost/tts_torgovyy_kvartal_torgovaya_ploschad_10_m_3759870014?context=H4sIAAAAAAAA_wE_AMD_YToyOntzOjEzOiJsb2NhbFByaW9yaXR5IjtiOjA7czoxOiJ4IjtzOjE2OiIxNWNpbzZkSjZ0a3FTZkxGIjt9XP5w2z8AAAA
2025-05-10 19:10:46,169 - INFO - Заголовок: ТЦ "Торговый квартал", торговая площадь, 10 м²
2025-05-10 19:10:46,169 - INFO - Адрес: пр-т Мира, 3Набережные Челны
2025-05-10 19:10:46,169 - INFO - Тип аренды: Общая стоимость
2025-05-10 19:10:46,169 - INFO - Цена: 65,000.00 руб.
2025-05-10 19:10:46,169 - INFO - Площадь: 10.00 м2
2025-05-10 19:10:46,169 - INFO - Итоговая цена за м2: 6,500.00 руб.
2025-05-10 19:10:46,173 - INFO - Причина: Итоговая цена за м² (6,500.00 руб.) выше допустимого порога в 3,650.00 руб.
2025-05-10 19:10:46,173 - INFO - --------------------------------------------------------------------------------
2025-05-10 19:10:46,173 - INFO - 
Информация об объявлении:
2025-05-10 19:10:46,173 - INFO - URL: https://www.avito.ru/almetevsk/kommercheskaya_nedvizhimost/torgovaya_ploschad_10.32_m_3570630142?context=H4sIAAAAAAAA_wE_AMD_YToyOntzOjEzOiJsb2NhbFByaW9yaXR5IjtiOjA7czoxOiJ4IjtzOjE2OiIxNWNpbzZkSjZ0a3FTZkxGIjt9XP5w2z8AAAA
2025-05-10 19:10:46,175 - INFO - Заголовок: Торговая площадь, 10.32 м²
2025-05-10 19:10:46,176 - INFO - Адрес: ул. Ленина, 195Альметьевск
2025-05-10 19:10:46,176 - INFO - Тип аренды: Общая стоимость
2025-05-10 19:10:46,177 - INFO - Цена: 85,201.92 руб.
2025-05-10 19:10:46,178 - INFO - Площадь: 10.32 м2
2025-05-10 19:10:46,178 - INFO - Итоговая цена за м2: 8,256.00 руб.
2025-05-10 19:10:46,178 - INFO - Причина: Итоговая цена за м² (8,256.00 руб.) выше допустимого порога в 3,650.00 руб.
2025-05-10 19:10:46,178 - INFO - --------------------------------------------------------------------------------
2025-05-10 19:10:46,178 - INFO - 
Информация об объявлении:
2025-05-10 19:10:46,178 - INFO - URL: https://www.avito.ru/kazan/kommercheskaya_nedvizhimost/sklad_15_m_2968767256?context=H4sIAAAAAAAA_wE_AMD_YToyOntzOjEzOiJsb2NhbFByaW9yaXR5IjtiOjA7czoxOiJ4IjtzOjE2OiJlampMRXZYUWlXQkp4UW5JIjt9xvuXwj8AAAA
2025-05-10 19:10:46,178 - INFO - Заголовок: Склад, 15 м²
2025-05-10 19:10:46,178 - INFO - Адрес: ул. Дементьева, 2ГКазань
2025-05-10 19:10:46,178 - INFO - Тип аренды: Общая стоимость
2025-05-10 19:10:46,178 - INFO - Цена: 105,000.00 руб.
2025-05-10 19:10:46,178 - INFO - Площадь: 15.00 м2
2025-05-10 19:10:46,178 - INFO - Итоговая цена за м2: 7,000.00 руб.
2025-05-10 19:10:46,178 - INFO - Причина: Итоговая цена за м² (7,000.00 руб.) выше допустимого порога в 3,650.00 руб.
2025-05-10 19:10:46,178 - INFO - --------------------------------------------------------------------------------
2025-05-10 19:10:46,178 - INFO - 
Информация об объявлении:
2025-05-10 19:10:46,178 - INFO - URL: https://www.avito.ru/kazan/kommercheskaya_nedvizhimost/arenda_sklada_morskogo_konteynera_15m2_2713071950?context=H4sIAAAAAAAA_wE_AMD_YToyOntzOjEzOiJsb2NhbFByaW9yaXR5IjtiOjA7czoxOiJ4IjtzOjE2OiJlampMRXZYUWlXQkp4UW5JIjt9xvuXwj8AAAA
2025-05-10 19:10:46,178 - INFO - Заголовок: Аренда склада морского контейнера 15м2
2025-05-10 19:10:46,178 - INFO - Адрес: Техническая ул., 52к1Казань
2025-05-10 19:10:46,189 - INFO - Тип аренды: Общая стоимость
2025-05-10 19:10:46,189 - INFO - Цена: 105,000.00 руб.
2025-05-10 19:10:46,189 - INFO - Площадь: 15.00 м2
2025-05-10 19:10:46,189 - INFO - Итоговая цена за м2: 7,000.00 руб.
2025-05-10 19:10:46,190 - INFO - Причина: Итоговая цена за м² (7,000.00 руб.) выше допустимого порога в 3,650.00 руб.
2025-05-10 19:10:46,191 - INFO - --------------------------------------------------------------------------------
2025-05-10 19:10:46,191 - INFO - 
Информация об объявлении:
2025-05-10 19:10:46,191 - INFO - URL: https://www.avito.ru/kazan/kommercheskaya_nedvizhimost/arenda_morskogo_konteynera_20_f_6_metrov_2679745482?context=H4sIAAAAAAAA_wE_AMD_YToyOntzOjEzOiJsb2NhbFByaW9yaXR5IjtiOjA7czoxOiJ4IjtzOjE2OiJlampMRXZYUWlXQkp4UW5JIjt9xvuXwj8AAAA
2025-05-10 19:10:46,191 - INFO - Заголовок: Аренда Морского контейнера 20 ф (6 метров)
2025-05-10 19:10:46,191 - INFO - Адрес: Техническая ул., 17ДКазань
2025-05-10 19:10:46,191 - INFO - Тип аренды: Общая стоимость
2025-05-10 19:10:46,191 - INFO - Цена: 90,000.00 руб.
2025-05-10 19:10:46,191 - INFO - Площадь: 15.00 м2
2025-05-10 19:10:46,191 - INFO - Итоговая цена за м2: 6,000.00 руб.
2025-05-10 19:10:46,191 - INFO - Причина: Итоговая цена за м² (6,000.00 руб.) выше допустимого порога в 3,650.00 руб.
2025-05-10 19:10:46,191 - INFO - --------------------------------------------------------------------------------
2025-05-10 19:10:46,195 - INFO - 
Информация об объявлении:
2025-05-10 19:10:46,195 - INFO - URL: https://www.avito.ru/kazan/kommercheskaya_nedvizhimost/sklad_konteyner_dlya_hraneniya_mebeli_pri_remonte_2559519314?context=H4sIAAAAAAAA_wE_AMD_YToyOntzOjEzOiJsb2NhbFByaW9yaXR5IjtiOjA7czoxOiJ4IjtzOjE2OiJlampMRXZYUWlXQkp4UW5JIjt9xvuXwj8AAAA
2025-05-10 19:10:46,195 - INFO - Заголовок: Склад (контейнер) для хранения мебели при ремонте
2025-05-10 19:10:46,195 - INFO - Адрес: ул. Халитова, 4Казань
2025-05-10 19:10:46,198 - INFO - Тип аренды: Общая стоимость
2025-05-10 19:10:46,198 - INFO - Цена: 27,000.00 руб.
2025-05-10 19:10:46,198 - INFO - Площадь: 6.00 м2
2025-05-10 19:10:46,198 - INFO - Итоговая цена за м2: 4,500.00 руб.
2025-05-10 19:10:46,198 - INFO - Причина: Итоговая цена за м² (4,500.00 руб.) выше допустимого порога в 3,650.00 руб.
2025-05-10 19:10:46,198 - INFO - --------------------------------------------------------------------------------
2025-05-10 19:10:46,198 - INFO - 
Информация об объявлении:
2025-05-10 19:10:46,198 - INFO - URL: https://www.avito.ru/kazan/kommercheskaya_nedvizhimost/sklad_10_m_2491275839?context=H4sIAAAAAAAA_wE_AMD_YToyOntzOjEzOiJsb2NhbFByaW9yaXR5IjtiOjA7czoxOiJ4IjtzOjE2OiJlampMRXZYUWlXQkp4UW5JIjt9xvuXwj8AAAA
2025-05-10 19:10:46,198 - INFO - Заголовок: Склад, 10 м²
2025-05-10 19:10:46,201 - INFO - Адрес: Тихорецкая ул., 7к9Казань
2025-05-10 19:10:46,202 - INFO - Тип аренды: Общая стоимость
2025-05-10 19:10:46,202 - INFO - Цена: 63,000.00 руб.
2025-05-10 19:10:46,202 - INFO - Площадь: 10.00 м2
2025-05-10 19:10:46,202 - INFO - Итоговая цена за м2: 6,300.00 руб.
2025-05-10 19:10:46,202 - INFO - Причина: Итоговая цена за м² (6,300.00 руб.) выше допустимого порога в 3,650.00 руб.
2025-05-10 19:10:46,202 - INFO - --------------------------------------------------------------------------------
2025-05-10 19:10:46,202 - INFO - 
Информация об объявлении:
2025-05-10 19:10:46,202 - INFO - URL: https://www.avito.ru/naberezhnye_chelny/kommercheskaya_nedvizhimost/sklad_gsm_2456889728?context=H4sIAAAAAAAA_wE_AMD_YToyOntzOjEzOiJsb2NhbFByaW9yaXR5IjtiOjA7czoxOiJ4IjtzOjE2OiJlampMRXZYUWlXQkp4UW5JIjt9xvuXwj8AAAA
2025-05-10 19:10:46,202 - INFO - Заголовок: Склад гсм
2025-05-10 19:10:46,202 - INFO - Адрес: Старосармановская ул., 19/6Набережные Челны
2025-05-10 19:10:46,202 - INFO - Тип аренды: Общая стоимость
2025-05-10 19:10:46,202 - INFO - Цена: 200,000.00 руб.
2025-05-10 19:10:46,202 - INFO - Площадь: 24.00 м2
2025-05-10 19:10:46,206 - INFO - Итоговая цена за м2: 8,333.33 руб.
2025-05-10 19:10:46,206 - INFO - Причина: Итоговая цена за м² (8,333.33 руб.) выше допустимого порога в 3,650.00 руб.
2025-05-10 19:10:46,207 - INFO - --------------------------------------------------------------------------------
2025-05-10 19:10:46,207 - INFO - 
Информация об объявлении:
2025-05-10 19:10:46,207 - INFO - URL: https://www.avito.ru/kazan/kommercheskaya_nedvizhimost/arenda_morskogo_konteynera_pod_sklad_2457155326?context=H4sIAAAAAAAA_wE_AMD_YToyOntzOjEzOiJsb2NhbFByaW9yaXR5IjtiOjA7czoxOiJ4IjtzOjE2OiJlampMRXZYUWlXQkp4UW5JIjt9xvuXwj8AAAA
2025-05-10 19:10:46,207 - INFO - Заголовок: Аренда морского контейнера под склад
2025-05-10 19:10:46,207 - INFO - Адрес: ул. Родины, 25к1Казань
2025-05-10 19:10:46,207 - INFO - Тип аренды: Общая стоимость
2025-05-10 19:10:46,207 - INFO - Цена: 105,000.00 руб.
2025-05-10 19:10:46,207 - INFO - Площадь: 15.00 м2
2025-05-10 19:10:46,207 - INFO - Итоговая цена за м2: 7,000.00 руб.
2025-05-10 19:10:46,211 - INFO - Причина: Итоговая цена за м² (7,000.00 руб.) выше допустимого порога в 3,650.00 руб.
2025-05-10 19:10:46,211 - INFO - --------------------------------------------------------------------------------
2025-05-10 19:10:46,211 - INFO - 
Информация об объявлении:
2025-05-10 19:10:46,211 - INFO - URL: https://www.avito.ru/kazan/kommercheskaya_nedvizhimost/pomeschenie_63_kv.m._s_otdelnym_vhodom_v_novom_zhk_2460119678?context=H4sIAAAAAAAA_wE_AMD_YToyOntzOjEzOiJsb2NhbFByaW9yaXR5IjtiOjA7czoxOiJ4IjtzOjE2OiJlampMRXZYUWlXQkp4UW5JIjt9xvuXwj8AAAA
2025-05-10 19:10:46,214 - INFO - Заголовок: Помещение 63 кв.м. с отдельным входом в новом ЖК
2025-05-10 19:10:46,214 - INFO - Адрес: ул. Короленко, 28БКазань
2025-05-10 19:10:46,214 - INFO - Тип аренды: За квадратный метр
2025-05-10 19:10:46,215 - INFO - Цена за м²: 5,985,000.00 руб.
2025-05-10 19:10:46,215 - INFO - Общая цена: 377,055,000.00 руб.
2025-05-10 19:10:46,216 - INFO - Площадь: 63.00 м2
2025-05-10 19:10:46,217 - INFO - Итоговая цена за м2: 5,985,000.00 руб.
2025-05-10 19:10:46,217 - INFO - Причина: Итоговая цена за м² (5,985,000.00 руб.) выше допустимого порога в 3,650.00 руб.
2025-05-10 19:10:46,217 - INFO - --------------------------------------------------------------------------------
2025-05-10 19:10:46,217 - INFO - 
Информация об объявлении:
2025-05-10 19:10:46,217 - INFO - URL: https://www.avito.ru/kazan/kommercheskaya_nedvizhimost/svobodnogo_naznacheniya_15_m_2252045866?context=H4sIAAAAAAAA_wE_AMD_YToyOntzOjEzOiJsb2NhbFByaW9yaXR5IjtiOjA7czoxOiJ4IjtzOjE2OiJyeUNPN0dGSUU4cUtjNHRZIjt9ugcw1T8AAAA
2025-05-10 19:10:46,217 - INFO - Заголовок: Свободного назначения, 15 м²
2025-05-10 19:10:46,217 - INFO - Адрес: ул. Восстания, 100Казань
2025-05-10 19:10:46,217 - INFO - Тип аренды: Общая стоимость
2025-05-10 19:10:46,217 - INFO - Цена: 120,000.00 руб.
2025-05-10 19:10:46,217 - INFO - Площадь: 15.00 м2
2025-05-10 19:10:46,217 - INFO - Итоговая цена за м2: 8,000.00 руб.
2025-05-10 19:10:46,217 - INFO - Причина: Итоговая цена за м² (8,000.00 руб.) выше допустимого порога в 3,650.00 руб.
2025-05-10 19:10:46,217 - INFO - --------------------------------------------------------------------------------
2025-05-10 19:10:46,221 - INFO - 
Информация об объявлении:
2025-05-10 19:10:46,222 - INFO - URL: https://www.avito.ru/kazan/kommercheskaya_nedvizhimost/2m_pod_postamat_remont_klyuchey_i_dr._2105034700?context=H4sIAAAAAAAA_wE_AMD_YToyOntzOjEzOiJsb2NhbFByaW9yaXR5IjtiOjA7czoxOiJ4IjtzOjE2OiJyeUNPN0dGSUU4cUtjNHRZIjt9ugcw1T8AAAA
2025-05-10 19:10:46,222 - INFO - Заголовок: 2м² (под постамат, ремонт ключей и др.)
2025-05-10 19:10:46,222 - INFO - Адрес: ул. Юлиуса Фучика, 82Казань
2025-05-10 19:10:46,222 - INFO - Тип аренды: Общая стоимость
2025-05-10 19:10:46,222 - INFO - Цена: 8,000.00 руб.
2025-05-10 19:10:46,223 - INFO - Площадь: 2.00 м2
2025-05-10 19:10:46,223 - INFO - Итоговая цена за м2: 4,000.00 руб.
2025-05-10 19:10:46,223 - INFO - Причина: Итоговая цена за м² (4,000.00 руб.) выше допустимого порога в 3,650.00 руб.
2025-05-10 19:10:46,223 - INFO - --------------------------------------------------------------------------------
2025-05-10 19:10:46,223 - INFO - 
Информация об объявлении:
2025-05-10 19:10:46,223 - INFO - URL: https://www.avito.ru/kazan/kommercheskaya_nedvizhimost/arenda_konteynera_pod_sklad_2035668685?context=H4sIAAAAAAAA_wE_AMD_YToyOntzOjEzOiJsb2NhbFByaW9yaXR5IjtiOjA7czoxOiJ4IjtzOjE2OiJyeUNPN0dGSUU4cUtjNHRZIjt9ugcw1T8AAAA
2025-05-10 19:10:46,223 - INFO - Заголовок: Аренда контейнера под склад
2025-05-10 19:10:46,226 - INFO - Адрес: Адмиралтейская ул., 3к1Казань
2025-05-10 19:10:46,226 - INFO - Тип аренды: Общая стоимость
2025-05-10 19:10:46,226 - INFO - Цена: 90,000.00 руб.
2025-05-10 19:10:46,227 - INFO - Площадь: 15.00 м2
2025-05-10 19:10:46,227 - INFO - Итоговая цена за м2: 6,000.00 руб.
2025-05-10 19:10:46,228 - INFO - Причина: Итоговая цена за м² (6,000.00 руб.) выше допустимого порога в 3,650.00 руб.
2025-05-10 19:10:46,228 - INFO - --------------------------------------------------------------------------------
2025-05-10 19:10:46,228 - INFO - 
Информация об объявлении:
2025-05-10 19:10:46,228 - INFO - URL: https://www.avito.ru/kazan/kommercheskaya_nedvizhimost/arenda_konteynera_pod_sklad_1971153572?context=H4sIAAAAAAAA_wE_AMD_YToyOntzOjEzOiJsb2NhbFByaW9yaXR5IjtiOjA7czoxOiJ4IjtzOjE2OiJyeUNPN0dGSUU4cUtjNHRZIjt9ugcw1T8AAAA
2025-05-10 19:10:46,228 - INFO - Заголовок: Аренда контейнера под склад
2025-05-10 19:10:46,228 - INFO - Адрес: ул. Фатыха Амирхана, 52Казань
2025-05-10 19:10:46,232 - INFO - Тип аренды: Общая стоимость
2025-05-10 19:10:46,232 - INFO - Цена: 90,000.00 руб.
2025-05-10 19:10:46,232 - INFO - Площадь: 15.00 м2
2025-05-10 19:10:46,232 - INFO - Итоговая цена за м2: 6,000.00 руб.
2025-05-10 19:10:46,232 - INFO - Причина: Итоговая цена за м² (6,000.00 руб.) выше допустимого порога в 3,650.00 руб.
2025-05-10 19:10:46,232 - INFO - --------------------------------------------------------------------------------
2025-05-10 19:10:46,232 - INFO - 
Информация об объявлении:
2025-05-10 19:10:46,232 - INFO - URL: https://www.avito.ru/kazan/kommercheskaya_nedvizhimost/konteyner_v_arendu_pod_sklad_1971497373?context=H4sIAAAAAAAA_wE_AMD_YToyOntzOjEzOiJsb2NhbFByaW9yaXR5IjtiOjA7czoxOiJ4IjtzOjE2OiJyeUNPN0dGSUU4cUtjNHRZIjt9ugcw1T8AAAA
2025-05-10 19:10:46,232 - INFO - Заголовок: Контейнер в аренду под склад
2025-05-10 19:10:46,232 - INFO - Адрес: Советский район, жилой массив Самосырово, ул. Мира, 122Казань
2025-05-10 19:10:46,232 - INFO - Тип аренды: Общая стоимость
2025-05-10 19:10:46,236 - INFO - Цена: 90,000.00 руб.
2025-05-10 19:10:46,236 - INFO - Площадь: 15.00 м2
2025-05-10 19:10:46,236 - INFO - Итоговая цена за м2: 6,000.00 руб.
2025-05-10 19:10:46,236 - INFO - Причина: Итоговая цена за м² (6,000.00 руб.) выше допустимого порога в 3,650.00 руб.
2025-05-10 19:10:46,236 - INFO - --------------------------------------------------------------------------------
2025-05-10 19:10:46,236 - INFO - 
Информация об объявлении:
2025-05-10 19:10:46,236 - INFO - URL: https://www.avito.ru/kazan/kommercheskaya_nedvizhimost/ofis_s_yuridicheskim_adresom_1628679840?context=H4sIAAAAAAAA_wE_AMD_YToyOntzOjEzOiJsb2NhbFByaW9yaXR5IjtiOjA7czoxOiJ4IjtzOjE2OiI3cThlWE11NWdSNmNqT0JCIjt9hlJyCT8AAAA
2025-05-10 19:10:46,236 - INFO - Заголовок: Офис с юридическим адресом
2025-05-10 19:10:46,236 - INFO - Адрес: ул. Восстания, 18БКазань
2025-05-10 19:10:46,236 - INFO - Тип аренды: Общая стоимость
2025-05-10 19:10:46,236 - INFO - Цена: 52,000.00 руб.
2025-05-10 19:10:46,236 - INFO - Площадь: 10.00 м2
2025-05-10 19:10:46,236 - INFO - Итоговая цена за м2: 5,200.00 руб.
2025-05-10 19:10:46,236 - INFO - Причина: Итоговая цена за м² (5,200.00 руб.) выше допустимого порога в 3,650.00 руб.
2025-05-10 19:10:46,236 - INFO - --------------------------------------------------------------------------------
