2025-05-10 19:00:17,041 - INFO - Загружено 1087 записей
2025-05-10 19:00:17,041 - INFO - 
Найдено выбросов в ценах:
2025-05-10 19:00:17,041 - INFO - Низкие цены: 0 записей
2025-05-10 19:00:17,056 - INFO - Высокие цены: 21 записей
2025-05-10 19:00:17,056 - INFO - 
Объявления с подозрительно низкими ценами за м2:
2025-05-10 19:00:17,056 - INFO - 
Объявления с подозрительно высокими ценами за м2:
2025-05-10 19:00:17,056 - INFO - 
Информация об объявлении:
2025-05-10 19:00:17,064 - INFO - URL: https://www.avito.ru/kazan/kommercheskaya_nedvizhimost/svobodnogo_naznacheniya_10_m_7336239224?context=H4sIAAAAAAAA_wE_AMD_YToyOntzOjEzOiJsb2NhbFByaW9yaXR5IjtiOjA7czoxOiJ4IjtzOjE2OiJuazJYdUhMWEdodzJVQjZZIjt9HdiNeT8AAAA
2025-05-10 19:00:17,064 - INFO - Заголовок: Свободного назначения, 10 м²
2025-05-10 19:00:17,064 - INFO - Адрес: пр-т Победы, 50БКазань
2025-05-10 19:00:17,064 - INFO - Цена: 60,000.00 руб.
2025-05-10 19:00:17,064 - INFO - Площадь: 10.00 м2
2025-05-10 19:00:17,064 - INFO - Цена за м2: 6,000.00 руб.
2025-05-10 19:00:17,064 - INFO - Причина: Цена за м² (6,000.00 руб.) выше допустимого порога в 3,707.52 руб.
2025-05-10 19:00:17,064 - INFO - --------------------------------------------------------------------------------
2025-05-10 19:00:17,064 - INFO - 
Информация об объявлении:
2025-05-10 19:00:17,064 - INFO - URL: https://www.avito.ru/kazan/kommercheskaya_nedvizhimost/psn_torgovoe_pomeschenie_obschepit_189_kv.m_7340574710?context=H4sIAAAAAAAA_wE_AMD_YToyOntzOjEzOiJsb2NhbFByaW9yaXR5IjtiOjA7czoxOiJ4IjtzOjE2OiJUaEZCenRxRm5Tb09YUlY1Ijt9tGtraT8AAAA
2025-05-10 19:00:17,064 - INFO - Заголовок: ПСН / торговое помещение / общепит 18,9 кв.м
2025-05-10 19:00:17,064 - INFO - Адрес: ул. Достоевского, 53/4Казань
2025-05-10 19:00:17,071 - INFO - Цена: 85,000.00 руб.
2025-05-10 19:00:17,071 - INFO - Площадь: 18.90 м2
2025-05-10 19:00:17,073 - INFO - Цена за м2: 4,497.35 руб.
2025-05-10 19:00:17,073 - INFO - Причина: Цена за м² (4,497.35 руб.) выше допустимого порога в 3,707.52 руб.
2025-05-10 19:00:17,073 - INFO - --------------------------------------------------------------------------------
2025-05-10 19:00:17,073 - INFO - 
Информация об объявлении:
2025-05-10 19:00:17,073 - INFO - URL: https://www.avito.ru/kazan/kommercheskaya_nedvizhimost/prikassovaya_zona_v_tts_7333230733?context=H4sIAAAAAAAA_wE_AMD_YToyOntzOjEzOiJsb2NhbFByaW9yaXR5IjtiOjA7czoxOiJ4IjtzOjE2OiJKclZOUk1YSWt5b0R4d09FIjt98NnjjD8AAAA
2025-05-10 19:00:17,073 - INFO - Заголовок: Прикассовая зона в ТЦ
2025-05-10 19:00:17,078 - INFO - Адрес: Залесная ул., 66Казань
2025-05-10 19:00:17,078 - INFO - Цена: 28,200.00 руб.
2025-05-10 19:00:17,078 - INFO - Площадь: 6.00 м2
2025-05-10 19:00:17,078 - INFO - Цена за м2: 4,700.00 руб.
2025-05-10 19:00:17,079 - INFO - Причина: Цена за м² (4,700.00 руб.) выше допустимого порога в 3,707.52 руб.
2025-05-10 19:00:17,079 - INFO - --------------------------------------------------------------------------------
2025-05-10 19:00:17,079 - INFO - 
Информация об объявлении:
2025-05-10 19:00:17,079 - INFO - URL: https://www.avito.ru/kazan/kommercheskaya_nedvizhimost/torgovyy_pavilon_halitova2_7303606881?context=H4sIAAAAAAAA_wE_AMD_YToyOntzOjEzOiJsb2NhbFByaW9yaXR5IjtiOjA7czoxOiJ4IjtzOjE2OiJzZzBJYTBEdEszbWJIU21OIjt9PE7W5j8AAAA
2025-05-10 19:00:17,079 - INFO - Заголовок: Торговый павильон Халитова,2
2025-05-10 19:00:17,079 - INFO - Адрес: ул. Халитова, 2Казань
2025-05-10 19:00:17,079 - INFO - Цена: 60,000.00 руб.
2025-05-10 19:00:17,079 - INFO - Площадь: 15.00 м2
2025-05-10 19:00:17,079 - INFO - Цена за м2: 4,000.00 руб.
2025-05-10 19:00:17,079 - INFO - Причина: Цена за м² (4,000.00 руб.) выше допустимого порога в 3,707.52 руб.
2025-05-10 19:00:17,079 - INFO - --------------------------------------------------------------------------------
2025-05-10 19:00:17,079 - INFO - 
Информация об объявлении:
2025-05-10 19:00:17,079 - INFO - URL: https://www.avito.ru/kazan/kommercheskaya_nedvizhimost/svobodnogo_naznacheniya_5_m_7308373040?context=H4sIAAAAAAAA_wE_AMD_YToyOntzOjEzOiJsb2NhbFByaW9yaXR5IjtiOjA7czoxOiJ4IjtzOjE2OiJzZzBJYTBEdEszbWJIU21OIjt9PE7W5j8AAAA
2025-05-10 19:00:17,087 - INFO - Заголовок: Свободного назначения, 5 м²
2025-05-10 19:00:17,088 - INFO - Адрес: ул. Пушкина, 40Казань
2025-05-10 19:00:17,089 - INFO - Цена: 25,000.00 руб.
2025-05-10 19:00:17,089 - INFO - Площадь: 5.00 м2
2025-05-10 19:00:17,089 - INFO - Цена за м2: 5,000.00 руб.
2025-05-10 19:00:17,089 - INFO - Причина: Цена за м² (5,000.00 руб.) выше допустимого порога в 3,707.52 руб.
2025-05-10 19:00:17,089 - INFO - --------------------------------------------------------------------------------
2025-05-10 19:00:17,089 - INFO - 
Информация об объявлении:
2025-05-10 19:00:17,089 - INFO - URL: https://www.avito.ru/kazan/kommercheskaya_nedvizhimost/pervaya_liniya_torgovoe_ofis_psn_-_46_m_svoy_su_7310821564?context=H4sIAAAAAAAA_wE_AMD_YToyOntzOjEzOiJsb2NhbFByaW9yaXR5IjtiOjA7czoxOiJ4IjtzOjE2OiJmSFJBajRmcnptY3Q2ZkZmIjt9XKvySD8AAAA
2025-05-10 19:00:17,089 - INFO - Заголовок: Первая линия Торговое, Офис, ПСН - 46 м² свой с/у
2025-05-10 19:00:17,089 - INFO - Адрес: пр-т Ибрагимова, 32АКазань
2025-05-10 19:00:17,089 - INFO - Цена: 184,000.00 руб.
2025-05-10 19:00:17,089 - INFO - Площадь: 46.00 м2
2025-05-10 19:00:17,098 - INFO - Цена за м2: 4,000.00 руб.
2025-05-10 19:00:17,098 - INFO - Причина: Цена за м² (4,000.00 руб.) выше допустимого порога в 3,707.52 руб.
2025-05-10 19:00:17,099 - INFO - --------------------------------------------------------------------------------
2025-05-10 19:00:17,099 - INFO - 
Информация об объявлении:
2025-05-10 19:00:17,100 - INFO - URL: https://www.avito.ru/kazan/kommercheskaya_nedvizhimost/pervaya_liniya._torgovoe_psn_ofis_54_m_svoy_su_7310342063?context=H4sIAAAAAAAA_wE_AMD_YToyOntzOjEzOiJsb2NhbFByaW9yaXR5IjtiOjA7czoxOiJ4IjtzOjE2OiJmSFJBajRmcnptY3Q2ZkZmIjt9XKvySD8AAAA
2025-05-10 19:00:17,102 - INFO - Заголовок: Первая линия. Торговое ПСН Офис 54 м² свой с/у
2025-05-10 19:00:17,102 - INFO - Адрес: пр-т Ибрагимова, 32АКазань
2025-05-10 19:00:17,102 - INFO - Цена: 216,000.00 руб.
2025-05-10 19:00:17,102 - INFO - Площадь: 3.00 м2
2025-05-10 19:00:17,102 - INFO - Цена за м2: 72,000.00 руб.
2025-05-10 19:00:17,102 - INFO - Причина: Цена за м² (72,000.00 руб.) выше допустимого порога в 3,707.52 руб.
2025-05-10 19:00:17,102 - INFO - --------------------------------------------------------------------------------
2025-05-10 19:00:17,102 - INFO - 
Информация об объявлении:
2025-05-10 19:00:17,102 - INFO - URL: https://www.avito.ru/kazan/kommercheskaya_nedvizhimost/torgovoe_pomeschenie_ost.halitova_megga_mebel_7290098811?context=H4sIAAAAAAAA_wE_AMD_YToyOntzOjEzOiJsb2NhbFByaW9yaXR5IjtiOjA7czoxOiJ4IjtzOjE2OiJWc2xZY1lPZXZjMFZSZTJIIjt9ARBXTj8AAAA
2025-05-10 19:00:17,102 - INFO - Заголовок: Торговое помещение (ост.Халитова Мегга Мебель)
2025-05-10 19:00:17,102 - INFO - Адрес: ул. Халитова, 2ГКазань
2025-05-10 19:00:17,102 - INFO - Цена: 60,000.00 руб.
2025-05-10 19:00:17,102 - INFO - Площадь: 12.50 м2
2025-05-10 19:00:17,102 - INFO - Цена за м2: 4,800.00 руб.
2025-05-10 19:00:17,102 - INFO - Причина: Цена за м² (4,800.00 руб.) выше допустимого порога в 3,707.52 руб.
2025-05-10 19:00:17,102 - INFO - --------------------------------------------------------------------------------
2025-05-10 19:00:17,102 - INFO - 
Информация об объявлении:
2025-05-10 19:00:17,114 - INFO - URL: https://www.avito.ru/kazan/kommercheskaya_nedvizhimost/torgovaya_ploschad_7253856690?context=H4sIAAAAAAAA_wE_AMD_YToyOntzOjEzOiJsb2NhbFByaW9yaXR5IjtiOjA7czoxOiJ4IjtzOjE2OiJLYUt2R3ZpSUZveGVRU3RJIjt9aSHekT8AAAA
2025-05-10 19:00:17,114 - INFO - Заголовок: Торговая площадь
2025-05-10 19:00:17,114 - INFO - Адрес: пр-т Ямашева, 50ГКазань
2025-05-10 19:00:17,114 - INFO - Цена: 280,000.00 руб.
2025-05-10 19:00:17,114 - INFO - Площадь: 70.00 м2
2025-05-10 19:00:17,114 - INFO - Цена за м2: 4,000.00 руб.
2025-05-10 19:00:17,114 - INFO - Причина: Цена за м² (4,000.00 руб.) выше допустимого порога в 3,707.52 руб.
2025-05-10 19:00:17,114 - INFO - --------------------------------------------------------------------------------
2025-05-10 19:00:17,114 - INFO - 
Информация об объявлении:
2025-05-10 19:00:17,114 - INFO - URL: https://www.avito.ru/kazan/kommercheskaya_nedvizhimost/torgovaya_ploschad_22.52_m_7260137485?context=H4sIAAAAAAAA_wE_AMD_YToyOntzOjEzOiJsb2NhbFByaW9yaXR5IjtiOjA7czoxOiJ4IjtzOjE2OiJLYUt2R3ZpSUZveGVRU3RJIjt9aSHekT8AAAA
2025-05-10 19:00:17,114 - INFO - Заголовок: Торговая площадь, 22.52 м²
2025-05-10 19:00:17,114 - INFO - Адрес: пр-т Ямашева, 93Казань
2025-05-10 19:00:17,114 - INFO - Цена: 92,000.00 руб.
2025-05-10 19:00:17,114 - INFO - Площадь: 22.52 м2
2025-05-10 19:00:17,123 - INFO - Цена за м2: 4,085.26 руб.
2025-05-10 19:00:17,123 - INFO - Причина: Цена за м² (4,085.26 руб.) выше допустимого порога в 3,707.52 руб.
2025-05-10 19:00:17,123 - INFO - --------------------------------------------------------------------------------
2025-05-10 19:00:17,123 - INFO - 
Информация об объявлении:
2025-05-10 19:00:17,123 - INFO - URL: https://www.avito.ru/kazan/kommercheskaya_nedvizhimost/torgovaya_ploschad_51.06_m_7260229152?context=H4sIAAAAAAAA_wE_AMD_YToyOntzOjEzOiJsb2NhbFByaW9yaXR5IjtiOjA7czoxOiJ4IjtzOjE2OiJLYUt2R3ZpSUZveGVRU3RJIjt9aSHekT8AAAA
2025-05-10 19:00:17,123 - INFO - Заголовок: Торговая площадь, 51.06 м²
2025-05-10 19:00:17,123 - INFO - Адрес: пр-т Ямашева, 93Казань
2025-05-10 19:00:17,123 - INFO - Цена: 190,000.00 руб.
2025-05-10 19:00:17,123 - INFO - Площадь: 51.06 м2
2025-05-10 19:00:17,123 - INFO - Цена за м2: 3,721.11 руб.
2025-05-10 19:00:17,123 - INFO - Причина: Цена за м² (3,721.11 руб.) выше допустимого порога в 3,707.52 руб.
2025-05-10 19:00:17,123 - INFO - --------------------------------------------------------------------------------
2025-05-10 19:00:17,123 - INFO - 
Информация об объявлении:
2025-05-10 19:00:17,123 - INFO - URL: https://www.avito.ru/kazan/kommercheskaya_nedvizhimost/pavilon_s_otlichnym_trafikom_4600772770?context=H4sIAAAAAAAA_wE_AMD_YToyOntzOjEzOiJsb2NhbFByaW9yaXR5IjtiOjA7czoxOiJ4IjtzOjE2OiJwUzlzbExPVk90M3pTTzI3Ijt98EhPEj8AAAA
2025-05-10 19:00:17,123 - INFO - Заголовок: Павильон с отличным трафиком
2025-05-10 19:00:17,123 - INFO - Адрес: ул. Николая Ершова, 1ВКазань
2025-05-10 19:00:17,123 - INFO - Цена: 60,300.00 руб.
2025-05-10 19:00:17,123 - INFO - Площадь: 13.40 м2
2025-05-10 19:00:17,123 - INFO - Цена за м2: 4,500.00 руб.
2025-05-10 19:00:17,123 - INFO - Причина: Цена за м² (4,500.00 руб.) выше допустимого порога в 3,707.52 руб.
2025-05-10 19:00:17,123 - INFO - --------------------------------------------------------------------------------
2025-05-10 19:00:17,123 - INFO - 
Информация об объявлении:
2025-05-10 19:00:17,123 - INFO - URL: https://www.avito.ru/kazan/kommercheskaya_nedvizhimost/pavilon_s_otlichnym_trafikom_4601182590?context=H4sIAAAAAAAA_wE_AMD_YToyOntzOjEzOiJsb2NhbFByaW9yaXR5IjtiOjA7czoxOiJ4IjtzOjE2OiJwUzlzbExPVk90M3pTTzI3Ijt98EhPEj8AAAA
2025-05-10 19:00:17,123 - INFO - Заголовок: Павильон с отличным трафиком
2025-05-10 19:00:17,123 - INFO - Адрес: ул. Николая Ершова, 1ВКазань
2025-05-10 19:00:17,123 - INFO - Цена: 120,600.00 руб.
2025-05-10 19:00:17,138 - INFO - Площадь: 26.80 м2
2025-05-10 19:00:17,138 - INFO - Цена за м2: 4,500.00 руб.
2025-05-10 19:00:17,138 - INFO - Причина: Цена за м² (4,500.00 руб.) выше допустимого порога в 3,707.52 руб.
2025-05-10 19:00:17,138 - INFO - --------------------------------------------------------------------------------
2025-05-10 19:00:17,138 - INFO - 
Информация об объявлении:
2025-05-10 19:00:17,138 - INFO - URL: https://www.avito.ru/kazan/kommercheskaya_nedvizhimost/torgovoe_pomeschenie_ofis_106_kv.m_4391703746?context=H4sIAAAAAAAA_wE_AMD_YToyOntzOjEzOiJsb2NhbFByaW9yaXR5IjtiOjA7czoxOiJ4IjtzOjE2OiJwUzlzbExPVk90M3pTTzI3Ijt98EhPEj8AAAA
2025-05-10 19:00:17,138 - INFO - Заголовок: Торговое помещение офис 106 кв.м
2025-05-10 19:00:17,138 - INFO - Адрес: Ново-Песочная ул., 40Казань
2025-05-10 19:00:17,138 - INFO - Цена: 477,000.00 руб.
2025-05-10 19:00:17,138 - INFO - Площадь: 106.00 м2
2025-05-10 19:00:17,138 - INFO - Цена за м2: 4,500.00 руб.
2025-05-10 19:00:17,138 - INFO - Причина: Цена за м² (4,500.00 руб.) выше допустимого порога в 3,707.52 руб.
2025-05-10 19:00:17,147 - INFO - --------------------------------------------------------------------------------
2025-05-10 19:00:17,149 - INFO - 
Информация об объявлении:
2025-05-10 19:00:17,149 - INFO - URL: https://www.avito.ru/kazan/kommercheskaya_nedvizhimost/sdam_torgovoe_pomeschenie_63_m_4392139360?context=H4sIAAAAAAAA_wE_AMD_YToyOntzOjEzOiJsb2NhbFByaW9yaXR5IjtiOjA7czoxOiJ4IjtzOjE2OiJwUzlzbExPVk90M3pTTzI3Ijt98EhPEj8AAAA
2025-05-10 19:00:17,149 - INFO - Заголовок: Сдам торговое помещение, 63 м²
2025-05-10 19:00:17,149 - INFO - Адрес: Ново-Песочная ул., 40Казань
2025-05-10 19:00:17,149 - INFO - Цена: 283,500.00 руб.
2025-05-10 19:00:17,149 - INFO - Площадь: 63.00 м2
2025-05-10 19:00:17,149 - INFO - Цена за м2: 4,500.00 руб.
2025-05-10 19:00:17,149 - INFO - Причина: Цена за м² (4,500.00 руб.) выше допустимого порога в 3,707.52 руб.
2025-05-10 19:00:17,149 - INFO - --------------------------------------------------------------------------------
2025-05-10 19:00:17,153 - INFO - 
Информация об объявлении:
2025-05-10 19:00:17,155 - INFO - URL: https://www.avito.ru/kazan/kommercheskaya_nedvizhimost/pod_postamat_kofeapparat_4728311556?context=H4sIAAAAAAAA_wE_AMD_YToyOntzOjEzOiJsb2NhbFByaW9yaXR5IjtiOjA7czoxOiJ4IjtzOjE2OiJVaVR0VHRFSUQwOERPRVZHIjt9Lub7iD8AAAA
2025-05-10 19:00:17,155 - INFO - Заголовок: Под постамат, кофеаппарат
2025-05-10 19:00:17,156 - INFO - Адрес: ул. Баки Урманче, 5Казань
2025-05-10 19:00:17,156 - INFO - Цена: 5,000.00 руб.
2025-05-10 19:00:17,156 - INFO - Площадь: 1.00 м2
2025-05-10 19:00:17,156 - INFO - Цена за м2: 5,000.00 руб.
2025-05-10 19:00:17,156 - INFO - Причина: Цена за м² (5,000.00 руб.) выше допустимого порога в 3,707.52 руб.
2025-05-10 19:00:17,156 - INFO - --------------------------------------------------------------------------------
2025-05-10 19:00:17,156 - INFO - 
Информация об объявлении:
2025-05-10 19:00:17,156 - INFO - URL: https://www.avito.ru/kazan/kommercheskaya_nedvizhimost/torgovaya_ploschad_horoshiy_trafik_21_kv.m_4537381640?context=H4sIAAAAAAAA_wE_AMD_YToyOntzOjEzOiJsb2NhbFByaW9yaXR5IjtiOjA7czoxOiJ4IjtzOjE2OiJVaVR0VHRFSUQwOERPRVZHIjt9Lub7iD8AAAA
2025-05-10 19:00:17,156 - INFO - Заголовок: Торговая площадь, хороший трафик, 21 кв.м
2025-05-10 19:00:17,156 - INFO - Адрес: ул. Максимова, 2АКазань
2025-05-10 19:00:17,156 - INFO - Цена: 90,000.00 руб.
2025-05-10 19:00:17,156 - INFO - Площадь: 21.00 м2
2025-05-10 19:00:17,156 - INFO - Цена за м2: 4,285.71 руб.
2025-05-10 19:00:17,156 - INFO - Причина: Цена за м² (4,285.71 руб.) выше допустимого порога в 3,707.52 руб.
2025-05-10 19:00:17,156 - INFO - --------------------------------------------------------------------------------
2025-05-10 19:00:17,156 - INFO - 
Информация об объявлении:
2025-05-10 19:00:17,156 - INFO - URL: https://www.avito.ru/osinovo/kommercheskaya_nedvizhimost/pomeschenie_svobodnogo_naznacheniya_v_zhk_dostoyanie_235_m2_4505080741?context=H4sIAAAAAAAA_wE_AMD_YToyOntzOjEzOiJsb2NhbFByaW9yaXR5IjtiOjA7czoxOiJ4IjtzOjE2OiJ4eGZWZmdvWUJvUFdCTW1sIjt9jQZcRz8AAAA
2025-05-10 19:00:17,156 - INFO - Заголовок: Помещение свободного назначения в ЖК Достояние, 23,5 м2
2025-05-10 19:00:17,156 - INFO - Адрес: Дорожная ул., 35с. Осиново
2025-05-10 19:00:17,156 - INFO - Цена: 94,000.00 руб.
2025-05-10 19:00:17,156 - INFO - Площадь: 23.50 м2
2025-05-10 19:00:17,156 - INFO - Цена за м2: 4,000.00 руб.
2025-05-10 19:00:17,156 - INFO - Причина: Цена за м² (4,000.00 руб.) выше допустимого порога в 3,707.52 руб.
2025-05-10 19:00:17,156 - INFO - --------------------------------------------------------------------------------
2025-05-10 19:00:17,171 - INFO - 
Информация об объявлении:
2025-05-10 19:00:17,171 - INFO - URL: https://www.avito.ru/kazan/kommercheskaya_nedvizhimost/torgovaya_ploschad_10_m_4786003308?context=H4sIAAAAAAAA_wE_AMD_YToyOntzOjEzOiJsb2NhbFByaW9yaXR5IjtiOjA7czoxOiJ4IjtzOjE2OiJ4eGZWZmdvWUJvUFdCTW1sIjt9jQZcRz8AAAA
2025-05-10 19:00:17,171 - INFO - Заголовок: Торговая площадь, 10 м²
2025-05-10 19:00:17,171 - INFO - Адрес: ул. Космонавтов, 1АКазань
2025-05-10 19:00:17,171 - INFO - Цена: 39,300.00 руб.
2025-05-10 19:00:17,171 - INFO - Площадь: 10.00 м2
2025-05-10 19:00:17,171 - INFO - Цена за м2: 3,930.00 руб.
2025-05-10 19:00:17,171 - INFO - Причина: Цена за м² (3,930.00 руб.) выше допустимого порога в 3,707.52 руб.
2025-05-10 19:00:17,171 - INFO - --------------------------------------------------------------------------------
2025-05-10 19:00:17,171 - INFO - 
Информация об объявлении:
2025-05-10 19:00:17,171 - INFO - URL: https://www.avito.ru/naberezhnye_chelny/kommercheskaya_nedvizhimost/tts_torgovyy_kvartal_torgovaya_ploschad_10_m_3759870014?context=H4sIAAAAAAAA_wE_AMD_YToyOntzOjEzOiJsb2NhbFByaW9yaXR5IjtiOjA7czoxOiJ4IjtzOjE2OiIxNWNpbzZkSjZ0a3FTZkxGIjt9XP5w2z8AAAA
2025-05-10 19:00:17,171 - INFO - Заголовок: ТЦ "Торговый квартал", торговая площадь, 10 м²
2025-05-10 19:00:17,171 - INFO - Адрес: пр-т Мира, 3Набережные Челны
2025-05-10 19:00:17,171 - INFO - Цена: 65,000.00 руб.
2025-05-10 19:00:17,171 - INFO - Площадь: 10.00 м2
2025-05-10 19:00:17,171 - INFO - Цена за м2: 6,500.00 руб.
2025-05-10 19:00:17,171 - INFO - Причина: Цена за м² (6,500.00 руб.) выше допустимого порога в 3,707.52 руб.
2025-05-10 19:00:17,171 - INFO - --------------------------------------------------------------------------------
2025-05-10 19:00:17,171 - INFO - 
Информация об объявлении:
2025-05-10 19:00:17,171 - INFO - URL: https://www.avito.ru/naberezhnye_chelny/kommercheskaya_nedvizhimost/sklad_gsm_2456889728?context=H4sIAAAAAAAA_wE_AMD_YToyOntzOjEzOiJsb2NhbFByaW9yaXR5IjtiOjA7czoxOiJ4IjtzOjE2OiJlampMRXZYUWlXQkp4UW5JIjt9xvuXwj8AAAA
2025-05-10 19:00:17,171 - INFO - Заголовок: Склад гсм
2025-05-10 19:00:17,171 - INFO - Адрес: Старосармановская ул., 19/6Набережные Челны
2025-05-10 19:00:17,187 - INFO - Цена: 200,000.00 руб.
2025-05-10 19:00:17,187 - INFO - Площадь: 24.00 м2
2025-05-10 19:00:17,187 - INFO - Цена за м2: 8,333.33 руб.
2025-05-10 19:00:17,187 - INFO - Причина: Цена за м² (8,333.33 руб.) выше допустимого порога в 3,707.52 руб.
2025-05-10 19:00:17,187 - INFO - --------------------------------------------------------------------------------
