2025-05-10 18:41:48,541 - INFO - Загружено 1087 записей
2025-05-10 18:41:48,549 - INFO - 
Найдено выбросов в ценах:
2025-05-10 18:41:48,549 - INFO - Низкие цены: 0 записей
2025-05-10 18:41:48,549 - INFO - Высокие цены: 21 записей
2025-05-10 18:41:48,557 - INFO - 
Найдено выбросов в площадях:
2025-05-10 18:41:48,557 - INFO - Маленькие площади: 165 записей
2025-05-10 18:41:48,557 - INFO - Большие площади: 0 записей
2025-05-10 18:41:48,557 - INFO - 
Объявления с подозрительно низкими ценами за м2:
2025-05-10 18:41:48,557 - INFO - 
Объявления с подозрительно высокими ценами за м2:
2025-05-10 18:41:48,557 - INFO - 
Информация об объявлении:
2025-05-10 18:41:48,557 - INFO - Заголовок: Свободного назначения, 10 м²
2025-05-10 18:41:48,557 - INFO - Адрес: пр-т Победы, 50БКазань
2025-05-10 18:41:48,557 - INFO - Цена: 60,000.00 руб.
2025-05-10 18:41:48,565 - INFO - Площадь: 10.00 м2
2025-05-10 18:41:48,565 - INFO - Цена за м2: 6,000.00 руб.
2025-05-10 18:41:48,565 - INFO - --------------------------------------------------------------------------------
2025-05-10 18:41:48,565 - INFO - 
Информация об объявлении:
2025-05-10 18:41:48,565 - INFO - Заголовок: ПСН / торговое помещение / общепит 18,9 кв.м
2025-05-10 18:41:48,565 - INFO - Адрес: ул. Достоевского, 53/4Казань
2025-05-10 18:41:48,565 - INFO - Цена: 85,000.00 руб.
2025-05-10 18:41:48,565 - INFO - Площадь: 18.90 м2
2025-05-10 18:41:48,565 - INFO - Цена за м2: 4,497.35 руб.
2025-05-10 18:41:48,565 - INFO - --------------------------------------------------------------------------------
2025-05-10 18:41:48,565 - INFO - 
Информация об объявлении:
2025-05-10 18:41:48,565 - INFO - Заголовок: Прикассовая зона в ТЦ
2025-05-10 18:41:48,565 - INFO - Адрес: Залесная ул., 66Казань
2025-05-10 18:41:48,565 - INFO - Цена: 28,200.00 руб.
2025-05-10 18:41:48,573 - INFO - Площадь: 6.00 м2
2025-05-10 18:41:48,573 - INFO - Цена за м2: 4,700.00 руб.
2025-05-10 18:41:48,573 - INFO - --------------------------------------------------------------------------------
2025-05-10 18:41:48,573 - INFO - 
Информация об объявлении:
2025-05-10 18:41:48,573 - INFO - Заголовок: Торговый павильон Халитова,2
2025-05-10 18:41:48,573 - INFO - Адрес: ул. Халитова, 2Казань
2025-05-10 18:41:48,573 - INFO - Цена: 60,000.00 руб.
2025-05-10 18:41:48,573 - INFO - Площадь: 15.00 м2
2025-05-10 18:41:48,573 - INFO - Цена за м2: 4,000.00 руб.
2025-05-10 18:41:48,573 - INFO - --------------------------------------------------------------------------------
2025-05-10 18:41:48,573 - INFO - 
Информация об объявлении:
2025-05-10 18:41:48,573 - INFO - Заголовок: Свободного назначения, 5 м²
2025-05-10 18:41:48,573 - INFO - Адрес: ул. Пушкина, 40Казань
2025-05-10 18:41:48,573 - INFO - Цена: 25,000.00 руб.
2025-05-10 18:41:48,573 - INFO - Площадь: 5.00 м2
2025-05-10 18:41:48,573 - INFO - Цена за м2: 5,000.00 руб.
2025-05-10 18:41:48,573 - INFO - --------------------------------------------------------------------------------
2025-05-10 18:41:48,581 - INFO - 
Информация об объявлении:
2025-05-10 18:41:48,582 - INFO - Заголовок: Первая линия Торговое, Офис, ПСН - 46 м² свой с/у
2025-05-10 18:41:48,582 - INFO - Адрес: пр-т Ибрагимова, 32АКазань
2025-05-10 18:41:48,582 - INFO - Цена: 184,000.00 руб.
2025-05-10 18:41:48,582 - INFO - Площадь: 46.00 м2
2025-05-10 18:41:48,582 - INFO - Цена за м2: 4,000.00 руб.
2025-05-10 18:41:48,582 - INFO - --------------------------------------------------------------------------------
2025-05-10 18:41:48,582 - INFO - 
Информация об объявлении:
2025-05-10 18:41:48,582 - INFO - Заголовок: Первая линия. Торговое ПСН Офис 54 м² свой с/у
2025-05-10 18:41:48,582 - INFO - Адрес: пр-т Ибрагимова, 32АКазань
2025-05-10 18:41:48,582 - INFO - Цена: 216,000.00 руб.
2025-05-10 18:41:48,582 - INFO - Площадь: 3.00 м2
2025-05-10 18:41:48,582 - INFO - Цена за м2: 72,000.00 руб.
2025-05-10 18:41:48,582 - INFO - --------------------------------------------------------------------------------
2025-05-10 18:41:48,590 - INFO - 
Информация об объявлении:
2025-05-10 18:41:48,590 - INFO - Заголовок: Торговое помещение (ост.Халитова Мегга Мебель)
2025-05-10 18:41:48,590 - INFO - Адрес: ул. Халитова, 2ГКазань
2025-05-10 18:41:48,590 - INFO - Цена: 60,000.00 руб.
2025-05-10 18:41:48,590 - INFO - Площадь: 12.50 м2
2025-05-10 18:41:48,590 - INFO - Цена за м2: 4,800.00 руб.
2025-05-10 18:41:48,590 - INFO - --------------------------------------------------------------------------------
2025-05-10 18:41:48,590 - INFO - 
Информация об объявлении:
2025-05-10 18:41:48,590 - INFO - Заголовок: Торговая площадь
2025-05-10 18:41:48,590 - INFO - Адрес: пр-т Ямашева, 50ГКазань
2025-05-10 18:41:48,590 - INFO - Цена: 280,000.00 руб.
2025-05-10 18:41:48,590 - INFO - Площадь: 70.00 м2
2025-05-10 18:41:48,590 - INFO - Цена за м2: 4,000.00 руб.
2025-05-10 18:41:48,598 - INFO - --------------------------------------------------------------------------------
2025-05-10 18:41:48,598 - INFO - 
Информация об объявлении:
2025-05-10 18:41:48,598 - INFO - Заголовок: Торговая площадь, 22.52 м²
2025-05-10 18:41:48,598 - INFO - Адрес: пр-т Ямашева, 93Казань
2025-05-10 18:41:48,598 - INFO - Цена: 92,000.00 руб.
2025-05-10 18:41:48,598 - INFO - Площадь: 22.52 м2
2025-05-10 18:41:48,598 - INFO - Цена за м2: 4,085.26 руб.
2025-05-10 18:41:48,598 - INFO - --------------------------------------------------------------------------------
2025-05-10 18:41:48,598 - INFO - 
Информация об объявлении:
2025-05-10 18:41:48,598 - INFO - Заголовок: Торговая площадь, 51.06 м²
2025-05-10 18:41:48,598 - INFO - Адрес: пр-т Ямашева, 93Казань
2025-05-10 18:41:48,606 - INFO - Цена: 190,000.00 руб.
2025-05-10 18:41:48,606 - INFO - Площадь: 51.06 м2
2025-05-10 18:41:48,606 - INFO - Цена за м2: 3,721.11 руб.
2025-05-10 18:41:48,606 - INFO - --------------------------------------------------------------------------------
2025-05-10 18:41:48,606 - INFO - 
Информация об объявлении:
2025-05-10 18:41:48,606 - INFO - Заголовок: Павильон с отличным трафиком
2025-05-10 18:41:48,606 - INFO - Адрес: ул. Николая Ершова, 1ВКазань
2025-05-10 18:41:48,606 - INFO - Цена: 60,300.00 руб.
2025-05-10 18:41:48,606 - INFO - Площадь: 13.40 м2
2025-05-10 18:41:48,606 - INFO - Цена за м2: 4,500.00 руб.
2025-05-10 18:41:48,606 - INFO - --------------------------------------------------------------------------------
2025-05-10 18:41:48,606 - INFO - 
Информация об объявлении:
2025-05-10 18:41:48,606 - INFO - Заголовок: Павильон с отличным трафиком
2025-05-10 18:41:48,606 - INFO - Адрес: ул. Николая Ершова, 1ВКазань
2025-05-10 18:41:48,606 - INFO - Цена: 120,600.00 руб.
2025-05-10 18:41:48,606 - INFO - Площадь: 26.80 м2
2025-05-10 18:41:48,614 - INFO - Цена за м2: 4,500.00 руб.
2025-05-10 18:41:48,614 - INFO - --------------------------------------------------------------------------------
2025-05-10 18:41:48,614 - INFO - 
Информация об объявлении:
2025-05-10 18:41:48,614 - INFO - Заголовок: Торговое помещение офис 106 кв.м
2025-05-10 18:41:48,614 - INFO - Адрес: Ново-Песочная ул., 40Казань
2025-05-10 18:41:48,614 - INFO - Цена: 477,000.00 руб.
2025-05-10 18:41:48,614 - INFO - Площадь: 106.00 м2
2025-05-10 18:41:48,614 - INFO - Цена за м2: 4,500.00 руб.
2025-05-10 18:41:48,614 - INFO - --------------------------------------------------------------------------------
2025-05-10 18:41:48,614 - INFO - 
Информация об объявлении:
2025-05-10 18:41:48,614 - INFO - Заголовок: Сдам торговое помещение, 63 м²
2025-05-10 18:41:48,614 - INFO - Адрес: Ново-Песочная ул., 40Казань
2025-05-10 18:41:48,614 - INFO - Цена: 283,500.00 руб.
2025-05-10 18:41:48,614 - INFO - Площадь: 63.00 м2
2025-05-10 18:41:48,622 - INFO - Цена за м2: 4,500.00 руб.
2025-05-10 18:41:48,622 - INFO - --------------------------------------------------------------------------------
2025-05-10 18:41:48,622 - INFO - 
Информация об объявлении:
2025-05-10 18:41:48,622 - INFO - Заголовок: Под постамат, кофеаппарат
2025-05-10 18:41:48,622 - INFO - Адрес: ул. Баки Урманче, 5Казань
2025-05-10 18:41:48,622 - INFO - Цена: 5,000.00 руб.
2025-05-10 18:41:48,622 - INFO - Площадь: 1.00 м2
2025-05-10 18:41:48,622 - INFO - Цена за м2: 5,000.00 руб.
2025-05-10 18:41:48,622 - INFO - --------------------------------------------------------------------------------
2025-05-10 18:41:48,622 - INFO - 
Информация об объявлении:
2025-05-10 18:41:48,622 - INFO - Заголовок: Торговая площадь, хороший трафик, 21 кв.м
2025-05-10 18:41:48,622 - INFO - Адрес: ул. Максимова, 2АКазань
2025-05-10 18:41:48,622 - INFO - Цена: 90,000.00 руб.
2025-05-10 18:41:48,622 - INFO - Площадь: 21.00 м2
2025-05-10 18:41:48,622 - INFO - Цена за м2: 4,285.71 руб.
2025-05-10 18:41:48,622 - INFO - --------------------------------------------------------------------------------
2025-05-10 18:41:48,622 - INFO - 
Информация об объявлении:
2025-05-10 18:41:48,630 - INFO - Заголовок: Помещение свободного назначения в ЖК Достояние, 23,5 м2
2025-05-10 18:41:48,630 - INFO - Адрес: Дорожная ул., 35с. Осиново
2025-05-10 18:41:48,630 - INFO - Цена: 94,000.00 руб.
2025-05-10 18:41:48,630 - INFO - Площадь: 23.50 м2
2025-05-10 18:41:48,630 - INFO - Цена за м2: 4,000.00 руб.
2025-05-10 18:41:48,630 - INFO - --------------------------------------------------------------------------------
2025-05-10 18:41:48,630 - INFO - 
Информация об объявлении:
2025-05-10 18:41:48,630 - INFO - Заголовок: Торговая площадь, 10 м²
2025-05-10 18:41:48,630 - INFO - Адрес: ул. Космонавтов, 1АКазань
2025-05-10 18:41:48,630 - INFO - Цена: 39,300.00 руб.
2025-05-10 18:41:48,630 - INFO - Площадь: 10.00 м2
2025-05-10 18:41:48,630 - INFO - Цена за м2: 3,930.00 руб.
2025-05-10 18:41:48,630 - INFO - --------------------------------------------------------------------------------
2025-05-10 18:41:48,630 - INFO - 
Информация об объявлении:
2025-05-10 18:41:48,630 - INFO - Заголовок: ТЦ "Торговый квартал", торговая площадь, 10 м²
2025-05-10 18:41:48,630 - INFO - Адрес: пр-т Мира, 3Набережные Челны
2025-05-10 18:41:48,638 - INFO - Цена: 65,000.00 руб.
2025-05-10 18:41:48,638 - INFO - Площадь: 10.00 м2
2025-05-10 18:41:48,638 - INFO - Цена за м2: 6,500.00 руб.
2025-05-10 18:41:48,638 - INFO - --------------------------------------------------------------------------------
2025-05-10 18:41:48,638 - INFO - 
Информация об объявлении:
2025-05-10 18:41:48,638 - INFO - Заголовок: Склад гсм
2025-05-10 18:41:48,638 - INFO - Адрес: Старосармановская ул., 19/6Набережные Челны
2025-05-10 18:41:48,638 - INFO - Цена: 200,000.00 руб.
2025-05-10 18:41:48,638 - INFO - Площадь: 24.00 м2
2025-05-10 18:41:48,638 - INFO - Цена за м2: 8,333.33 руб.
2025-05-10 18:41:48,638 - INFO - --------------------------------------------------------------------------------
2025-05-10 18:41:48,638 - INFO - 
Объявления с подозрительно маленькими площадями:
2025-05-10 18:41:48,638 - INFO - 
Информация об объявлении:
2025-05-10 18:41:48,638 - INFO - Заголовок: Свободного назначения
2025-05-10 18:41:48,638 - INFO - Адрес: ул. Баки Урманче, 15Нижнекамск
2025-05-10 18:41:48,638 - INFO - Цена: 1,000.00 руб.
2025-05-10 18:41:48,646 - INFO - Площадь: 10.00 м2
2025-05-10 18:41:48,646 - INFO - Цена за м2: 100.00 руб.
2025-05-10 18:41:48,646 - INFO - --------------------------------------------------------------------------------
2025-05-10 18:41:48,646 - INFO - 
Информация об объявлении:
2025-05-10 18:41:48,646 - INFO - Заголовок: Склад (морской контейнер) в аренду
2025-05-10 18:41:48,646 - INFO - Адрес: Индустриальный пр., 47Набережные Челны
2025-05-10 18:41:48,646 - INFO - Цена: 7,000.00 руб.
2025-05-10 18:41:48,646 - INFO - Площадь: 15.00 м2
2025-05-10 18:41:48,646 - INFO - Цена за м2: 466.67 руб.
2025-05-10 18:41:48,646 - INFO - --------------------------------------------------------------------------------
2025-05-10 18:41:48,646 - INFO - 
Информация об объявлении:
2025-05-10 18:41:48,646 - INFO - Заголовок: Свободного назначения
2025-05-10 18:41:48,646 - INFO - Адрес: 53-й комплекс, 27БНабережные Челны
2025-05-10 18:41:48,646 - INFO - Цена: 27,000.00 руб.
2025-05-10 18:41:48,654 - INFO - Площадь: 18.00 м2
2025-05-10 18:41:48,654 - INFO - Цена за м2: 1,500.00 руб.
2025-05-10 18:41:48,654 - INFO - --------------------------------------------------------------------------------
2025-05-10 18:41:48,654 - INFO - 
Информация об объявлении:
2025-05-10 18:41:48,654 - INFO - Заголовок: Торговая площадь, 18 м²
2025-05-10 18:41:48,654 - INFO - Адрес: Оренбургский тракт, 158Казань
2025-05-10 18:41:48,654 - INFO - Цена: 36,000.00 руб.
2025-05-10 18:41:48,654 - INFO - Площадь: 18.00 м2
2025-05-10 18:41:48,654 - INFO - Цена за м2: 2,000.00 руб.
2025-05-10 18:41:48,654 - INFO - --------------------------------------------------------------------------------
2025-05-10 18:41:48,654 - INFO - 
Информация об объявлении:
2025-05-10 18:41:48,654 - INFO - Заголовок: Свободного назначения, 10 м²
2025-05-10 18:41:48,654 - INFO - Адрес: пр-т Победы, 50БКазань
2025-05-10 18:41:48,654 - INFO - Цена: 60,000.00 руб.
2025-05-10 18:41:48,654 - INFO - Площадь: 10.00 м2
2025-05-10 18:41:48,654 - INFO - Цена за м2: 6,000.00 руб.
2025-05-10 18:41:48,654 - INFO - --------------------------------------------------------------------------------
2025-05-10 18:41:48,662 - INFO - 
Информация об объявлении:
2025-05-10 18:41:48,662 - INFO - Заголовок: Шаурма/Пекарня/Тандыр
2025-05-10 18:41:48,662 - INFO - Адрес: Приволжский район, мкр-н Горки-3, Дубравная ул., 11БКазань
2025-05-10 18:41:48,662 - INFO - Цена: 30,000.00 руб.
2025-05-10 18:41:48,662 - INFO - Площадь: 12.00 м2
2025-05-10 18:41:48,662 - INFO - Цена за м2: 2,500.00 руб.
2025-05-10 18:41:48,662 - INFO - --------------------------------------------------------------------------------
2025-05-10 18:41:48,662 - INFO - 
Информация об объявлении:
2025-05-10 18:41:48,662 - INFO - Заголовок: Свободного назначения
2025-05-10 18:41:48,662 - INFO - Адрес: ул. Родины, 33Ак7Казань
2025-05-10 18:41:48,662 - INFO - Цена: 40,500.00 руб.
2025-05-10 18:41:48,662 - INFO - Площадь: 15.00 м2
2025-05-10 18:41:48,662 - INFO - Цена за м2: 2,700.00 руб.
2025-05-10 18:41:48,670 - INFO - --------------------------------------------------------------------------------
2025-05-10 18:41:48,671 - INFO - 
Информация об объявлении:
2025-05-10 18:41:48,671 - INFO - Заголовок: ПСН / торговое помещение / общепит 18,9 кв.м
2025-05-10 18:41:48,671 - INFO - Адрес: ул. Достоевского, 53/4Казань
2025-05-10 18:41:48,671 - INFO - Цена: 85,000.00 руб.
2025-05-10 18:41:48,671 - INFO - Площадь: 18.90 м2
2025-05-10 18:41:48,671 - INFO - Цена за м2: 4,497.35 руб.
2025-05-10 18:41:48,671 - INFO - --------------------------------------------------------------------------------
2025-05-10 18:41:48,671 - INFO - 
Информация об объявлении:
2025-05-10 18:41:48,671 - INFO - Заголовок: Торговая площадь 1.4 м²
2025-05-10 18:41:48,671 - INFO - Адрес: ул. Профессора Камая, 10к2Казань
2025-05-10 18:41:48,671 - INFO - Цена: 3,000.00 руб.
2025-05-10 18:41:48,671 - INFO - Площадь: 1.40 м2
2025-05-10 18:41:48,671 - INFO - Цена за м2: 2,142.86 руб.
2025-05-10 18:41:48,671 - INFO - --------------------------------------------------------------------------------
2025-05-10 18:41:48,671 - INFO - 
Информация об объявлении:
2025-05-10 18:41:48,679 - INFO - Заголовок: Г. Казань, аренда торгового места 18 м²
2025-05-10 18:41:48,679 - INFO - Адрес: ул. Декабристов, 129Казань
2025-05-10 18:41:48,679 - INFO - Цена: 36,000.00 руб.
2025-05-10 18:41:48,679 - INFO - Площадь: 18.00 м2
2025-05-10 18:41:48,679 - INFO - Цена за м2: 2,000.00 руб.
2025-05-10 18:41:48,679 - INFO - --------------------------------------------------------------------------------
2025-05-10 18:41:48,679 - INFO - 
Информация об объявлении:
2025-05-10 18:41:48,679 - INFO - Заголовок: Торговая площадь, Сахарова 22А
2025-05-10 18:41:48,679 - INFO - Адрес: ул. Академика Сахарова, 22АКазань
2025-05-10 18:41:48,679 - INFO - Цена: 45,000.00 руб.
2025-05-10 18:41:48,679 - INFO - Площадь: 15.00 м2
2025-05-10 18:41:48,679 - INFO - Цена за м2: 3,000.00 руб.
2025-05-10 18:41:48,679 - INFO - --------------------------------------------------------------------------------
2025-05-10 18:41:48,687 - INFO - 
Информация об объявлении:
2025-05-10 18:41:48,687 - INFO - Заголовок: Свободного назначения, 15 м²
2025-05-10 18:41:48,687 - INFO - Адрес: Дорожный пер., 7Казань
2025-05-10 18:41:48,687 - INFO - Цена: 5,000.00 руб.
2025-05-10 18:41:48,687 - INFO - Площадь: 15.00 м2
2025-05-10 18:41:48,687 - INFO - Цена за м2: 333.33 руб.
2025-05-10 18:41:48,687 - INFO - --------------------------------------------------------------------------------
2025-05-10 18:41:48,687 - INFO - 
Информация об объявлении:
2025-05-10 18:41:48,687 - INFO - Заголовок: Торговая площадь
2025-05-10 18:41:48,687 - INFO - Адрес: ул. Ленина, 9Азнакаево
2025-05-10 18:41:48,687 - INFO - Цена: 15,000.00 руб.
2025-05-10 18:41:48,687 - INFO - Площадь: 16.00 м2
2025-05-10 18:41:48,687 - INFO - Цена за м2: 937.50 руб.
2025-05-10 18:41:48,687 - INFO - --------------------------------------------------------------------------------
2025-05-10 18:41:48,687 - INFO - 
Информация об объявлении:
2025-05-10 18:41:48,687 - INFO - Заголовок: Казань Братьев Касимовых 22/7, 3 м²
2025-05-10 18:41:48,695 - INFO - Адрес: ул. Братьев Касимовых, 22/7Казань
2025-05-10 18:41:48,695 - INFO - Цена: 11,000.00 руб.
2025-05-10 18:41:48,695 - INFO - Площадь: 3.00 м2
2025-05-10 18:41:48,695 - INFO - Цена за м2: 3,666.67 руб.
2025-05-10 18:41:48,695 - INFO - --------------------------------------------------------------------------------
2025-05-10 18:41:48,695 - INFO - 
Информация об объявлении:
2025-05-10 18:41:48,695 - INFO - Заголовок: Торговое помещение на первой линии
2025-05-10 18:41:48,695 - INFO - Адрес: ул. Декабристов, 164Казань
2025-05-10 18:41:48,695 - INFO - Цена: 25,000.00 руб.
2025-05-10 18:41:48,695 - INFO - Площадь: 10.30 м2
2025-05-10 18:41:48,695 - INFO - Цена за м2: 2,427.18 руб.
2025-05-10 18:41:48,695 - INFO - --------------------------------------------------------------------------------
2025-05-10 18:41:48,703 - INFO - 
Информация об объявлении:
2025-05-10 18:41:48,703 - INFO - Заголовок: Аренда кладовки 2 м² - 4 м²
2025-05-10 18:41:48,703 - INFO - Адрес: ул. Адоратского, 14Казань
2025-05-10 18:41:48,703 - INFO - Цена: 700.00 руб.
2025-05-10 18:41:48,703 - INFO - Площадь: 4.00 м2
2025-05-10 18:41:48,703 - INFO - Цена за м2: 175.00 руб.
2025-05-10 18:41:48,703 - INFO - --------------------------------------------------------------------------------
2025-05-10 18:41:48,703 - INFO - 
Информация об объявлении:
2025-05-10 18:41:48,703 - INFO - Заголовок: Прикассовая зона в ТЦ
2025-05-10 18:41:48,703 - INFO - Адрес: Залесная ул., 66Казань
2025-05-10 18:41:48,703 - INFO - Цена: 28,200.00 руб.
2025-05-10 18:41:48,703 - INFO - Площадь: 6.00 м2
2025-05-10 18:41:48,703 - INFO - Цена за м2: 4,700.00 руб.
2025-05-10 18:41:48,703 - INFO - --------------------------------------------------------------------------------
2025-05-10 18:41:48,703 - INFO - 
Информация об объявлении:
2025-05-10 18:41:48,703 - INFO - Заголовок: 1 этаж, 1 линия, прикассовая зона, Новый ТЦ
2025-05-10 18:41:48,703 - INFO - Адрес: ул. Дементьева, 72БКазань
2025-05-10 18:41:48,711 - INFO - Цена: 30,600.00 руб.
2025-05-10 18:41:48,712 - INFO - Площадь: 10.20 м2
2025-05-10 18:41:48,712 - INFO - Цена за м2: 3,000.00 руб.
2025-05-10 18:41:48,712 - INFO - --------------------------------------------------------------------------------
2025-05-10 18:41:48,712 - INFO - 
Информация об объявлении:
2025-05-10 18:41:48,712 - INFO - Заголовок: Аренда контейнера под склад
2025-05-10 18:41:48,712 - INFO - Адрес: ЖК Лесной Городок, Берёзовая ул., 2АКазань
2025-05-10 18:41:48,712 - INFO - Цена: 6,000.00 руб.
2025-05-10 18:41:48,712 - INFO - Площадь: 15.00 м2
2025-05-10 18:41:48,712 - INFO - Цена за м2: 400.00 руб.
2025-05-10 18:41:48,712 - INFO - --------------------------------------------------------------------------------
2025-05-10 18:41:48,712 - INFO - 
Информация об объявлении:
2025-05-10 18:41:48,712 - INFO - Заголовок: Свободного назначения, 18 м²
2025-05-10 18:41:48,712 - INFO - Адрес: Совхозная ул., 45с. Столбище
2025-05-10 18:41:48,720 - INFO - Цена: 30,000.00 руб.
2025-05-10 18:41:48,720 - INFO - Площадь: 18.00 м2
2025-05-10 18:41:48,720 - INFO - Цена за м2: 1,666.67 руб.
2025-05-10 18:41:48,720 - INFO - --------------------------------------------------------------------------------
2025-05-10 18:41:48,720 - INFO - 
Информация об объявлении:
2025-05-10 18:41:48,720 - INFO - Заголовок: Свободного назначения
2025-05-10 18:41:48,720 - INFO - Адрес: ул. Николая Ершова, 78БКазань
2025-05-10 18:41:48,720 - INFO - Цена: 10,000.00 руб.
2025-05-10 18:41:48,720 - INFO - Площадь: 5.00 м2
2025-05-10 18:41:48,720 - INFO - Цена за м2: 2,000.00 руб.
2025-05-10 18:41:48,720 - INFO - --------------------------------------------------------------------------------
2025-05-10 18:41:48,720 - INFO - 
Информация об объявлении:
2025-05-10 18:41:48,720 - INFO - Заголовок: Торговая площадь, 10 м²
2025-05-10 18:41:48,720 - INFO - Адрес: ул. Фрунзе, 15Казань
2025-05-10 18:41:48,720 - INFO - Цена: 15,000.00 руб.
2025-05-10 18:41:48,720 - INFO - Площадь: 10.00 м2
2025-05-10 18:41:48,728 - INFO - Цена за м2: 1,500.00 руб.
2025-05-10 18:41:48,728 - INFO - --------------------------------------------------------------------------------
2025-05-10 18:41:48,728 - INFO - 
Информация об объявлении:
2025-05-10 18:41:48,728 - INFO - Заголовок: Офис
2025-05-10 18:41:48,728 - INFO - Адрес: ул. Фатыха Амирхана, 30Казань
2025-05-10 18:41:48,728 - INFO - Цена: 25,000.00 руб.
2025-05-10 18:41:48,728 - INFO - Площадь: 12.00 м2
2025-05-10 18:41:48,728 - INFO - Цена за м2: 2,083.33 руб.
2025-05-10 18:41:48,728 - INFO - --------------------------------------------------------------------------------
2025-05-10 18:41:48,728 - INFO - 
Информация об объявлении:
2025-05-10 18:41:48,728 - INFO - Заголовок: Торговая,от 60 до 127 м²
2025-05-10 18:41:48,728 - INFO - Адрес: Московский пр-т, 35Набережные Челны
2025-05-10 18:41:48,728 - INFO - Цена: 1,300.00 руб.
2025-05-10 18:41:48,728 - INFO - Площадь: 1.00 м2
2025-05-10 18:41:48,736 - INFO - Цена за м2: 1,300.00 руб.
2025-05-10 18:41:48,736 - INFO - --------------------------------------------------------------------------------
2025-05-10 18:41:48,736 - INFO - 
Информация об объявлении:
2025-05-10 18:41:48,736 - INFO - Заголовок: Торговая площадь, 18 м²
2025-05-10 18:41:48,736 - INFO - Адрес: пр-т Победы, 206Казань
2025-05-10 18:41:48,736 - INFO - Цена: 20,000.00 руб.
2025-05-10 18:41:48,736 - INFO - Площадь: 18.00 м2
2025-05-10 18:41:48,736 - INFO - Цена за м2: 1,111.11 руб.
2025-05-10 18:41:48,736 - INFO - --------------------------------------------------------------------------------
2025-05-10 18:41:48,736 - INFO - 
Информация об объявлении:
2025-05-10 18:41:48,736 - INFO - Заголовок: Сдам комфортный офис
2025-05-10 18:41:48,736 - INFO - Адрес: Ново-Савиновский район, Меридианная ул., 10Казань
2025-05-10 18:41:48,736 - INFO - Цена: 20,000.00 руб.
2025-05-10 18:41:48,736 - INFO - Площадь: 13.40 м2
2025-05-10 18:41:48,744 - INFO - Цена за м2: 1,492.54 руб.
2025-05-10 18:41:48,744 - INFO - --------------------------------------------------------------------------------
2025-05-10 18:41:48,744 - INFO - 
Информация об объявлении:
2025-05-10 18:41:48,744 - INFO - Заголовок: Торговый павильон Халитова,2
2025-05-10 18:41:48,744 - INFO - Адрес: ул. Халитова, 2Казань
2025-05-10 18:41:48,744 - INFO - Цена: 60,000.00 руб.
2025-05-10 18:41:48,744 - INFO - Площадь: 15.00 м2
2025-05-10 18:41:48,744 - INFO - Цена за м2: 4,000.00 руб.
2025-05-10 18:41:48,744 - INFO - --------------------------------------------------------------------------------
2025-05-10 18:41:48,744 - INFO - 
Информация об объявлении:
2025-05-10 18:41:48,744 - INFO - Заголовок: Свободного назначения, 5 м²
2025-05-10 18:41:48,744 - INFO - Адрес: ул. Пушкина, 40Казань
2025-05-10 18:41:48,744 - INFO - Цена: 25,000.00 руб.
2025-05-10 18:41:48,744 - INFO - Площадь: 5.00 м2
2025-05-10 18:41:48,752 - INFO - Цена за м2: 5,000.00 руб.
2025-05-10 18:41:48,752 - INFO - --------------------------------------------------------------------------------
2025-05-10 18:41:48,752 - INFO - 
Информация об объявлении:
2025-05-10 18:41:48,752 - INFO - Заголовок: Помещение 18 м² под салон, студию, склад
2025-05-10 18:41:48,752 - INFO - Адрес: ул. Профессора Камая, 10к4Казань
2025-05-10 18:41:48,752 - INFO - Цена: 27,000.00 руб.
2025-05-10 18:41:48,752 - INFO - Площадь: 18.00 м2
2025-05-10 18:41:48,752 - INFO - Цена за м2: 1,500.00 руб.
2025-05-10 18:41:48,752 - INFO - --------------------------------------------------------------------------------
2025-05-10 18:41:48,752 - INFO - 
Информация об объявлении:
2025-05-10 18:41:48,752 - INFO - Заголовок: Сдам торговое помещение, 12.5 м²
2025-05-10 18:41:48,752 - INFO - Адрес: ул. Восстания, 4Казань
2025-05-10 18:41:48,752 - INFO - Цена: 40,000.00 руб.
2025-05-10 18:41:48,752 - INFO - Площадь: 12.50 м2
2025-05-10 18:41:48,752 - INFO - Цена за м2: 3,200.00 руб.
2025-05-10 18:41:48,752 - INFO - --------------------------------------------------------------------------------
2025-05-10 18:41:48,760 - INFO - 
Информация об объявлении:
2025-05-10 18:41:48,760 - INFO - Заголовок: Торговая площадь в ТЦ у метро
2025-05-10 18:41:48,760 - INFO - Адрес: ул. Павлюхина, 57Казань
2025-05-10 18:41:48,760 - INFO - Цена: 11,000.00 руб.
2025-05-10 18:41:48,760 - INFO - Площадь: 3.60 м2
2025-05-10 18:41:48,760 - INFO - Цена за м2: 3,055.56 руб.
2025-05-10 18:41:48,760 - INFO - --------------------------------------------------------------------------------
2025-05-10 18:41:48,760 - INFO - 
Информация об объявлении:
2025-05-10 18:41:48,760 - INFO - Заголовок: Торговая площадь, 14 м²
2025-05-10 18:41:48,760 - INFO - Адрес: ул. Гагарина, 6АНижнекамск
2025-05-10 18:41:48,760 - INFO - Цена: 2,000.00 руб.
2025-05-10 18:41:48,760 - INFO - Площадь: 14.00 м2
2025-05-10 18:41:48,760 - INFO - Цена за м2: 142.86 руб.
2025-05-10 18:41:48,760 - INFO - --------------------------------------------------------------------------------
2025-05-10 18:41:48,760 - INFO - 
Информация об объявлении:
2025-05-10 18:41:48,769 - INFO - Заголовок: Торговый павильон Халезова,18
2025-05-10 18:41:48,769 - INFO - Адрес: ул. Халезова, 18Казань
2025-05-10 18:41:48,769 - INFO - Цена: 60,000.00 руб.
2025-05-10 18:41:48,769 - INFO - Площадь: 18.00 м2
2025-05-10 18:41:48,769 - INFO - Цена за м2: 3,333.33 руб.
2025-05-10 18:41:48,769 - INFO - --------------------------------------------------------------------------------
2025-05-10 18:41:48,769 - INFO - 
Информация об объявлении:
2025-05-10 18:41:48,769 - INFO - Заголовок: Свободного назначения, 16 м²
2025-05-10 18:41:48,769 - INFO - Адрес: ул. Симонова, 11Казань
2025-05-10 18:41:48,769 - INFO - Цена: 34,000.00 руб.
2025-05-10 18:41:48,769 - INFO - Площадь: 16.00 м2
2025-05-10 18:41:48,769 - INFO - Цена за м2: 2,125.00 руб.
2025-05-10 18:41:48,769 - INFO - --------------------------------------------------------------------------------
2025-05-10 18:41:48,769 - INFO - 
Информация об объявлении:
2025-05-10 18:41:48,769 - INFO - Заголовок: Свободного назначения, 11 м²
2025-05-10 18:41:48,769 - INFO - Адрес: ул. Тази Гиззата, 4Елабуга
2025-05-10 18:41:48,777 - INFO - Цена: 11,000.00 руб.
2025-05-10 18:41:48,777 - INFO - Площадь: 11.00 м2
2025-05-10 18:41:48,777 - INFO - Цена за м2: 1,000.00 руб.
2025-05-10 18:41:48,777 - INFO - --------------------------------------------------------------------------------
2025-05-10 18:41:48,777 - INFO - 
Информация об объявлении:
2025-05-10 18:41:48,777 - INFO - Заголовок: Первая линия. Торговое ПСН Офис 54 м² свой с/у
2025-05-10 18:41:48,777 - INFO - Адрес: пр-т Ибрагимова, 32АКазань
2025-05-10 18:41:48,777 - INFO - Цена: 216,000.00 руб.
2025-05-10 18:41:48,777 - INFO - Площадь: 3.00 м2
2025-05-10 18:41:48,777 - INFO - Цена за м2: 72,000.00 руб.
2025-05-10 18:41:48,777 - INFO - --------------------------------------------------------------------------------
2025-05-10 18:41:48,777 - INFO - 
Информация об объявлении:
2025-05-10 18:41:48,785 - INFO - Заголовок: Торговая площадь
2025-05-10 18:41:48,785 - INFO - Адрес: ул. Наиля Юсупова, 4Казань
2025-05-10 18:41:48,785 - INFO - Цена: 28,000.00 руб.
2025-05-10 18:41:48,785 - INFO - Площадь: 10.00 м2
2025-05-10 18:41:48,785 - INFO - Цена за м2: 2,800.00 руб.
2025-05-10 18:41:48,785 - INFO - --------------------------------------------------------------------------------
2025-05-10 18:41:48,785 - INFO - 
Информация об объявлении:
2025-05-10 18:41:48,785 - INFO - Заголовок: Торговая площадь, 15 м²
2025-05-10 18:41:48,785 - INFO - Адрес: ул. Родины, 41Казань
2025-05-10 18:41:48,785 - INFO - Цена: 1,500.00 руб.
2025-05-10 18:41:48,785 - INFO - Площадь: 15.00 м2
2025-05-10 18:41:48,785 - INFO - Цена за м2: 100.00 руб.
2025-05-10 18:41:48,785 - INFO - --------------------------------------------------------------------------------
2025-05-10 18:41:48,785 - INFO - 
Информация об объявлении:
2025-05-10 18:41:48,785 - INFO - Заголовок: Сдаю торговую площадь 15 кв в Кировском районе
2025-05-10 18:41:48,785 - INFO - Адрес: Революционная ул., 14Казань
2025-05-10 18:41:48,785 - INFO - Цена: 20,000.00 руб.
2025-05-10 18:41:48,785 - INFO - Площадь: 15.00 м2
2025-05-10 18:41:48,785 - INFO - Цена за м2: 1,333.33 руб.
2025-05-10 18:41:48,785 - INFO - --------------------------------------------------------------------------------
2025-05-10 18:41:48,793 - INFO - 
Информация об объявлении:
2025-05-10 18:41:48,793 - INFO - Заголовок: Сдаю торговые площади 15 кв на Беломорской
2025-05-10 18:41:48,793 - INFO - Адрес: Беломорская ул., 69/3Казань
2025-05-10 18:41:48,793 - INFO - Цена: 36,000.00 руб.
2025-05-10 18:41:48,793 - INFO - Площадь: 15.00 м2
2025-05-10 18:41:48,793 - INFO - Цена за м2: 2,400.00 руб.
2025-05-10 18:41:48,793 - INFO - --------------------------------------------------------------------------------
2025-05-10 18:41:48,793 - INFO - 
Информация об объявлении:
2025-05-10 18:41:48,793 - INFO - Заголовок: Свободного назначения, 9.2 м²
2025-05-10 18:41:48,793 - INFO - Адрес: ул. Карла Маркса, 30Чистополь
2025-05-10 18:41:48,793 - INFO - Цена: 11,550.00 руб.
2025-05-10 18:41:48,793 - INFO - Площадь: 9.20 м2
2025-05-10 18:41:48,793 - INFO - Цена за м2: 1,255.43 руб.
2025-05-10 18:41:48,793 - INFO - --------------------------------------------------------------------------------
2025-05-10 18:41:48,793 - INFO - 
Информация об объявлении:
2025-05-10 18:41:48,801 - INFO - Заголовок: Свободного назначения, 10 м²
2025-05-10 18:41:48,801 - INFO - Адрес: ул. Карла Маркса, 30Чистополь
2025-05-10 18:41:48,801 - INFO - Цена: 15,000.00 руб.
2025-05-10 18:41:48,801 - INFO - Площадь: 10.00 м2
2025-05-10 18:41:48,801 - INFO - Цена за м2: 1,500.00 руб.
2025-05-10 18:41:48,801 - INFO - --------------------------------------------------------------------------------
2025-05-10 18:41:48,801 - INFO - 
Информация об объявлении:
2025-05-10 18:41:48,801 - INFO - Заголовок: Зеленодольск, Королева, д.1а, площадь 9 м²
2025-05-10 18:41:48,801 - INFO - Адрес: ул. Королёва, 1АЗеленодольск
2025-05-10 18:41:48,801 - INFO - Цена: 13,000.00 руб.
2025-05-10 18:41:48,801 - INFO - Площадь: 9.00 м2
2025-05-10 18:41:48,801 - INFO - Цена за м2: 1,444.44 руб.
2025-05-10 18:41:48,801 - INFO - --------------------------------------------------------------------------------
2025-05-10 18:41:48,801 - INFO - 
Информация об объявлении:
2025-05-10 18:41:48,801 - INFO - Заголовок: Сдаю свободного назначения
2025-05-10 18:41:48,801 - INFO - Адрес: ул. Маршала Чуйкова, 35БКазань
2025-05-10 18:41:48,809 - INFO - Цена: 15,900.00 руб.
2025-05-10 18:41:48,809 - INFO - Площадь: 19.00 м2
2025-05-10 18:41:48,809 - INFO - Цена за м2: 836.84 руб.
2025-05-10 18:41:48,809 - INFO - --------------------------------------------------------------------------------
2025-05-10 18:41:48,809 - INFO - 
Информация об объявлении:
2025-05-10 18:41:48,809 - INFO - Заголовок: Офисы с ремонтом в современном в Бизнес центре
2025-05-10 18:41:48,809 - INFO - Адрес: ул. Адоратского, 78Казань
2025-05-10 18:41:48,809 - INFO - Цена: 1,300.00 руб.
2025-05-10 18:41:48,809 - INFO - Площадь: 18.00 м2
2025-05-10 18:41:48,809 - INFO - Цена за м2: 72.22 руб.
2025-05-10 18:41:48,809 - INFO - --------------------------------------------------------------------------------
2025-05-10 18:41:48,809 - INFO - 
Информация об объявлении:
2025-05-10 18:41:48,817 - INFO - Заголовок: Офисы с ремонтом в современном в Бизнес центре
2025-05-10 18:41:48,817 - INFO - Адрес: ул. Адоратского, 78Казань
2025-05-10 18:41:48,817 - INFO - Цена: 1,300.00 руб.
2025-05-10 18:41:48,817 - INFO - Площадь: 18.00 м2
2025-05-10 18:41:48,817 - INFO - Цена за м2: 72.22 руб.
2025-05-10 18:41:48,817 - INFO - --------------------------------------------------------------------------------
2025-05-10 18:41:48,817 - INFO - 
Информация об объявлении:
2025-05-10 18:41:48,817 - INFO - Заголовок: Торговая площадь, 4 м²
2025-05-10 18:41:48,817 - INFO - Адрес: ул. Ленина, 126Альметьевск
2025-05-10 18:41:48,817 - INFO - Цена: 4,850.00 руб.
2025-05-10 18:41:48,817 - INFO - Площадь: 4.00 м2
2025-05-10 18:41:48,817 - INFO - Цена за м2: 1,212.50 руб.
2025-05-10 18:41:48,817 - INFO - --------------------------------------------------------------------------------
2025-05-10 18:41:48,817 - INFO - 
Информация об объявлении:
2025-05-10 18:41:48,817 - INFO - Заголовок: Торговая площадь, 11.4 м²
2025-05-10 18:41:48,825 - INFO - Адрес: пр-т Строителей, 30Зеленодольск
2025-05-10 18:41:48,826 - INFO - Цена: 27,000.00 руб.
2025-05-10 18:41:48,826 - INFO - Площадь: 11.40 м2
2025-05-10 18:41:48,826 - INFO - Цена за м2: 2,368.42 руб.
2025-05-10 18:41:48,826 - INFO - --------------------------------------------------------------------------------
2025-05-10 18:41:48,826 - INFO - 
Информация об объявлении:
2025-05-10 18:41:48,826 - INFO - Заголовок: Торговая площадь, 14 м² в гипере Магнит Шевченко 4
2025-05-10 18:41:48,826 - INFO - Адрес: ул. Шевченко, 47Альметьевск
2025-05-10 18:41:48,826 - INFO - Цена: 1.00 руб.
2025-05-10 18:41:48,826 - INFO - Площадь: 14.00 м2
2025-05-10 18:41:48,826 - INFO - Цена за м2: 0.07 руб.
2025-05-10 18:41:48,826 - INFO - --------------------------------------------------------------------------------
2025-05-10 18:41:48,826 - INFO - 
Информация об объявлении:
2025-05-10 18:41:48,826 - INFO - Заголовок: Свободного назначения, 14,3-31м²
2025-05-10 18:41:48,826 - INFO - Адрес: пр-т Раиса Беляева, 31Набережные Челны
2025-05-10 18:41:48,834 - INFO - Цена: 1,200.00 руб.
2025-05-10 18:41:48,834 - INFO - Площадь: 14.30 м2
2025-05-10 18:41:48,834 - INFO - Цена за м2: 83.92 руб.
2025-05-10 18:41:48,834 - INFO - --------------------------------------------------------------------------------
2025-05-10 18:41:48,834 - INFO - 
Информация об объявлении:
2025-05-10 18:41:48,834 - INFO - Заголовок: Торговая площадь на трафике, 3.5 м2
2025-05-10 18:41:48,834 - INFO - Адрес: ул. Мусина, 68АКазань
2025-05-10 18:41:48,834 - INFO - Цена: 8,000.00 руб.
2025-05-10 18:41:48,834 - INFO - Площадь: 3.50 м2
2025-05-10 18:41:48,834 - INFO - Цена за м2: 2,285.71 руб.
2025-05-10 18:41:48,834 - INFO - --------------------------------------------------------------------------------
2025-05-10 18:41:48,834 - INFO - 
Информация об объявлении:
2025-05-10 18:41:48,834 - INFO - Заголовок: Торговая площадь, 11 м²
2025-05-10 18:41:48,834 - INFO - Адрес: ул. Горьковское Шоссе, 15Казань
2025-05-10 18:41:48,834 - INFO - Цена: 25,000.00 руб.
2025-05-10 18:41:48,834 - INFO - Площадь: 11.00 м2
2025-05-10 18:41:48,834 - INFO - Цена за м2: 2,272.73 руб.
2025-05-10 18:41:48,834 - INFO - --------------------------------------------------------------------------------
2025-05-10 18:41:48,842 - INFO - 
Информация об объявлении:
2025-05-10 18:41:48,842 - INFO - Заголовок: Торговое помещение (ост.Халитова Мегга Мебель)
2025-05-10 18:41:48,842 - INFO - Адрес: ул. Халитова, 2ГКазань
2025-05-10 18:41:48,842 - INFO - Цена: 60,000.00 руб.
2025-05-10 18:41:48,842 - INFO - Площадь: 12.50 м2
2025-05-10 18:41:48,842 - INFO - Цена за м2: 4,800.00 руб.
2025-05-10 18:41:48,842 - INFO - --------------------------------------------------------------------------------
2025-05-10 18:41:48,842 - INFO - 
Информация об объявлении:
2025-05-10 18:41:48,842 - INFO - Заголовок: Свободного назначения, 15 м²
2025-05-10 18:41:48,842 - INFO - Адрес: ул. Академика Глушко, 22БКазань
2025-05-10 18:41:48,842 - INFO - Цена: 1,400.00 руб.
2025-05-10 18:41:48,842 - INFO - Площадь: 15.00 м2
2025-05-10 18:41:48,842 - INFO - Цена за м2: 93.33 руб.
2025-05-10 18:41:48,842 - INFO - --------------------------------------------------------------------------------
2025-05-10 18:41:48,842 - INFO - 
Информация об объявлении:
2025-05-10 18:41:48,850 - INFO - Заголовок: Отдельный вход на первой линии
2025-05-10 18:41:48,850 - INFO - Адрес: Горьковское ш., 15Казань
2025-05-10 18:41:48,850 - INFO - Цена: 13,000.00 руб.
2025-05-10 18:41:48,850 - INFO - Площадь: 10.00 м2
2025-05-10 18:41:48,850 - INFO - Цена за м2: 1,300.00 руб.
2025-05-10 18:41:48,850 - INFO - --------------------------------------------------------------------------------
2025-05-10 18:41:48,850 - INFO - 
Информация об объявлении:
2025-05-10 18:41:48,850 - INFO - Заголовок: Сдаю торговый павильон 15 кв на Ямашева
2025-05-10 18:41:48,850 - INFO - Адрес: пр-т Ямашева, 104к1Казань
2025-05-10 18:41:48,850 - INFO - Цена: 40,000.00 руб.
2025-05-10 18:41:48,850 - INFO - Площадь: 15.00 м2
2025-05-10 18:41:48,850 - INFO - Цена за м2: 2,666.67 руб.
2025-05-10 18:41:48,850 - INFO - --------------------------------------------------------------------------------
2025-05-10 18:41:48,850 - INFO - 
Информация об объявлении:
2025-05-10 18:41:48,850 - INFO - Заголовок: Торговая площадь, 1 м²
2025-05-10 18:41:48,850 - INFO - Адрес: ул. Сибирский Тракт, 12БАрск
2025-05-10 18:41:48,850 - INFO - Цена: 3,000.00 руб.
2025-05-10 18:41:48,858 - INFO - Площадь: 1.00 м2
2025-05-10 18:41:48,858 - INFO - Цена за м2: 3,000.00 руб.
2025-05-10 18:41:48,858 - INFO - --------------------------------------------------------------------------------
2025-05-10 18:41:48,858 - INFO - 
Информация об объявлении:
2025-05-10 18:41:48,858 - INFO - Заголовок: Площади в строящемся павильоне свободного назначен
2025-05-10 18:41:48,858 - INFO - Адрес: Поперечно-Базарная ул., 32Казань
2025-05-10 18:41:48,858 - INFO - Цена: 2,000.00 руб.
2025-05-10 18:41:48,858 - INFO - Площадь: 1.00 м2
2025-05-10 18:41:48,858 - INFO - Цена за м2: 2,000.00 руб.
2025-05-10 18:41:48,858 - INFO - --------------------------------------------------------------------------------
2025-05-10 18:41:48,858 - INFO - 
Информация об объявлении:
2025-05-10 18:41:48,858 - INFO - Заголовок: Свободного назначения
2025-05-10 18:41:48,858 - INFO - Адрес: пр. Созидателей, 13Казань
2025-05-10 18:41:48,858 - INFO - Цена: 18,000.00 руб.
2025-05-10 18:41:48,858 - INFO - Площадь: 10.00 м2
2025-05-10 18:41:48,858 - INFO - Цена за м2: 1,800.00 руб.
2025-05-10 18:41:48,858 - INFO - --------------------------------------------------------------------------------
2025-05-10 18:41:48,867 - INFO - 
Информация об объявлении:
2025-05-10 18:41:48,867 - INFO - Заголовок: Торговая площадь в аренду, 5.5 м² все включено
2025-05-10 18:41:48,867 - INFO - Адрес: ул. Челюскина, 55Казань
2025-05-10 18:41:48,867 - INFO - Цена: 10,000.00 руб.
2025-05-10 18:41:48,867 - INFO - Площадь: 5.50 м2
2025-05-10 18:41:48,867 - INFO - Цена за м2: 1,818.18 руб.
2025-05-10 18:41:48,867 - INFO - --------------------------------------------------------------------------------
2025-05-10 18:41:48,867 - INFO - 
Информация об объявлении:
2025-05-10 18:41:48,867 - INFO - Заголовок: Торговая площадь
2025-05-10 18:41:48,867 - INFO - Адрес: ул. Карла Маркса, 118ЕЧистополь
2025-05-10 18:41:48,867 - INFO - Цена: 10,000.00 руб.
2025-05-10 18:41:48,867 - INFO - Площадь: 10.00 м2
2025-05-10 18:41:48,867 - INFO - Цена за м2: 1,000.00 руб.
2025-05-10 18:41:48,867 - INFO - --------------------------------------------------------------------------------
2025-05-10 18:41:48,867 - INFO - 
Информация об объявлении:
2025-05-10 18:41:48,867 - INFO - Заголовок: Контейнер в аренду под склад
2025-05-10 18:41:48,874 - INFO - Адрес: Южно-Промышленная ул., 20Казань
2025-05-10 18:41:48,874 - INFO - Цена: 6,000.00 руб.
2025-05-10 18:41:48,874 - INFO - Площадь: 15.00 м2
2025-05-10 18:41:48,874 - INFO - Цена за м2: 400.00 руб.
2025-05-10 18:41:48,874 - INFO - --------------------------------------------------------------------------------
2025-05-10 18:41:48,874 - INFO - 
Информация об объявлении:
2025-05-10 18:41:48,874 - INFO - Заголовок: Торговая площадь
2025-05-10 18:41:48,874 - INFO - Адрес: ул. Галии Кайбицкой, 12Казань
2025-05-10 18:41:48,874 - INFO - Цена: 1,000.00 руб.
2025-05-10 18:41:48,874 - INFO - Площадь: 5.00 м2
2025-05-10 18:41:48,874 - INFO - Цена за м2: 200.00 руб.
2025-05-10 18:41:48,874 - INFO - --------------------------------------------------------------------------------
2025-05-10 18:41:48,874 - INFO - 
Информация об объявлении:
2025-05-10 18:41:48,874 - INFO - Заголовок: Свободного назначения
2025-05-10 18:41:48,874 - INFO - Адрес: ул. Энгельса, 94Чистополь
2025-05-10 18:41:48,874 - INFO - Цена: 15,000.00 руб.
2025-05-10 18:41:48,874 - INFO - Площадь: 12.00 м2
2025-05-10 18:41:48,882 - INFO - Цена за м2: 1,250.00 руб.
2025-05-10 18:41:48,883 - INFO - --------------------------------------------------------------------------------
2025-05-10 18:41:48,883 - INFO - 
Информация об объявлении:
2025-05-10 18:41:48,883 - INFO - Заголовок: Торговая площадь 12 кв.м
2025-05-10 18:41:48,883 - INFO - Адрес: пр-т Ямашева, 17Казань
2025-05-10 18:41:48,883 - INFO - Цена: 30,000.00 руб.
2025-05-10 18:41:48,883 - INFO - Площадь: 12.00 м2
2025-05-10 18:41:48,883 - INFO - Цена за м2: 2,500.00 руб.
2025-05-10 18:41:48,883 - INFO - --------------------------------------------------------------------------------
2025-05-10 18:41:48,883 - INFO - 
Информация об объявлении:
2025-05-10 18:41:48,883 - INFO - Заголовок: Мини офис, 10.5 м²
2025-05-10 18:41:48,883 - INFO - Адрес: ул. Восстания, 18БКазань
2025-05-10 18:41:48,883 - INFO - Цена: 10,000.00 руб.
2025-05-10 18:41:48,883 - INFO - Площадь: 10.50 м2
2025-05-10 18:41:48,883 - INFO - Цена за м2: 952.38 руб.
2025-05-10 18:41:48,883 - INFO - --------------------------------------------------------------------------------
2025-05-10 18:41:48,891 - INFO - 
Информация об объявлении:
2025-05-10 18:41:48,891 - INFO - Заголовок: Сдам торговый павильон 15 кв на 1 линии. Сухофрукты уже есть
2025-05-10 18:41:48,891 - INFO - Адрес: ул. Александра Курынова, 6к1Казань
2025-05-10 18:41:48,891 - INFO - Цена: 40,000.00 руб.
2025-05-10 18:41:48,891 - INFO - Площадь: 15.00 м2
2025-05-10 18:41:48,891 - INFO - Цена за м2: 2,666.67 руб.
2025-05-10 18:41:48,891 - INFO - --------------------------------------------------------------------------------
2025-05-10 18:41:48,891 - INFO - 
Информация об объявлении:
2025-05-10 18:41:48,891 - INFO - Заголовок: Склад
2025-05-10 18:41:48,891 - INFO - Адрес: ул. Куйбышева, 26Лениногорск
2025-05-10 18:41:48,891 - INFO - Цена: 1,500.00 руб.
2025-05-10 18:41:48,891 - INFO - Площадь: 4.00 м2
2025-05-10 18:41:48,891 - INFO - Цена за м2: 375.00 руб.
2025-05-10 18:41:48,891 - INFO - --------------------------------------------------------------------------------
2025-05-10 18:41:48,891 - INFO - 
Информация об объявлении:
2025-05-10 18:41:48,899 - INFO - Заголовок: Свободного назначения, 16 м²
2025-05-10 18:41:48,899 - INFO - Адрес: ул. Гостева, 57Набережные Челны
2025-05-10 18:41:48,899 - INFO - Цена: 16,000.00 руб.
2025-05-10 18:41:48,899 - INFO - Площадь: 16.00 м2
2025-05-10 18:41:48,899 - INFO - Цена за м2: 1,000.00 руб.
2025-05-10 18:41:48,899 - INFO - --------------------------------------------------------------------------------
2025-05-10 18:41:48,899 - INFO - 
Информация об объявлении:
2025-05-10 18:41:48,899 - INFO - Заголовок: Торговая площадь, 5.5 м²
2025-05-10 18:41:48,899 - INFO - Адрес: пр-т Строителей, 10ААльметьевск
2025-05-10 18:41:48,899 - INFO - Цена: 13,000.00 руб.
2025-05-10 18:41:48,899 - INFO - Площадь: 5.50 м2
2025-05-10 18:41:48,899 - INFO - Цена за м2: 2,363.64 руб.
2025-05-10 18:41:48,899 - INFO - --------------------------------------------------------------------------------
2025-05-10 18:41:48,899 - INFO - 
Информация об объявлении:
2025-05-10 18:41:48,899 - INFO - Заголовок: Под цветы, кафе, вейпы на остановке
2025-05-10 18:41:48,907 - INFO - Адрес: ул. Николая Ершова, 56/1Казань
2025-05-10 18:41:48,907 - INFO - Цена: 55,000.00 руб.
2025-05-10 18:41:48,907 - INFO - Площадь: 15.00 м2
2025-05-10 18:41:48,907 - INFO - Цена за м2: 3,666.67 руб.
2025-05-10 18:41:48,907 - INFO - --------------------------------------------------------------------------------
2025-05-10 18:41:48,907 - INFO - 
Информация об объявлении:
2025-05-10 18:41:48,907 - INFO - Заголовок: Торговая площадь на остановке 1 мая
2025-05-10 18:41:48,907 - INFO - Адрес: ул. 1 Мая, 5Казань
2025-05-10 18:41:48,907 - INFO - Цена: 20,000.00 руб.
2025-05-10 18:41:48,907 - INFO - Площадь: 10.00 м2
2025-05-10 18:41:48,907 - INFO - Цена за м2: 2,000.00 руб.
2025-05-10 18:41:48,907 - INFO - --------------------------------------------------------------------------------
2025-05-10 18:41:48,907 - INFO - 
Информация об объявлении:
2025-05-10 18:41:48,907 - INFO - Заголовок: Торговая, от 70 до 500 м²
2025-05-10 18:41:48,907 - INFO - Адрес: Кольцевая ул., 70Набережные Челны
2025-05-10 18:41:48,907 - INFO - Цена: 1,200.00 руб.
2025-05-10 18:41:48,907 - INFO - Площадь: 1.00 м2
2025-05-10 18:41:48,915 - INFO - Цена за м2: 1,200.00 руб.
2025-05-10 18:41:48,915 - INFO - --------------------------------------------------------------------------------
2025-05-10 18:41:48,915 - INFO - 
Информация об объявлении:
2025-05-10 18:41:48,915 - INFO - Заголовок: Торговая площадь, 16.2 м²
2025-05-10 18:41:48,915 - INFO - Адрес: ул. Чулман, 9Нижнекамск
2025-05-10 18:41:48,915 - INFO - Цена: 1,000.00 руб.
2025-05-10 18:41:48,915 - INFO - Площадь: 16.20 м2
2025-05-10 18:41:48,915 - INFO - Цена за м2: 61.73 руб.
2025-05-10 18:41:48,915 - INFO - --------------------------------------------------------------------------------
2025-05-10 18:41:48,915 - INFO - 
Информация об объявлении:
2025-05-10 18:41:48,915 - INFO - Заголовок: Торговая площадь, 15 м²
2025-05-10 18:41:48,915 - INFO - Адрес: Кавалерийская ул., 23Казань
2025-05-10 18:41:48,915 - INFO - Цена: 2,000.00 руб.
2025-05-10 18:41:48,915 - INFO - Площадь: 15.00 м2
2025-05-10 18:41:48,915 - INFO - Цена за м2: 133.33 руб.
2025-05-10 18:41:48,923 - INFO - --------------------------------------------------------------------------------
2025-05-10 18:41:48,923 - INFO - 
Информация об объявлении:
2025-05-10 18:41:48,923 - INFO - Заголовок: Аренда контейнера под склад
2025-05-10 18:41:48,923 - INFO - Адрес: ул. Аделя Кутуя, 153ВКазань
2025-05-10 18:41:48,923 - INFO - Цена: 6,000.00 руб.
2025-05-10 18:41:48,923 - INFO - Площадь: 15.00 м2
2025-05-10 18:41:48,923 - INFO - Цена за м2: 400.00 руб.
2025-05-10 18:41:48,923 - INFO - --------------------------------------------------------------------------------
2025-05-10 18:41:48,923 - INFO - 
Информация об объявлении:
2025-05-10 18:41:48,923 - INFO - Заголовок: Свободного назначения, 15 м²
2025-05-10 18:41:48,923 - INFO - Адрес: Чистопольская ул., 59Казань
2025-05-10 18:41:48,923 - INFO - Цена: 20,000.00 руб.
2025-05-10 18:41:48,923 - INFO - Площадь: 15.00 м2
2025-05-10 18:41:48,923 - INFO - Цена за м2: 1,333.33 руб.
2025-05-10 18:41:48,923 - INFO - --------------------------------------------------------------------------------
2025-05-10 18:41:48,923 - INFO - 
Информация об объявлении:
2025-05-10 18:41:48,932 - INFO - Заголовок: Павильон с отличным трафиком
2025-05-10 18:41:48,932 - INFO - Адрес: ул. Николая Ершова, 1ВКазань
2025-05-10 18:41:48,932 - INFO - Цена: 60,300.00 руб.
2025-05-10 18:41:48,932 - INFO - Площадь: 13.40 м2
2025-05-10 18:41:48,932 - INFO - Цена за м2: 4,500.00 руб.
2025-05-10 18:41:48,932 - INFO - --------------------------------------------------------------------------------
2025-05-10 18:41:48,932 - INFO - 
Информация об объявлении:
2025-05-10 18:41:48,932 - INFO - Заголовок: Свободного назначения, 14 м²
2025-05-10 18:41:48,932 - INFO - Адрес: пр-т Нефтяников, 7Елабуга
2025-05-10 18:41:48,932 - INFO - Цена: 1,700.00 руб.
2025-05-10 18:41:48,932 - INFO - Площадь: 14.00 м2
2025-05-10 18:41:48,932 - INFO - Цена за м2: 121.43 руб.
2025-05-10 18:41:48,932 - INFO - --------------------------------------------------------------------------------
2025-05-10 18:41:48,932 - INFO - 
Информация об объявлении:
2025-05-10 18:41:48,932 - INFO - Заголовок: Свободного назначения, 16 м²
2025-05-10 18:41:48,932 - INFO - Адрес: пр-т Раиса Беляева, 12ДНабережные Челны
2025-05-10 18:41:48,940 - INFO - Цена: 10,000.00 руб.
2025-05-10 18:41:48,940 - INFO - Площадь: 16.00 м2
2025-05-10 18:41:48,940 - INFO - Цена за м2: 625.00 руб.
2025-05-10 18:41:48,940 - INFO - --------------------------------------------------------------------------------
2025-05-10 18:41:48,940 - INFO - 
Информация об объявлении:
2025-05-10 18:41:48,940 - INFO - Заголовок: Часть помещения перед WB и ozon, 15 м²
2025-05-10 18:41:48,940 - INFO - Адрес: Дорожная ул., 5с. Осиново
2025-05-10 18:41:48,940 - INFO - Цена: 38,000.00 руб.
2025-05-10 18:41:48,940 - INFO - Площадь: 15.00 м2
2025-05-10 18:41:48,940 - INFO - Цена за м2: 2,533.33 руб.
2025-05-10 18:41:48,940 - INFO - --------------------------------------------------------------------------------
2025-05-10 18:41:48,940 - INFO - 
Информация об объявлении:
2025-05-10 18:41:48,940 - INFO - Заголовок: Торговая площадь, 10 м²
2025-05-10 18:41:48,940 - INFO - Адрес: ул. Маршала Чуйкова, 4Казань
2025-05-10 18:41:48,940 - INFO - Цена: 35,000.00 руб.
2025-05-10 18:41:48,940 - INFO - Площадь: 10.00 м2
2025-05-10 18:41:48,940 - INFO - Цена за м2: 3,500.00 руб.
2025-05-10 18:41:48,940 - INFO - --------------------------------------------------------------------------------
2025-05-10 18:41:48,940 - INFO - 
Информация об объявлении:
2025-05-10 18:41:48,948 - INFO - Заголовок: Арена морского контейнера
2025-05-10 18:41:48,948 - INFO - Адрес: Тульская ул., 39ЕКазань
2025-05-10 18:41:48,948 - INFO - Цена: 8,000.00 руб.
2025-05-10 18:41:48,948 - INFO - Площадь: 13.80 м2
2025-05-10 18:41:48,948 - INFO - Цена за м2: 579.71 руб.
2025-05-10 18:41:48,948 - INFO - --------------------------------------------------------------------------------
2025-05-10 18:41:48,948 - INFO - 
Информация об объявлении:
2025-05-10 18:41:48,948 - INFO - Заголовок: Контейнер под склад, 14.4 м²
2025-05-10 18:41:48,948 - INFO - Адрес: Набережная ул., 11Казань
2025-05-10 18:41:48,948 - INFO - Цена: 5,000.00 руб.
2025-05-10 18:41:48,948 - INFO - Площадь: 14.40 м2
2025-05-10 18:41:48,948 - INFO - Цена за м2: 347.22 руб.
2025-05-10 18:41:48,948 - INFO - --------------------------------------------------------------------------------
2025-05-10 18:41:48,948 - INFO - 
Информация об объявлении:
2025-05-10 18:41:48,948 - INFO - Заголовок: Торговая,от 50 до 110 м²
2025-05-10 18:41:48,948 - INFO - Адрес: 69-й комплекс, 22Набережные Челны
2025-05-10 18:41:48,956 - INFO - Цена: 1,800.00 руб.
2025-05-10 18:41:48,956 - INFO - Площадь: 1.00 м2
2025-05-10 18:41:48,956 - INFO - Цена за м2: 1,800.00 руб.
2025-05-10 18:41:48,956 - INFO - --------------------------------------------------------------------------------
2025-05-10 18:41:48,956 - INFO - 
Информация об объявлении:
2025-05-10 18:41:48,956 - INFO - Заголовок: Торговая площадь
2025-05-10 18:41:48,956 - INFO - Адрес: ул. Мусина, 29/2Казань
2025-05-10 18:41:48,956 - INFO - Цена: 57,000.00 руб.
2025-05-10 18:41:48,956 - INFO - Площадь: 17.00 м2
2025-05-10 18:41:48,956 - INFO - Цена за м2: 3,352.94 руб.
2025-05-10 18:41:48,956 - INFO - --------------------------------------------------------------------------------
2025-05-10 18:41:48,956 - INFO - 
Информация об объявлении:
2025-05-10 18:41:48,956 - INFO - Заголовок: Под постамат, кофеаппарат
2025-05-10 18:41:48,956 - INFO - Адрес: ул. Баки Урманче, 5Казань
2025-05-10 18:41:48,956 - INFO - Цена: 5,000.00 руб.
2025-05-10 18:41:48,956 - INFO - Площадь: 1.00 м2
2025-05-10 18:41:48,956 - INFO - Цена за м2: 5,000.00 руб.
2025-05-10 18:41:48,956 - INFO - --------------------------------------------------------------------------------
2025-05-10 18:41:48,956 - INFO - 
Информация об объявлении:
2025-05-10 18:41:48,956 - INFO - Заголовок: Торговая площадь, магазин, павильон, 18.2 м²
2025-05-10 18:41:48,964 - INFO - Адрес: пр-т Победы, 50АКазань
2025-05-10 18:41:48,964 - INFO - Цена: 40,000.00 руб.
2025-05-10 18:41:48,964 - INFO - Площадь: 18.20 м2
2025-05-10 18:41:48,964 - INFO - Цена за м2: 2,197.80 руб.
2025-05-10 18:41:48,964 - INFO - --------------------------------------------------------------------------------
2025-05-10 18:41:48,964 - INFO - 
Информация об объявлении:
2025-05-10 18:41:48,964 - INFO - Заголовок: Свободного назначения
2025-05-10 18:41:48,964 - INFO - Адрес: ул. Ленина, 27Бавлы
2025-05-10 18:41:48,964 - INFO - Цена: 11,000.00 руб.
2025-05-10 18:41:48,964 - INFO - Площадь: 18.00 м2
2025-05-10 18:41:48,964 - INFO - Цена за м2: 611.11 руб.
2025-05-10 18:41:48,964 - INFO - --------------------------------------------------------------------------------
2025-05-10 18:41:48,964 - INFO - 
Информация об объявлении:
2025-05-10 18:41:48,964 - INFO - Заголовок: Массажный кабинет, офис, юр адрес 18 м²
2025-05-10 18:41:48,964 - INFO - Адрес: ул. Профессора Камая, 10к4Казань
2025-05-10 18:41:48,972 - INFO - Цена: 27,000.00 руб.
2025-05-10 18:41:48,972 - INFO - Площадь: 15.00 м2
2025-05-10 18:41:48,972 - INFO - Цена за м2: 1,800.00 руб.
2025-05-10 18:41:48,972 - INFO - --------------------------------------------------------------------------------
2025-05-10 18:41:48,972 - INFO - 
Информация об объявлении:
2025-05-10 18:41:48,972 - INFO - Заголовок: Сдаются торговые площади от 37 до 282 кв.м
2025-05-10 18:41:48,972 - INFO - Адрес: ул. Добролюбова, 8АЛениногорск
2025-05-10 18:41:48,972 - INFO - Цена: 1,150.00 руб.
2025-05-10 18:41:48,972 - INFO - Площадь: 1.00 м2
2025-05-10 18:41:48,972 - INFO - Цена за м2: 1,150.00 руб.
2025-05-10 18:41:48,972 - INFO - --------------------------------------------------------------------------------
2025-05-10 18:41:48,972 - INFO - 
Информация об объявлении:
2025-05-10 18:41:48,972 - INFO - Заголовок: Торговая, от 60 до 127 м²
2025-05-10 18:41:48,972 - INFO - Адрес: Набережночелнинский пр-т, 70/56Набережные Челны
2025-05-10 18:41:48,972 - INFO - Цена: 1,000.00 руб.
2025-05-10 18:41:48,972 - INFO - Площадь: 1.00 м2
2025-05-10 18:41:48,972 - INFO - Цена за м2: 1,000.00 руб.
2025-05-10 18:41:48,972 - INFO - --------------------------------------------------------------------------------
2025-05-10 18:41:48,972 - INFO - 
Информация об объявлении:
2025-05-10 18:41:48,980 - INFO - Заголовок: Торговая, от 70 до 1000 м²
2025-05-10 18:41:48,980 - INFO - Адрес: пр-т Абдурахмана Абсалямова, 14Набережные Челны
2025-05-10 18:41:48,980 - INFO - Цена: 1,000.00 руб.
2025-05-10 18:41:48,980 - INFO - Площадь: 1.00 м2
2025-05-10 18:41:48,980 - INFO - Цена за м2: 1,000.00 руб.
2025-05-10 18:41:48,980 - INFO - --------------------------------------------------------------------------------
2025-05-10 18:41:48,980 - INFO - 
Информация об объявлении:
2025-05-10 18:41:48,980 - INFO - Заголовок: Свободного назначения, 10 м²
2025-05-10 18:41:48,980 - INFO - Адрес: ул. Декабристов, 193Казань
2025-05-10 18:41:48,980 - INFO - Цена: 20,000.00 руб.
2025-05-10 18:41:48,980 - INFO - Площадь: 10.00 м2
2025-05-10 18:41:48,980 - INFO - Цена за м2: 2,000.00 руб.
2025-05-10 18:41:48,980 - INFO - --------------------------------------------------------------------------------
2025-05-10 18:41:48,980 - INFO - 
Информация об объявлении:
2025-05-10 18:41:48,980 - INFO - Заголовок: Свободного назначения, 10 м²
2025-05-10 18:41:48,988 - INFO - Адрес: ул. Айдарова, 8БКазань
2025-05-10 18:41:48,988 - INFO - Цена: 600.00 руб.
2025-05-10 18:41:48,988 - INFO - Площадь: 10.00 м2
2025-05-10 18:41:48,988 - INFO - Цена за м2: 60.00 руб.
2025-05-10 18:41:48,988 - INFO - --------------------------------------------------------------------------------
2025-05-10 18:41:48,988 - INFO - 
Информация об объявлении:
2025-05-10 18:41:48,988 - INFO - Заголовок: Торговая площадь, 10 м²
2025-05-10 18:41:48,988 - INFO - Адрес: ул. Космонавтов, 1АКазань
2025-05-10 18:41:48,988 - INFO - Цена: 39,300.00 руб.
2025-05-10 18:41:48,988 - INFO - Площадь: 10.00 м2
2025-05-10 18:41:48,988 - INFO - Цена за м2: 3,930.00 руб.
2025-05-10 18:41:48,988 - INFO - --------------------------------------------------------------------------------
2025-05-10 18:41:48,988 - INFO - 
Информация об объявлении:
2025-05-10 18:41:48,988 - INFO - Заголовок: Офис, от 50 до 400 м²
2025-05-10 18:41:48,988 - INFO - Адрес: пр-т Вахитова, 1АНабережные Челны
2025-05-10 18:41:48,988 - INFO - Цена: 750.00 руб.
2025-05-10 18:41:48,988 - INFO - Площадь: 1.00 м2
2025-05-10 18:41:48,988 - INFO - Цена за м2: 750.00 руб.
2025-05-10 18:41:48,988 - INFO - --------------------------------------------------------------------------------
2025-05-10 18:41:48,988 - INFO - 
Информация об объявлении:
2025-05-10 18:41:48,996 - INFO - Заголовок: Торговая, от 50 до 400 м²
2025-05-10 18:41:48,997 - INFO - Адрес: 18-й комплекс, 5Набережные Челны
2025-05-10 18:41:48,997 - INFO - Цена: 1,300.00 руб.
2025-05-10 18:41:48,997 - INFO - Площадь: 1.00 м2
2025-05-10 18:41:48,997 - INFO - Цена за м2: 1,300.00 руб.
2025-05-10 18:41:48,997 - INFO - --------------------------------------------------------------------------------
2025-05-10 18:41:48,997 - INFO - 
Информация об объявлении:
2025-05-10 18:41:48,997 - INFO - Заголовок: Торговая площадь, 5.4 м²
2025-05-10 18:41:48,997 - INFO - Адрес: ул. Сыртлановой, 8Казань
2025-05-10 18:41:48,997 - INFO - Цена: 12,500.00 руб.
2025-05-10 18:41:48,997 - INFO - Площадь: 5.40 м2
2025-05-10 18:41:48,997 - INFO - Цена за м2: 2,314.81 руб.
2025-05-10 18:41:48,997 - INFO - --------------------------------------------------------------------------------
2025-05-10 18:41:48,997 - INFO - 
Информация об объявлении:
2025-05-10 18:41:48,997 - INFO - Заголовок: Торговая площадь у "Чижика " на первой лини
2025-05-10 18:41:49,005 - INFO - Адрес: Беломорская ул., 33Казань
2025-05-10 18:41:49,005 - INFO - Цена: 34,125.00 руб.
2025-05-10 18:41:49,005 - INFO - Площадь: 13.00 м2
2025-05-10 18:41:49,005 - INFO - Цена за м2: 2,625.00 руб.
2025-05-10 18:41:49,005 - INFO - --------------------------------------------------------------------------------
2025-05-10 18:41:49,005 - INFO - 
Информация об объявлении:
2025-05-10 18:41:49,005 - INFO - Заголовок: Свободного назначения, 7 м²
2025-05-10 18:41:49,005 - INFO - Адрес: Советский район, посёлок Дербышки, ул. Мира, 45Казань
2025-05-10 18:41:49,005 - INFO - Цена: 10,500.00 руб.
2025-05-10 18:41:49,005 - INFO - Площадь: 7.00 м2
2025-05-10 18:41:49,005 - INFO - Цена за м2: 1,500.00 руб.
2025-05-10 18:41:49,005 - INFO - --------------------------------------------------------------------------------
2025-05-10 18:41:49,005 - INFO - 
Информация об объявлении:
2025-05-10 18:41:49,005 - INFO - Заголовок: Свободного назначения, 15 м²
2025-05-10 18:41:49,005 - INFO - Адрес: ул. Родины, 7/3Казань
2025-05-10 18:41:49,005 - INFO - Цена: 8,500.00 руб.
2025-05-10 18:41:49,005 - INFO - Площадь: 15.00 м2
2025-05-10 18:41:49,013 - INFO - Цена за м2: 566.67 руб.
2025-05-10 18:41:49,013 - INFO - --------------------------------------------------------------------------------
2025-05-10 18:41:49,013 - INFO - 
Информация об объявлении:
2025-05-10 18:41:49,013 - INFO - Заголовок: Торговая площадь, под магазин, шоу рум
2025-05-10 18:41:49,013 - INFO - Адрес: пр-т Победы, 50АКазань
2025-05-10 18:41:49,013 - INFO - Цена: 36,120.00 руб.
2025-05-10 18:41:49,013 - INFO - Площадь: 17.20 м2
2025-05-10 18:41:49,013 - INFO - Цена за м2: 2,100.00 руб.
2025-05-10 18:41:49,013 - INFO - --------------------------------------------------------------------------------
2025-05-10 18:41:49,013 - INFO - 
Информация об объявлении:
2025-05-10 18:41:49,013 - INFO - Заголовок: Свободного назначения, 10 м²
2025-05-10 18:41:49,013 - INFO - Адрес: ул. Салиха Батыева, 11Казань
2025-05-10 18:41:49,021 - INFO - Цена: 12,000.00 руб.
2025-05-10 18:41:49,021 - INFO - Площадь: 10.00 м2
2025-05-10 18:41:49,021 - INFO - Цена за м2: 1,200.00 руб.
2025-05-10 18:41:49,021 - INFO - --------------------------------------------------------------------------------
2025-05-10 18:41:49,021 - INFO - 
Информация об объявлении:
2025-05-10 18:41:49,021 - INFO - Заголовок: Сдается помещение на ул. Березовая (Лесной городок) д.27, 18,9м2
2025-05-10 18:41:49,021 - INFO - Адрес: Приволжский район, жилой комплекс Лесной Городок, Берёзовая ул., 27Казань
2025-05-10 18:41:49,021 - INFO - Цена: 27,000.00 руб.
2025-05-10 18:41:49,021 - INFO - Площадь: 18.90 м2
2025-05-10 18:41:49,021 - INFO - Цена за м2: 1,428.57 руб.
2025-05-10 18:41:49,021 - INFO - --------------------------------------------------------------------------------
2025-05-10 18:41:49,021 - INFO - 
Информация об объявлении:
2025-05-10 18:41:49,021 - INFO - Заголовок: Сдам торговое помещение, 9.1 м²
2025-05-10 18:41:49,021 - INFO - Адрес: Петербургская ул., 9Казань
2025-05-10 18:41:49,021 - INFO - Цена: 7,500.00 руб.
2025-05-10 18:41:49,029 - INFO - Площадь: 9.10 м2
2025-05-10 18:41:49,029 - INFO - Цена за м2: 824.18 руб.
2025-05-10 18:41:49,029 - INFO - --------------------------------------------------------------------------------
2025-05-10 18:41:49,029 - INFO - 
Информация об объявлении:
2025-05-10 18:41:49,029 - INFO - Заголовок: Свободного назначения
2025-05-10 18:41:49,029 - INFO - Адрес: ул. Садриева, 36Лениногорск
2025-05-10 18:41:49,029 - INFO - Цена: 6,000.00 руб.
2025-05-10 18:41:49,029 - INFO - Площадь: 17.00 м2
2025-05-10 18:41:49,029 - INFO - Цена за м2: 352.94 руб.
2025-05-10 18:41:49,029 - INFO - --------------------------------------------------------------------------------
2025-05-10 18:41:49,029 - INFO - 
Информация об объявлении:
2025-05-10 18:41:49,029 - INFO - Заголовок: Офисная площадь, 36 м²
2025-05-10 18:41:49,029 - INFO - Адрес: ул. Декабристов, 85Казань
2025-05-10 18:41:49,037 - INFO - Цена: 25,200.00 руб.
2025-05-10 18:41:49,037 - INFO - Площадь: 10.00 м2
2025-05-10 18:41:49,037 - INFO - Цена за м2: 2,520.00 руб.
2025-05-10 18:41:49,037 - INFO - --------------------------------------------------------------------------------
2025-05-10 18:41:49,037 - INFO - 
Информация об объявлении:
2025-05-10 18:41:49,037 - INFO - Заголовок: Сдам сектор в БЦ "профсоюзный" 6м
2025-05-10 18:41:49,037 - INFO - Адрес: Вахитовский район, Профсоюзная ул., 40-42Казань
2025-05-10 18:41:49,037 - INFO - Цена: 18,000.00 руб.
2025-05-10 18:41:49,037 - INFO - Площадь: 6.00 м2
2025-05-10 18:41:49,037 - INFO - Цена за м2: 3,000.00 руб.
2025-05-10 18:41:49,037 - INFO - --------------------------------------------------------------------------------
2025-05-10 18:41:49,037 - INFO - 
Информация об объявлении:
2025-05-10 18:41:49,037 - INFO - Заголовок: Помещение
2025-05-10 18:41:49,037 - INFO - Адрес: ул. Ленина, 9АКукмор
2025-05-10 18:41:49,037 - INFO - Цена: 7,500.00 руб.
2025-05-10 18:41:49,037 - INFO - Площадь: 6.00 м2
2025-05-10 18:41:49,046 - INFO - Цена за м2: 1,250.00 руб.
2025-05-10 18:41:49,046 - INFO - --------------------------------------------------------------------------------
2025-05-10 18:41:49,046 - INFO - 
Информация об объявлении:
2025-05-10 18:41:49,046 - INFO - Заголовок: Торговая площадь, 14 м²
2025-05-10 18:41:49,046 - INFO - Адрес: пр-т Ямашева, 54к4Казань
2025-05-10 18:41:49,046 - INFO - Цена: 25,000.00 руб.
2025-05-10 18:41:49,046 - INFO - Площадь: 14.00 м2
2025-05-10 18:41:49,046 - INFO - Цена за м2: 1,785.71 руб.
2025-05-10 18:41:49,046 - INFO - --------------------------------------------------------------------------------
2025-05-10 18:41:49,046 - INFO - 
Информация об объявлении:
2025-05-10 18:41:49,046 - INFO - Заголовок: Аренда кладовки, 12,5 м3
2025-05-10 18:41:49,046 - INFO - Адрес: ул. Адоратского, 2БКазань
2025-05-10 18:41:49,054 - INFO - Цена: 7,875.00 руб.
2025-05-10 18:41:49,054 - INFO - Площадь: 5.00 м2
2025-05-10 18:41:49,054 - INFO - Цена за м2: 1,575.00 руб.
2025-05-10 18:41:49,054 - INFO - --------------------------------------------------------------------------------
2025-05-10 18:41:49,054 - INFO - 
Информация об объявлении:
2025-05-10 18:41:49,054 - INFO - Заголовок: Аренда кладовки, 3,75 м3
2025-05-10 18:41:49,054 - INFO - Адрес: ул. Адоратского, 2БКазань
2025-05-10 18:41:49,054 - INFO - Цена: 3,570.00 руб.
2025-05-10 18:41:49,054 - INFO - Площадь: 1.50 м2
2025-05-10 18:41:49,054 - INFO - Цена за м2: 2,380.00 руб.
2025-05-10 18:41:49,054 - INFO - --------------------------------------------------------------------------------
2025-05-10 18:41:49,054 - INFO - 
Информация об объявлении:
2025-05-10 18:41:49,054 - INFO - Заголовок: Аренда кладовки, 7,5 м3
2025-05-10 18:41:49,054 - INFO - Адрес: ул. Адоратского, 2БКазань
2025-05-10 18:41:49,062 - INFO - Цена: 5,910.00 руб.
2025-05-10 18:41:49,062 - INFO - Площадь: 3.00 м2
2025-05-10 18:41:49,062 - INFO - Цена за м2: 1,970.00 руб.
2025-05-10 18:41:49,062 - INFO - --------------------------------------------------------------------------------
2025-05-10 18:41:49,062 - INFO - 
Информация об объявлении:
2025-05-10 18:41:49,062 - INFO - Заголовок: Аренда кладовки, 2,25 м3
2025-05-10 18:41:49,062 - INFO - Адрес: ул. Адоратского, 2БКазань
2025-05-10 18:41:49,062 - INFO - Цена: 2,142.00 руб.
2025-05-10 18:41:49,062 - INFO - Площадь: 1.50 м2
2025-05-10 18:41:49,062 - INFO - Цена за м2: 1,428.00 руб.
2025-05-10 18:41:49,062 - INFO - --------------------------------------------------------------------------------
2025-05-10 18:41:49,062 - INFO - 
Информация об объявлении:
2025-05-10 18:41:49,062 - INFO - Заголовок: Аренда кладовки, 1,5 м3
2025-05-10 18:41:49,070 - INFO - Адрес: ул. Адоратского, 2БКазань
2025-05-10 18:41:49,070 - INFO - Цена: 1,425.00 руб.
2025-05-10 18:41:49,070 - INFO - Площадь: 1.50 м2
2025-05-10 18:41:49,070 - INFO - Цена за м2: 950.00 руб.
2025-05-10 18:41:49,070 - INFO - --------------------------------------------------------------------------------
2025-05-10 18:41:49,070 - INFO - 
Информация об объявлении:
2025-05-10 18:41:49,070 - INFO - Заголовок: Торговый павильон, 16 м²
2025-05-10 18:41:49,070 - INFO - Адрес: Полковая ул., 4с. Высокая Гора
2025-05-10 18:41:49,070 - INFO - Цена: 10,000.00 руб.
2025-05-10 18:41:49,070 - INFO - Площадь: 16.00 м2
2025-05-10 18:41:49,070 - INFO - Цена за м2: 625.00 руб.
2025-05-10 18:41:49,070 - INFO - --------------------------------------------------------------------------------
2025-05-10 18:41:49,070 - INFO - 
Информация об объявлении:
2025-05-10 18:41:49,070 - INFO - Заголовок: Сдам торговое помещение, 12.5 м²
2025-05-10 18:41:49,070 - INFO - Адрес: пр-т Ямашева, 50АКазань
2025-05-10 18:41:49,078 - INFO - Цена: 40,000.00 руб.
2025-05-10 18:41:49,078 - INFO - Площадь: 12.50 м2
2025-05-10 18:41:49,078 - INFO - Цена за м2: 3,200.00 руб.
2025-05-10 18:41:49,078 - INFO - --------------------------------------------------------------------------------
2025-05-10 18:41:49,078 - INFO - 
Информация об объявлении:
2025-05-10 18:41:49,078 - INFO - Заголовок: Помещение свободного назначения
2025-05-10 18:41:49,078 - INFO - Адрес: ул. Юлиуса Фучика, 52Казань
2025-05-10 18:41:49,078 - INFO - Цена: 25,000.00 руб.
2025-05-10 18:41:49,078 - INFO - Площадь: 18.00 м2
2025-05-10 18:41:49,078 - INFO - Цена за м2: 1,388.89 руб.
2025-05-10 18:41:49,078 - INFO - --------------------------------------------------------------------------------
2025-05-10 18:41:49,086 - INFO - 
Информация об объявлении:
2025-05-10 18:41:49,086 - INFO - Заголовок: Свободного назначения, 12 м²
2025-05-10 18:41:49,086 - INFO - Адрес: ул. Гагарина, 9Буинск
2025-05-10 18:41:49,086 - INFO - Цена: 10,000.00 руб.
2025-05-10 18:41:49,086 - INFO - Площадь: 12.00 м2
2025-05-10 18:41:49,086 - INFO - Цена за м2: 833.33 руб.
2025-05-10 18:41:49,086 - INFO - --------------------------------------------------------------------------------
2025-05-10 18:41:49,086 - INFO - 
Информация об объявлении:
2025-05-10 18:41:49,086 - INFO - Заголовок: Торговая площадь, 10.4 м²
2025-05-10 18:41:49,086 - INFO - Адрес: пр-т Габдуллы Тукая, 31ГАльметьевск
2025-05-10 18:41:49,086 - INFO - Цена: 8,000.00 руб.
2025-05-10 18:41:49,086 - INFO - Площадь: 10.40 м2
2025-05-10 18:41:49,086 - INFO - Цена за м2: 769.23 руб.
2025-05-10 18:41:49,086 - INFO - --------------------------------------------------------------------------------
2025-05-10 18:41:49,086 - INFO - 
Информация об объявлении:
2025-05-10 18:41:49,094 - INFO - Заголовок: Торговая площадь, 18 м² с оборудованием
2025-05-10 18:41:49,094 - INFO - Адрес: пр-т Строителей, 40АЗеленодольск
2025-05-10 18:41:49,094 - INFO - Цена: 30,000.00 руб.
2025-05-10 18:41:49,094 - INFO - Площадь: 18.00 м2
2025-05-10 18:41:49,094 - INFO - Цена за м2: 1,666.67 руб.
2025-05-10 18:41:49,094 - INFO - --------------------------------------------------------------------------------
2025-05-10 18:41:49,094 - INFO - 
Информация об объявлении:
2025-05-10 18:41:49,094 - INFO - Заголовок: Свободного назначения, 1 м²
2025-05-10 18:41:49,094 - INFO - Адрес: Советская ул., 10с. Сокуры
2025-05-10 18:41:49,094 - INFO - Цена: 1,000.00 руб.
2025-05-10 18:41:49,094 - INFO - Площадь: 1.00 м2
2025-05-10 18:41:49,094 - INFO - Цена за м2: 1,000.00 руб.
2025-05-10 18:41:49,102 - INFO - --------------------------------------------------------------------------------
2025-05-10 18:41:49,103 - INFO - 
Информация об объявлении:
2025-05-10 18:41:49,103 - INFO - Заголовок: Торговая площадь, 15 м²
2025-05-10 18:41:49,103 - INFO - Адрес: Магистральная ул., 10с. Каймары
2025-05-10 18:41:49,103 - INFO - Цена: 1,200.00 руб.
2025-05-10 18:41:49,103 - INFO - Площадь: 15.00 м2
2025-05-10 18:41:49,103 - INFO - Цена за м2: 80.00 руб.
2025-05-10 18:41:49,103 - INFO - --------------------------------------------------------------------------------
2025-05-10 18:41:49,103 - INFO - 
Информация об объявлении:
2025-05-10 18:41:49,103 - INFO - Заголовок: Торговая площадь, 10 м²
2025-05-10 18:41:49,103 - INFO - Адрес: Ленинградская ул., 27Казань
2025-05-10 18:41:49,103 - INFO - Цена: 35,000.00 руб.
2025-05-10 18:41:49,103 - INFO - Площадь: 10.00 м2
2025-05-10 18:41:49,110 - INFO - Цена за м2: 3,500.00 руб.
2025-05-10 18:41:49,110 - INFO - --------------------------------------------------------------------------------
2025-05-10 18:41:49,110 - INFO - 
Информация об объявлении:
2025-05-10 18:41:49,110 - INFO - Заголовок: Сезонное хранение шин, шинный отель
2025-05-10 18:41:49,110 - INFO - Адрес: ул. Халитова, 8Казань
2025-05-10 18:41:49,110 - INFO - Цена: 300.00 руб.
2025-05-10 18:41:49,110 - INFO - Площадь: 1.00 м2
2025-05-10 18:41:49,110 - INFO - Цена за м2: 300.00 руб.
2025-05-10 18:41:49,110 - INFO - --------------------------------------------------------------------------------
2025-05-10 18:41:49,110 - INFO - 
Информация об объявлении:
2025-05-10 18:41:49,110 - INFO - Заголовок: Торговая площадь, 10 м²
2025-05-10 18:41:49,118 - INFO - Адрес: ул. Рихарда Зорге, 68Казань
2025-05-10 18:41:49,118 - INFO - Цена: 32,000.00 руб.
2025-05-10 18:41:49,118 - INFO - Площадь: 10.00 м2
2025-05-10 18:41:49,118 - INFO - Цена за м2: 3,200.00 руб.
2025-05-10 18:41:49,118 - INFO - --------------------------------------------------------------------------------
2025-05-10 18:41:49,118 - INFO - 
Информация об объявлении:
2025-05-10 18:41:49,118 - INFO - Заголовок: Торговая, от 70 до 400 м²
2025-05-10 18:41:49,118 - INFO - Адрес: пр-т Чулман, 118Набережные Челны
2025-05-10 18:41:49,118 - INFO - Цена: 1,500.00 руб.
2025-05-10 18:41:49,118 - INFO - Площадь: 1.00 м2
2025-05-10 18:41:49,118 - INFO - Цена за м2: 1,500.00 руб.
2025-05-10 18:41:49,118 - INFO - --------------------------------------------------------------------------------
2025-05-10 18:41:49,118 - INFO - 
Информация об объявлении:
2025-05-10 18:41:49,118 - INFO - Заголовок: Свободного назначения, 15 м²
2025-05-10 18:41:49,126 - INFO - Адрес: ул. Габдуллы Тукая, 2Казань
2025-05-10 18:41:49,126 - INFO - Цена: 20,000.00 руб.
2025-05-10 18:41:49,126 - INFO - Площадь: 15.00 м2
2025-05-10 18:41:49,126 - INFO - Цена за м2: 1,333.33 руб.
2025-05-10 18:41:49,126 - INFO - --------------------------------------------------------------------------------
2025-05-10 18:41:49,126 - INFO - 
Информация об объявлении:
2025-05-10 18:41:49,126 - INFO - Заголовок: ТЦ "Торговый квартал", торговая площадь, 10 м²
2025-05-10 18:41:49,126 - INFO - Адрес: пр-т Мира, 3Набережные Челны
2025-05-10 18:41:49,126 - INFO - Цена: 65,000.00 руб.
2025-05-10 18:41:49,126 - INFO - Площадь: 10.00 м2
2025-05-10 18:41:49,126 - INFO - Цена за м2: 6,500.00 руб.
2025-05-10 18:41:49,126 - INFO - --------------------------------------------------------------------------------
2025-05-10 18:41:49,126 - INFO - 
Информация об объявлении:
2025-05-10 18:41:49,126 - INFO - Заголовок: Торговая площадь, 8.7 м²
2025-05-10 18:41:49,126 - INFO - Адрес: Волгоградская ул., 37АКазань
2025-05-10 18:41:49,126 - INFO - Цена: 16,000.00 руб.
2025-05-10 18:41:49,134 - INFO - Площадь: 8.70 м2
2025-05-10 18:41:49,134 - INFO - Цена за м2: 1,839.08 руб.
2025-05-10 18:41:49,134 - INFO - --------------------------------------------------------------------------------
2025-05-10 18:41:49,134 - INFO - 
Информация об объявлении:
2025-05-10 18:41:49,134 - INFO - Заголовок: Торговая площадь, 12.5 м²
2025-05-10 18:41:49,134 - INFO - Адрес: ул. 30 лет Победы, 1Нижнекамск
2025-05-10 18:41:49,134 - INFO - Цена: 2,500.00 руб.
2025-05-10 18:41:49,134 - INFO - Площадь: 12.50 м2
2025-05-10 18:41:49,134 - INFO - Цена за м2: 200.00 руб.
2025-05-10 18:41:49,134 - INFO - --------------------------------------------------------------------------------
2025-05-10 18:41:49,134 - INFO - 
Информация об объявлении:
2025-05-10 18:41:49,134 - INFO - Заголовок: Торговая площадь в аренду, 17.5 м²
2025-05-10 18:41:49,134 - INFO - Адрес: ул. Генерала Махмута Гареева, 7БКазань
2025-05-10 18:41:49,134 - INFO - Цена: 30,000.00 руб.
2025-05-10 18:41:49,134 - INFO - Площадь: 17.50 м2
2025-05-10 18:41:49,142 - INFO - Цена за м2: 1,714.29 руб.
2025-05-10 18:41:49,142 - INFO - --------------------------------------------------------------------------------
2025-05-10 18:41:49,142 - INFO - 
Информация об объявлении:
2025-05-10 18:41:49,142 - INFO - Заголовок: Торговая площадь, 10.32 м²
2025-05-10 18:41:49,142 - INFO - Адрес: ул. Ленина, 195Альметьевск
2025-05-10 18:41:49,142 - INFO - Цена: 8,256.00 руб.
2025-05-10 18:41:49,142 - INFO - Площадь: 10.32 м2
2025-05-10 18:41:49,142 - INFO - Цена за м2: 800.00 руб.
2025-05-10 18:41:49,142 - INFO - --------------------------------------------------------------------------------
2025-05-10 18:41:49,142 - INFO - 
Информация об объявлении:
2025-05-10 18:41:49,142 - INFO - Заголовок: Контейнер Кладовка Склад
2025-05-10 18:41:49,142 - INFO - Адрес: Техническая ул., 46ВКазань
2025-05-10 18:41:49,150 - INFO - Цена: 2,500.00 руб.
2025-05-10 18:41:49,150 - INFO - Площадь: 3.50 м2
2025-05-10 18:41:49,150 - INFO - Цена за м2: 714.29 руб.
2025-05-10 18:41:49,150 - INFO - --------------------------------------------------------------------------------
2025-05-10 18:41:49,150 - INFO - 
Информация об объявлении:
2025-05-10 18:41:49,150 - INFO - Заголовок: Торговая площадь с отдельным входом 13 м²
2025-05-10 18:41:49,150 - INFO - Адрес: Ленинградская ул., 17Казань
2025-05-10 18:41:49,150 - INFO - Цена: 20,475.00 руб.
2025-05-10 18:41:49,150 - INFO - Площадь: 13.00 м2
2025-05-10 18:41:49,150 - INFO - Цена за м2: 1,575.00 руб.
2025-05-10 18:41:49,150 - INFO - --------------------------------------------------------------------------------
2025-05-10 18:41:49,150 - INFO - 
Информация об объявлении:
2025-05-10 18:41:49,150 - INFO - Заголовок: Склад, 15 м²
2025-05-10 18:41:49,150 - INFO - Адрес: ул. Дементьева, 2ГКазань
2025-05-10 18:41:49,159 - INFO - Цена: 7,000.00 руб.
2025-05-10 18:41:49,159 - INFO - Площадь: 15.00 м2
2025-05-10 18:41:49,159 - INFO - Цена за м2: 466.67 руб.
2025-05-10 18:41:49,159 - INFO - --------------------------------------------------------------------------------
2025-05-10 18:41:49,159 - INFO - 
Информация об объявлении:
2025-05-10 18:41:49,159 - INFO - Заголовок: Торговая площадь, 12 м²
2025-05-10 18:41:49,159 - INFO - Адрес: Казанский пр-т, 254Набережные Челны
2025-05-10 18:41:49,159 - INFO - Цена: 25,000.00 руб.
2025-05-10 18:41:49,159 - INFO - Площадь: 12.00 м2
2025-05-10 18:41:49,159 - INFO - Цена за м2: 2,083.33 руб.
2025-05-10 18:41:49,159 - INFO - --------------------------------------------------------------------------------
2025-05-10 18:41:49,159 - INFO - 
Информация об объявлении:
2025-05-10 18:41:49,159 - INFO - Заголовок: Свободного назначения, 19 м²
2025-05-10 18:41:49,159 - INFO - Адрес: пр-т Мира, 52/16Набережные Челны
2025-05-10 18:41:49,167 - INFO - Цена: 22,000.00 руб.
2025-05-10 18:41:49,167 - INFO - Площадь: 19.00 м2
2025-05-10 18:41:49,167 - INFO - Цена за м2: 1,157.89 руб.
2025-05-10 18:41:49,167 - INFO - --------------------------------------------------------------------------------
2025-05-10 18:41:49,167 - INFO - 
Информация об объявлении:
2025-05-10 18:41:49,167 - INFO - Заголовок: Свободного назначения, 6 м²
2025-05-10 18:41:49,167 - INFO - Адрес: Альметьевский тракт, 5Набережные Челны
2025-05-10 18:41:49,167 - INFO - Цена: 20,000.00 руб.
2025-05-10 18:41:49,167 - INFO - Площадь: 6.00 м2
2025-05-10 18:41:49,167 - INFO - Цена за м2: 3,333.33 руб.
2025-05-10 18:41:49,167 - INFO - --------------------------------------------------------------------------------
2025-05-10 18:41:49,167 - INFO - 
Информация об объявлении:
2025-05-10 18:41:49,167 - INFO - Заголовок: Аренда склада морского контейнера 15м2
2025-05-10 18:41:49,167 - INFO - Адрес: Техническая ул., 52к1Казань
2025-05-10 18:41:49,175 - INFO - Цена: 7,000.00 руб.
2025-05-10 18:41:49,176 - INFO - Площадь: 15.00 м2
2025-05-10 18:41:49,176 - INFO - Цена за м2: 466.67 руб.
2025-05-10 18:41:49,176 - INFO - --------------------------------------------------------------------------------
2025-05-10 18:41:49,176 - INFO - 
Информация об объявлении:
2025-05-10 18:41:49,176 - INFO - Заголовок: Аренда Морского контейнера 20 ф (6 метров)
2025-05-10 18:41:49,176 - INFO - Адрес: Техническая ул., 17ДКазань
2025-05-10 18:41:49,176 - INFO - Цена: 6,000.00 руб.
2025-05-10 18:41:49,176 - INFO - Площадь: 15.00 м2
2025-05-10 18:41:49,183 - INFO - Цена за м2: 400.00 руб.
2025-05-10 18:41:49,183 - INFO - --------------------------------------------------------------------------------
2025-05-10 18:41:49,183 - INFO - 
Информация об объявлении:
2025-05-10 18:41:49,183 - INFO - Заголовок: Склад (контейнер) для хранения мебели при ремонте
2025-05-10 18:41:49,183 - INFO - Адрес: ул. Халитова, 4Казань
2025-05-10 18:41:49,183 - INFO - Цена: 4,500.00 руб.
2025-05-10 18:41:49,183 - INFO - Площадь: 6.00 м2
2025-05-10 18:41:49,183 - INFO - Цена за м2: 750.00 руб.
2025-05-10 18:41:49,183 - INFO - --------------------------------------------------------------------------------
2025-05-10 18:41:49,183 - INFO - 
Информация об объявлении:
2025-05-10 18:41:49,183 - INFO - Заголовок: Склад, 10 м²
2025-05-10 18:41:49,183 - INFO - Адрес: Тихорецкая ул., 7к9Казань
2025-05-10 18:41:49,183 - INFO - Цена: 6,300.00 руб.
2025-05-10 18:41:49,183 - INFO - Площадь: 10.00 м2
2025-05-10 18:41:49,183 - INFO - Цена за м2: 630.00 руб.
2025-05-10 18:41:49,183 - INFO - --------------------------------------------------------------------------------
2025-05-10 18:41:49,183 - INFO - 
Информация об объявлении:
2025-05-10 18:41:49,191 - INFO - Заголовок: Аренда морского контейнера под склад
2025-05-10 18:41:49,191 - INFO - Адрес: ул. Родины, 25к1Казань
2025-05-10 18:41:49,191 - INFO - Цена: 7,000.00 руб.
2025-05-10 18:41:49,191 - INFO - Площадь: 15.00 м2
2025-05-10 18:41:49,191 - INFO - Цена за м2: 466.67 руб.
2025-05-10 18:41:49,191 - INFO - --------------------------------------------------------------------------------
2025-05-10 18:41:49,191 - INFO - 
Информация об объявлении:
2025-05-10 18:41:49,191 - INFO - Заголовок: Свободного назначения, 12 м²
2025-05-10 18:41:49,191 - INFO - Адрес: ул. Рихарда Зорге, 93Казань
2025-05-10 18:41:49,191 - INFO - Цена: 15,000.00 руб.
2025-05-10 18:41:49,191 - INFO - Площадь: 12.00 м2
2025-05-10 18:41:49,191 - INFO - Цена за м2: 1,250.00 руб.
2025-05-10 18:41:49,199 - INFO - --------------------------------------------------------------------------------
2025-05-10 18:41:49,199 - INFO - 
Информация об объявлении:
2025-05-10 18:41:49,201 - INFO - Заголовок: Свободного назначения, 15 м²
2025-05-10 18:41:49,201 - INFO - Адрес: ул. Восстания, 100Казань
2025-05-10 18:41:49,201 - INFO - Цена: 8,000.00 руб.
2025-05-10 18:41:49,201 - INFO - Площадь: 15.00 м2
2025-05-10 18:41:49,201 - INFO - Цена за м2: 533.33 руб.
2025-05-10 18:41:49,201 - INFO - --------------------------------------------------------------------------------
2025-05-10 18:41:49,201 - INFO - 
Информация об объявлении:
2025-05-10 18:41:49,201 - INFO - Заголовок: Торговая площадь, 17 м²
2025-05-10 18:41:49,201 - INFO - Адрес: ул. Менделеева, 37Нижнекамск
2025-05-10 18:41:49,201 - INFO - Цена: 2,300.00 руб.
2025-05-10 18:41:49,207 - INFO - Площадь: 17.00 м2
2025-05-10 18:41:49,207 - INFO - Цена за м2: 135.29 руб.
2025-05-10 18:41:49,207 - INFO - --------------------------------------------------------------------------------
2025-05-10 18:41:49,207 - INFO - 
Информация об объявлении:
2025-05-10 18:41:49,207 - INFO - Заголовок: Казань, торговое место, 12,4 м2
2025-05-10 18:41:49,207 - INFO - Адрес: пр-т Победы, 100Казань
2025-05-10 18:41:49,207 - INFO - Цена: 17,000.00 руб.
2025-05-10 18:41:49,207 - INFO - Площадь: 17.80 м2
2025-05-10 18:41:49,207 - INFO - Цена за м2: 955.06 руб.
2025-05-10 18:41:49,207 - INFO - --------------------------------------------------------------------------------
2025-05-10 18:41:49,207 - INFO - 
Информация об объявлении:
2025-05-10 18:41:49,207 - INFO - Заголовок: 2м² (под постамат, ремонт ключей и др.)
2025-05-10 18:41:49,207 - INFO - Адрес: ул. Юлиуса Фучика, 82Казань
2025-05-10 18:41:49,207 - INFO - Цена: 4,000.00 руб.
2025-05-10 18:41:49,207 - INFO - Площадь: 2.00 м2
2025-05-10 18:41:49,216 - INFO - Цена за м2: 2,000.00 руб.
2025-05-10 18:41:49,216 - INFO - --------------------------------------------------------------------------------
2025-05-10 18:41:49,216 - INFO - 
Информация об объявлении:
2025-05-10 18:41:49,216 - INFO - Заголовок: Свободного назначения, 15 м²
2025-05-10 18:41:49,216 - INFO - Адрес: ул. Шайхутдинова, 7Азнакаево
2025-05-10 18:41:49,216 - INFO - Цена: 10,000.00 руб.
2025-05-10 18:41:49,216 - INFO - Площадь: 15.00 м2
2025-05-10 18:41:49,216 - INFO - Цена за м2: 666.67 руб.
2025-05-10 18:41:49,216 - INFO - --------------------------------------------------------------------------------
2025-05-10 18:41:49,216 - INFO - 
Информация об объявлении:
2025-05-10 18:41:49,216 - INFO - Заголовок: Аренда контейнера под склад
2025-05-10 18:41:49,216 - INFO - Адрес: Адмиралтейская ул., 3к1Казань
2025-05-10 18:41:49,216 - INFO - Цена: 6,000.00 руб.
2025-05-10 18:41:49,216 - INFO - Площадь: 15.00 м2
2025-05-10 18:41:49,216 - INFO - Цена за м2: 400.00 руб.
2025-05-10 18:41:49,216 - INFO - --------------------------------------------------------------------------------
2025-05-10 18:41:49,224 - INFO - 
Информация об объявлении:
2025-05-10 18:41:49,224 - INFO - Заголовок: Аренда контейнера под склад
2025-05-10 18:41:49,224 - INFO - Адрес: ул. Фатыха Амирхана, 52Казань
2025-05-10 18:41:49,224 - INFO - Цена: 6,000.00 руб.
2025-05-10 18:41:49,224 - INFO - Площадь: 15.00 м2
2025-05-10 18:41:49,224 - INFO - Цена за м2: 400.00 руб.
2025-05-10 18:41:49,224 - INFO - --------------------------------------------------------------------------------
2025-05-10 18:41:49,224 - INFO - 
Информация об объявлении:
2025-05-10 18:41:49,224 - INFO - Заголовок: Контейнер в аренду под склад
2025-05-10 18:41:49,224 - INFO - Адрес: Советский район, жилой массив Самосырово, ул. Мира, 122Казань
2025-05-10 18:41:49,224 - INFO - Цена: 6,000.00 руб.
2025-05-10 18:41:49,224 - INFO - Площадь: 15.00 м2
2025-05-10 18:41:49,224 - INFO - Цена за м2: 400.00 руб.
2025-05-10 18:41:49,224 - INFO - --------------------------------------------------------------------------------
2025-05-10 18:41:49,232 - INFO - 
Информация об объявлении:
2025-05-10 18:41:49,232 - INFO - Заголовок: Офис с доступом 24/7, 18 м²
2025-05-10 18:41:49,232 - INFO - Адрес: Сибирский тракт, 39Казань
2025-05-10 18:41:49,232 - INFO - Цена: 18,000.00 руб.
2025-05-10 18:41:49,232 - INFO - Площадь: 18.00 м2
2025-05-10 18:41:49,232 - INFO - Цена за м2: 1,000.00 руб.
2025-05-10 18:41:49,232 - INFO - --------------------------------------------------------------------------------
2025-05-10 18:41:49,232 - INFO - 
Информация об объявлении:
2025-05-10 18:41:49,232 - INFO - Заголовок: Свободного назначения, от 13 м²
2025-05-10 18:41:49,232 - INFO - Адрес: Корабельная ул., 22Нижнекамск
2025-05-10 18:41:49,232 - INFO - Цена: 500.00 руб.
2025-05-10 18:41:49,232 - INFO - Площадь: 13.00 м2
2025-05-10 18:41:49,232 - INFO - Цена за м2: 38.46 руб.
2025-05-10 18:41:49,240 - INFO - --------------------------------------------------------------------------------
2025-05-10 18:41:49,240 - INFO - 
Информация об объявлении:
2025-05-10 18:41:49,240 - INFO - Заголовок: Свободного назначения, 12.8 м²
2025-05-10 18:41:49,240 - INFO - Адрес: ул. Гагарина, 24Нижнекамск
2025-05-10 18:41:49,240 - INFO - Цена: 800.00 руб.
2025-05-10 18:41:49,240 - INFO - Площадь: 12.80 м2
2025-05-10 18:41:49,240 - INFO - Цена за м2: 62.50 руб.
2025-05-10 18:41:49,240 - INFO - --------------------------------------------------------------------------------
2025-05-10 18:41:49,240 - INFO - 
Информация об объявлении:
2025-05-10 18:41:49,240 - INFO - Заголовок: Торговая площадь, 10.7 м²
2025-05-10 18:41:49,240 - INFO - Адрес: посёлок Дербышки, ул. Энтузиастов, 6Казань
2025-05-10 18:41:49,240 - INFO - Цена: 17,000.00 руб.
2025-05-10 18:41:49,240 - INFO - Площадь: 10.70 м2
2025-05-10 18:41:49,240 - INFO - Цена за м2: 1,588.79 руб.
2025-05-10 18:41:49,248 - INFO - --------------------------------------------------------------------------------
2025-05-10 18:41:49,249 - INFO - 
Информация об объявлении:
2025-05-10 18:41:49,249 - INFO - Заголовок: Аренда помещений любой вид деятельности
2025-05-10 18:41:49,249 - INFO - Адрес: ул. Юлиуса Фучика, 64Казань
2025-05-10 18:41:49,249 - INFO - Цена: 500.00 руб.
2025-05-10 18:41:49,249 - INFO - Площадь: 18.00 м2
2025-05-10 18:41:49,249 - INFO - Цена за м2: 27.78 руб.
2025-05-10 18:41:49,249 - INFO - --------------------------------------------------------------------------------
2025-05-10 18:41:49,249 - INFO - 
Информация об объявлении:
2025-05-10 18:41:49,249 - INFO - Заголовок: Свободного назначения, 19 м²
2025-05-10 18:41:49,249 - INFO - Адрес: Советский район, посёлок Дербышки, Главная ул., 51/29Казань
2025-05-10 18:41:49,256 - INFO - Цена: 17,500.00 руб.
2025-05-10 18:41:49,256 - INFO - Площадь: 19.00 м2
2025-05-10 18:41:49,256 - INFO - Цена за м2: 921.05 руб.
2025-05-10 18:41:49,256 - INFO - --------------------------------------------------------------------------------
2025-05-10 18:41:49,256 - INFO - 
Информация об объявлении:
2025-05-10 18:41:49,256 - INFO - Заголовок: Офис с юридическим адресом
2025-05-10 18:41:49,256 - INFO - Адрес: ул. Восстания, 18БКазань
2025-05-10 18:41:49,256 - INFO - Цена: 5,200.00 руб.
2025-05-10 18:41:49,256 - INFO - Площадь: 10.00 м2
2025-05-10 18:41:49,256 - INFO - Цена за м2: 520.00 руб.
2025-05-10 18:41:49,256 - INFO - --------------------------------------------------------------------------------
2025-05-10 18:41:49,256 - INFO - 
Информация об объявлении:
2025-05-10 18:41:49,256 - INFO - Заголовок: Торговая площадь, 10.2 м²
2025-05-10 18:41:49,256 - INFO - Адрес: пр-т Победы, 90АКазань
2025-05-10 18:41:49,256 - INFO - Цена: 2,000.00 руб.
2025-05-10 18:41:49,264 - INFO - Площадь: 10.20 м2
2025-05-10 18:41:49,264 - INFO - Цена за м2: 196.08 руб.
2025-05-10 18:41:49,264 - INFO - --------------------------------------------------------------------------------
2025-05-10 18:41:49,264 - INFO - 
Информация об объявлении:
2025-05-10 18:41:49,264 - INFO - Заголовок: Мясо, кондитерка, колбасы, склад, хозтовар
2025-05-10 18:41:49,264 - INFO - Адрес: ул. Столярова, 3Казань
2025-05-10 18:41:49,264 - INFO - Цена: 15,000.00 руб.
2025-05-10 18:41:49,264 - INFO - Площадь: 10.00 м2
2025-05-10 18:41:49,264 - INFO - Цена за м2: 1,500.00 руб.
2025-05-10 18:41:49,264 - INFO - --------------------------------------------------------------------------------
2025-05-10 18:41:49,264 - INFO - 
Информация об объявлении:
2025-05-10 18:41:49,264 - INFO - Заголовок: Торговое помещение, 9 м²
2025-05-10 18:41:49,264 - INFO - Адрес: ул. Пушкина, 4АНабережные Челны
2025-05-10 18:41:49,272 - INFO - Цена: 11,700.00 руб.
2025-05-10 18:41:49,273 - INFO - Площадь: 9.00 м2
2025-05-10 18:41:49,273 - INFO - Цена за м2: 1,300.00 руб.
2025-05-10 18:41:49,273 - INFO - --------------------------------------------------------------------------------
2025-05-10 18:41:49,273 - INFO - 
Информация об объявлении:
2025-05-10 18:41:49,273 - INFO - Заголовок: Павильон, от 15 м² (30 м², 45 м², 60м²)
2025-05-10 18:41:49,273 - INFO - Адрес: Приволжский район, Магистральная ул., 77Казань
2025-05-10 18:41:49,273 - INFO - Цена: 16,500.00 руб.
2025-05-10 18:41:49,273 - INFO - Площадь: 15.00 м2
2025-05-10 18:41:49,273 - INFO - Цена за м2: 1,100.00 руб.
2025-05-10 18:41:49,273 - INFO - --------------------------------------------------------------------------------
2025-05-10 18:41:49,273 - INFO - 
Объявления с подозрительно большими площадями:
